[2026-03-17 01:46:05.535] [info] trace log file: logs/trace_1.log
[2026-03-17 01:46:05.535] [info]   Parsing input file /home/runner/work/gtopt/gtopt/integration_test/../cases/bat_4b_24/bat_4b_24.json
[2026-03-17 01:46:05.536] [info]   Parse all input files time 0.001s
[2026-03-17 01:46:05.625] [info] === System statistics ===
[2026-03-17 01:46:05.625] [info]   System name     : bat_4b_24
[2026-03-17 01:46:05.625] [info]   System version  : 
[2026-03-17 01:46:05.625] [info] === System elements  ===
[2026-03-17 01:46:05.625] [info]   Buses           : 4
[2026-03-17 01:46:05.625] [info]   Generators      : 3
[2026-03-17 01:46:05.625] [info]   Generator profs : 1
[2026-03-17 01:46:05.625] [info]   Demands         : 2
[2026-03-17 01:46:05.625] [info]   Demand profs    : 0
[2026-03-17 01:46:05.625] [info]   Lines           : 5
[2026-03-17 01:46:05.625] [info]   Batteries       : 1
[2026-03-17 01:46:05.625] [info]   Converters      : 0
[2026-03-17 01:46:05.625] [info]   Reserve zones   : 0
[2026-03-17 01:46:05.625] [info]   Reserve provisions   : 0
[2026-03-17 01:46:05.625] [info]   Junctions       : 0
[2026-03-17 01:46:05.625] [info]   Waterways       : 0
[2026-03-17 01:46:05.625] [info]   Flows           : 0
[2026-03-17 01:46:05.625] [info]   Reservoirs      : 0
[2026-03-17 01:46:05.625] [info]   Filtrations     : 0
[2026-03-17 01:46:05.625] [info]   Turbines        : 0
[2026-03-17 01:46:05.625] [info] === Simulation statistics ===
[2026-03-17 01:46:05.625] [info]   Blocks          : 24
[2026-03-17 01:46:05.626] [info]   Stages          : 1
[2026-03-17 01:46:05.626] [info]   Scenarios       : 1
[2026-03-17 01:46:05.626] [info] === Key options ===
[2026-03-17 01:46:05.626] [info]   use_kirchhoff   : true
[2026-03-17 01:46:05.626] [info]   use_single_bus  : false
[2026-03-17 01:46:05.626] [info]   scale_objective : 1000
[2026-03-17 01:46:05.626] [info]   demand_fail_cost: 1000
[2026-03-17 01:46:05.626] [info]   input_directory : (default)
[2026-03-17 01:46:05.626] [info]   output_directory: (default)
[2026-03-17 01:46:05.626] [info]   output_format   : csv
[2026-03-17 01:46:05.626] [info] === Building LP model ===
[2026-03-17 01:46:05.626] [info] [planning_lp.cpp:44]   Building LP: 1 scene(s) × 1 phase(s)
[2026-03-17 01:46:05.626] [info]   WorkPool initialized with 5 max threads, max CPU threshold: 90%
[2026-03-17 01:46:05.626] [info]   WorkPool started with 5 max threads
[2026-03-17 01:46:05.626] [info]   CPU load: 33.44% 
[2026-03-17 01:46:05.636] [info] [planning_lp.cpp:96]   Building LP done in 0.010s
[2026-03-17 01:46:05.686] [info]   WorkPool shutdown complete
[2026-03-17 01:46:05.686] [info]   Build lp time 0.061s
[2026-03-17 01:46:05.686] [info]   LP coefficient analysis: 1 LP(s), global |coeff| [9.500e-01, 3.000e+01], ratio=3.16e+01 (excellent)
[2026-03-17 01:46:05.686] [info] === System optimization ===
[2026-03-17 01:46:05.686] [info]   WorkPool initialized with 5 max threads, max CPU threshold: 90%
[2026-03-17 01:46:05.686] [info]   WorkPool started with 5 max threads
[2026-03-17 01:46:05.686] [info] [planning_solver.cpp:40] MonolithicSolver: starting 1 scene(s)
[2026-03-17 01:46:05.709] [info] [planning_solver.cpp:101] MonolithicSolver: scene 0 done in 0.003s (1/1)
[2026-03-17 01:46:05.709] [info] [planning_solver.cpp:127] MonolithicSolver: all 1 scene(s) done in 0.023s
[2026-03-17 01:46:06.228] [info]   WorkPool shutdown complete
[2026-03-17 01:46:06.228] [info]   Optimization time 0.542s
[2026-03-17 01:46:06.228] [info] === Solution statistics ===
[2026-03-17 01:46:06.228] [info]   Status          : optimal
[2026-03-17 01:46:06.228] [info]   LP variables    : 553
[2026-03-17 01:46:06.228] [info]   LP constraints  : 385
[2026-03-17 01:46:06.228] [info]   Obj (scaled)    : 44.862
[2026-03-17 01:46:06.228] [info]   Obj (unscaled)  : 44862
[2026-03-17 01:46:06.228] [info]   Solver kappa    : 1
[2026-03-17 01:46:06.228] [info] === Output writing ===
[2026-03-17 01:46:06.228] [info] [planning_lp.cpp:128]   Writing output: 1 scene(s) × 1 phase(s)
[2026-03-17 01:46:06.231] [info]   Writing 29 output tables to '/home/runner/work/gtopt/gtopt/build/integration_test/test_output/bat_4b_24' (format=csv, compression=uncompressed)
[2026-03-17 01:46:06.234] [info]   Write solution to '/home/runner/work/gtopt/gtopt/build/integration_test/test_output/bat_4b_24/solution.csv' (status=0, obj_value=44.861999999999995)
[2026-03-17 01:46:06.234] [info]   Write output time 0.006s
