[2026-03-27 23:05:17.908] [info] trace log file: /tmp/golden_check/ieee_57b/clp/logs/trace_1.log
[2026-03-27 23:05:17.908] [info]   Parsing input file /home/marce/git/gtopt/cases/ieee_57b//ieee_57b.json
[2026-03-27 23:05:17.908] [warning] deprecated option 'use_lp_names': use 'lp_build_options.names_level' instead
[2026-03-27 23:05:17.911] [info]   Parse all input files time 0.003s
[2026-03-27 23:05:17.911] [info] Planning validation passed
[2026-03-27 23:05:17.911] [info] === System statistics ===
[2026-03-27 23:05:17.911] [info]   System name     : ieee_57b
[2026-03-27 23:05:17.911] [info]   System version  : 
[2026-03-27 23:05:17.911] [info] === System elements  ===
[2026-03-27 23:05:17.911] [info]   Buses           : 57
[2026-03-27 23:05:17.911] [info]   Generators      : 7
[2026-03-27 23:05:17.911] [info]   Generator profs : 0
[2026-03-27 23:05:17.911] [info]   Demands         : 42
[2026-03-27 23:05:17.911] [info]   Demand profs    : 0
[2026-03-27 23:05:17.911] [info]   Lines           : 80
[2026-03-27 23:05:17.911] [info]   Batteries       : 0
[2026-03-27 23:05:17.911] [info]   Converters      : 0
[2026-03-27 23:05:17.911] [info]   Reserve zones   : 0
[2026-03-27 23:05:17.911] [info]   Reserve provisions   : 0
[2026-03-27 23:05:17.911] [info]   Junctions       : 0
[2026-03-27 23:05:17.911] [info]   Waterways       : 0
[2026-03-27 23:05:17.911] [info]   Flows           : 0
[2026-03-27 23:05:17.911] [info]   Reservoirs      : 0
[2026-03-27 23:05:17.911] [info]   ReservoirSeepages     : 0
[2026-03-27 23:05:17.911] [info]   Turbines        : 0
[2026-03-27 23:05:17.911] [info] === Simulation statistics ===
[2026-03-27 23:05:17.911] [info]   Blocks          : 1
[2026-03-27 23:05:17.911] [info]   Stages          : 1
[2026-03-27 23:05:17.911] [info]   Scenarios       : 1
[2026-03-27 23:05:17.911] [info] === Key options ===
[2026-03-27 23:05:17.911] [info]   use_kirchhoff   : true
[2026-03-27 23:05:17.911] [info]   use_single_bus  : false
[2026-03-27 23:05:17.911] [info]   scale_objective : 1000
[2026-03-27 23:05:17.911] [info]   demand_fail_cost: 1000
[2026-03-27 23:05:17.911] [info]   input_directory : (default)
[2026-03-27 23:05:17.911] [info]   output_directory: /tmp/golden_check/ieee_57b/clp
[2026-03-27 23:05:17.911] [info]   output_format   : csv
[2026-03-27 23:05:17.911] [info] === Building LP model ===
[2026-03-27 23:05:17.911] [info] [planning_lp.cpp:44]   Building LP: 1 scene(s) × 1 phase(s)
[2026-03-27 23:05:17.911] [info]   SolverWorkPool initialized: 25 max threads, 98% CPU threshold
[2026-03-27 23:05:17.911] [info]   SolverWorkPool started
[2026-03-27 23:05:17.917] [info] [planning_lp.cpp:105]   Building LP done in 0.005s
[2026-03-27 23:05:17.917] [info]   WorkPool shutdown complete
[2026-03-27 23:05:17.917] [info]   Build lp time 0.006s
[2026-03-27 23:05:17.917] [info]   LP coefficient analysis: 1 LP(s), global |coeff| [1.520e-01, 1.355e+01], ratio=8.91e+01 (excellent)
[2026-03-27 23:05:17.917] [info] === System optimization ===
[2026-03-27 23:05:17.917] [info]   SolverWorkPool initialized: 25 max threads, 98% CPU threshold
[2026-03-27 23:05:17.917] [info]   SolverWorkPool started
[2026-03-27 23:05:17.917] [info] [monolithic_method.cpp:39] MonolithicMethod: starting 1 scene(s)
[2026-03-27 23:05:17.940] [info] [monolithic_method.cpp:147] MonolithicMethod: scene 0 done in 0.002s (1/1)
[2026-03-27 23:05:17.940] [info] [monolithic_method.cpp:173] MonolithicMethod: all 1 scene(s) done in 0.023s
[2026-03-27 23:05:18.422] [info]   WorkPool shutdown complete
[2026-03-27 23:05:18.422] [info]   Optimization time 0.505s
[2026-03-27 23:05:18.422] [info] === Solution statistics ===
[2026-03-27 23:05:18.422] [info]   Status          : optimal
[2026-03-27 23:05:18.422] [info]   LP variables    : 228
[2026-03-27 23:05:18.422] [info]   LP constraints  : 179
[2026-03-27 23:05:18.422] [info]   Obj (scaled)    : 25.016
[2026-03-27 23:05:18.422] [info]   Obj (unscaled)  : 25016
[2026-03-27 23:05:18.422] [info]   Solver kappa    : 7.24606e-17
[2026-03-27 23:05:18.422] [info] === Output writing ===
[2026-03-27 23:05:18.422] [info] [planning_lp.cpp:129]   Writing output: 1 scene(s) × 1 phase(s)
[2026-03-27 23:05:18.422] [info]   SolverWorkPool initialized: 25 max threads, 98% CPU threshold
[2026-03-27 23:05:18.422] [info]   SolverWorkPool started
[2026-03-27 23:05:18.437] [info]   WorkPool shutdown complete
[2026-03-27 23:05:18.441] [info]   Write system json file time 0.004s
[2026-03-27 23:05:18.441] [info]   planning JSON saved to /tmp/golden_check/ieee_57b/clp/planning.json
[2026-03-27 23:05:18.441] [info]   Write output time 0.019s
