[2026-03-17 01:46:05.785] [info] trace log file: logs/trace_1.log
[2026-03-17 01:46:05.785] [info]   Parsing input file /home/runner/work/gtopt/gtopt/integration_test/../cases/ieee_14b_ori/ieee_14b_ori.json
[2026-03-17 01:46:05.786] [info]   Parse all input files time 0.001s
[2026-03-17 01:46:05.894] [info] === System statistics ===
[2026-03-17 01:46:05.894] [info]   System name     : ieee_14b_ori
[2026-03-17 01:46:05.894] [info]   System version  : 
[2026-03-17 01:46:05.894] [info] === System elements  ===
[2026-03-17 01:46:05.894] [info]   Buses           : 14
[2026-03-17 01:46:05.894] [info]   Generators      : 5
[2026-03-17 01:46:05.894] [info]   Generator profs : 0
[2026-03-17 01:46:05.894] [info]   Demands         : 11
[2026-03-17 01:46:05.894] [info]   Demand profs    : 0
[2026-03-17 01:46:05.894] [info]   Lines           : 20
[2026-03-17 01:46:05.894] [info]   Batteries       : 0
[2026-03-17 01:46:05.894] [info]   Converters      : 0
[2026-03-17 01:46:05.894] [info]   Reserve zones   : 0
[2026-03-17 01:46:05.894] [info]   Reserve provisions   : 0
[2026-03-17 01:46:05.894] [info]   Junctions       : 0
[2026-03-17 01:46:05.894] [info]   Waterways       : 0
[2026-03-17 01:46:05.894] [info]   Flows           : 0
[2026-03-17 01:46:05.894] [info]   Reservoirs      : 0
[2026-03-17 01:46:05.894] [info]   Filtrations     : 0
[2026-03-17 01:46:05.894] [info]   Turbines        : 0
[2026-03-17 01:46:05.894] [info] === Simulation statistics ===
[2026-03-17 01:46:05.894] [info]   Blocks          : 1
[2026-03-17 01:46:05.894] [info]   Stages          : 1
[2026-03-17 01:46:05.894] [info]   Scenarios       : 1
[2026-03-17 01:46:05.894] [info] === Key options ===
[2026-03-17 01:46:05.894] [info]   use_kirchhoff   : true
[2026-03-17 01:46:05.894] [info]   use_single_bus  : false
[2026-03-17 01:46:05.894] [info]   scale_objective : 1000
[2026-03-17 01:46:05.894] [info]   demand_fail_cost: 1000
[2026-03-17 01:46:05.894] [info]   input_directory : (default)
[2026-03-17 01:46:05.894] [info]   output_directory: (default)
[2026-03-17 01:46:05.894] [info]   output_format   : csv
[2026-03-17 01:46:05.894] [info] === Building LP model ===
[2026-03-17 01:46:05.894] [info] [planning_lp.cpp:44]   Building LP: 1 scene(s) × 1 phase(s)
[2026-03-17 01:46:05.894] [info]   WorkPool initialized with 5 max threads, max CPU threshold: 90%
[2026-03-17 01:46:05.895] [info]   WorkPool started with 5 max threads
[2026-03-17 01:46:05.895] [info]   CPU load: 33.45% 
[2026-03-17 01:46:05.897] [info] [planning_lp.cpp:96]   Building LP done in 0.003s
[2026-03-17 01:46:05.955] [info]   WorkPool shutdown complete
[2026-03-17 01:46:05.955] [info]   Build lp time 0.061s
[2026-03-17 01:46:05.955] [info]   LP coefficient analysis: 1 LP(s), global |coeff| [1.000e+00, 5.562e+02], ratio=5.56e+02 (excellent)
[2026-03-17 01:46:05.955] [info] === System optimization ===
[2026-03-17 01:46:05.955] [info]   WorkPool initialized with 5 max threads, max CPU threshold: 90%
[2026-03-17 01:46:05.955] [info]   WorkPool started with 5 max threads
[2026-03-17 01:46:05.955] [info] [planning_solver.cpp:40] MonolithicSolver: starting 1 scene(s)
[2026-03-17 01:46:05.976] [info] [planning_solver.cpp:101] MonolithicSolver: scene 0 done in 0.001s (1/1)
[2026-03-17 01:46:05.976] [info] [planning_solver.cpp:127] MonolithicSolver: all 1 scene(s) done in 0.021s
[2026-03-17 01:46:06.496] [info]   WorkPool shutdown complete
[2026-03-17 01:46:06.496] [info]   Optimization time 0.541s
[2026-03-17 01:46:06.496] [info] === Solution statistics ===
[2026-03-17 01:46:06.496] [info]   Status          : optimal
[2026-03-17 01:46:06.496] [info]   LP variables    : 61
[2026-03-17 01:46:06.496] [info]   LP constraints  : 45
[2026-03-17 01:46:06.496] [info]   Obj (scaled)    : 8.33377
[2026-03-17 01:46:06.496] [info]   Obj (unscaled)  : 8333.77
[2026-03-17 01:46:06.496] [info]   Solver kappa    : 1
[2026-03-17 01:46:06.496] [info] === Output writing ===
[2026-03-17 01:46:06.496] [info] [planning_lp.cpp:128]   Writing output: 1 scene(s) × 1 phase(s)
[2026-03-17 01:46:06.500] [info]   Writing 13 output tables to '/home/runner/work/gtopt/gtopt/build/integration_test/test_output/ieee_14b_ori' (format=csv, compression=uncompressed)
[2026-03-17 01:46:06.503] [info]   Write solution to '/home/runner/work/gtopt/gtopt/build/integration_test/test_output/ieee_14b_ori/solution.csv' (status=0, obj_value=8.333769480718214)
[2026-03-17 01:46:06.503] [info]   Write output time 0.007s
