[2026-03-28 13:29:49.232] [info] trace log file: gtopt_case_2y/results/logs/trace_34.log
[2026-03-28 13:29:49.233] [info]   Parsing input file gtopt_case_2y/gtopt_case_2y.json
[2026-03-28 13:29:49.234] [warning] deprecated option 'use_lp_names': use 'lp_build_options.names_level' instead
[2026-03-28 13:29:49.279] [info]   Parse all input files time 0.047s
[2026-03-28 13:29:49.279] [info] Output compression codec: zstd
[2026-03-28 13:29:49.282] [info] Planning validation passed
[2026-03-28 13:29:49.282] [info] === System statistics ===
[2026-03-28 13:29:49.282] [info]   System name     : gtopt_case_2y
[2026-03-28 13:29:49.282] [info]   System version  : 
[2026-03-28 13:29:49.282] [info] === System elements  ===
[2026-03-28 13:29:49.282] [info]   Buses           : 236
[2026-03-28 13:29:49.282] [info]   Generators      : 1715
[2026-03-28 13:29:49.282] [info]   Generator profs : 0
[2026-03-28 13:29:49.282] [info]   Demands         : 138
[2026-03-28 13:29:49.282] [info]   Demand profs    : 0
[2026-03-28 13:29:49.282] [info]   Lines           : 330
[2026-03-28 13:29:49.282] [info]   Batteries       : 25
[2026-03-28 13:29:49.282] [info]   Converters      : 0
[2026-03-28 13:29:49.282] [info]   Reserve zones   : 0
[2026-03-28 13:29:49.282] [info]   Reserve provisions   : 0
[2026-03-28 13:29:49.282] [info]   Junctions       : 100
[2026-03-28 13:29:49.282] [info]   Waterways       : 136
[2026-03-28 13:29:49.282] [info]   Flows           : 160
[2026-03-28 13:29:49.282] [info]   Reservoirs      : 10
[2026-03-28 13:29:49.282] [info]   ReservoirSeepages     : 3
[2026-03-28 13:29:49.282] [info]   Turbines        : 170
[2026-03-28 13:29:49.282] [info] === Simulation statistics ===
[2026-03-28 13:29:49.282] [info]   Blocks          : 510
[2026-03-28 13:29:49.282] [info]   Stages          : 51
[2026-03-28 13:29:49.282] [info]   Scenarios       : 1
[2026-03-28 13:29:49.282] [info] === Key options ===
[2026-03-28 13:29:49.282] [info]   use_kirchhoff   : false
[2026-03-28 13:29:49.282] [info]   use_single_bus  : false
[2026-03-28 13:29:49.282] [info]   scale_objective : 1000
[2026-03-28 13:29:49.282] [info]   demand_fail_cost: 1000
[2026-03-28 13:29:49.282] [info]   input_directory : gtopt_case_2y
[2026-03-28 13:29:49.282] [info]   output_directory: gtopt_case_2y/results
[2026-03-28 13:29:49.282] [info]   output_format   : parquet
[2026-03-28 13:29:49.282] [info] === Building LP model ===
[2026-03-28 13:29:49.285] [info] [planning_lp.cpp:44]   Building LP: 1 scene(s) × 51 phase(s)
[2026-03-28 13:29:49.285] [info]   SolverWorkPool initialized: 25 max threads, 98% CPU threshold
[2026-03-28 13:29:49.285] [info]   SolverWorkPool started
[2026-03-28 13:30:12.277] [info] [planning_lp.cpp:105]   Building LP done in 22.992s
[2026-03-28 13:30:12.277] [info]   WorkPool shutdown complete
[2026-03-28 13:30:12.277] [info]   Build lp time 22.994s
[2026-03-28 13:30:12.277] [info]   LP coefficient analysis: 51 LP(s), global |coeff| [6.667e-06, 6.420e+01], ratio=9.63e+06 (fair)
[2026-03-28 13:30:12.277] [info] === System optimization ===
[2026-03-28 13:30:12.277] [info] [sddp_method.cpp:1823] SDDPMethod: starting 1 scene(s) × 51 phase(s)
[2026-03-28 13:30:12.277] [info] ApertureDataCache: scanning 'gtopt_case_2y/apertures'
[2026-03-28 13:30:12.327] [info] ApertureDataCache: loaded 1618230 entries across 334 elements from gtopt_case_2y/apertures (0.05s, 20 threads)
[2026-03-28 13:30:12.327] [info] [sddp_method.cpp:1074] SDDP: initializing solver (no initial solve pass)
[2026-03-28 13:30:12.327] [info] [sddp_method.cpp:1086] SDDP: 1 scene(s), 51 phase(s)
[2026-03-28 13:30:12.327] [info] [sddp_method.cpp:1095] SDDP: adding alpha variables and collecting state links
[2026-03-28 13:30:12.582] [warning] [sddp_cut_io.cpp:922] Boundary cuts: state variable 'CANUTILLAR' not found in the current model; non-zero coefficient -100.6546958 (mode=skip_coeff)
[2026-03-28 13:30:12.582] [warning] [sddp_cut_io.cpp:922] Boundary cuts: state variable 'PILMAIQUEN' not found in the current model; non-zero coefficient -11.03538014 (mode=skip_coeff)
[2026-03-28 13:30:12.584] [info] [sddp_cut_io.cpp:995] SDDP: loaded 35 boundary cuts from gtopt_case_2y/boundary_cuts.csv (mode=separated, max_iters=0)
[2026-03-28 13:30:12.584] [info] [sddp_method.cpp:1173] SDDP: loaded 35 boundary cuts from gtopt_case_2y/boundary_cuts.csv
[2026-03-28 13:30:12.584] [info] [sddp_method.cpp:1254] SDDP: initialization complete (0.26s)
[2026-03-28 13:30:12.584] [info]   SDDPWorkPool initialized: 25 max threads, 98% CPU threshold
[2026-03-28 13:30:12.584] [info]   SDDPWorkPool started
[2026-03-28 13:30:12.584] [info] [sddp_pool.hpp:160] SDDP work pool started: max_threads=25 cpu_threshold=98% (hw_concurrency=20)
[2026-03-28 13:30:12.584] [info]   SolverWorkPool initialized: 25 max threads, 98% CPU threshold
[2026-03-28 13:30:12.584] [info]   SolverWorkPool started
[2026-03-28 13:30:12.584] [info] [sddp_iteration.cpp:67] SDDP: work pools created (0.00s)
[2026-03-28 13:30:12.584] [info] [sddp_iteration.cpp:102] SDDP: === iteration 0 / 0 ===
[2026-03-28 13:30:12.584] [info] [sddp_method.cpp:1280] SDDP forward: dispatching 1 scene(s) to work pool
[2026-03-28 13:30:12.604] [info] [sddp_forward_pass.cpp:80] SDDP forward: scene 1 iter 0 starting (51 phases) [thread 7141]
[2026-03-28 13:30:25.261] [warning] [sddp_forward_pass.cpp:228] SDDP forward: iter 0 scene 1 phase 37 non-optimal (status 2), trying elastic solve
[2026-03-28 13:30:26.223] [info] [sddp_forward_pass.cpp:265] SDDP forward: scene 1 phase 37 elastic solve ok, obj=702010.9206 alpha=0.0000 opex=702010.9206 [infeas_count=1]
[2026-03-28 13:30:26.609] [warning] [sddp_forward_pass.cpp:228] SDDP forward: iter 0 scene 1 phase 38 non-optimal (status 2), trying elastic solve
[2026-03-28 13:30:27.722] [info] [sddp_forward_pass.cpp:265] SDDP forward: scene 1 phase 38 elastic solve ok, obj=647094.3981 alpha=0.0000 opex=647094.3981 [infeas_count=1]
[2026-03-28 13:30:32.047] [warning] [sddp_forward_pass.cpp:228] SDDP forward: iter 0 scene 1 phase 51 non-optimal (status 2), trying elastic solve
[2026-03-28 13:30:33.323] [info] [sddp_forward_pass.cpp:265] SDDP forward: scene 1 phase 51 elastic solve ok, obj=687241.0995 alpha=0.0000 opex=687241.0995 [infeas_count=1]
[2026-03-28 13:30:33.325] [info] [sddp_forward_pass.cpp:339] SDDP forward: scene 1 iter 0 done, total_opex=28337586.5304 [thread 7141]
[2026-03-28 13:30:33.325] [info] [sddp_method.cpp:1373] SDDP backward: dispatching 1 scene(s) to work pool (cut_sharing=none, apertures=enabled)
[2026-03-28 13:30:33.326] [info] [sddp_aperture_pass.cpp:373] SDDP backward (apertures): scene 1 iter 0 starting (50 phases) [thread 5189]
[2026-03-28 13:30:33.326] [info] [sddp_aperture.cpp:167] SDDP aperture: scene 1 phase 51 — starting 16 aperture(s) [thread 5189]
[2026-03-28 13:30:34.285] [info] SDDP aperture: scene 1 phase 51 aperture uid 3 infeasible (status 2), skipping
[2026-03-28 13:30:34.289] [info] SDDP aperture: scene 1 phase 51 aperture uid 4 infeasible (status 2), skipping
[2026-03-28 13:30:34.363] [info] SDDP aperture: scene 1 phase 51 aperture uid 5 infeasible (status 2), skipping
[2026-03-28 13:30:34.363] [info] SDDP aperture: scene 1 phase 51 aperture uid 6 infeasible (status 2), skipping
[2026-03-28 13:30:34.363] [info] SDDP aperture: scene 1 phase 51 aperture uid 7 infeasible (status 2), skipping
[2026-03-28 13:30:34.409] [info] SDDP aperture: scene 1 phase 51 aperture uid 8 infeasible (status 2), skipping
[2026-03-28 13:30:34.409] [info] SDDP aperture: scene 1 phase 51 aperture uid 9 infeasible (status 2), skipping
[2026-03-28 13:30:34.409] [info] SDDP aperture: scene 1 phase 51 aperture uid 10 infeasible (status 2), skipping
[2026-03-28 13:30:34.409] [info] SDDP aperture: scene 1 phase 51 aperture uid 11 infeasible (status 2), skipping
[2026-03-28 13:30:34.409] [info] SDDP aperture: scene 1 phase 51 aperture uid 12 infeasible (status 2), skipping
[2026-03-28 13:30:34.409] [info] SDDP aperture: scene 1 phase 51 aperture uid 13 infeasible (status 2), skipping
[2026-03-28 13:30:34.409] [info] SDDP aperture: scene 1 phase 51 aperture uid 14 infeasible (status 2), skipping
[2026-03-28 13:30:34.409] [info] SDDP aperture: scene 1 phase 51 aperture uid 15 infeasible (status 2), skipping
[2026-03-28 13:30:34.409] [info] SDDP aperture: scene 1 phase 51 aperture uid 16 infeasible (status 2), skipping
[2026-03-28 13:30:34.409] [info] SDDP aperture: scene 1 phase 51 aperture uid 17 infeasible (status 2), skipping
[2026-03-28 13:30:34.577] [info] SDDP aperture: scene 1 phase 51 aperture uid 18 infeasible (status 2), skipping
[2026-03-28 13:30:34.578] [info] SDDP aperture: scene 1 phase 51 — 0/16 feasible, 16 infeasible, 0 skipped (1.251s) [thread 5189]
[2026-03-28 13:30:34.585] [info] [sddp_aperture.cpp:167] SDDP aperture: scene 1 phase 50 — starting 16 aperture(s) [thread 5189]
[2026-03-28 13:30:35.985] [info] SDDP aperture: scene 1 phase 50 — 16/16 feasible, 0 infeasible, 0 skipped (1.400s) [thread 5189]
[2026-03-28 13:30:36.098] [info] [sddp_aperture.cpp:167] SDDP aperture: scene 1 phase 49 — starting 16 aperture(s) [thread 5189]
[2026-03-28 13:30:37.502] [info] SDDP aperture: scene 1 phase 49 — 16/16 feasible, 0 infeasible, 0 skipped (1.404s) [thread 5189]
[2026-03-28 13:30:37.767] [info] [sddp_aperture.cpp:167] SDDP aperture: scene 1 phase 48 — starting 16 aperture(s) [thread 5189]
[2026-03-28 13:30:39.206] [info] SDDP aperture: scene 1 phase 48 — 16/16 feasible, 0 infeasible, 0 skipped (1.439s) [thread 5189]
[2026-03-28 13:30:39.288] [info] [sddp_aperture.cpp:167] SDDP aperture: scene 1 phase 47 — starting 16 aperture(s) [thread 5189]
[2026-03-28 13:30:41.069] [info] SDDP aperture: scene 1 phase 47 — 16/16 feasible, 0 infeasible, 0 skipped (1.782s) [thread 5189]
[2026-03-28 13:30:41.258] [info] [sddp_aperture.cpp:167] SDDP aperture: scene 1 phase 46 — starting 16 aperture(s) [thread 5189]
[2026-03-28 13:30:42.977] [info] SDDP aperture: scene 1 phase 46 — 16/16 feasible, 0 infeasible, 0 skipped (1.719s) [thread 5189]
[2026-03-28 13:30:43.105] [info] [sddp_aperture.cpp:167] SDDP aperture: scene 1 phase 45 — starting 16 aperture(s) [thread 5189]
[2026-03-28 13:30:44.932] [info] SDDP aperture: scene 1 phase 45 — 16/16 feasible, 0 infeasible, 0 skipped (1.827s) [thread 5189]
[2026-03-28 13:30:45.090] [info] [sddp_aperture.cpp:167] SDDP aperture: scene 1 phase 44 — starting 16 aperture(s) [thread 5189]
[2026-03-28 13:30:48.155] [info] SDDP aperture: scene 1 phase 44 — 16/16 feasible, 0 infeasible, 0 skipped (3.065s) [thread 5189]
[2026-03-28 13:30:49.066] [info] [sddp_aperture.cpp:167] SDDP aperture: scene 1 phase 43 — starting 16 aperture(s) [thread 5189]
[2026-03-28 13:30:51.505] [info] SDDP aperture: scene 1 phase 43 — 16/16 feasible, 0 infeasible, 0 skipped (2.439s) [thread 5189]
[2026-03-28 13:30:52.079] [info] [sddp_aperture.cpp:167] SDDP aperture: scene 1 phase 42 — starting 16 aperture(s) [thread 5189]
[2026-03-28 13:30:54.574] [info] SDDP aperture: scene 1 phase 42 — 16/16 feasible, 0 infeasible, 0 skipped (2.496s) [thread 5189]
[2026-03-28 13:30:54.593] [info] [sddp_aperture.cpp:167] SDDP aperture: scene 1 phase 41 — starting 16 aperture(s) [thread 5189]
[2026-03-28 13:30:57.135] [info] SDDP aperture: scene 1 phase 41 — 16/16 feasible, 0 infeasible, 0 skipped (2.542s) [thread 5189]
[2026-03-28 13:30:57.480] [info] [sddp_aperture.cpp:167] SDDP aperture: scene 1 phase 40 — starting 16 aperture(s) [thread 5189]
[2026-03-28 13:30:59.943] [info] SDDP aperture: scene 1 phase 40 — 16/16 feasible, 0 infeasible, 0 skipped (2.462s) [thread 5189]
[2026-03-28 13:31:00.333] [info] [sddp_aperture.cpp:167] SDDP aperture: scene 1 phase 39 — starting 16 aperture(s) [thread 5189]
[2026-03-28 13:31:02.711] [info] SDDP aperture: scene 1 phase 39 — 16/16 feasible, 0 infeasible, 0 skipped (2.378s) [thread 5189]
[2026-03-28 13:31:02.717] [warning] [sddp_aperture_pass.cpp:506] SDDP backward: iter 0 scene 1 phase 38 non-optimal after expected cut (status 2), skipping further backpropagation
[2026-03-28 13:31:02.717] [info] [sddp_aperture.cpp:167] SDDP aperture: scene 1 phase 38 — starting 16 aperture(s) [thread 5189]
[2026-03-28 13:31:04.620] [info] SDDP aperture: scene 1 phase 38 aperture uid 16 infeasible (status 2), skipping
[2026-03-28 13:31:04.621] [info] SDDP aperture: scene 1 phase 38 — 15/16 feasible, 1 infeasible, 0 skipped (1.904s) [thread 5189]
[2026-03-28 13:31:04.632] [warning] [sddp_aperture_pass.cpp:506] SDDP backward: iter 0 scene 1 phase 37 non-optimal after expected cut (status 2), skipping further backpropagation
[2026-03-28 13:31:04.632] [info] [sddp_aperture.cpp:167] SDDP aperture: scene 1 phase 37 — starting 16 aperture(s) [thread 5189]
[2026-03-28 13:31:06.552] [info] SDDP aperture: scene 1 phase 37 — 16/16 feasible, 0 infeasible, 0 skipped (1.920s) [thread 5189]
[2026-03-28 13:31:06.919] [info] [sddp_aperture.cpp:167] SDDP aperture: scene 1 phase 36 — starting 16 aperture(s) [thread 5189]
[2026-03-28 13:31:08.937] [info] SDDP aperture: scene 1 phase 36 — 16/16 feasible, 0 infeasible, 0 skipped (2.018s) [thread 5189]
[2026-03-28 13:31:09.452] [info] [sddp_aperture.cpp:167] SDDP aperture: scene 1 phase 35 — starting 16 aperture(s) [thread 5189]
[2026-03-28 13:31:11.626] [info] SDDP aperture: scene 1 phase 35 — 16/16 feasible, 0 infeasible, 0 skipped (2.174s) [thread 5189]
[2026-03-28 13:31:11.997] [info] [sddp_aperture.cpp:167] SDDP aperture: scene 1 phase 34 — starting 16 aperture(s) [thread 5189]
[2026-03-28 13:31:14.331] [info] SDDP aperture: scene 1 phase 34 — 16/16 feasible, 0 infeasible, 0 skipped (2.334s) [thread 5189]
[2026-03-28 13:31:14.665] [info] [sddp_aperture.cpp:167] SDDP aperture: scene 1 phase 33 — starting 16 aperture(s) [thread 5189]
[2026-03-28 13:31:17.048] [info] SDDP aperture: scene 1 phase 33 — 16/16 feasible, 0 infeasible, 0 skipped (2.383s) [thread 5189]
[2026-03-28 13:31:17.799] [info] [sddp_aperture.cpp:167] SDDP aperture: scene 1 phase 32 — starting 16 aperture(s) [thread 5189]
[2026-03-28 13:31:20.208] [info] SDDP aperture: scene 1 phase 32 — 16/16 feasible, 0 infeasible, 0 skipped (2.409s) [thread 5189]
[2026-03-28 13:31:20.661] [info] [sddp_aperture.cpp:167] SDDP aperture: scene 1 phase 31 — starting 16 aperture(s) [thread 5189]
[2026-03-28 13:31:22.534] [info] SDDP aperture: scene 1 phase 31 — 16/16 feasible, 0 infeasible, 0 skipped (1.873s) [thread 5189]
[2026-03-28 13:31:23.127] [info] [sddp_aperture.cpp:167] SDDP aperture: scene 1 phase 30 — starting 16 aperture(s) [thread 5189]
[2026-03-28 13:31:25.430] [info] SDDP aperture: scene 1 phase 30 — 16/16 feasible, 0 infeasible, 0 skipped (2.303s) [thread 5189]
[2026-03-28 13:31:26.017] [info] [sddp_aperture.cpp:167] SDDP aperture: scene 1 phase 29 — starting 16 aperture(s) [thread 5189]
[2026-03-28 13:31:28.097] [info] SDDP aperture: scene 1 phase 29 — 16/16 feasible, 0 infeasible, 0 skipped (2.080s) [thread 5189]
[2026-03-28 13:31:28.354] [info] [sddp_aperture.cpp:167] SDDP aperture: scene 1 phase 28 — starting 16 aperture(s) [thread 5189]
[2026-03-28 13:31:30.393] [info] SDDP aperture: scene 1 phase 28 — 16/16 feasible, 0 infeasible, 0 skipped (2.039s) [thread 5189]
[2026-03-28 13:31:30.876] [info] [sddp_aperture.cpp:167] SDDP aperture: scene 1 phase 27 — starting 16 aperture(s) [thread 5189]
[2026-03-28 13:31:33.313] [info] SDDP aperture: scene 1 phase 27 aperture uid 15 infeasible (status 2), skipping
[2026-03-28 13:31:33.313] [info] SDDP aperture: scene 1 phase 27 — 15/16 feasible, 1 infeasible, 0 skipped (2.437s) [thread 5189]
[2026-03-28 13:31:33.817] [info] [sddp_aperture.cpp:167] SDDP aperture: scene 1 phase 26 — starting 16 aperture(s) [thread 5189]
[2026-03-28 13:31:35.892] [info] SDDP aperture: scene 1 phase 26 — 16/16 feasible, 0 infeasible, 0 skipped (2.075s) [thread 5189]
[2026-03-28 13:31:36.215] [info] [sddp_aperture.cpp:167] SDDP aperture: scene 1 phase 25 — starting 16 aperture(s) [thread 5189]
[2026-03-28 13:31:38.066] [info] SDDP aperture: scene 1 phase 25 — 16/16 feasible, 0 infeasible, 0 skipped (1.851s) [thread 5189]
[2026-03-28 13:31:38.313] [info] [sddp_aperture.cpp:167] SDDP aperture: scene 1 phase 24 — starting 16 aperture(s) [thread 5189]
[2026-03-28 13:31:40.143] [info] SDDP aperture: scene 1 phase 24 — 16/16 feasible, 0 infeasible, 0 skipped (1.830s) [thread 5189]
[2026-03-28 13:31:40.523] [info] [sddp_aperture.cpp:167] SDDP aperture: scene 1 phase 23 — starting 16 aperture(s) [thread 5189]
[2026-03-28 13:31:42.631] [info] SDDP aperture: scene 1 phase 23 — 16/16 feasible, 0 infeasible, 0 skipped (2.108s) [thread 5189]
[2026-03-28 13:31:43.047] [info] [sddp_aperture.cpp:167] SDDP aperture: scene 1 phase 22 — starting 16 aperture(s) [thread 5189]
[2026-03-28 13:31:45.846] [info] SDDP aperture: scene 1 phase 22 — 16/16 feasible, 0 infeasible, 0 skipped (2.800s) [thread 5189]
[2026-03-28 13:31:46.227] [info] [sddp_aperture.cpp:167] SDDP aperture: scene 1 phase 21 — starting 16 aperture(s) [thread 5189]
[2026-03-28 13:31:48.262] [info] SDDP aperture: scene 1 phase 21 — 16/16 feasible, 0 infeasible, 0 skipped (2.034s) [thread 5189]
[2026-03-28 13:31:48.676] [info] [sddp_aperture.cpp:167] SDDP aperture: scene 1 phase 20 — starting 16 aperture(s) [thread 5189]
[2026-03-28 13:31:50.673] [info] SDDP aperture: scene 1 phase 20 — 16/16 feasible, 0 infeasible, 0 skipped (1.997s) [thread 5189]
[2026-03-28 13:31:51.111] [info] [sddp_aperture.cpp:167] SDDP aperture: scene 1 phase 19 — starting 16 aperture(s) [thread 5189]
[2026-03-28 13:31:53.335] [info] SDDP aperture: scene 1 phase 19 — 16/16 feasible, 0 infeasible, 0 skipped (2.224s) [thread 5189]
[2026-03-28 13:31:53.867] [info] [sddp_aperture.cpp:167] SDDP aperture: scene 1 phase 18 — starting 16 aperture(s) [thread 5189]
[2026-03-28 13:31:56.199] [info] SDDP aperture: scene 1 phase 18 — 16/16 feasible, 0 infeasible, 0 skipped (2.333s) [thread 5189]
[2026-03-28 13:31:56.935] [info] [sddp_aperture.cpp:167] SDDP aperture: scene 1 phase 17 — starting 16 aperture(s) [thread 5189]
[2026-03-28 13:31:59.275] [info] SDDP aperture: scene 1 phase 17 — 16/16 feasible, 0 infeasible, 0 skipped (2.340s) [thread 5189]
[2026-03-28 13:31:59.928] [info] [sddp_aperture.cpp:167] SDDP aperture: scene 1 phase 16 — starting 16 aperture(s) [thread 5189]
[2026-03-28 13:32:02.200] [info] SDDP aperture: scene 1 phase 16 — 16/16 feasible, 0 infeasible, 0 skipped (2.273s) [thread 5189]
[2026-03-28 13:32:02.722] [info] [sddp_aperture.cpp:167] SDDP aperture: scene 1 phase 15 — starting 16 aperture(s) [thread 5189]
[2026-03-28 13:32:04.794] [info] SDDP aperture: scene 1 phase 15 — 16/16 feasible, 0 infeasible, 0 skipped (2.072s) [thread 5189]
[2026-03-28 13:32:05.370] [info] [sddp_aperture.cpp:167] SDDP aperture: scene 1 phase 14 — starting 16 aperture(s) [thread 5189]
[2026-03-28 13:32:07.489] [info] SDDP aperture: scene 1 phase 14 — 16/16 feasible, 0 infeasible, 0 skipped (2.119s) [thread 5189]
[2026-03-28 13:32:07.987] [info] [sddp_aperture.cpp:167] SDDP aperture: scene 1 phase 13 — starting 16 aperture(s) [thread 5189]
[2026-03-28 13:32:10.129] [info] SDDP aperture: scene 1 phase 13 — 16/16 feasible, 0 infeasible, 0 skipped (2.141s) [thread 5189]
[2026-03-28 13:32:10.632] [info] [sddp_aperture.cpp:167] SDDP aperture: scene 1 phase 12 — starting 16 aperture(s) [thread 5189]
[2026-03-28 13:32:12.843] [info] SDDP aperture: scene 1 phase 12 — 16/16 feasible, 0 infeasible, 0 skipped (2.210s) [thread 5189]
[2026-03-28 13:32:13.264] [info] [sddp_aperture.cpp:167] SDDP aperture: scene 1 phase 11 — starting 16 aperture(s) [thread 5189]
[2026-03-28 13:32:15.672] [info] SDDP aperture: scene 1 phase 11 — 16/16 feasible, 0 infeasible, 0 skipped (2.408s) [thread 5189]
[2026-03-28 13:32:16.481] [info] [sddp_aperture.cpp:167] SDDP aperture: scene 1 phase 10 — starting 16 aperture(s) [thread 5189]
[2026-03-28 13:32:18.718] [info] SDDP aperture: scene 1 phase 10 — 16/16 feasible, 0 infeasible, 0 skipped (2.237s) [thread 5189]
[2026-03-28 13:32:19.792] [info] [sddp_aperture.cpp:167] SDDP aperture: scene 1 phase 9 — starting 16 aperture(s) [thread 5189]
[2026-03-28 13:32:22.555] [info] SDDP aperture: scene 1 phase 9 — 16/16 feasible, 0 infeasible, 0 skipped (2.763s) [thread 5189]
[2026-03-28 13:32:24.346] [info] [sddp_aperture.cpp:167] SDDP aperture: scene 1 phase 8 — starting 16 aperture(s) [thread 5189]
[2026-03-28 13:32:27.058] [info] SDDP aperture: scene 1 phase 8 — 16/16 feasible, 0 infeasible, 0 skipped (2.712s) [thread 5189]
[2026-03-28 13:32:27.915] [info] [sddp_aperture.cpp:167] SDDP aperture: scene 1 phase 7 — starting 16 aperture(s) [thread 5189]
[2026-03-28 13:32:30.144] [info] SDDP aperture: scene 1 phase 7 — 16/16 feasible, 0 infeasible, 0 skipped (2.229s) [thread 5189]
[2026-03-28 13:32:30.634] [info] [sddp_aperture.cpp:167] SDDP aperture: scene 1 phase 6 — starting 16 aperture(s) [thread 5189]
[2026-03-28 13:32:32.656] [info] SDDP aperture: scene 1 phase 6 — 16/16 feasible, 0 infeasible, 0 skipped (2.022s) [thread 5189]
[2026-03-28 13:32:33.008] [info] [sddp_aperture.cpp:167] SDDP aperture: scene 1 phase 5 — starting 16 aperture(s) [thread 5189]
[2026-03-28 13:32:35.126] [info] SDDP aperture: scene 1 phase 5 — 16/16 feasible, 0 infeasible, 0 skipped (2.118s) [thread 5189]
[2026-03-28 13:32:35.865] [info] [sddp_aperture.cpp:167] SDDP aperture: scene 1 phase 4 — starting 16 aperture(s) [thread 5189]
[2026-03-28 13:32:37.939] [info] SDDP aperture: scene 1 phase 4 — 16/16 feasible, 0 infeasible, 0 skipped (2.074s) [thread 5189]
[2026-03-28 13:32:38.233] [info] [sddp_aperture.cpp:167] SDDP aperture: scene 1 phase 3 — starting 16 aperture(s) [thread 5189]
[2026-03-28 13:32:40.322] [info] SDDP aperture: scene 1 phase 3 — 16/16 feasible, 0 infeasible, 0 skipped (2.089s) [thread 5189]
[2026-03-28 13:32:40.550] [info] [sddp_aperture.cpp:167] SDDP aperture: scene 1 phase 2 — starting 16 aperture(s) [thread 5189]
[2026-03-28 13:32:42.257] [info] SDDP aperture: scene 1 phase 2 — 16/16 feasible, 0 infeasible, 0 skipped (1.707s) [thread 5189]
[2026-03-28 13:32:42.259] [warning] [sddp_aperture_pass.cpp:518] SDDP aperture: scene 1 — all apertures infeasible at 1 phase(s) [51], used Benders fallback cuts
[2026-03-28 13:32:42.259] [info] [sddp_method.cpp:1698] SDDP iter 0: gap=0.991148 gap_change=1.000000 (149.674s)
[2026-03-28 13:32:42.259] [info] [sddp_iteration.cpp:222] SDDP: iter 0 done in 149.674s (fwd 20.74s + bwd 128.93s) — UB=28337586.5304 LB=250853.4516 gap=0.991148 gap_change=1.000000 cuts=50 infeas_cuts=3 
[2026-03-28 13:32:44.661] [info] [sddp_iteration.cpp:257] SDDP: === simulation pass (iter 1) ===
[2026-03-28 13:32:44.661] [info] [sddp_method.cpp:1280] SDDP forward: dispatching 1 scene(s) to work pool
[2026-03-28 13:32:44.667] [info] [sddp_forward_pass.cpp:80] SDDP forward: scene 1 iter 1 starting (51 phases) [thread 6965]
[2026-03-28 13:33:53.836] [warning] [sddp_forward_pass.cpp:228] SDDP forward: iter 1 scene 1 phase 51 non-optimal (status 2), trying elastic solve
[2026-03-28 13:33:54.667] [info] [sddp_forward_pass.cpp:265] SDDP forward: scene 1 phase 51 elastic solve ok, obj=685868.5594 alpha=0.0000 opex=685868.5594 [infeas_count=2]
[2026-03-28 13:33:54.669] [info] [sddp_forward_pass.cpp:339] SDDP forward: scene 1 iter 1 done, total_opex=29144568.0346 [thread 6965]
[2026-03-28 13:33:54.669] [info] [sddp_method.cpp:1698] SDDP iter 1: gap=0.133513 gap_change=1.000000 (70.008s)
[2026-03-28 13:33:54.669] [info] [sddp_iteration.cpp:304] SDDP: simulation pass done in 70.008s — UB=29144568.0346 LB=25253403.4158 gap=0.133513 gap_change=1.000000 
[2026-03-28 13:33:57.697] [info]   WorkPool shutdown complete
[2026-03-28 13:33:57.698] [info]   WorkPool shutdown complete
[2026-03-28 13:33:57.792] [info]   Optimization time 225.515s
[2026-03-28 13:33:57.792] [warning] Solver did not find an optimal solution: SDDP did not converge after 1 iterations (gap=0.133513) (code=1)
[2026-03-28 13:33:57.792] [error]   Solver options used: algorithm=barrier, threads=2, presolve=true, optimal_eps=(default), feasible_eps=(default), barrier_eps=(default), log_level=0
[2026-03-28 13:33:57.792] [info] === Solution statistics ===
[2026-03-28 13:33:57.792] [info]   Status          : non-optimal
