[2026-03-28 17:31:39.677] [info] trace log file: gtopt_case_2y/results/logs/trace_54.log
[2026-03-28 17:31:39.678] [info]   Parsing input file gtopt_case_2y/gtopt_case_2y.json
[2026-03-28 17:31:39.679] [warning] deprecated option 'use_lp_names': use 'lp_build_options.names_level' instead
[2026-03-28 17:31:39.719] [info]   Parse all input files time 0.042s
[2026-03-28 17:31:39.720] [info] --set sddp_options.max_iterations=0 applied
[2026-03-28 17:31:39.720] [warning] --input-directory is deprecated, use: --set input_directory=gtopt_case_2y
[2026-03-28 17:31:39.720] [warning] --output-directory is deprecated, use: --set output_directory=gtopt_case_2y/results
[2026-03-28 17:31:39.720] [warning] --cut-directory is deprecated, use: --set sddp_options.cut_directory=gtopt_case_2y/cuts
[2026-03-28 17:31:39.720] [warning] --log-directory is deprecated, use: --set log_directory=gtopt_case_2y/results/logs
[2026-03-28 17:31:39.720] [info] Output compression codec: zstd
[2026-03-28 17:31:39.723] [info] Planning validation passed
[2026-03-28 17:31:39.723] [info] === System statistics ===
[2026-03-28 17:31:39.723] [info]   System name     : gtopt_case_2y
[2026-03-28 17:31:39.723] [info]   System version  : 
[2026-03-28 17:31:39.723] [info] === System elements  ===
[2026-03-28 17:31:39.724] [info]   Buses           : 236
[2026-03-28 17:31:39.724] [info]   Generators      : 1715
[2026-03-28 17:31:39.724] [info]   Generator profs : 0
[2026-03-28 17:31:39.724] [info]   Demands         : 138
[2026-03-28 17:31:39.724] [info]   Demand profs    : 0
[2026-03-28 17:31:39.724] [info]   Lines           : 330
[2026-03-28 17:31:39.724] [info]   Batteries       : 25
[2026-03-28 17:31:39.724] [info]   Converters      : 0
[2026-03-28 17:31:39.724] [info]   Reserve zones   : 0
[2026-03-28 17:31:39.724] [info]   Reserve provisions   : 0
[2026-03-28 17:31:39.724] [info]   Junctions       : 100
[2026-03-28 17:31:39.724] [info]   Waterways       : 136
[2026-03-28 17:31:39.724] [info]   Flows           : 160
[2026-03-28 17:31:39.724] [info]   Reservoirs      : 10
[2026-03-28 17:31:39.724] [info]   ReservoirSeepages     : 3
[2026-03-28 17:31:39.724] [info]   Turbines        : 170
[2026-03-28 17:31:39.724] [info] === Simulation statistics ===
[2026-03-28 17:31:39.724] [info]   Blocks          : 510
[2026-03-28 17:31:39.724] [info]   Stages          : 51
[2026-03-28 17:31:39.724] [info]   Scenarios       : 1
[2026-03-28 17:31:39.724] [info] === Key options ===
[2026-03-28 17:31:39.724] [info]   use_kirchhoff   : false
[2026-03-28 17:31:39.724] [info]   use_single_bus  : false
[2026-03-28 17:31:39.724] [info]   scale_objective : 1000
[2026-03-28 17:31:39.724] [info]   demand_fail_cost: 1000
[2026-03-28 17:31:39.724] [info]   input_directory : gtopt_case_2y
[2026-03-28 17:31:39.724] [info]   output_directory: gtopt_case_2y/results
[2026-03-28 17:31:39.724] [info]   output_format   : parquet
[2026-03-28 17:31:39.724] [info] === Building LP model ===
[2026-03-28 17:31:39.726] [info] [planning_lp.cpp:44]   Building LP: 1 scene(s) × 51 phase(s)
[2026-03-28 17:31:39.726] [info]   SolverWorkPool initialized: 25 max threads, 98% CPU threshold
[2026-03-28 17:31:39.726] [info]   SolverWorkPool started
[2026-03-28 17:32:01.619] [info] [planning_lp.cpp:105]   Building LP done in 21.892s
[2026-03-28 17:32:01.619] [info]   WorkPool shutdown complete
[2026-03-28 17:32:01.619] [info]   Build lp time 21.895s
[2026-03-28 17:32:01.619] [info]   LP coefficient analysis: 51 LP(s), global |coeff| [6.667e-06, 6.420e+01], ratio=9.63e+06 (fair)
[2026-03-28 17:32:01.619] [info] === System optimization ===
[2026-03-28 17:32:01.619] [info] [sddp_method.cpp:1823] SDDPMethod: starting 1 scene(s) × 51 phase(s)
[2026-03-28 17:32:01.619] [info] [sddp_method.cpp:1074] SDDP: initializing solver (no initial solve pass)
[2026-03-28 17:32:01.619] [info] [sddp_method.cpp:1086] SDDP: 1 scene(s), 51 phase(s)
[2026-03-28 17:32:01.619] [info] [sddp_method.cpp:1095] SDDP: adding alpha variables and collecting state links
[2026-03-28 17:32:01.861] [warning] [sddp_cut_io.cpp:922] Boundary cuts: state variable 'CANUTILLAR' not found in the current model; non-zero coefficient -100.6546958 (mode=skip_coeff)
[2026-03-28 17:32:01.861] [warning] [sddp_cut_io.cpp:922] Boundary cuts: state variable 'PILMAIQUEN' not found in the current model; non-zero coefficient -11.03538014 (mode=skip_coeff)
[2026-03-28 17:32:01.862] [info] [sddp_cut_io.cpp:995] SDDP: loaded 35 boundary cuts from gtopt_case_2y/boundary_cuts.csv (mode=separated, max_iters=0)
[2026-03-28 17:32:01.862] [info] [sddp_method.cpp:1173] SDDP: loaded 35 boundary cuts from gtopt_case_2y/boundary_cuts.csv
[2026-03-28 17:32:01.862] [info] [sddp_method.cpp:1254] SDDP: initialization complete (0.24s)
[2026-03-28 17:32:01.862] [info]   SDDPWorkPool initialized: 25 max threads, 98% CPU threshold
[2026-03-28 17:32:01.863] [info]   SDDPWorkPool started
[2026-03-28 17:32:01.863] [info] [sddp_pool.hpp:160] SDDP work pool started: max_threads=25 cpu_threshold=98% (hw_concurrency=20)
[2026-03-28 17:32:01.863] [info]   SolverWorkPool initialized: 25 max threads, 98% CPU threshold
[2026-03-28 17:32:01.863] [info]   SolverWorkPool started
[2026-03-28 17:32:01.863] [info] [sddp_iteration.cpp:67] SDDP: work pools created (0.00s)
[2026-03-28 17:32:01.863] [info] [sddp_iteration.cpp:363] SDDP: === simulation pass (iter 0) ===
[2026-03-28 17:32:01.863] [info] [sddp_method.cpp:1280] SDDP forward: dispatching 1 scene(s) to work pool
[2026-03-28 17:32:01.883] [info] [sddp_forward_pass.cpp:80] SDDP forward: scene 1 iter 0 starting (51 phases) [thread 9119]
[2026-03-28 17:32:12.631] [warning] [sddp_forward_pass.cpp:228] SDDP forward: iter 0 scene 1 phase 37 non-optimal (status 2), trying elastic solve
[2026-03-28 17:32:13.964] [info] [sddp_forward_pass.cpp:265] SDDP forward: scene 1 phase 37 elastic solve ok, obj=766665.3498 alpha=0.0000 opex=766665.3498 [infeas_count=1]
[2026-03-28 17:32:14.339] [warning] [sddp_forward_pass.cpp:228] SDDP forward: iter 0 scene 1 phase 38 non-optimal (status 2), trying elastic solve
[2026-03-28 17:32:15.798] [info] [sddp_forward_pass.cpp:265] SDDP forward: scene 1 phase 38 elastic solve ok, obj=732303.2161 alpha=0.0000 opex=732303.2161 [infeas_count=1]
[2026-03-28 17:32:19.609] [warning] [sddp_forward_pass.cpp:228] SDDP forward: iter 0 scene 1 phase 51 non-optimal (status 2), trying elastic solve
[2026-03-28 17:32:21.350] [info] [sddp_forward_pass.cpp:265] SDDP forward: scene 1 phase 51 elastic solve ok, obj=1701082.1050 alpha=0.0000 opex=1701082.1050 [infeas_count=1]
[2026-03-28 17:32:21.351] [info] [sddp_forward_pass.cpp:339] SDDP forward: scene 1 iter 0 done, total_opex=29501290.7831 [thread 9119]
[2026-03-28 17:32:21.351] [info] [sddp_method.cpp:1698] SDDP iter 0: gap=0.991497 gap_change=1.000000 (19.488s)
[2026-03-28 17:32:21.351] [info] [sddp_iteration.cpp:410] SDDP: simulation pass done in 19.488s — UB=29501290.7831 LB=250853.4516 gap=0.991497 gap_change=1.000000 
[2026-03-28 17:32:24.875] [info]   WorkPool shutdown complete
[2026-03-28 17:32:24.876] [info]   WorkPool shutdown complete
[2026-03-28 17:32:24.876] [info]   Optimization time 23.257s
[2026-03-28 17:32:24.876] [warning] Solver did not find an optimal solution: SDDP did not converge after 0 iterations (gap=0.991497) (code=1)
[2026-03-28 17:32:24.876] [error]   Solver options used: algorithm=barrier, threads=2, presolve=true, optimal_eps=(default), feasible_eps=(default), barrier_eps=(default), log_level=0
[2026-03-28 17:32:24.876] [info] === Solution statistics ===
[2026-03-28 17:32:24.876] [info]   Status          : non-optimal
