[2026-03-28 13:45:50.732] [info] trace log file: gtopt_case_2y/results/logs/trace_39.log
[2026-03-28 13:45:50.733] [info]   Parsing input file gtopt_case_2y/gtopt_case_2y.json
[2026-03-28 13:45:50.735] [warning] deprecated option 'use_lp_names': use 'lp_build_options.names_level' instead
[2026-03-28 13:45:50.824] [info]   Parse all input files time 0.092s
[2026-03-28 13:45:50.824] [info] Output compression codec: zstd
[2026-03-28 13:45:50.830] [info] Planning validation passed
[2026-03-28 13:45:50.830] [info] === System statistics ===
[2026-03-28 13:45:50.830] [info]   System name     : gtopt_case_2y
[2026-03-28 13:45:50.830] [info]   System version  : 
[2026-03-28 13:45:50.830] [info] === System elements  ===
[2026-03-28 13:45:50.830] [info]   Buses           : 236
[2026-03-28 13:45:50.830] [info]   Generators      : 1715
[2026-03-28 13:45:50.830] [info]   Generator profs : 0
[2026-03-28 13:45:50.830] [info]   Demands         : 138
[2026-03-28 13:45:50.830] [info]   Demand profs    : 0
[2026-03-28 13:45:50.830] [info]   Lines           : 330
[2026-03-28 13:45:50.830] [info]   Batteries       : 25
[2026-03-28 13:45:50.830] [info]   Converters      : 0
[2026-03-28 13:45:50.830] [info]   Reserve zones   : 0
[2026-03-28 13:45:50.830] [info]   Reserve provisions   : 0
[2026-03-28 13:45:50.830] [info]   Junctions       : 100
[2026-03-28 13:45:50.830] [info]   Waterways       : 136
[2026-03-28 13:45:50.830] [info]   Flows           : 160
[2026-03-28 13:45:50.830] [info]   Reservoirs      : 10
[2026-03-28 13:45:50.830] [info]   ReservoirSeepages     : 3
[2026-03-28 13:45:50.830] [info]   Turbines        : 170
[2026-03-28 13:45:50.830] [info] === Simulation statistics ===
[2026-03-28 13:45:50.830] [info]   Blocks          : 510
[2026-03-28 13:45:50.830] [info]   Stages          : 51
[2026-03-28 13:45:50.830] [info]   Scenarios       : 1
[2026-03-28 13:45:50.830] [info] === Key options ===
[2026-03-28 13:45:50.830] [info]   use_kirchhoff   : false
[2026-03-28 13:45:50.830] [info]   use_single_bus  : false
[2026-03-28 13:45:50.830] [info]   scale_objective : 1000
[2026-03-28 13:45:50.830] [info]   demand_fail_cost: 1000
[2026-03-28 13:45:50.830] [info]   input_directory : gtopt_case_2y
[2026-03-28 13:45:50.830] [info]   output_directory: gtopt_case_2y/results
[2026-03-28 13:45:50.830] [info]   output_format   : parquet
[2026-03-28 13:45:50.830] [info] === Building LP model ===
[2026-03-28 13:45:50.835] [info] [planning_lp.cpp:44]   Building LP: 1 scene(s) × 51 phase(s)
[2026-03-28 13:45:50.835] [info]   SolverWorkPool initialized: 25 max threads, 98% CPU threshold
[2026-03-28 13:45:50.835] [info]   SolverWorkPool started
[2026-03-28 13:46:13.230] [info] [planning_lp.cpp:105]   Building LP done in 22.394s
[2026-03-28 13:46:13.230] [info]   WorkPool shutdown complete
[2026-03-28 13:46:13.230] [info]   Build lp time 22.400s
[2026-03-28 13:46:13.230] [info]   LP coefficient analysis: 51 LP(s), global |coeff| [6.667e-06, 6.420e+01], ratio=9.63e+06 (fair)
[2026-03-28 13:46:13.230] [info] === System optimization ===
[2026-03-28 13:46:13.230] [info] [sddp_method.cpp:1823] SDDPMethod: starting 1 scene(s) × 51 phase(s)
[2026-03-28 13:46:13.230] [info] ApertureDataCache: scanning 'gtopt_case_2y/apertures'
[2026-03-28 13:46:13.314] [info] ApertureDataCache: loaded 1618230 entries across 334 elements from gtopt_case_2y/apertures (0.08s, 20 threads)
[2026-03-28 13:46:13.314] [info] [sddp_method.cpp:1074] SDDP: initializing solver (no initial solve pass)
[2026-03-28 13:46:13.314] [info] [sddp_method.cpp:1086] SDDP: 1 scene(s), 51 phase(s)
[2026-03-28 13:46:13.314] [info] [sddp_method.cpp:1095] SDDP: adding alpha variables and collecting state links
[2026-03-28 13:46:13.527] [warning] [sddp_cut_io.cpp:922] Boundary cuts: state variable 'CANUTILLAR' not found in the current model; non-zero coefficient -100.6546958 (mode=skip_coeff)
[2026-03-28 13:46:13.527] [warning] [sddp_cut_io.cpp:922] Boundary cuts: state variable 'PILMAIQUEN' not found in the current model; non-zero coefficient -11.03538014 (mode=skip_coeff)
[2026-03-28 13:46:13.528] [info] [sddp_cut_io.cpp:995] SDDP: loaded 35 boundary cuts from gtopt_case_2y/boundary_cuts.csv (mode=separated, max_iters=0)
[2026-03-28 13:46:13.528] [info] [sddp_method.cpp:1173] SDDP: loaded 35 boundary cuts from gtopt_case_2y/boundary_cuts.csv
[2026-03-28 13:46:13.528] [info] [sddp_method.cpp:1254] SDDP: initialization complete (0.21s)
[2026-03-28 13:46:13.528] [info]   SDDPWorkPool initialized: 25 max threads, 98% CPU threshold
[2026-03-28 13:46:13.528] [info]   SDDPWorkPool started
[2026-03-28 13:46:13.528] [info] [sddp_pool.hpp:160] SDDP work pool started: max_threads=25 cpu_threshold=98% (hw_concurrency=20)
[2026-03-28 13:46:13.528] [info]   SolverWorkPool initialized: 25 max threads, 98% CPU threshold
[2026-03-28 13:46:13.528] [info]   SolverWorkPool started
[2026-03-28 13:46:13.528] [info] [sddp_iteration.cpp:67] SDDP: work pools created (0.00s)
[2026-03-28 13:46:13.528] [info] [sddp_iteration.cpp:102] SDDP: === iteration 0 / 0 ===
[2026-03-28 13:46:13.528] [info] [sddp_method.cpp:1280] SDDP forward: dispatching 1 scene(s) to work pool
[2026-03-28 13:46:13.548] [info] [sddp_forward_pass.cpp:80] SDDP forward: scene 1 iter 0 starting (51 phases) [thread 9338]
[2026-03-28 13:46:26.248] [warning] [sddp_forward_pass.cpp:228] SDDP forward: iter 0 scene 1 phase 37 non-optimal (status 2), trying elastic solve
[2026-03-28 13:46:27.063] [info] [sddp_forward_pass.cpp:265] SDDP forward: scene 1 phase 37 elastic solve ok, obj=702010.9206 alpha=0.0000 opex=702010.9206 [infeas_count=1]
[2026-03-28 13:46:27.581] [warning] [sddp_forward_pass.cpp:228] SDDP forward: iter 0 scene 1 phase 38 non-optimal (status 2), trying elastic solve
[2026-03-28 13:46:28.638] [info] [sddp_forward_pass.cpp:265] SDDP forward: scene 1 phase 38 elastic solve ok, obj=647094.3981 alpha=0.0000 opex=647094.3981 [infeas_count=1]
[2026-03-28 13:46:32.379] [warning] [sddp_forward_pass.cpp:228] SDDP forward: iter 0 scene 1 phase 51 non-optimal (status 2), trying elastic solve
[2026-03-28 13:46:33.538] [info] [sddp_forward_pass.cpp:265] SDDP forward: scene 1 phase 51 elastic solve ok, obj=687241.0995 alpha=0.0000 opex=687241.0995 [infeas_count=1]
[2026-03-28 13:46:33.539] [info] [sddp_forward_pass.cpp:339] SDDP forward: scene 1 iter 0 done, total_opex=28337586.5304 [thread 9338]
[2026-03-28 13:46:33.539] [info] [sddp_method.cpp:1373] SDDP backward: dispatching 1 scene(s) to work pool (cut_sharing=none, apertures=enabled)
[2026-03-28 13:46:33.559] [info] [sddp_aperture_pass.cpp:373] SDDP backward (apertures): scene 1 iter 0 starting (50 phases) [thread 9338]
[2026-03-28 13:46:33.560] [info] [sddp_aperture.cpp:167] SDDP aperture: scene 1 phase 51 — starting 16 aperture(s) [thread 9338]
[2026-03-28 13:46:34.639] [info] SDDP aperture: scene 1 phase 51 aperture uid 3 infeasible (status 2), skipping
[2026-03-28 13:46:34.818] [info] SDDP aperture: scene 1 phase 51 aperture uid 4 infeasible (status 2), skipping
[2026-03-28 13:46:34.818] [info] SDDP aperture: scene 1 phase 51 aperture uid 5 infeasible (status 2), skipping
[2026-03-28 13:46:34.818] [info] SDDP aperture: scene 1 phase 51 aperture uid 6 infeasible (status 2), skipping
[2026-03-28 13:46:34.818] [info] SDDP aperture: scene 1 phase 51 aperture uid 7 infeasible (status 2), skipping
[2026-03-28 13:46:34.818] [info] SDDP aperture: scene 1 phase 51 aperture uid 8 infeasible (status 2), skipping
[2026-03-28 13:46:34.818] [info] SDDP aperture: scene 1 phase 51 aperture uid 9 infeasible (status 2), skipping
[2026-03-28 13:46:34.972] [info] SDDP aperture: scene 1 phase 51 aperture uid 10 infeasible (status 2), skipping
[2026-03-28 13:46:34.972] [info] SDDP aperture: scene 1 phase 51 aperture uid 11 infeasible (status 2), skipping
[2026-03-28 13:46:35.151] [info] SDDP aperture: scene 1 phase 51 aperture uid 12 infeasible (status 2), skipping
[2026-03-28 13:46:35.215] [info] SDDP aperture: scene 1 phase 51 aperture uid 13 infeasible (status 2), skipping
[2026-03-28 13:46:35.216] [info] SDDP aperture: scene 1 phase 51 aperture uid 14 infeasible (status 2), skipping
[2026-03-28 13:46:35.230] [info] SDDP aperture: scene 1 phase 51 aperture uid 15 infeasible (status 2), skipping
[2026-03-28 13:46:35.256] [info] SDDP aperture: scene 1 phase 51 aperture uid 16 infeasible (status 2), skipping
[2026-03-28 13:46:35.256] [info] SDDP aperture: scene 1 phase 51 aperture uid 17 infeasible (status 2), skipping
[2026-03-28 13:46:35.336] [info] SDDP aperture: scene 1 phase 51 aperture uid 18 infeasible (status 2), skipping
[2026-03-28 13:46:35.336] [info] SDDP aperture: scene 1 phase 51 — 0/16 feasible, 16 infeasible, 0 skipped (1.776s) [thread 9338]
[2026-03-28 13:46:35.344] [info] [sddp_aperture.cpp:167] SDDP aperture: scene 1 phase 50 — starting 16 aperture(s) [thread 9338]
[2026-03-28 13:46:38.747] [info] SDDP aperture: scene 1 phase 50 — 16/16 feasible, 0 infeasible, 0 skipped (3.403s) [thread 9338]
[2026-03-28 13:46:38.865] [info] [sddp_aperture.cpp:167] SDDP aperture: scene 1 phase 49 — starting 16 aperture(s) [thread 9338]
[2026-03-28 13:46:40.660] [info] SDDP aperture: scene 1 phase 49 — 16/16 feasible, 0 infeasible, 0 skipped (1.794s) [thread 9338]
[2026-03-28 13:46:41.266] [info] [sddp_aperture.cpp:167] SDDP aperture: scene 1 phase 48 — starting 16 aperture(s) [thread 9338]
[2026-03-28 13:46:43.358] [info] SDDP aperture: scene 1 phase 48 — 16/16 feasible, 0 infeasible, 0 skipped (2.092s) [thread 9338]
[2026-03-28 13:46:43.438] [info] [sddp_aperture.cpp:167] SDDP aperture: scene 1 phase 47 — starting 16 aperture(s) [thread 9338]
[2026-03-28 13:46:45.979] [info] SDDP aperture: scene 1 phase 47 — 16/16 feasible, 0 infeasible, 0 skipped (2.541s) [thread 9338]
[2026-03-28 13:46:46.270] [info] [sddp_aperture.cpp:167] SDDP aperture: scene 1 phase 46 — starting 16 aperture(s) [thread 9338]
[2026-03-28 13:46:48.858] [info] SDDP aperture: scene 1 phase 46 — 16/16 feasible, 0 infeasible, 0 skipped (2.589s) [thread 9338]
[2026-03-28 13:46:49.008] [info] [sddp_aperture.cpp:167] SDDP aperture: scene 1 phase 45 — starting 16 aperture(s) [thread 9338]
[2026-03-28 13:46:51.863] [info] SDDP aperture: scene 1 phase 45 — 16/16 feasible, 0 infeasible, 0 skipped (2.855s) [thread 9338]
[2026-03-28 13:46:52.179] [info] [sddp_aperture.cpp:167] SDDP aperture: scene 1 phase 44 — starting 16 aperture(s) [thread 9338]
[2026-03-28 13:46:56.126] [info] SDDP aperture: scene 1 phase 44 — 16/16 feasible, 0 infeasible, 0 skipped (3.947s) [thread 9338]
[2026-03-28 13:46:57.743] [info] [sddp_aperture.cpp:167] SDDP aperture: scene 1 phase 43 — starting 16 aperture(s) [thread 9338]
[2026-03-28 13:47:00.652] [info] SDDP aperture: scene 1 phase 43 — 16/16 feasible, 0 infeasible, 0 skipped (2.909s) [thread 9338]
[2026-03-28 13:47:01.153] [info] [sddp_aperture.cpp:167] SDDP aperture: scene 1 phase 42 — starting 16 aperture(s) [thread 9338]
[2026-03-28 13:47:05.975] [info] SDDP aperture: scene 1 phase 42 — 16/16 feasible, 0 infeasible, 0 skipped (4.822s) [thread 9338]
[2026-03-28 13:47:05.991] [info] [sddp_aperture.cpp:167] SDDP aperture: scene 1 phase 41 — starting 16 aperture(s) [thread 9338]
[2026-03-28 13:47:10.237] [info] SDDP aperture: scene 1 phase 41 — 16/16 feasible, 0 infeasible, 0 skipped (4.246s) [thread 9338]
[2026-03-28 13:47:10.768] [info] [sddp_aperture.cpp:167] SDDP aperture: scene 1 phase 40 — starting 16 aperture(s) [thread 9338]
[2026-03-28 13:47:14.613] [info] SDDP aperture: scene 1 phase 40 — 16/16 feasible, 0 infeasible, 0 skipped (3.845s) [thread 9338]
[2026-03-28 13:47:15.295] [info] [sddp_aperture.cpp:167] SDDP aperture: scene 1 phase 39 — starting 16 aperture(s) [thread 9338]
[2026-03-28 13:47:18.648] [info] SDDP aperture: scene 1 phase 39 — 16/16 feasible, 0 infeasible, 0 skipped (3.353s) [thread 9338]
[2026-03-28 13:47:18.657] [warning] [sddp_aperture_pass.cpp:506] SDDP backward: iter 0 scene 1 phase 38 non-optimal after expected cut (status 2), skipping further backpropagation
[2026-03-28 13:47:18.657] [info] [sddp_aperture.cpp:167] SDDP aperture: scene 1 phase 38 — starting 16 aperture(s) [thread 9338]
[2026-03-28 13:47:21.702] [info] SDDP aperture: scene 1 phase 38 aperture uid 16 infeasible (status 2), skipping
[2026-03-28 13:47:21.707] [info] SDDP aperture: scene 1 phase 38 — 15/16 feasible, 1 infeasible, 0 skipped (3.050s) [thread 9338]
[2026-03-28 13:47:21.720] [warning] [sddp_aperture_pass.cpp:506] SDDP backward: iter 0 scene 1 phase 37 non-optimal after expected cut (status 2), skipping further backpropagation
[2026-03-28 13:47:21.720] [info] [sddp_aperture.cpp:167] SDDP aperture: scene 1 phase 37 — starting 16 aperture(s) [thread 9338]
[2026-03-28 13:47:25.438] [info] SDDP aperture: scene 1 phase 37 — 16/16 feasible, 0 infeasible, 0 skipped (3.717s) [thread 9338]
[2026-03-28 13:47:25.939] [info] [sddp_aperture.cpp:167] SDDP aperture: scene 1 phase 36 — starting 16 aperture(s) [thread 9338]
[2026-03-28 13:47:29.955] [info] SDDP aperture: scene 1 phase 36 — 16/16 feasible, 0 infeasible, 0 skipped (4.016s) [thread 9338]
[2026-03-28 13:47:30.745] [info] [sddp_aperture.cpp:167] SDDP aperture: scene 1 phase 35 — starting 16 aperture(s) [thread 9338]
[2026-03-28 13:47:33.061] [info] SDDP aperture: scene 1 phase 35 — 16/16 feasible, 0 infeasible, 0 skipped (2.316s) [thread 9338]
[2026-03-28 13:47:33.419] [info] [sddp_aperture.cpp:167] SDDP aperture: scene 1 phase 34 — starting 16 aperture(s) [thread 9338]
[2026-03-28 13:47:35.949] [info] SDDP aperture: scene 1 phase 34 — 16/16 feasible, 0 infeasible, 0 skipped (2.530s) [thread 9338]
[2026-03-28 13:47:36.308] [info] [sddp_aperture.cpp:167] SDDP aperture: scene 1 phase 33 — starting 16 aperture(s) [thread 9338]
[2026-03-28 13:47:39.273] [info] SDDP aperture: scene 1 phase 33 — 16/16 feasible, 0 infeasible, 0 skipped (2.966s) [thread 9338]
[2026-03-28 13:47:39.904] [info] [sddp_aperture.cpp:167] SDDP aperture: scene 1 phase 32 — starting 16 aperture(s) [thread 9338]
[2026-03-28 13:47:42.508] [info] SDDP aperture: scene 1 phase 32 — 16/16 feasible, 0 infeasible, 0 skipped (2.604s) [thread 9338]
[2026-03-28 13:47:42.853] [info] [sddp_aperture.cpp:167] SDDP aperture: scene 1 phase 31 — starting 16 aperture(s) [thread 9338]
[2026-03-28 13:47:45.238] [info] SDDP aperture: scene 1 phase 31 — 16/16 feasible, 0 infeasible, 0 skipped (2.385s) [thread 9338]
[2026-03-28 13:47:45.756] [info] [sddp_aperture.cpp:167] SDDP aperture: scene 1 phase 30 — starting 16 aperture(s) [thread 9338]
[2026-03-28 13:47:48.635] [info] SDDP aperture: scene 1 phase 30 — 16/16 feasible, 0 infeasible, 0 skipped (2.879s) [thread 9338]
[2026-03-28 13:47:49.163] [info] [sddp_aperture.cpp:167] SDDP aperture: scene 1 phase 29 — starting 16 aperture(s) [thread 9338]
[2026-03-28 13:47:52.004] [info] SDDP aperture: scene 1 phase 29 — 16/16 feasible, 0 infeasible, 0 skipped (2.841s) [thread 9338]
[2026-03-28 13:47:52.261] [info] [sddp_aperture.cpp:167] SDDP aperture: scene 1 phase 28 — starting 16 aperture(s) [thread 9338]
[2026-03-28 13:47:54.953] [info] SDDP aperture: scene 1 phase 28 — 16/16 feasible, 0 infeasible, 0 skipped (2.692s) [thread 9338]
[2026-03-28 13:47:55.456] [info] [sddp_aperture.cpp:167] SDDP aperture: scene 1 phase 27 — starting 16 aperture(s) [thread 9338]
[2026-03-28 13:47:58.392] [info] SDDP aperture: scene 1 phase 27 aperture uid 15 infeasible (status 2), skipping
[2026-03-28 13:47:58.392] [info] SDDP aperture: scene 1 phase 27 — 15/16 feasible, 1 infeasible, 0 skipped (2.936s) [thread 9338]
[2026-03-28 13:47:58.902] [info] [sddp_aperture.cpp:167] SDDP aperture: scene 1 phase 26 — starting 16 aperture(s) [thread 9338]
[2026-03-28 13:48:01.379] [info] SDDP aperture: scene 1 phase 26 — 16/16 feasible, 0 infeasible, 0 skipped (2.476s) [thread 9338]
[2026-03-28 13:48:01.671] [info] [sddp_aperture.cpp:167] SDDP aperture: scene 1 phase 25 — starting 16 aperture(s) [thread 9338]
[2026-03-28 13:48:03.854] [info] SDDP aperture: scene 1 phase 25 — 16/16 feasible, 0 infeasible, 0 skipped (2.183s) [thread 9338]
[2026-03-28 13:48:04.199] [info] [sddp_aperture.cpp:167] SDDP aperture: scene 1 phase 24 — starting 16 aperture(s) [thread 9338]
[2026-03-28 13:48:06.434] [info] SDDP aperture: scene 1 phase 24 — 16/16 feasible, 0 infeasible, 0 skipped (2.236s) [thread 9338]
[2026-03-28 13:48:06.778] [info] [sddp_aperture.cpp:167] SDDP aperture: scene 1 phase 23 — starting 16 aperture(s) [thread 9338]
[2026-03-28 13:48:09.229] [info] SDDP aperture: scene 1 phase 23 — 16/16 feasible, 0 infeasible, 0 skipped (2.451s) [thread 9338]
[2026-03-28 13:48:09.627] [info] [sddp_aperture.cpp:167] SDDP aperture: scene 1 phase 22 — starting 16 aperture(s) [thread 9338]
[2026-03-28 13:48:12.712] [info] SDDP aperture: scene 1 phase 22 — 16/16 feasible, 0 infeasible, 0 skipped (3.085s) [thread 9338]
[2026-03-28 13:48:13.034] [info] [sddp_aperture.cpp:167] SDDP aperture: scene 1 phase 21 — starting 16 aperture(s) [thread 9338]
[2026-03-28 13:48:15.637] [info] SDDP aperture: scene 1 phase 21 — 16/16 feasible, 0 infeasible, 0 skipped (2.603s) [thread 9338]
[2026-03-28 13:48:15.941] [info] [sddp_aperture.cpp:167] SDDP aperture: scene 1 phase 20 — starting 16 aperture(s) [thread 9338]
[2026-03-28 13:48:18.230] [info] SDDP aperture: scene 1 phase 20 — 16/16 feasible, 0 infeasible, 0 skipped (2.289s) [thread 9338]
[2026-03-28 13:48:18.632] [info] [sddp_aperture.cpp:167] SDDP aperture: scene 1 phase 19 — starting 16 aperture(s) [thread 9338]
[2026-03-28 13:48:21.254] [info] SDDP aperture: scene 1 phase 19 — 16/16 feasible, 0 infeasible, 0 skipped (2.622s) [thread 9338]
[2026-03-28 13:48:21.654] [info] [sddp_aperture.cpp:167] SDDP aperture: scene 1 phase 18 — starting 16 aperture(s) [thread 9338]
[2026-03-28 13:48:24.403] [info] SDDP aperture: scene 1 phase 18 — 16/16 feasible, 0 infeasible, 0 skipped (2.749s) [thread 9338]
[2026-03-28 13:48:24.874] [info] [sddp_aperture.cpp:167] SDDP aperture: scene 1 phase 17 — starting 16 aperture(s) [thread 9338]
[2026-03-28 13:48:27.611] [info] SDDP aperture: scene 1 phase 17 — 16/16 feasible, 0 infeasible, 0 skipped (2.738s) [thread 9338]
[2026-03-28 13:48:28.044] [info] [sddp_aperture.cpp:167] SDDP aperture: scene 1 phase 16 — starting 16 aperture(s) [thread 9338]
[2026-03-28 13:48:30.556] [info] SDDP aperture: scene 1 phase 16 — 16/16 feasible, 0 infeasible, 0 skipped (2.512s) [thread 9338]
[2026-03-28 13:48:30.929] [info] [sddp_aperture.cpp:167] SDDP aperture: scene 1 phase 15 — starting 16 aperture(s) [thread 9338]
[2026-03-28 13:48:33.329] [info] SDDP aperture: scene 1 phase 15 — 16/16 feasible, 0 infeasible, 0 skipped (2.400s) [thread 9338]
[2026-03-28 13:48:33.826] [info] [sddp_aperture.cpp:167] SDDP aperture: scene 1 phase 14 — starting 16 aperture(s) [thread 9338]
[2026-03-28 13:48:36.266] [info] SDDP aperture: scene 1 phase 14 — 16/16 feasible, 0 infeasible, 0 skipped (2.440s) [thread 9338]
[2026-03-28 13:48:36.847] [info] [sddp_aperture.cpp:167] SDDP aperture: scene 1 phase 13 — starting 16 aperture(s) [thread 9338]
[2026-03-28 13:48:39.579] [info] SDDP aperture: scene 1 phase 13 — 16/16 feasible, 0 infeasible, 0 skipped (2.732s) [thread 9338]
[2026-03-28 13:48:40.076] [info] [sddp_aperture.cpp:167] SDDP aperture: scene 1 phase 12 — starting 16 aperture(s) [thread 9338]
[2026-03-28 13:48:42.631] [info] SDDP aperture: scene 1 phase 12 — 16/16 feasible, 0 infeasible, 0 skipped (2.555s) [thread 9338]
[2026-03-28 13:48:43.127] [info] [sddp_aperture.cpp:167] SDDP aperture: scene 1 phase 11 — starting 16 aperture(s) [thread 9338]
[2026-03-28 13:48:46.107] [info] SDDP aperture: scene 1 phase 11 — 16/16 feasible, 0 infeasible, 0 skipped (2.980s) [thread 9338]
[2026-03-28 13:48:46.919] [info] [sddp_aperture.cpp:167] SDDP aperture: scene 1 phase 10 — starting 16 aperture(s) [thread 9338]
[2026-03-28 13:48:49.741] [info] SDDP aperture: scene 1 phase 10 — 16/16 feasible, 0 infeasible, 0 skipped (2.823s) [thread 9338]
[2026-03-28 13:48:50.602] [info] [sddp_aperture.cpp:167] SDDP aperture: scene 1 phase 9 — starting 16 aperture(s) [thread 9338]
[2026-03-28 13:48:53.575] [info] SDDP aperture: scene 1 phase 9 — 16/16 feasible, 0 infeasible, 0 skipped (2.973s) [thread 9338]
[2026-03-28 13:48:54.697] [info] [sddp_aperture.cpp:167] SDDP aperture: scene 1 phase 8 — starting 16 aperture(s) [thread 9338]
[2026-03-28 13:48:57.469] [info] SDDP aperture: scene 1 phase 8 — 16/16 feasible, 0 infeasible, 0 skipped (2.772s) [thread 9338]
[2026-03-28 13:48:58.042] [info] [sddp_aperture.cpp:167] SDDP aperture: scene 1 phase 7 — starting 16 aperture(s) [thread 9338]
[2026-03-28 13:49:00.819] [info] SDDP aperture: scene 1 phase 7 — 16/16 feasible, 0 infeasible, 0 skipped (2.777s) [thread 9338]
[2026-03-28 13:49:01.617] [info] [sddp_aperture.cpp:167] SDDP aperture: scene 1 phase 6 — starting 16 aperture(s) [thread 9338]
[2026-03-28 13:49:03.990] [info] SDDP aperture: scene 1 phase 6 — 16/16 feasible, 0 infeasible, 0 skipped (2.373s) [thread 9338]
[2026-03-28 13:49:04.622] [info] [sddp_aperture.cpp:167] SDDP aperture: scene 1 phase 5 — starting 16 aperture(s) [thread 9338]
[2026-03-28 13:49:06.946] [info] SDDP aperture: scene 1 phase 5 — 16/16 feasible, 0 infeasible, 0 skipped (2.324s) [thread 9338]
[2026-03-28 13:49:07.823] [info] [sddp_aperture.cpp:167] SDDP aperture: scene 1 phase 4 — starting 16 aperture(s) [thread 9338]
[2026-03-28 13:49:10.274] [info] SDDP aperture: scene 1 phase 4 — 16/16 feasible, 0 infeasible, 0 skipped (2.451s) [thread 9338]
[2026-03-28 13:49:10.608] [info] [sddp_aperture.cpp:167] SDDP aperture: scene 1 phase 3 — starting 16 aperture(s) [thread 9338]
[2026-03-28 13:49:12.882] [info] SDDP aperture: scene 1 phase 3 — 16/16 feasible, 0 infeasible, 0 skipped (2.274s) [thread 9338]
[2026-03-28 13:49:13.153] [info] [sddp_aperture.cpp:167] SDDP aperture: scene 1 phase 2 — starting 16 aperture(s) [thread 9338]
[2026-03-28 13:49:15.136] [info] SDDP aperture: scene 1 phase 2 — 16/16 feasible, 0 infeasible, 0 skipped (1.984s) [thread 9338]
[2026-03-28 13:49:15.141] [warning] [sddp_aperture_pass.cpp:518] SDDP aperture: scene 1 — all apertures infeasible at 1 phase(s) [51], used Benders fallback cuts
[2026-03-28 13:49:15.141] [info] [sddp_method.cpp:1698] SDDP iter 0: gap=0.991148 gap_change=1.000000 (181.613s)
[2026-03-28 13:49:15.141] [info] [sddp_iteration.cpp:222] SDDP: iter 0 done in 181.613s (fwd 20.01s + bwd 161.60s) — UB=28337586.5304 LB=250853.4516 gap=0.991148 gap_change=1.000000 cuts=50 infeas_cuts=3 
[2026-03-28 13:49:17.920] [info] [sddp_iteration.cpp:257] SDDP: === simulation pass (iter 1) ===
[2026-03-28 13:49:17.920] [info] [sddp_method.cpp:1280] SDDP forward: dispatching 1 scene(s) to work pool
[2026-03-28 13:49:17.924] [info] [sddp_forward_pass.cpp:80] SDDP forward: scene 1 iter 1 starting (51 phases) [thread 6856]
[2026-03-28 13:50:19.229] [warning] [sddp_forward_pass.cpp:228] SDDP forward: iter 1 scene 1 phase 51 non-optimal (status 2), trying elastic solve
[2026-03-28 13:50:20.551] [info] [sddp_forward_pass.cpp:265] SDDP forward: scene 1 phase 51 elastic solve ok, obj=685868.5594 alpha=0.0000 opex=685868.5594 [infeas_count=2]
[2026-03-28 13:50:20.553] [info] [sddp_forward_pass.cpp:339] SDDP forward: scene 1 iter 1 done, total_opex=29144568.0346 [thread 6856]
[2026-03-28 13:50:20.553] [info] [sddp_method.cpp:1698] SDDP iter 1: gap=0.133513 gap_change=1.000000 (62.634s)
[2026-03-28 13:50:20.553] [info] [sddp_iteration.cpp:304] SDDP: simulation pass done in 62.634s — UB=29144568.0346 LB=25253403.4158 gap=0.133513 gap_change=1.000000 
[2026-03-28 13:50:23.724] [info]   WorkPool shutdown complete
[2026-03-28 13:50:23.724] [info]   WorkPool shutdown complete
[2026-03-28 13:50:23.824] [info]   Optimization time 250.594s
[2026-03-28 13:50:23.824] [warning] Solver did not find an optimal solution: SDDP did not converge after 1 iterations (gap=0.133513) (code=1)
[2026-03-28 13:50:23.824] [error]   Solver options used: algorithm=barrier, threads=2, presolve=true, optimal_eps=(default), feasible_eps=(default), barrier_eps=(default), log_level=0
[2026-03-28 13:50:23.824] [info] === Solution statistics ===
[2026-03-28 13:50:23.824] [info]   Status          : non-optimal
