[2026-03-28 11:14:19.120] [info] trace log file: /home/marce/git/gtopt/scripts/cases/gtopt_case_2y/results/logs/trace_25.log
[2026-03-28 11:14:19.123] [info]   Parsing input file /home/marce/git/gtopt/scripts/cases/gtopt_case_2y/gtopt_case_2y.json
[2026-03-28 11:14:19.124] [warning] deprecated option 'use_lp_names': use 'lp_build_options.names_level' instead
[2026-03-28 11:14:19.171] [info]   Parse all input files time 0.050s
[2026-03-28 11:14:19.171] [info] Output compression codec: zstd
[2026-03-28 11:14:19.174] [info] Planning validation passed
[2026-03-28 11:14:19.174] [info] === System statistics ===
[2026-03-28 11:14:19.174] [info]   System name     : gtopt_case_2y
[2026-03-28 11:14:19.174] [info]   System version  : 
[2026-03-28 11:14:19.174] [info] === System elements  ===
[2026-03-28 11:14:19.174] [info]   Buses           : 236
[2026-03-28 11:14:19.174] [info]   Generators      : 1715
[2026-03-28 11:14:19.174] [info]   Generator profs : 0
[2026-03-28 11:14:19.174] [info]   Demands         : 138
[2026-03-28 11:14:19.174] [info]   Demand profs    : 0
[2026-03-28 11:14:19.174] [info]   Lines           : 330
[2026-03-28 11:14:19.174] [info]   Batteries       : 25
[2026-03-28 11:14:19.174] [info]   Converters      : 0
[2026-03-28 11:14:19.174] [info]   Reserve zones   : 0
[2026-03-28 11:14:19.174] [info]   Reserve provisions   : 0
[2026-03-28 11:14:19.174] [info]   Junctions       : 100
[2026-03-28 11:14:19.174] [info]   Waterways       : 136
[2026-03-28 11:14:19.174] [info]   Flows           : 160
[2026-03-28 11:14:19.174] [info]   Reservoirs      : 10
[2026-03-28 11:14:19.174] [info]   ReservoirSeepages     : 3
[2026-03-28 11:14:19.174] [info]   Turbines        : 170
[2026-03-28 11:14:19.174] [info] === Simulation statistics ===
[2026-03-28 11:14:19.174] [info]   Blocks          : 510
[2026-03-28 11:14:19.174] [info]   Stages          : 51
[2026-03-28 11:14:19.174] [info]   Scenarios       : 1
[2026-03-28 11:14:19.174] [info] === Key options ===
[2026-03-28 11:14:19.174] [info]   use_kirchhoff   : false
[2026-03-28 11:14:19.174] [info]   use_single_bus  : false
[2026-03-28 11:14:19.175] [info]   scale_objective : 1000
[2026-03-28 11:14:19.175] [info]   demand_fail_cost: 1000
[2026-03-28 11:14:19.175] [info]   input_directory : /home/marce/git/gtopt/scripts/cases/gtopt_case_2y
[2026-03-28 11:14:19.175] [info]   output_directory: /home/marce/git/gtopt/scripts/cases/gtopt_case_2y/results
[2026-03-28 11:14:19.175] [info]   output_format   : parquet
[2026-03-28 11:14:19.175] [info] === Building LP model ===
[2026-03-28 11:14:19.177] [info] [planning_lp.cpp:44]   Building LP: 1 scene(s) × 51 phase(s)
[2026-03-28 11:14:19.177] [info]   SolverWorkPool initialized: 25 max threads, 98% CPU threshold
[2026-03-28 11:14:19.177] [info]   SolverWorkPool started
[2026-03-28 11:14:40.526] [info] [planning_lp.cpp:105]   Building LP done in 21.349s
[2026-03-28 11:14:40.526] [info]   WorkPool shutdown complete
[2026-03-28 11:14:40.526] [info]   Build lp time 21.351s
[2026-03-28 11:14:40.526] [info]   LP coefficient analysis: 51 LP(s), global |coeff| [6.667e-06, 6.420e+01], ratio=9.63e+06 (fair)
[2026-03-28 11:14:40.526] [info] === System optimization ===
[2026-03-28 11:14:40.526] [info] [sddp_method.cpp:1814] SDDPMethod: starting 1 scene(s) × 51 phase(s)
[2026-03-28 11:14:40.526] [info] ApertureDataCache: scanning '/home/marce/git/gtopt/scripts/cases/gtopt_case_2y/apertures'
[2026-03-28 11:14:40.580] [info] ApertureDataCache: loaded 1618230 entries across 334 elements from /home/marce/git/gtopt/scripts/cases/gtopt_case_2y/apertures (0.05s, 20 threads)
[2026-03-28 11:14:40.581] [info] [sddp_method.cpp:1074] SDDP: initializing solver (no initial solve pass)
[2026-03-28 11:14:40.581] [info] [sddp_method.cpp:1086] SDDP: 1 scene(s), 51 phase(s)
[2026-03-28 11:14:40.581] [info] [sddp_method.cpp:1095] SDDP: adding alpha variables and collecting state links
[2026-03-28 11:14:40.913] [warning] [sddp_method.cpp:1176] SDDP: could not load boundary cuts: Cannot open boundary cuts file for reading: gtopt_case_2y/boundary_cuts.csv
[2026-03-28 11:14:40.913] [info] [sddp_method.cpp:1254] SDDP: initialization complete (0.33s)
[2026-03-28 11:14:40.913] [info]   SDDPWorkPool initialized: 25 max threads, 98% CPU threshold
[2026-03-28 11:14:40.913] [info]   SDDPWorkPool started
[2026-03-28 11:14:40.913] [info]   SolverWorkPool initialized: 25 max threads, 98% CPU threshold
[2026-03-28 11:14:40.913] [info]   SolverWorkPool started
[2026-03-28 11:14:40.913] [info] [sddp_iteration.cpp:67] SDDP: work pools created (0.00s)
[2026-03-28 11:14:40.913] [info] [sddp_iteration.cpp:102] SDDP: === iteration 0 / 0 ===
[2026-03-28 11:15:09.911] [warning] [sddp_forward_pass.cpp:224] SDDP forward: iter 0 scene 1 phase 25 non-optimal (status 2), trying elastic solve
[2026-03-28 11:15:10.190] [warning] LP file '/home/marce/git/gtopt/scripts/cases/gtopt_case_2y/results/logs/error_scene_1_phase_25' not saved: row names are not available. Set names_level >= only_cols to enable LP file output.
[2026-03-28 11:15:10.190] [warning] [sddp_method.cpp:1303] SDDP forward: scene 0 failed: SDDP forward pass failed at scene 0 phase 24 (status 2)
[2026-03-28 11:15:10.424] [info]   WorkPool shutdown complete
[2026-03-28 11:15:10.424] [info]   WorkPool shutdown complete
[2026-03-28 11:15:10.511] [info]   Optimization time 29.984s
[2026-03-28 11:15:10.511] [warning] Solver did not find an optimal solution: SDDP: all scenes infeasible in forward pass (code=1)
[2026-03-28 11:15:10.511] [error]   Solver options used: algorithm=barrier, threads=2, presolve=true, optimal_eps=(default), feasible_eps=(default), barrier_eps=(default), log_level=0
[2026-03-28 11:15:10.511] [info] === Solution statistics ===
[2026-03-28 11:15:10.511] [info]   Status          : non-optimal
