[2026-03-28 13:22:31.344] [info] trace log file: gtopt_case_2y/results/logs/trace_31.log
[2026-03-28 13:22:31.345] [info]   Parsing input file gtopt_case_2y/gtopt_case_2y.json
[2026-03-28 13:22:31.345] [warning] deprecated option 'use_lp_names': use 'lp_build_options.names_level' instead
[2026-03-28 13:22:31.370] [info]   Parse all input files time 0.026s
[2026-03-28 13:22:31.370] [info] Output compression codec: zstd
[2026-03-28 13:22:31.372] [info] Planning validation passed
[2026-03-28 13:22:31.372] [info] === System statistics ===
[2026-03-28 13:22:31.372] [info]   System name     : gtopt_case_2y
[2026-03-28 13:22:31.372] [info]   System version  : 
[2026-03-28 13:22:31.372] [info] === System elements  ===
[2026-03-28 13:22:31.372] [info]   Buses           : 236
[2026-03-28 13:22:31.372] [info]   Generators      : 1715
[2026-03-28 13:22:31.372] [info]   Generator profs : 0
[2026-03-28 13:22:31.372] [info]   Demands         : 138
[2026-03-28 13:22:31.372] [info]   Demand profs    : 0
[2026-03-28 13:22:31.372] [info]   Lines           : 330
[2026-03-28 13:22:31.372] [info]   Batteries       : 25
[2026-03-28 13:22:31.372] [info]   Converters      : 0
[2026-03-28 13:22:31.372] [info]   Reserve zones   : 0
[2026-03-28 13:22:31.372] [info]   Reserve provisions   : 0
[2026-03-28 13:22:31.372] [info]   Junctions       : 100
[2026-03-28 13:22:31.372] [info]   Waterways       : 136
[2026-03-28 13:22:31.372] [info]   Flows           : 160
[2026-03-28 13:22:31.372] [info]   Reservoirs      : 10
[2026-03-28 13:22:31.372] [info]   ReservoirSeepages     : 3
[2026-03-28 13:22:31.372] [info]   Turbines        : 170
[2026-03-28 13:22:31.372] [info] === Simulation statistics ===
[2026-03-28 13:22:31.372] [info]   Blocks          : 510
[2026-03-28 13:22:31.372] [info]   Stages          : 51
[2026-03-28 13:22:31.372] [info]   Scenarios       : 1
[2026-03-28 13:22:31.372] [info] === Key options ===
[2026-03-28 13:22:31.372] [info]   use_kirchhoff   : false
[2026-03-28 13:22:31.372] [info]   use_single_bus  : false
[2026-03-28 13:22:31.372] [info]   scale_objective : 1000
[2026-03-28 13:22:31.372] [info]   demand_fail_cost: 1000
[2026-03-28 13:22:31.372] [info]   input_directory : gtopt_case_2y
[2026-03-28 13:22:31.372] [info]   output_directory: gtopt_case_2y/results
[2026-03-28 13:22:31.372] [info]   output_format   : parquet
[2026-03-28 13:22:31.372] [info] === Building LP model ===
[2026-03-28 13:22:31.373] [info] [planning_lp.cpp:44]   Building LP: 1 scene(s) × 51 phase(s)
[2026-03-28 13:22:31.373] [info]   SolverWorkPool initialized: 25 max threads, 98% CPU threshold
[2026-03-28 13:22:31.374] [info]   SolverWorkPool started
[2026-03-28 13:22:44.932] [info] [planning_lp.cpp:105]   Building LP done in 13.559s
[2026-03-28 13:22:44.933] [info]   WorkPool shutdown complete
[2026-03-28 13:22:44.933] [info]   Build lp time 13.561s
[2026-03-28 13:22:44.933] [info]   LP coefficient analysis: 51 LP(s), global |coeff| [6.667e-06, 6.420e+01], ratio=9.63e+06 (fair)
[2026-03-28 13:22:44.933] [info] === System optimization ===
[2026-03-28 13:22:44.933] [info] [sddp_method.cpp:1823] SDDPMethod: starting 1 scene(s) × 51 phase(s)
[2026-03-28 13:22:44.933] [info] ApertureDataCache: scanning 'gtopt_case_2y/apertures'
[2026-03-28 13:22:44.988] [info] ApertureDataCache: loaded 1618230 entries across 334 elements from gtopt_case_2y/apertures (0.05s, 20 threads)
[2026-03-28 13:22:44.988] [info] [sddp_method.cpp:1074] SDDP: initializing solver (no initial solve pass)
[2026-03-28 13:22:44.988] [info] [sddp_method.cpp:1086] SDDP: 1 scene(s), 51 phase(s)
[2026-03-28 13:22:44.988] [info] [sddp_method.cpp:1095] SDDP: adding alpha variables and collecting state links
[2026-03-28 13:22:45.176] [warning] [sddp_cut_io.cpp:922] Boundary cuts: state variable 'CANUTILLAR' not found in the current model; non-zero coefficient -100.6546958 (mode=skip_coeff)
[2026-03-28 13:22:45.176] [warning] [sddp_cut_io.cpp:922] Boundary cuts: state variable 'PILMAIQUEN' not found in the current model; non-zero coefficient -11.03538014 (mode=skip_coeff)
[2026-03-28 13:22:45.185] [info] [sddp_cut_io.cpp:995] SDDP: loaded 35 boundary cuts from gtopt_case_2y/boundary_cuts.csv (mode=separated, max_iters=0)
[2026-03-28 13:22:45.185] [info] [sddp_method.cpp:1173] SDDP: loaded 35 boundary cuts from gtopt_case_2y/boundary_cuts.csv
[2026-03-28 13:22:45.185] [info] [sddp_method.cpp:1254] SDDP: initialization complete (0.20s)
[2026-03-28 13:22:45.185] [info]   SDDPWorkPool initialized: 25 max threads, 98% CPU threshold
[2026-03-28 13:22:45.185] [info]   SDDPWorkPool started
[2026-03-28 13:22:45.185] [info] [sddp_pool.hpp:160] SDDP work pool started: max_threads=25 cpu_threshold=98% (hw_concurrency=20)
[2026-03-28 13:22:45.185] [info]   SolverWorkPool initialized: 25 max threads, 98% CPU threshold
[2026-03-28 13:22:45.185] [info]   SolverWorkPool started
[2026-03-28 13:22:45.185] [info] [sddp_iteration.cpp:67] SDDP: work pools created (0.00s)
[2026-03-28 13:22:45.185] [info] [sddp_iteration.cpp:102] SDDP: === iteration 0 / 0 ===
[2026-03-28 13:22:45.185] [info] [sddp_method.cpp:1280] SDDP forward: dispatching 1 scene(s) to work pool
[2026-03-28 13:22:45.206] [info] [sddp_forward_pass.cpp:80] SDDP forward: scene 1 iter 0 starting (51 phases) [thread 8528]
[2026-03-28 13:23:17.242] [warning] [sddp_forward_pass.cpp:228] SDDP forward: iter 0 scene 1 phase 37 non-optimal (status 2), trying elastic solve
[2026-03-28 13:23:17.568] [info] [sddp_forward_pass.cpp:265] SDDP forward: scene 1 phase 37 elastic solve ok, obj=702010.8160 alpha=0.0000 opex=702010.8160 [infeas_count=1]
[2026-03-28 13:23:18.498] [warning] [sddp_forward_pass.cpp:228] SDDP forward: iter 0 scene 1 phase 38 non-optimal (status 2), trying elastic solve
[2026-03-28 13:23:18.851] [info] [sddp_forward_pass.cpp:265] SDDP forward: scene 1 phase 38 elastic solve ok, obj=647094.3312 alpha=0.0000 opex=647094.3312 [infeas_count=1]
[2026-03-28 13:23:30.576] [warning] [sddp_forward_pass.cpp:228] SDDP forward: iter 0 scene 1 phase 51 non-optimal (status 2), trying elastic solve
[2026-03-28 13:23:31.180] [info] [sddp_forward_pass.cpp:265] SDDP forward: scene 1 phase 51 elastic solve ok, obj=687118.2563 alpha=0.0000 opex=687118.2563 [infeas_count=1]
[2026-03-28 13:23:31.180] [info] [sddp_forward_pass.cpp:339] SDDP forward: scene 1 iter 0 done, total_opex=28331034.4126 [thread 8528]
[2026-03-28 13:23:31.180] [info] [sddp_method.cpp:1373] SDDP backward: dispatching 1 scene(s) to work pool (cut_sharing=none, apertures=enabled)
[2026-03-28 13:23:31.279] [info] [sddp_aperture_pass.cpp:373] SDDP backward (apertures): scene 1 iter 0 starting (50 phases) [thread 8528]
[2026-03-28 13:23:31.279] [info] [sddp_aperture.cpp:167] SDDP aperture: scene 1 phase 51 — starting 16 aperture(s) [thread 8528]
[2026-03-28 13:23:32.036] [info] SDDP aperture: scene 1 phase 51 aperture uid 3 infeasible (status 2), skipping
[2026-03-28 13:23:32.219] [info] SDDP aperture: scene 1 phase 51 aperture uid 4 infeasible (status 2), skipping
[2026-03-28 13:23:32.219] [info] SDDP aperture: scene 1 phase 51 aperture uid 5 infeasible (status 2), skipping
[2026-03-28 13:23:32.219] [info] SDDP aperture: scene 1 phase 51 aperture uid 6 infeasible (status 2), skipping
[2026-03-28 13:23:32.219] [info] SDDP aperture: scene 1 phase 51 aperture uid 7 infeasible (status 2), skipping
[2026-03-28 13:23:32.384] [info] SDDP aperture: scene 1 phase 51 aperture uid 8 infeasible (status 2), skipping
[2026-03-28 13:23:32.384] [info] SDDP aperture: scene 1 phase 51 aperture uid 9 infeasible (status 2), skipping
[2026-03-28 13:23:32.384] [info] SDDP aperture: scene 1 phase 51 aperture uid 10 infeasible (status 2), skipping
[2026-03-28 13:23:32.454] [info] SDDP aperture: scene 1 phase 51 aperture uid 11 infeasible (status 2), skipping
[2026-03-28 13:23:32.454] [info] SDDP aperture: scene 1 phase 51 aperture uid 12 infeasible (status 2), skipping
[2026-03-28 13:23:32.454] [info] SDDP aperture: scene 1 phase 51 aperture uid 13 infeasible (status 2), skipping
[2026-03-28 13:23:32.454] [info] SDDP aperture: scene 1 phase 51 aperture uid 14 infeasible (status 2), skipping
[2026-03-28 13:23:32.454] [info] SDDP aperture: scene 1 phase 51 aperture uid 15 infeasible (status 2), skipping
[2026-03-28 13:23:32.454] [info] SDDP aperture: scene 1 phase 51 aperture uid 16 infeasible (status 2), skipping
[2026-03-28 13:23:32.522] [info] SDDP aperture: scene 1 phase 51 aperture uid 17 infeasible (status 2), skipping
[2026-03-28 13:23:32.522] [info] SDDP aperture: scene 1 phase 51 aperture uid 18 infeasible (status 2), skipping
[2026-03-28 13:23:32.522] [info] SDDP aperture: scene 1 phase 51 — 0/16 feasible, 16 infeasible, 0 skipped (1.243s) [thread 8528]
[2026-03-28 13:23:32.534] [info] [sddp_aperture.cpp:167] SDDP aperture: scene 1 phase 50 — starting 16 aperture(s) [thread 8528]
[2026-03-28 13:23:33.017] [info] SDDP aperture: scene 1 phase 50 — 16/16 feasible, 0 infeasible, 0 skipped (0.483s) [thread 8528]
[2026-03-28 13:23:33.098] [info] [sddp_aperture.cpp:167] SDDP aperture: scene 1 phase 49 — starting 16 aperture(s) [thread 8528]
[2026-03-28 13:23:33.479] [info] SDDP aperture: scene 1 phase 49 — 16/16 feasible, 0 infeasible, 0 skipped (0.381s) [thread 8528]
[2026-03-28 13:23:33.556] [info] [sddp_aperture.cpp:167] SDDP aperture: scene 1 phase 48 — starting 16 aperture(s) [thread 8528]
[2026-03-28 13:23:34.030] [info] SDDP aperture: scene 1 phase 48 — 16/16 feasible, 0 infeasible, 0 skipped (0.474s) [thread 8528]
[2026-03-28 13:23:34.109] [info] [sddp_aperture.cpp:167] SDDP aperture: scene 1 phase 47 — starting 16 aperture(s) [thread 8528]
[2026-03-28 13:23:34.946] [info] SDDP aperture: scene 1 phase 47 — 16/16 feasible, 0 infeasible, 0 skipped (0.837s) [thread 8528]
[2026-03-28 13:23:35.015] [info] [sddp_aperture.cpp:167] SDDP aperture: scene 1 phase 46 — starting 16 aperture(s) [thread 8528]
[2026-03-28 13:23:36.007] [info] SDDP aperture: scene 1 phase 46 — 16/16 feasible, 0 infeasible, 0 skipped (0.992s) [thread 8528]
[2026-03-28 13:23:36.218] [info] [sddp_aperture.cpp:167] SDDP aperture: scene 1 phase 45 — starting 16 aperture(s) [thread 8528]
[2026-03-28 13:23:37.061] [info] SDDP aperture: scene 1 phase 45 — 16/16 feasible, 0 infeasible, 0 skipped (0.843s) [thread 8528]
[2026-03-28 13:23:37.202] [info] [sddp_aperture.cpp:167] SDDP aperture: scene 1 phase 44 — starting 16 aperture(s) [thread 8528]
[2026-03-28 13:23:38.047] [info] SDDP aperture: scene 1 phase 44 — 16/16 feasible, 0 infeasible, 0 skipped (0.845s) [thread 8528]
[2026-03-28 13:23:38.380] [info] [sddp_aperture.cpp:167] SDDP aperture: scene 1 phase 43 — starting 16 aperture(s) [thread 8528]
[2026-03-28 13:23:39.246] [info] SDDP aperture: scene 1 phase 43 — 16/16 feasible, 0 infeasible, 0 skipped (0.866s) [thread 8528]
[2026-03-28 13:23:39.502] [info] [sddp_aperture.cpp:167] SDDP aperture: scene 1 phase 42 — starting 16 aperture(s) [thread 8528]
[2026-03-28 13:23:40.541] [info] SDDP aperture: scene 1 phase 42 — 16/16 feasible, 0 infeasible, 0 skipped (1.039s) [thread 8528]
[2026-03-28 13:23:40.573] [info] [sddp_aperture.cpp:167] SDDP aperture: scene 1 phase 41 — starting 16 aperture(s) [thread 8528]
[2026-03-28 13:23:41.293] [info] SDDP aperture: scene 1 phase 41 — 16/16 feasible, 0 infeasible, 0 skipped (0.720s) [thread 8528]
[2026-03-28 13:23:41.437] [info] [sddp_aperture.cpp:167] SDDP aperture: scene 1 phase 40 — starting 16 aperture(s) [thread 8528]
[2026-03-28 13:23:42.305] [info] SDDP aperture: scene 1 phase 40 — 16/16 feasible, 0 infeasible, 0 skipped (0.869s) [thread 8528]
[2026-03-28 13:23:42.489] [info] [sddp_aperture.cpp:167] SDDP aperture: scene 1 phase 39 — starting 16 aperture(s) [thread 8528]
[2026-03-28 13:23:42.959] [info] SDDP aperture: scene 1 phase 39 — 16/16 feasible, 0 infeasible, 0 skipped (0.469s) [thread 8528]
[2026-03-28 13:23:43.241] [warning] [sddp_aperture_pass.cpp:506] SDDP backward: iter 0 scene 1 phase 38 non-optimal after expected cut (status 2), skipping further backpropagation
[2026-03-28 13:23:43.241] [info] [sddp_aperture.cpp:167] SDDP aperture: scene 1 phase 38 — starting 16 aperture(s) [thread 8528]
[2026-03-28 13:23:44.031] [info] SDDP aperture: scene 1 phase 38 aperture uid 16 infeasible (status 2), skipping
[2026-03-28 13:23:44.080] [info] SDDP aperture: scene 1 phase 38 — 15/16 feasible, 1 infeasible, 0 skipped (0.839s) [thread 8528]
[2026-03-28 13:23:44.343] [warning] [sddp_aperture_pass.cpp:506] SDDP backward: iter 0 scene 1 phase 37 non-optimal after expected cut (status 2), skipping further backpropagation
[2026-03-28 13:23:44.343] [info] [sddp_aperture.cpp:167] SDDP aperture: scene 1 phase 37 — starting 16 aperture(s) [thread 8528]
[2026-03-28 13:23:44.974] [info] SDDP aperture: scene 1 phase 37 — 16/16 feasible, 0 infeasible, 0 skipped (0.631s) [thread 8528]
[2026-03-28 13:23:45.143] [info] [sddp_aperture.cpp:167] SDDP aperture: scene 1 phase 36 — starting 16 aperture(s) [thread 8528]
[2026-03-28 13:23:45.668] [info] SDDP aperture: scene 1 phase 36 — 16/16 feasible, 0 infeasible, 0 skipped (0.526s) [thread 8528]
[2026-03-28 13:23:45.863] [info] [sddp_aperture.cpp:167] SDDP aperture: scene 1 phase 35 — starting 16 aperture(s) [thread 8528]
[2026-03-28 13:23:46.426] [info] SDDP aperture: scene 1 phase 35 — 16/16 feasible, 0 infeasible, 0 skipped (0.563s) [thread 8528]
[2026-03-28 13:23:46.790] [info] [sddp_aperture.cpp:167] SDDP aperture: scene 1 phase 34 — starting 16 aperture(s) [thread 8528]
[2026-03-28 13:23:47.559] [info] SDDP aperture: scene 1 phase 34 — 16/16 feasible, 0 infeasible, 0 skipped (0.770s) [thread 8528]
[2026-03-28 13:23:47.831] [info] [sddp_aperture.cpp:167] SDDP aperture: scene 1 phase 33 — starting 16 aperture(s) [thread 8528]
[2026-03-28 13:23:48.584] [info] SDDP aperture: scene 1 phase 33 — 16/16 feasible, 0 infeasible, 0 skipped (0.752s) [thread 8528]
[2026-03-28 13:23:49.028] [info] [sddp_aperture.cpp:167] SDDP aperture: scene 1 phase 32 — starting 16 aperture(s) [thread 8528]
[2026-03-28 13:23:49.984] [info] SDDP aperture: scene 1 phase 32 — 16/16 feasible, 0 infeasible, 0 skipped (0.956s) [thread 8528]
[2026-03-28 13:23:50.193] [info] [sddp_aperture.cpp:167] SDDP aperture: scene 1 phase 31 — starting 16 aperture(s) [thread 8528]
[2026-03-28 13:23:50.738] [info] SDDP aperture: scene 1 phase 31 — 16/16 feasible, 0 infeasible, 0 skipped (0.545s) [thread 8528]
[2026-03-28 13:23:51.131] [info] [sddp_aperture.cpp:167] SDDP aperture: scene 1 phase 30 — starting 16 aperture(s) [thread 8528]
[2026-03-28 13:23:52.005] [info] SDDP aperture: scene 1 phase 30 — 16/16 feasible, 0 infeasible, 0 skipped (0.873s) [thread 8528]
[2026-03-28 13:23:52.426] [info] [sddp_aperture.cpp:167] SDDP aperture: scene 1 phase 29 — starting 16 aperture(s) [thread 8528]
[2026-03-28 13:23:53.147] [info] SDDP aperture: scene 1 phase 29 — 16/16 feasible, 0 infeasible, 0 skipped (0.721s) [thread 8528]
[2026-03-28 13:23:53.389] [info] [sddp_aperture.cpp:167] SDDP aperture: scene 1 phase 28 — starting 16 aperture(s) [thread 8528]
[2026-03-28 13:23:54.079] [info] SDDP aperture: scene 1 phase 28 — 16/16 feasible, 0 infeasible, 0 skipped (0.690s) [thread 8528]
[2026-03-28 13:23:54.386] [info] [sddp_aperture.cpp:167] SDDP aperture: scene 1 phase 27 — starting 16 aperture(s) [thread 8528]
[2026-03-28 13:23:54.874] [info] SDDP aperture: scene 1 phase 27 aperture uid 15 infeasible (status 2), skipping
[2026-03-28 13:23:54.874] [info] SDDP aperture: scene 1 phase 27 — 15/16 feasible, 1 infeasible, 0 skipped (0.488s) [thread 8528]
[2026-03-28 13:23:55.104] [info] [sddp_aperture.cpp:167] SDDP aperture: scene 1 phase 26 — starting 16 aperture(s) [thread 8528]
[2026-03-28 13:23:55.587] [info] SDDP aperture: scene 1 phase 26 — 16/16 feasible, 0 infeasible, 0 skipped (0.483s) [thread 8528]
[2026-03-28 13:23:55.942] [info] [sddp_aperture.cpp:167] SDDP aperture: scene 1 phase 25 — starting 16 aperture(s) [thread 8528]
[2026-03-28 13:23:56.522] [info] SDDP aperture: scene 1 phase 25 — 16/16 feasible, 0 infeasible, 0 skipped (0.580s) [thread 8528]
[2026-03-28 13:23:56.785] [info] [sddp_aperture.cpp:167] SDDP aperture: scene 1 phase 24 — starting 16 aperture(s) [thread 8528]
[2026-03-28 13:23:57.488] [info] SDDP aperture: scene 1 phase 24 — 16/16 feasible, 0 infeasible, 0 skipped (0.703s) [thread 8528]
[2026-03-28 13:23:57.885] [info] [sddp_aperture.cpp:167] SDDP aperture: scene 1 phase 23 — starting 16 aperture(s) [thread 8528]
[2026-03-28 13:23:58.564] [info] SDDP aperture: scene 1 phase 23 — 16/16 feasible, 0 infeasible, 0 skipped (0.679s) [thread 8528]
[2026-03-28 13:23:58.960] [info] [sddp_aperture.cpp:167] SDDP aperture: scene 1 phase 22 — starting 16 aperture(s) [thread 8528]
[2026-03-28 13:23:59.776] [info] SDDP aperture: scene 1 phase 22 — 16/16 feasible, 0 infeasible, 0 skipped (0.816s) [thread 8528]
[2026-03-28 13:24:00.132] [info] [sddp_aperture.cpp:167] SDDP aperture: scene 1 phase 21 — starting 16 aperture(s) [thread 8528]
[2026-03-28 13:24:00.845] [info] SDDP aperture: scene 1 phase 21 — 16/16 feasible, 0 infeasible, 0 skipped (0.713s) [thread 8528]
[2026-03-28 13:24:01.057] [info] [sddp_aperture.cpp:167] SDDP aperture: scene 1 phase 20 — starting 16 aperture(s) [thread 8528]
[2026-03-28 13:24:01.781] [info] SDDP aperture: scene 1 phase 20 — 16/16 feasible, 0 infeasible, 0 skipped (0.723s) [thread 8528]
[2026-03-28 13:24:02.044] [info] [sddp_aperture.cpp:167] SDDP aperture: scene 1 phase 19 — starting 16 aperture(s) [thread 8528]
[2026-03-28 13:24:02.950] [info] SDDP aperture: scene 1 phase 19 — 16/16 feasible, 0 infeasible, 0 skipped (0.907s) [thread 8528]
[2026-03-28 13:24:03.287] [info] [sddp_aperture.cpp:167] SDDP aperture: scene 1 phase 18 — starting 16 aperture(s) [thread 8528]
[2026-03-28 13:24:04.095] [info] SDDP aperture: scene 1 phase 18 — 16/16 feasible, 0 infeasible, 0 skipped (0.809s) [thread 8528]
[2026-03-28 13:24:04.588] [info] [sddp_aperture.cpp:167] SDDP aperture: scene 1 phase 17 — starting 16 aperture(s) [thread 8528]
[2026-03-28 13:24:05.415] [info] SDDP aperture: scene 1 phase 17 — 16/16 feasible, 0 infeasible, 0 skipped (0.827s) [thread 8528]
[2026-03-28 13:24:05.932] [info] [sddp_aperture.cpp:167] SDDP aperture: scene 1 phase 16 — starting 16 aperture(s) [thread 8528]
[2026-03-28 13:24:06.525] [info] SDDP aperture: scene 1 phase 16 — 16/16 feasible, 0 infeasible, 0 skipped (0.593s) [thread 8528]
[2026-03-28 13:24:06.808] [info] [sddp_aperture.cpp:167] SDDP aperture: scene 1 phase 15 — starting 16 aperture(s) [thread 8528]
[2026-03-28 13:24:07.386] [info] SDDP aperture: scene 1 phase 15 — 16/16 feasible, 0 infeasible, 0 skipped (0.578s) [thread 8528]
[2026-03-28 13:24:07.733] [info] [sddp_aperture.cpp:167] SDDP aperture: scene 1 phase 14 — starting 16 aperture(s) [thread 8528]
[2026-03-28 13:24:08.379] [info] SDDP aperture: scene 1 phase 14 — 16/16 feasible, 0 infeasible, 0 skipped (0.646s) [thread 8528]
[2026-03-28 13:24:08.762] [info] [sddp_aperture.cpp:167] SDDP aperture: scene 1 phase 13 — starting 16 aperture(s) [thread 8528]
[2026-03-28 13:24:09.296] [info] SDDP aperture: scene 1 phase 13 — 16/16 feasible, 0 infeasible, 0 skipped (0.534s) [thread 8528]
[2026-03-28 13:24:09.726] [info] [sddp_aperture.cpp:167] SDDP aperture: scene 1 phase 12 — starting 16 aperture(s) [thread 8528]
[2026-03-28 13:24:10.271] [info] SDDP aperture: scene 1 phase 12 — 16/16 feasible, 0 infeasible, 0 skipped (0.544s) [thread 8528]
[2026-03-28 13:24:10.489] [info] [sddp_aperture.cpp:167] SDDP aperture: scene 1 phase 11 — starting 16 aperture(s) [thread 8528]
[2026-03-28 13:24:11.167] [info] SDDP aperture: scene 1 phase 11 — 16/16 feasible, 0 infeasible, 0 skipped (0.679s) [thread 8528]
[2026-03-28 13:24:11.378] [info] [sddp_aperture.cpp:167] SDDP aperture: scene 1 phase 10 — starting 16 aperture(s) [thread 8528]
[2026-03-28 13:24:11.995] [info] SDDP aperture: scene 1 phase 10 — 16/16 feasible, 0 infeasible, 0 skipped (0.618s) [thread 8528]
[2026-03-28 13:24:12.419] [info] [sddp_aperture.cpp:167] SDDP aperture: scene 1 phase 9 — starting 16 aperture(s) [thread 8528]
[2026-03-28 13:24:13.052] [info] SDDP aperture: scene 1 phase 9 — 16/16 feasible, 0 infeasible, 0 skipped (0.633s) [thread 8528]
[2026-03-28 13:24:13.561] [info] [sddp_aperture.cpp:167] SDDP aperture: scene 1 phase 8 — starting 16 aperture(s) [thread 8528]
[2026-03-28 13:24:14.298] [info] SDDP aperture: scene 1 phase 8 — 16/16 feasible, 0 infeasible, 0 skipped (0.736s) [thread 8528]
[2026-03-28 13:24:14.567] [info] [sddp_aperture.cpp:167] SDDP aperture: scene 1 phase 7 — starting 16 aperture(s) [thread 8528]
[2026-03-28 13:24:15.182] [info] SDDP aperture: scene 1 phase 7 — 16/16 feasible, 0 infeasible, 0 skipped (0.614s) [thread 8528]
[2026-03-28 13:24:15.588] [info] [sddp_aperture.cpp:167] SDDP aperture: scene 1 phase 6 — starting 16 aperture(s) [thread 8528]
[2026-03-28 13:24:16.352] [info] SDDP aperture: scene 1 phase 6 — 16/16 feasible, 0 infeasible, 0 skipped (0.765s) [thread 8528]
[2026-03-28 13:24:16.605] [info] [sddp_aperture.cpp:167] SDDP aperture: scene 1 phase 5 — starting 16 aperture(s) [thread 8528]
[2026-03-28 13:24:17.229] [info] SDDP aperture: scene 1 phase 5 — 16/16 feasible, 0 infeasible, 0 skipped (0.624s) [thread 8528]
[2026-03-28 13:24:17.485] [info] [sddp_aperture.cpp:167] SDDP aperture: scene 1 phase 4 — starting 16 aperture(s) [thread 8528]
[2026-03-28 13:24:18.172] [info] SDDP aperture: scene 1 phase 4 — 16/16 feasible, 0 infeasible, 0 skipped (0.687s) [thread 8528]
[2026-03-28 13:24:18.450] [info] [sddp_aperture.cpp:167] SDDP aperture: scene 1 phase 3 — starting 16 aperture(s) [thread 8528]
[2026-03-28 13:24:19.147] [info] SDDP aperture: scene 1 phase 3 — 16/16 feasible, 0 infeasible, 0 skipped (0.697s) [thread 8528]
[2026-03-28 13:24:19.400] [info] [sddp_aperture.cpp:167] SDDP aperture: scene 1 phase 2 — starting 16 aperture(s) [thread 8528]
[2026-03-28 13:24:19.917] [info] SDDP aperture: scene 1 phase 2 — 16/16 feasible, 0 infeasible, 0 skipped (0.517s) [thread 8528]
[2026-03-28 13:24:19.918] [warning] [sddp_aperture_pass.cpp:518] SDDP aperture: scene 1 — all apertures infeasible at 1 phase(s) [51], used Benders fallback cuts
[2026-03-28 13:24:19.918] [info] [sddp_method.cpp:1698] SDDP iter 0: gap=0.991146 gap_change=1.000000 (94.733s)
[2026-03-28 13:24:19.918] [info] [sddp_iteration.cpp:222] SDDP: iter 0 done in 94.733s (fwd 45.99s + bwd 48.74s) — UB=28331034.4126 LB=250853.4516 gap=0.991146 gap_change=1.000000 cuts=50 infeas_cuts=3 
[2026-03-28 13:24:22.089] [info] [sddp_iteration.cpp:257] SDDP: === simulation pass (iter 1) ===
[2026-03-28 13:24:22.089] [info] [sddp_method.cpp:1280] SDDP forward: dispatching 1 scene(s) to work pool
[2026-03-28 13:24:22.101] [info] [sddp_forward_pass.cpp:80] SDDP forward: scene 1 iter 1 starting (51 phases) [thread 3935]
[2026-03-28 13:24:30.472] [warning] [sddp_forward_pass.cpp:228] SDDP forward: iter 1 scene 1 phase 27 non-optimal (status 2), trying elastic solve
[2026-03-28 13:24:30.972] [info] [sddp_forward_pass.cpp:265] SDDP forward: scene 1 phase 27 elastic solve ok, obj=16581035.6738 alpha=15619367.0528 opex=961668.6210 [infeas_count=1]
[2026-03-28 13:24:31.224] [warning] [sddp_forward_pass.cpp:228] SDDP forward: iter 1 scene 1 phase 28 non-optimal (status 2), trying elastic solve
[2026-03-28 13:24:31.715] [info] [sddp_forward_pass.cpp:265] SDDP forward: scene 1 phase 28 elastic solve ok, obj=15698567.9807 alpha=14713773.9443 opex=984794.0364 [infeas_count=1]
[2026-03-28 13:24:31.796] [warning] [sddp_forward_pass.cpp:228] SDDP forward: iter 1 scene 1 phase 29 non-optimal (status 2), trying elastic solve
[2026-03-28 13:24:32.466] [info] [sddp_forward_pass.cpp:265] SDDP forward: scene 1 phase 29 elastic solve ok, obj=14811169.1949 alpha=13716075.4844 opex=1095093.7105 [infeas_count=1]
[2026-03-28 13:24:32.504] [warning] [sddp_forward_pass.cpp:228] SDDP forward: iter 1 scene 1 phase 30 non-optimal (status 2), trying elastic solve
[2026-03-28 13:24:33.564] [info] [sddp_forward_pass.cpp:265] SDDP forward: scene 1 phase 30 elastic solve ok, obj=13876470.8930 alpha=12825059.6959 opex=1051411.1971 [infeas_count=1]
[2026-03-28 13:24:33.915] [warning] [sddp_forward_pass.cpp:228] SDDP forward: iter 1 scene 1 phase 31 non-optimal (status 2), trying elastic solve
[2026-03-28 13:24:34.818] [info] [sddp_forward_pass.cpp:265] SDDP forward: scene 1 phase 31 elastic solve ok, obj=12984774.5959 alpha=11950930.4469 opex=1033844.1491 [infeas_count=1]
[2026-03-28 13:24:34.865] [warning] [sddp_forward_pass.cpp:228] SDDP forward: iter 1 scene 1 phase 32 non-optimal (status 2), trying elastic solve
[2026-03-28 13:24:35.730] [info] [sddp_forward_pass.cpp:265] SDDP forward: scene 1 phase 32 elastic solve ok, obj=12074379.3940 alpha=11128882.8679 opex=945496.5261 [infeas_count=1]
[2026-03-28 13:24:36.392] [warning] [sddp_forward_pass.cpp:228] SDDP forward: iter 1 scene 1 phase 36 non-optimal (status 2), trying elastic solve
[2026-03-28 13:24:36.593] [info] [sddp_forward_pass.cpp:265] SDDP forward: scene 1 phase 36 elastic solve ok, obj=9440333.4833 alpha=8668458.7970 opex=771874.6863 [infeas_count=1]
[2026-03-28 13:24:36.782] [warning] [sddp_forward_pass.cpp:228] SDDP forward: iter 1 scene 1 phase 37 non-optimal (status 2), trying elastic solve
[2026-03-28 13:24:36.964] [info] [sddp_forward_pass.cpp:265] SDDP forward: scene 1 phase 37 elastic solve ok, obj=8775996.1897 alpha=8024724.0989 opex=751272.0908 [infeas_count=2]
[2026-03-28 13:24:37.174] [warning] [sddp_forward_pass.cpp:228] SDDP forward: iter 1 scene 1 phase 38 non-optimal (status 2), trying elastic solve
[2026-03-28 13:24:37.376] [info] [sddp_forward_pass.cpp:265] SDDP forward: scene 1 phase 38 elastic solve ok, obj=8157046.6944 alpha=7456307.4987 opex=700739.1957 [infeas_count=2]
[2026-03-28 13:24:37.834] [warning] [sddp_forward_pass.cpp:228] SDDP forward: iter 1 scene 1 phase 39 non-optimal (status 2), trying elastic solve
[2026-03-28 13:24:38.219] [info] [sddp_forward_pass.cpp:265] SDDP forward: scene 1 phase 39 elastic solve ok, obj=7490782.8851 alpha=6658398.4865 opex=832384.3986 [infeas_count=1]
[2026-03-28 13:24:38.646] [warning] [sddp_forward_pass.cpp:228] SDDP forward: iter 1 scene 1 phase 40 non-optimal (status 2), trying elastic solve
[2026-03-28 13:24:38.970] [info] [sddp_forward_pass.cpp:265] SDDP forward: scene 1 phase 40 elastic solve ok, obj=7216950.3926 alpha=6407340.1103 opex=809610.2823 [infeas_count=1]
[2026-03-28 13:24:39.144] [warning] [sddp_forward_pass.cpp:228] SDDP forward: iter 1 scene 1 phase 41 non-optimal (status 2), trying elastic solve
[2026-03-28 13:24:39.791] [info] [sddp_forward_pass.cpp:265] SDDP forward: scene 1 phase 41 elastic solve ok, obj=6817339.3036 alpha=5910653.5211 opex=906685.7825 [infeas_count=1]
[2026-03-28 13:24:43.133] [warning] [sddp_forward_pass.cpp:228] SDDP forward: iter 1 scene 1 phase 51 non-optimal (status 2), trying elastic solve
[2026-03-28 13:24:43.541] [info] [sddp_forward_pass.cpp:265] SDDP forward: scene 1 phase 51 elastic solve ok, obj=685686.9921 alpha=0.0000 opex=685686.9921 [infeas_count=2]
[2026-03-28 13:24:43.541] [info] [sddp_forward_pass.cpp:339] SDDP forward: scene 1 iter 1 done, total_opex=28760389.0721 [thread 3935]
[2026-03-28 13:24:43.541] [info] [sddp_method.cpp:1698] SDDP iter 1: gap=0.117248 gap_change=1.000000 (21.452s)
[2026-03-28 13:24:43.541] [info] [sddp_iteration.cpp:304] SDDP: simulation pass done in 21.452s — UB=28760389.0721 LB=25388282.9120 gap=0.117248 gap_change=1.000000 
[2026-03-28 13:24:46.228] [info]   WorkPool shutdown complete
[2026-03-28 13:24:46.228] [info]   WorkPool shutdown complete
[2026-03-28 13:24:46.326] [info]   Optimization time 121.393s
[2026-03-28 13:24:46.326] [warning] Solver did not find an optimal solution: SDDP did not converge after 1 iterations (gap=0.117248) (code=1)
[2026-03-28 13:24:46.326] [error]   Solver options used: algorithm=barrier, threads=2, presolve=true, optimal_eps=(default), feasible_eps=(default), barrier_eps=(default), log_level=0
[2026-03-28 13:24:46.326] [info] === Solution statistics ===
[2026-03-28 13:24:46.326] [info]   Status          : non-optimal
