[2026-03-28 12:50:41.814] [info] trace log file: gtopt_case_2y/results/logs/trace_27.log
[2026-03-28 12:50:41.815] [info]   Parsing input file gtopt_case_2y/gtopt_case_2y.json
[2026-03-28 12:50:41.816] [warning] deprecated option 'use_lp_names': use 'lp_build_options.names_level' instead
[2026-03-28 12:50:41.841] [info]   Parse all input files time 0.026s
[2026-03-28 12:50:41.841] [info] Output compression codec: zstd
[2026-03-28 12:50:41.843] [info] Planning validation passed
[2026-03-28 12:50:41.843] [info] === System statistics ===
[2026-03-28 12:50:41.843] [info]   System name     : gtopt_case_2y
[2026-03-28 12:50:41.843] [info]   System version  : 
[2026-03-28 12:50:41.843] [info] === System elements  ===
[2026-03-28 12:50:41.843] [info]   Buses           : 236
[2026-03-28 12:50:41.843] [info]   Generators      : 1715
[2026-03-28 12:50:41.843] [info]   Generator profs : 0
[2026-03-28 12:50:41.843] [info]   Demands         : 138
[2026-03-28 12:50:41.843] [info]   Demand profs    : 0
[2026-03-28 12:50:41.843] [info]   Lines           : 330
[2026-03-28 12:50:41.843] [info]   Batteries       : 25
[2026-03-28 12:50:41.843] [info]   Converters      : 0
[2026-03-28 12:50:41.843] [info]   Reserve zones   : 0
[2026-03-28 12:50:41.843] [info]   Reserve provisions   : 0
[2026-03-28 12:50:41.843] [info]   Junctions       : 100
[2026-03-28 12:50:41.843] [info]   Waterways       : 136
[2026-03-28 12:50:41.843] [info]   Flows           : 160
[2026-03-28 12:50:41.843] [info]   Reservoirs      : 10
[2026-03-28 12:50:41.843] [info]   ReservoirSeepages     : 3
[2026-03-28 12:50:41.843] [info]   Turbines        : 170
[2026-03-28 12:50:41.843] [info] === Simulation statistics ===
[2026-03-28 12:50:41.843] [info]   Blocks          : 510
[2026-03-28 12:50:41.843] [info]   Stages          : 51
[2026-03-28 12:50:41.843] [info]   Scenarios       : 1
[2026-03-28 12:50:41.843] [info] === Key options ===
[2026-03-28 12:50:41.843] [info]   use_kirchhoff   : false
[2026-03-28 12:50:41.843] [info]   use_single_bus  : false
[2026-03-28 12:50:41.843] [info]   scale_objective : 1000
[2026-03-28 12:50:41.843] [info]   demand_fail_cost: 1000
[2026-03-28 12:50:41.843] [info]   input_directory : gtopt_case_2y
[2026-03-28 12:50:41.843] [info]   output_directory: gtopt_case_2y/results
[2026-03-28 12:50:41.843] [info]   output_format   : parquet
[2026-03-28 12:50:41.843] [info] === Building LP model ===
[2026-03-28 12:50:41.844] [info] [planning_lp.cpp:44]   Building LP: 1 scene(s) × 51 phase(s)
[2026-03-28 12:50:41.844] [info]   SolverWorkPool initialized: 25 max threads, 98% CPU threshold
[2026-03-28 12:50:41.844] [info]   SolverWorkPool started
[2026-03-28 12:50:58.280] [info] [planning_lp.cpp:105]   Building LP done in 16.436s
[2026-03-28 12:50:58.281] [info]   WorkPool shutdown complete
[2026-03-28 12:50:58.281] [info]   Build lp time 16.438s
[2026-03-28 12:50:58.281] [info]   LP coefficient analysis: 51 LP(s), global |coeff| [6.667e-06, 6.420e+01], ratio=9.63e+06 (fair)
[2026-03-28 12:50:58.281] [info] === System optimization ===
[2026-03-28 12:50:58.281] [info] [sddp_method.cpp:1814] SDDPMethod: starting 1 scene(s) × 51 phase(s)
[2026-03-28 12:50:58.281] [info] ApertureDataCache: scanning 'gtopt_case_2y/apertures'
[2026-03-28 12:50:58.338] [info] ApertureDataCache: loaded 1618230 entries across 334 elements from gtopt_case_2y/apertures (0.06s, 20 threads)
[2026-03-28 12:50:58.338] [info] [sddp_method.cpp:1074] SDDP: initializing solver (no initial solve pass)
[2026-03-28 12:50:58.338] [info] [sddp_method.cpp:1086] SDDP: 1 scene(s), 51 phase(s)
[2026-03-28 12:50:58.338] [info] [sddp_method.cpp:1095] SDDP: adding alpha variables and collecting state links
[2026-03-28 12:50:58.603] [warning] [sddp_cut_io.cpp:922] Boundary cuts: state variable 'CANUTILLAR' not found in the current model; non-zero coefficient -100.6546958 (mode=skip_coeff)
[2026-03-28 12:50:58.603] [warning] [sddp_cut_io.cpp:922] Boundary cuts: state variable 'PILMAIQUEN' not found in the current model; non-zero coefficient -11.03538014 (mode=skip_coeff)
[2026-03-28 12:50:58.617] [info] [sddp_cut_io.cpp:995] SDDP: loaded 35 boundary cuts from gtopt_case_2y/boundary_cuts.csv (mode=separated, max_iters=0)
[2026-03-28 12:50:58.617] [info] [sddp_method.cpp:1173] SDDP: loaded 35 boundary cuts from gtopt_case_2y/boundary_cuts.csv
[2026-03-28 12:50:58.617] [info] [sddp_method.cpp:1254] SDDP: initialization complete (0.28s)
[2026-03-28 12:50:58.617] [info]   SDDPWorkPool initialized: 25 max threads, 98% CPU threshold
[2026-03-28 12:50:58.617] [info]   SDDPWorkPool started
[2026-03-28 12:50:58.618] [info]   SolverWorkPool initialized: 25 max threads, 98% CPU threshold
[2026-03-28 12:50:58.618] [info]   SolverWorkPool started
[2026-03-28 12:50:58.618] [info] [sddp_iteration.cpp:67] SDDP: work pools created (0.00s)
[2026-03-28 12:50:58.618] [info] [sddp_iteration.cpp:102] SDDP: === iteration 0 / 99 ===
[2026-03-28 12:51:20.019] [warning] [sddp_forward_pass.cpp:224] SDDP forward: iter 0 scene 1 phase 25 non-optimal (status 2), trying elastic solve
[2026-03-28 12:51:20.262] [warning] SDDP: saved infeasible LP to gtopt_case_2y/results/logs/error_scene_1_phase_25.lp
[2026-03-28 12:51:20.262] [warning] [sddp_method.cpp:1303] SDDP forward: scene 0 failed: SDDP forward pass failed at scene 0 phase 24 (status 2)
[2026-03-28 12:51:20.641] [info]   WorkPool shutdown complete
[2026-03-28 12:51:20.641] [info]   WorkPool shutdown complete
[2026-03-28 12:51:20.698] [info]   Optimization time 22.418s
[2026-03-28 12:51:20.698] [warning] Solver did not find an optimal solution: SDDP: all scenes infeasible in forward pass (code=1)
[2026-03-28 12:51:20.698] [error]   Solver options used: algorithm=barrier, threads=2, presolve=true, optimal_eps=(default), feasible_eps=(default), barrier_eps=(default), log_level=0
[2026-03-28 12:51:20.698] [info] === Solution statistics ===
[2026-03-28 12:51:20.698] [info]   Status          : non-optimal
