[2026-03-28 13:18:08.852] [info] trace log file: gtopt_case_2y/results/logs/trace_29.log
[2026-03-28 13:18:08.853] [info]   Parsing input file gtopt_case_2y/gtopt_case_2y.json
[2026-03-28 13:18:08.854] [warning] deprecated option 'use_lp_names': use 'lp_build_options.names_level' instead
[2026-03-28 13:18:08.879] [info]   Parse all input files time 0.026s
[2026-03-28 13:18:08.879] [info] Output compression codec: zstd
[2026-03-28 13:18:08.881] [info] Planning validation passed
[2026-03-28 13:18:08.881] [info] === System statistics ===
[2026-03-28 13:18:08.881] [info]   System name     : gtopt_case_2y
[2026-03-28 13:18:08.881] [info]   System version  : 
[2026-03-28 13:18:08.881] [info] === System elements  ===
[2026-03-28 13:18:08.881] [info]   Buses           : 236
[2026-03-28 13:18:08.881] [info]   Generators      : 1715
[2026-03-28 13:18:08.881] [info]   Generator profs : 0
[2026-03-28 13:18:08.881] [info]   Demands         : 138
[2026-03-28 13:18:08.881] [info]   Demand profs    : 0
[2026-03-28 13:18:08.881] [info]   Lines           : 330
[2026-03-28 13:18:08.881] [info]   Batteries       : 25
[2026-03-28 13:18:08.881] [info]   Converters      : 0
[2026-03-28 13:18:08.881] [info]   Reserve zones   : 0
[2026-03-28 13:18:08.881] [info]   Reserve provisions   : 0
[2026-03-28 13:18:08.881] [info]   Junctions       : 100
[2026-03-28 13:18:08.881] [info]   Waterways       : 136
[2026-03-28 13:18:08.881] [info]   Flows           : 160
[2026-03-28 13:18:08.881] [info]   Reservoirs      : 10
[2026-03-28 13:18:08.881] [info]   ReservoirSeepages     : 3
[2026-03-28 13:18:08.881] [info]   Turbines        : 170
[2026-03-28 13:18:08.881] [info] === Simulation statistics ===
[2026-03-28 13:18:08.881] [info]   Blocks          : 510
[2026-03-28 13:18:08.881] [info]   Stages          : 51
[2026-03-28 13:18:08.881] [info]   Scenarios       : 1
[2026-03-28 13:18:08.881] [info] === Key options ===
[2026-03-28 13:18:08.881] [info]   use_kirchhoff   : false
[2026-03-28 13:18:08.881] [info]   use_single_bus  : false
[2026-03-28 13:18:08.881] [info]   scale_objective : 1000
[2026-03-28 13:18:08.881] [info]   demand_fail_cost: 1000
[2026-03-28 13:18:08.881] [info]   input_directory : gtopt_case_2y
[2026-03-28 13:18:08.881] [info]   output_directory: gtopt_case_2y/results
[2026-03-28 13:18:08.881] [info]   output_format   : parquet
[2026-03-28 13:18:08.881] [info] === Building LP model ===
[2026-03-28 13:18:08.882] [info] [planning_lp.cpp:44]   Building LP: 1 scene(s) × 51 phase(s)
[2026-03-28 13:18:08.883] [info]   SolverWorkPool initialized: 25 max threads, 98% CPU threshold
[2026-03-28 13:18:08.883] [info]   SolverWorkPool started
[2026-03-28 13:18:23.450] [info] [planning_lp.cpp:105]   Building LP done in 14.567s
[2026-03-28 13:18:23.450] [info]   WorkPool shutdown complete
[2026-03-28 13:18:23.450] [info]   Build lp time 14.569s
[2026-03-28 13:18:23.450] [info]   LP coefficient analysis: 51 LP(s), global |coeff| [6.667e-06, 6.420e+01], ratio=9.63e+06 (fair)
[2026-03-28 13:18:23.450] [info] === System optimization ===
[2026-03-28 13:18:23.450] [info] [sddp_method.cpp:1823] SDDPMethod: starting 1 scene(s) × 51 phase(s)
[2026-03-28 13:18:23.450] [info] ApertureDataCache: scanning 'gtopt_case_2y/apertures'
[2026-03-28 13:18:23.505] [info] ApertureDataCache: loaded 1618230 entries across 334 elements from gtopt_case_2y/apertures (0.05s, 20 threads)
[2026-03-28 13:18:23.505] [info] [sddp_method.cpp:1074] SDDP: initializing solver (no initial solve pass)
[2026-03-28 13:18:23.505] [info] [sddp_method.cpp:1086] SDDP: 1 scene(s), 51 phase(s)
[2026-03-28 13:18:23.505] [info] [sddp_method.cpp:1095] SDDP: adding alpha variables and collecting state links
[2026-03-28 13:18:23.719] [warning] [sddp_cut_io.cpp:922] Boundary cuts: state variable 'CANUTILLAR' not found in the current model; non-zero coefficient -100.6546958 (mode=skip_coeff)
[2026-03-28 13:18:23.719] [warning] [sddp_cut_io.cpp:922] Boundary cuts: state variable 'PILMAIQUEN' not found in the current model; non-zero coefficient -11.03538014 (mode=skip_coeff)
[2026-03-28 13:18:23.729] [info] [sddp_cut_io.cpp:995] SDDP: loaded 35 boundary cuts from gtopt_case_2y/boundary_cuts.csv (mode=separated, max_iters=0)
[2026-03-28 13:18:23.730] [info] [sddp_method.cpp:1173] SDDP: loaded 35 boundary cuts from gtopt_case_2y/boundary_cuts.csv
[2026-03-28 13:18:23.730] [info] [sddp_method.cpp:1254] SDDP: initialization complete (0.22s)
[2026-03-28 13:18:23.730] [info]   SDDPWorkPool initialized: 25 max threads, 98% CPU threshold
[2026-03-28 13:18:23.730] [info]   SDDPWorkPool started
[2026-03-28 13:18:23.730] [info] [sddp_pool.hpp:160] SDDP work pool started: max_threads=25 cpu_threshold=98% (hw_concurrency=20)
[2026-03-28 13:18:23.730] [info]   SolverWorkPool initialized: 25 max threads, 98% CPU threshold
[2026-03-28 13:18:23.730] [info]   SolverWorkPool started
[2026-03-28 13:18:23.730] [info] [sddp_iteration.cpp:67] SDDP: work pools created (0.00s)
[2026-03-28 13:18:23.730] [info] [sddp_iteration.cpp:102] SDDP: === iteration 0 / 1 ===
[2026-03-28 13:18:23.730] [info] [sddp_method.cpp:1280] SDDP forward: dispatching 1 scene(s) to work pool
[2026-03-28 13:18:23.750] [info] [sddp_forward_pass.cpp:80] SDDP forward: scene 1 iter 0 starting (51 phases) [thread 6814]
[2026-03-28 13:18:57.786] [warning] [sddp_forward_pass.cpp:228] SDDP forward: iter 0 scene 1 phase 37 non-optimal (status 2), trying elastic solve
[2026-03-28 13:18:58.127] [info] [sddp_forward_pass.cpp:265] SDDP forward: scene 1 phase 37 elastic solve ok, obj=702010.8160 alpha=0.0000 opex=702010.8160 [infeas_count=1]
[2026-03-28 13:18:59.114] [warning] [sddp_forward_pass.cpp:228] SDDP forward: iter 0 scene 1 phase 38 non-optimal (status 2), trying elastic solve
[2026-03-28 13:18:59.492] [info] [sddp_forward_pass.cpp:265] SDDP forward: scene 1 phase 38 elastic solve ok, obj=647094.3312 alpha=0.0000 opex=647094.3312 [infeas_count=1]
[2026-03-28 13:19:11.946] [warning] [sddp_forward_pass.cpp:228] SDDP forward: iter 0 scene 1 phase 51 non-optimal (status 2), trying elastic solve
[2026-03-28 13:19:12.571] [info] [sddp_forward_pass.cpp:265] SDDP forward: scene 1 phase 51 elastic solve ok, obj=687118.2563 alpha=0.0000 opex=687118.2563 [infeas_count=1]
[2026-03-28 13:19:12.571] [info] [sddp_forward_pass.cpp:339] SDDP forward: scene 1 iter 0 done, total_opex=28331034.4126 [thread 6814]
[2026-03-28 13:19:12.571] [info] [sddp_method.cpp:1373] SDDP backward: dispatching 1 scene(s) to work pool (cut_sharing=none, apertures=enabled)
[2026-03-28 13:19:12.589] [info] [sddp_aperture_pass.cpp:373] SDDP backward (apertures): scene 1 iter 0 starting (50 phases) [thread 6814]
[2026-03-28 13:19:12.589] [info] [sddp_aperture.cpp:167] SDDP aperture: scene 1 phase 51 — starting 16 aperture(s) [thread 6814]
[2026-03-28 13:19:13.414] [info] SDDP aperture: scene 1 phase 51 aperture uid 3 infeasible (status 2), skipping
[2026-03-28 13:19:13.495] [info] SDDP aperture: scene 1 phase 51 aperture uid 4 infeasible (status 2), skipping
[2026-03-28 13:19:13.542] [info] SDDP aperture: scene 1 phase 51 aperture uid 5 infeasible (status 2), skipping
[2026-03-28 13:19:13.542] [info] SDDP aperture: scene 1 phase 51 aperture uid 6 infeasible (status 2), skipping
[2026-03-28 13:19:13.542] [info] SDDP aperture: scene 1 phase 51 aperture uid 7 infeasible (status 2), skipping
[2026-03-28 13:19:13.805] [info] SDDP aperture: scene 1 phase 51 aperture uid 8 infeasible (status 2), skipping
[2026-03-28 13:19:13.805] [info] SDDP aperture: scene 1 phase 51 aperture uid 9 infeasible (status 2), skipping
[2026-03-28 13:19:13.805] [info] SDDP aperture: scene 1 phase 51 aperture uid 10 infeasible (status 2), skipping
[2026-03-28 13:19:13.824] [info] SDDP aperture: scene 1 phase 51 aperture uid 11 infeasible (status 2), skipping
[2026-03-28 13:19:13.824] [info] SDDP aperture: scene 1 phase 51 aperture uid 12 infeasible (status 2), skipping
[2026-03-28 13:19:13.824] [info] SDDP aperture: scene 1 phase 51 aperture uid 13 infeasible (status 2), skipping
[2026-03-28 13:19:13.854] [info] SDDP aperture: scene 1 phase 51 aperture uid 14 infeasible (status 2), skipping
[2026-03-28 13:19:13.983] [info] SDDP aperture: scene 1 phase 51 aperture uid 15 infeasible (status 2), skipping
[2026-03-28 13:19:13.983] [info] SDDP aperture: scene 1 phase 51 aperture uid 16 infeasible (status 2), skipping
[2026-03-28 13:19:13.983] [info] SDDP aperture: scene 1 phase 51 aperture uid 17 infeasible (status 2), skipping
[2026-03-28 13:19:13.983] [info] SDDP aperture: scene 1 phase 51 aperture uid 18 infeasible (status 2), skipping
[2026-03-28 13:19:13.983] [info] SDDP aperture: scene 1 phase 51 — 0/16 feasible, 16 infeasible, 0 skipped (1.394s) [thread 6814]
[2026-03-28 13:19:13.998] [info] [sddp_aperture.cpp:167] SDDP aperture: scene 1 phase 50 — starting 16 aperture(s) [thread 6814]
[2026-03-28 13:19:14.533] [info] SDDP aperture: scene 1 phase 50 — 16/16 feasible, 0 infeasible, 0 skipped (0.535s) [thread 6814]
[2026-03-28 13:19:14.641] [info] [sddp_aperture.cpp:167] SDDP aperture: scene 1 phase 49 — starting 16 aperture(s) [thread 6814]
[2026-03-28 13:19:15.087] [info] SDDP aperture: scene 1 phase 49 — 16/16 feasible, 0 infeasible, 0 skipped (0.447s) [thread 6814]
[2026-03-28 13:19:15.167] [info] [sddp_aperture.cpp:167] SDDP aperture: scene 1 phase 48 — starting 16 aperture(s) [thread 6814]
[2026-03-28 13:19:15.705] [info] SDDP aperture: scene 1 phase 48 — 16/16 feasible, 0 infeasible, 0 skipped (0.538s) [thread 6814]
[2026-03-28 13:19:15.783] [info] [sddp_aperture.cpp:167] SDDP aperture: scene 1 phase 47 — starting 16 aperture(s) [thread 6814]
[2026-03-28 13:19:16.688] [info] SDDP aperture: scene 1 phase 47 — 16/16 feasible, 0 infeasible, 0 skipped (0.905s) [thread 6814]
[2026-03-28 13:19:16.763] [info] [sddp_aperture.cpp:167] SDDP aperture: scene 1 phase 46 — starting 16 aperture(s) [thread 6814]
[2026-03-28 13:19:17.744] [info] SDDP aperture: scene 1 phase 46 — 16/16 feasible, 0 infeasible, 0 skipped (0.980s) [thread 6814]
[2026-03-28 13:19:17.930] [info] [sddp_aperture.cpp:167] SDDP aperture: scene 1 phase 45 — starting 16 aperture(s) [thread 6814]
[2026-03-28 13:19:18.792] [info] SDDP aperture: scene 1 phase 45 — 16/16 feasible, 0 infeasible, 0 skipped (0.863s) [thread 6814]
[2026-03-28 13:19:18.923] [info] [sddp_aperture.cpp:167] SDDP aperture: scene 1 phase 44 — starting 16 aperture(s) [thread 6814]
[2026-03-28 13:19:19.676] [info] SDDP aperture: scene 1 phase 44 — 16/16 feasible, 0 infeasible, 0 skipped (0.752s) [thread 6814]
[2026-03-28 13:19:20.013] [info] [sddp_aperture.cpp:167] SDDP aperture: scene 1 phase 43 — starting 16 aperture(s) [thread 6814]
[2026-03-28 13:19:20.905] [info] SDDP aperture: scene 1 phase 43 — 16/16 feasible, 0 infeasible, 0 skipped (0.892s) [thread 6814]
[2026-03-28 13:19:21.137] [info] [sddp_aperture.cpp:167] SDDP aperture: scene 1 phase 42 — starting 16 aperture(s) [thread 6814]
[2026-03-28 13:19:22.144] [info] SDDP aperture: scene 1 phase 42 — 16/16 feasible, 0 infeasible, 0 skipped (1.007s) [thread 6814]
[2026-03-28 13:19:22.175] [info] [sddp_aperture.cpp:167] SDDP aperture: scene 1 phase 41 — starting 16 aperture(s) [thread 6814]
[2026-03-28 13:19:22.963] [info] SDDP aperture: scene 1 phase 41 — 16/16 feasible, 0 infeasible, 0 skipped (0.788s) [thread 6814]
[2026-03-28 13:19:23.099] [info] [sddp_aperture.cpp:167] SDDP aperture: scene 1 phase 40 — starting 16 aperture(s) [thread 6814]
[2026-03-28 13:19:23.944] [info] SDDP aperture: scene 1 phase 40 — 16/16 feasible, 0 infeasible, 0 skipped (0.845s) [thread 6814]
[2026-03-28 13:19:24.118] [info] [sddp_aperture.cpp:167] SDDP aperture: scene 1 phase 39 — starting 16 aperture(s) [thread 6814]
[2026-03-28 13:19:24.561] [info] SDDP aperture: scene 1 phase 39 — 16/16 feasible, 0 infeasible, 0 skipped (0.442s) [thread 6814]
[2026-03-28 13:19:24.860] [warning] [sddp_aperture_pass.cpp:506] SDDP backward: iter 0 scene 1 phase 38 non-optimal after expected cut (status 2), skipping further backpropagation
[2026-03-28 13:19:24.860] [info] [sddp_aperture.cpp:167] SDDP aperture: scene 1 phase 38 — starting 16 aperture(s) [thread 6814]
[2026-03-28 13:19:25.674] [info] SDDP aperture: scene 1 phase 38 aperture uid 16 infeasible (status 2), skipping
[2026-03-28 13:19:25.718] [info] SDDP aperture: scene 1 phase 38 — 15/16 feasible, 1 infeasible, 0 skipped (0.858s) [thread 6814]
[2026-03-28 13:19:25.977] [warning] [sddp_aperture_pass.cpp:506] SDDP backward: iter 0 scene 1 phase 37 non-optimal after expected cut (status 2), skipping further backpropagation
[2026-03-28 13:19:25.977] [info] [sddp_aperture.cpp:167] SDDP aperture: scene 1 phase 37 — starting 16 aperture(s) [thread 6814]
[2026-03-28 13:19:26.632] [info] SDDP aperture: scene 1 phase 37 — 16/16 feasible, 0 infeasible, 0 skipped (0.655s) [thread 6814]
[2026-03-28 13:19:26.787] [info] [sddp_aperture.cpp:167] SDDP aperture: scene 1 phase 36 — starting 16 aperture(s) [thread 6814]
[2026-03-28 13:19:27.342] [info] SDDP aperture: scene 1 phase 36 — 16/16 feasible, 0 infeasible, 0 skipped (0.555s) [thread 6814]
[2026-03-28 13:19:27.529] [info] [sddp_aperture.cpp:167] SDDP aperture: scene 1 phase 35 — starting 16 aperture(s) [thread 6814]
[2026-03-28 13:19:28.120] [info] SDDP aperture: scene 1 phase 35 — 16/16 feasible, 0 infeasible, 0 skipped (0.591s) [thread 6814]
[2026-03-28 13:19:28.482] [info] [sddp_aperture.cpp:167] SDDP aperture: scene 1 phase 34 — starting 16 aperture(s) [thread 6814]
[2026-03-28 13:19:29.292] [info] SDDP aperture: scene 1 phase 34 — 16/16 feasible, 0 infeasible, 0 skipped (0.810s) [thread 6814]
[2026-03-28 13:19:29.599] [info] [sddp_aperture.cpp:167] SDDP aperture: scene 1 phase 33 — starting 16 aperture(s) [thread 6814]
[2026-03-28 13:19:30.359] [info] SDDP aperture: scene 1 phase 33 — 16/16 feasible, 0 infeasible, 0 skipped (0.759s) [thread 6814]
[2026-03-28 13:19:30.882] [info] [sddp_aperture.cpp:167] SDDP aperture: scene 1 phase 32 — starting 16 aperture(s) [thread 6814]
[2026-03-28 13:19:31.759] [info] SDDP aperture: scene 1 phase 32 — 16/16 feasible, 0 infeasible, 0 skipped (0.877s) [thread 6814]
[2026-03-28 13:19:31.969] [info] [sddp_aperture.cpp:167] SDDP aperture: scene 1 phase 31 — starting 16 aperture(s) [thread 6814]
[2026-03-28 13:19:32.567] [info] SDDP aperture: scene 1 phase 31 — 16/16 feasible, 0 infeasible, 0 skipped (0.598s) [thread 6814]
[2026-03-28 13:19:33.009] [info] [sddp_aperture.cpp:167] SDDP aperture: scene 1 phase 30 — starting 16 aperture(s) [thread 6814]
[2026-03-28 13:19:34.053] [info] SDDP aperture: scene 1 phase 30 — 16/16 feasible, 0 infeasible, 0 skipped (1.043s) [thread 6814]
[2026-03-28 13:19:34.477] [info] [sddp_aperture.cpp:167] SDDP aperture: scene 1 phase 29 — starting 16 aperture(s) [thread 6814]
[2026-03-28 13:19:35.199] [info] SDDP aperture: scene 1 phase 29 — 16/16 feasible, 0 infeasible, 0 skipped (0.722s) [thread 6814]
[2026-03-28 13:19:35.479] [info] [sddp_aperture.cpp:167] SDDP aperture: scene 1 phase 28 — starting 16 aperture(s) [thread 6814]
[2026-03-28 13:19:36.075] [info] SDDP aperture: scene 1 phase 28 — 16/16 feasible, 0 infeasible, 0 skipped (0.595s) [thread 6814]
[2026-03-28 13:19:36.407] [info] [sddp_aperture.cpp:167] SDDP aperture: scene 1 phase 27 — starting 16 aperture(s) [thread 6814]
[2026-03-28 13:19:36.894] [info] SDDP aperture: scene 1 phase 27 aperture uid 15 infeasible (status 2), skipping
[2026-03-28 13:19:36.894] [info] SDDP aperture: scene 1 phase 27 — 15/16 feasible, 1 infeasible, 0 skipped (0.487s) [thread 6814]
[2026-03-28 13:19:37.129] [info] [sddp_aperture.cpp:167] SDDP aperture: scene 1 phase 26 — starting 16 aperture(s) [thread 6814]
[2026-03-28 13:19:37.623] [info] SDDP aperture: scene 1 phase 26 — 16/16 feasible, 0 infeasible, 0 skipped (0.494s) [thread 6814]
[2026-03-28 13:19:38.020] [info] [sddp_aperture.cpp:167] SDDP aperture: scene 1 phase 25 — starting 16 aperture(s) [thread 6814]
[2026-03-28 13:19:38.537] [info] SDDP aperture: scene 1 phase 25 — 16/16 feasible, 0 infeasible, 0 skipped (0.516s) [thread 6814]
[2026-03-28 13:19:38.809] [info] [sddp_aperture.cpp:167] SDDP aperture: scene 1 phase 24 — starting 16 aperture(s) [thread 6814]
[2026-03-28 13:19:39.495] [info] SDDP aperture: scene 1 phase 24 — 16/16 feasible, 0 infeasible, 0 skipped (0.686s) [thread 6814]
[2026-03-28 13:19:39.948] [info] [sddp_aperture.cpp:167] SDDP aperture: scene 1 phase 23 — starting 16 aperture(s) [thread 6814]
[2026-03-28 13:19:40.644] [info] SDDP aperture: scene 1 phase 23 — 16/16 feasible, 0 infeasible, 0 skipped (0.696s) [thread 6814]
[2026-03-28 13:19:41.064] [info] [sddp_aperture.cpp:167] SDDP aperture: scene 1 phase 22 — starting 16 aperture(s) [thread 6814]
[2026-03-28 13:19:42.049] [info] SDDP aperture: scene 1 phase 22 — 16/16 feasible, 0 infeasible, 0 skipped (0.985s) [thread 6814]
[2026-03-28 13:19:42.467] [info] [sddp_aperture.cpp:167] SDDP aperture: scene 1 phase 21 — starting 16 aperture(s) [thread 6814]
[2026-03-28 13:19:43.198] [info] SDDP aperture: scene 1 phase 21 — 16/16 feasible, 0 infeasible, 0 skipped (0.731s) [thread 6814]
[2026-03-28 13:19:43.427] [info] [sddp_aperture.cpp:167] SDDP aperture: scene 1 phase 20 — starting 16 aperture(s) [thread 6814]
[2026-03-28 13:19:44.214] [info] SDDP aperture: scene 1 phase 20 — 16/16 feasible, 0 infeasible, 0 skipped (0.788s) [thread 6814]
[2026-03-28 13:19:44.499] [info] [sddp_aperture.cpp:167] SDDP aperture: scene 1 phase 19 — starting 16 aperture(s) [thread 6814]
[2026-03-28 13:19:45.423] [info] SDDP aperture: scene 1 phase 19 — 16/16 feasible, 0 infeasible, 0 skipped (0.924s) [thread 6814]
[2026-03-28 13:19:45.792] [info] [sddp_aperture.cpp:167] SDDP aperture: scene 1 phase 18 — starting 16 aperture(s) [thread 6814]
[2026-03-28 13:19:46.664] [info] SDDP aperture: scene 1 phase 18 — 16/16 feasible, 0 infeasible, 0 skipped (0.872s) [thread 6814]
[2026-03-28 13:19:47.168] [info] [sddp_aperture.cpp:167] SDDP aperture: scene 1 phase 17 — starting 16 aperture(s) [thread 6814]
[2026-03-28 13:19:48.185] [info] SDDP aperture: scene 1 phase 17 — 16/16 feasible, 0 infeasible, 0 skipped (1.017s) [thread 6814]
[2026-03-28 13:19:48.684] [info] [sddp_aperture.cpp:167] SDDP aperture: scene 1 phase 16 — starting 16 aperture(s) [thread 6814]
[2026-03-28 13:19:49.301] [info] SDDP aperture: scene 1 phase 16 — 16/16 feasible, 0 infeasible, 0 skipped (0.617s) [thread 6814]
[2026-03-28 13:19:49.575] [info] [sddp_aperture.cpp:167] SDDP aperture: scene 1 phase 15 — starting 16 aperture(s) [thread 6814]
[2026-03-28 13:19:50.158] [info] SDDP aperture: scene 1 phase 15 — 16/16 feasible, 0 infeasible, 0 skipped (0.583s) [thread 6814]
[2026-03-28 13:19:50.497] [info] [sddp_aperture.cpp:167] SDDP aperture: scene 1 phase 14 — starting 16 aperture(s) [thread 6814]
[2026-03-28 13:19:51.139] [info] SDDP aperture: scene 1 phase 14 — 16/16 feasible, 0 infeasible, 0 skipped (0.642s) [thread 6814]
[2026-03-28 13:19:51.525] [info] [sddp_aperture.cpp:167] SDDP aperture: scene 1 phase 13 — starting 16 aperture(s) [thread 6814]
[2026-03-28 13:19:52.112] [info] SDDP aperture: scene 1 phase 13 — 16/16 feasible, 0 infeasible, 0 skipped (0.588s) [thread 6814]
[2026-03-28 13:19:52.611] [info] [sddp_aperture.cpp:167] SDDP aperture: scene 1 phase 12 — starting 16 aperture(s) [thread 6814]
[2026-03-28 13:19:53.202] [info] SDDP aperture: scene 1 phase 12 — 16/16 feasible, 0 infeasible, 0 skipped (0.591s) [thread 6814]
[2026-03-28 13:19:53.451] [info] [sddp_aperture.cpp:167] SDDP aperture: scene 1 phase 11 — starting 16 aperture(s) [thread 6814]
[2026-03-28 13:19:54.163] [info] SDDP aperture: scene 1 phase 11 — 16/16 feasible, 0 infeasible, 0 skipped (0.712s) [thread 6814]
[2026-03-28 13:19:54.391] [info] [sddp_aperture.cpp:167] SDDP aperture: scene 1 phase 10 — starting 16 aperture(s) [thread 6814]
[2026-03-28 13:19:55.029] [info] SDDP aperture: scene 1 phase 10 — 16/16 feasible, 0 infeasible, 0 skipped (0.637s) [thread 6814]
[2026-03-28 13:19:55.481] [info] [sddp_aperture.cpp:167] SDDP aperture: scene 1 phase 9 — starting 16 aperture(s) [thread 6814]
[2026-03-28 13:19:56.142] [info] SDDP aperture: scene 1 phase 9 — 16/16 feasible, 0 infeasible, 0 skipped (0.661s) [thread 6814]
[2026-03-28 13:19:56.693] [info] [sddp_aperture.cpp:167] SDDP aperture: scene 1 phase 8 — starting 16 aperture(s) [thread 6814]
