[2026-03-28 14:22:06.285] [info] trace log file: gtopt_case_2y/results/logs/trace_49.log
[2026-03-28 14:22:06.286] [info]   Parsing input file gtopt_case_2y/gtopt_case_2y.json
[2026-03-28 14:22:06.287] [warning] deprecated option 'use_lp_names': use 'lp_build_options.names_level' instead
[2026-03-28 14:22:06.330] [info]   Parse all input files time 0.045s
[2026-03-28 14:22:06.330] [info] Output compression codec: zstd
[2026-03-28 14:22:06.333] [info] Planning validation passed
[2026-03-28 14:22:06.333] [info] === System statistics ===
[2026-03-28 14:22:06.333] [info]   System name     : gtopt_case_2y
[2026-03-28 14:22:06.333] [info]   System version  : 
[2026-03-28 14:22:06.333] [info] === System elements  ===
[2026-03-28 14:22:06.333] [info]   Buses           : 236
[2026-03-28 14:22:06.333] [info]   Generators      : 1715
[2026-03-28 14:22:06.333] [info]   Generator profs : 0
[2026-03-28 14:22:06.333] [info]   Demands         : 138
[2026-03-28 14:22:06.333] [info]   Demand profs    : 0
[2026-03-28 14:22:06.333] [info]   Lines           : 330
[2026-03-28 14:22:06.333] [info]   Batteries       : 25
[2026-03-28 14:22:06.333] [info]   Converters      : 0
[2026-03-28 14:22:06.333] [info]   Reserve zones   : 0
[2026-03-28 14:22:06.333] [info]   Reserve provisions   : 0
[2026-03-28 14:22:06.333] [info]   Junctions       : 100
[2026-03-28 14:22:06.333] [info]   Waterways       : 136
[2026-03-28 14:22:06.333] [info]   Flows           : 160
[2026-03-28 14:22:06.333] [info]   Reservoirs      : 10
[2026-03-28 14:22:06.333] [info]   ReservoirSeepages     : 3
[2026-03-28 14:22:06.333] [info]   Turbines        : 170
[2026-03-28 14:22:06.333] [info] === Simulation statistics ===
[2026-03-28 14:22:06.333] [info]   Blocks          : 510
[2026-03-28 14:22:06.333] [info]   Stages          : 51
[2026-03-28 14:22:06.333] [info]   Scenarios       : 1
[2026-03-28 14:22:06.333] [info] === Key options ===
[2026-03-28 14:22:06.333] [info]   use_kirchhoff   : false
[2026-03-28 14:22:06.333] [info]   use_single_bus  : false
[2026-03-28 14:22:06.333] [info]   scale_objective : 1000
[2026-03-28 14:22:06.333] [info]   demand_fail_cost: 1000
[2026-03-28 14:22:06.333] [info]   input_directory : gtopt_case_2y
[2026-03-28 14:22:06.333] [info]   output_directory: gtopt_case_2y/results
[2026-03-28 14:22:06.333] [info]   output_format   : parquet
[2026-03-28 14:22:06.333] [info] === Building LP model ===
[2026-03-28 14:22:06.335] [info] [planning_lp.cpp:44]   Building LP: 1 scene(s) × 51 phase(s)
[2026-03-28 14:22:06.335] [info]   SolverWorkPool initialized: 25 max threads, 98% CPU threshold
[2026-03-28 14:22:06.336] [info]   SolverWorkPool started
[2026-03-28 14:22:26.300] [info] [planning_lp.cpp:105]   Building LP done in 19.964s
[2026-03-28 14:22:26.300] [info]   WorkPool shutdown complete
[2026-03-28 14:22:26.300] [info]   Build lp time 19.967s
[2026-03-28 14:22:26.300] [info]   LP coefficient analysis: 51 LP(s), global |coeff| [6.667e-06, 6.420e+01], ratio=9.63e+06 (fair)
[2026-03-28 14:22:26.300] [info] === System optimization ===
[2026-03-28 14:22:26.300] [info] [sddp_method.cpp:1823] SDDPMethod: starting 1 scene(s) × 51 phase(s)
[2026-03-28 14:22:26.300] [info] ApertureDataCache: scanning 'gtopt_case_2y/apertures'
[2026-03-28 14:22:26.376] [info] ApertureDataCache: loaded 1618230 entries across 334 elements from gtopt_case_2y/apertures (0.08s, 20 threads)
[2026-03-28 14:22:26.376] [info] [sddp_method.cpp:1074] SDDP: initializing solver (no initial solve pass)
[2026-03-28 14:22:26.376] [info] [sddp_method.cpp:1086] SDDP: 1 scene(s), 51 phase(s)
[2026-03-28 14:22:26.376] [info] [sddp_method.cpp:1095] SDDP: adding alpha variables and collecting state links
[2026-03-28 14:22:26.589] [warning] [sddp_cut_io.cpp:922] Boundary cuts: state variable 'CANUTILLAR' not found in the current model; non-zero coefficient -100.6546958 (mode=skip_coeff)
[2026-03-28 14:22:26.589] [warning] [sddp_cut_io.cpp:922] Boundary cuts: state variable 'PILMAIQUEN' not found in the current model; non-zero coefficient -11.03538014 (mode=skip_coeff)
[2026-03-28 14:22:26.591] [info] [sddp_cut_io.cpp:995] SDDP: loaded 35 boundary cuts from gtopt_case_2y/boundary_cuts.csv (mode=separated, max_iters=0)
[2026-03-28 14:22:26.591] [info] [sddp_method.cpp:1173] SDDP: loaded 35 boundary cuts from gtopt_case_2y/boundary_cuts.csv
[2026-03-28 14:22:26.591] [info] [sddp_method.cpp:1254] SDDP: initialization complete (0.21s)
[2026-03-28 14:22:26.591] [info]   SDDPWorkPool initialized: 25 max threads, 98% CPU threshold
[2026-03-28 14:22:26.591] [info]   SDDPWorkPool started
[2026-03-28 14:22:26.591] [info] [sddp_pool.hpp:160] SDDP work pool started: max_threads=25 cpu_threshold=98% (hw_concurrency=20)
[2026-03-28 14:22:26.591] [info]   SolverWorkPool initialized: 25 max threads, 98% CPU threshold
[2026-03-28 14:22:26.591] [info]   SolverWorkPool started
[2026-03-28 14:22:26.591] [info] [sddp_iteration.cpp:67] SDDP: work pools created (0.00s)
[2026-03-28 14:22:26.591] [info] [sddp_iteration.cpp:102] SDDP: === iteration 0 / 0 ===
[2026-03-28 14:22:26.591] [info] [sddp_method.cpp:1280] SDDP forward: dispatching 1 scene(s) to work pool
[2026-03-28 14:22:26.611] [info] [sddp_forward_pass.cpp:80] SDDP forward: scene 1 iter 0 starting (51 phases) [thread 3319]
[2026-03-28 14:22:37.143] [warning] [sddp_forward_pass.cpp:228] SDDP forward: iter 0 scene 1 phase 37 non-optimal (status 2), trying elastic solve
[2026-03-28 14:22:37.937] [info] [sddp_forward_pass.cpp:265] SDDP forward: scene 1 phase 37 elastic solve ok, obj=702010.9206 alpha=0.0000 opex=702010.9206 [infeas_count=1]
[2026-03-28 14:22:38.285] [warning] [sddp_forward_pass.cpp:228] SDDP forward: iter 0 scene 1 phase 38 non-optimal (status 2), trying elastic solve
[2026-03-28 14:22:39.074] [info] [sddp_forward_pass.cpp:265] SDDP forward: scene 1 phase 38 elastic solve ok, obj=647094.3981 alpha=0.0000 opex=647094.3981 [infeas_count=1]
[2026-03-28 14:22:42.425] [warning] [sddp_forward_pass.cpp:228] SDDP forward: iter 0 scene 1 phase 51 non-optimal (status 2), trying elastic solve
[2026-03-28 14:22:43.504] [info] [sddp_forward_pass.cpp:265] SDDP forward: scene 1 phase 51 elastic solve ok, obj=687241.0995 alpha=0.0000 opex=687241.0995 [infeas_count=1]
[2026-03-28 14:22:43.506] [info] [sddp_forward_pass.cpp:339] SDDP forward: scene 1 iter 0 done, total_opex=28337586.5304 [thread 3319]
[2026-03-28 14:22:43.506] [info] [sddp_method.cpp:1373] SDDP backward: dispatching 1 scene(s) to work pool (cut_sharing=none, apertures=enabled)
[2026-03-28 14:22:43.520] [info] [sddp_aperture_pass.cpp:373] SDDP backward (apertures): scene 1 iter 0 starting (50 phases) [thread 3319]
[2026-03-28 14:22:43.520] [info] [sddp_aperture.cpp:167] SDDP aperture: scene 1 phase 51 — starting 16 aperture(s) [thread 3319]
[2026-03-28 14:22:44.706] [info] SDDP aperture: scene 1 phase 51 aperture uid 3 infeasible (status 2), skipping
[2026-03-28 14:22:44.706] [info] SDDP aperture: scene 1 phase 51 aperture uid 4 infeasible (status 2), skipping
[2026-03-28 14:22:44.706] [info] SDDP aperture: scene 1 phase 51 aperture uid 5 infeasible (status 2), skipping
[2026-03-28 14:22:44.706] [info] SDDP aperture: scene 1 phase 51 aperture uid 6 infeasible (status 2), skipping
[2026-03-28 14:22:44.706] [info] SDDP aperture: scene 1 phase 51 aperture uid 7 infeasible (status 2), skipping
[2026-03-28 14:22:44.799] [info] SDDP aperture: scene 1 phase 51 aperture uid 8 infeasible (status 2), skipping
[2026-03-28 14:22:44.868] [info] SDDP aperture: scene 1 phase 51 aperture uid 9 infeasible (status 2), skipping
[2026-03-28 14:22:44.868] [info] SDDP aperture: scene 1 phase 51 aperture uid 10 infeasible (status 2), skipping
[2026-03-28 14:22:44.868] [info] SDDP aperture: scene 1 phase 51 aperture uid 11 infeasible (status 2), skipping
[2026-03-28 14:22:44.868] [info] SDDP aperture: scene 1 phase 51 aperture uid 12 infeasible (status 2), skipping
[2026-03-28 14:22:44.868] [info] SDDP aperture: scene 1 phase 51 aperture uid 13 infeasible (status 2), skipping
[2026-03-28 14:22:44.868] [info] SDDP aperture: scene 1 phase 51 aperture uid 14 infeasible (status 2), skipping
[2026-03-28 14:22:44.868] [info] SDDP aperture: scene 1 phase 51 aperture uid 15 infeasible (status 2), skipping
[2026-03-28 14:22:44.868] [info] SDDP aperture: scene 1 phase 51 aperture uid 16 infeasible (status 2), skipping
[2026-03-28 14:22:44.914] [info] SDDP aperture: scene 1 phase 51 aperture uid 17 infeasible (status 2), skipping
[2026-03-28 14:22:44.936] [info] SDDP aperture: scene 1 phase 51 aperture uid 18 infeasible (status 2), skipping
[2026-03-28 14:22:44.936] [info] SDDP aperture: scene 1 phase 51 — 0/16 feasible, 16 infeasible, 0 skipped (1.416s) [thread 3319]
[2026-03-28 14:22:44.944] [info] [sddp_aperture.cpp:167] SDDP aperture: scene 1 phase 50 — starting 16 aperture(s) [thread 3319]
[2026-03-28 14:22:46.430] [info] SDDP aperture: scene 1 phase 50 — 16/16 feasible, 0 infeasible, 0 skipped (1.486s) [thread 3319]
[2026-03-28 14:22:46.528] [info] [sddp_aperture.cpp:167] SDDP aperture: scene 1 phase 49 — starting 16 aperture(s) [thread 3319]
[2026-03-28 14:22:47.982] [info] SDDP aperture: scene 1 phase 49 — 16/16 feasible, 0 infeasible, 0 skipped (1.454s) [thread 3319]
[2026-03-28 14:22:48.222] [info] [sddp_aperture.cpp:167] SDDP aperture: scene 1 phase 48 — starting 16 aperture(s) [thread 3319]
[2026-03-28 14:22:49.773] [info] SDDP aperture: scene 1 phase 48 — 16/16 feasible, 0 infeasible, 0 skipped (1.551s) [thread 3319]
[2026-03-28 14:22:49.850] [info] [sddp_aperture.cpp:167] SDDP aperture: scene 1 phase 47 — starting 16 aperture(s) [thread 3319]
[2026-03-28 14:22:51.691] [info] SDDP aperture: scene 1 phase 47 — 16/16 feasible, 0 infeasible, 0 skipped (1.842s) [thread 3319]
[2026-03-28 14:22:51.866] [info] [sddp_aperture.cpp:167] SDDP aperture: scene 1 phase 46 — starting 16 aperture(s) [thread 3319]
[2026-03-28 14:22:53.902] [info] SDDP aperture: scene 1 phase 46 — 16/16 feasible, 0 infeasible, 0 skipped (2.037s) [thread 3319]
[2026-03-28 14:22:54.094] [info] [sddp_aperture.cpp:167] SDDP aperture: scene 1 phase 45 — starting 16 aperture(s) [thread 3319]
[2026-03-28 14:22:56.129] [info] SDDP aperture: scene 1 phase 45 — 16/16 feasible, 0 infeasible, 0 skipped (2.035s) [thread 3319]
[2026-03-28 14:22:56.295] [info] [sddp_aperture.cpp:167] SDDP aperture: scene 1 phase 44 — starting 16 aperture(s) [thread 3319]
[2026-03-28 14:22:59.290] [info] SDDP aperture: scene 1 phase 44 — 16/16 feasible, 0 infeasible, 0 skipped (2.995s) [thread 3319]
[2026-03-28 14:23:00.160] [info] [sddp_aperture.cpp:167] SDDP aperture: scene 1 phase 43 — starting 16 aperture(s) [thread 3319]
[2026-03-28 14:23:02.733] [info] SDDP aperture: scene 1 phase 43 — 16/16 feasible, 0 infeasible, 0 skipped (2.572s) [thread 3319]
[2026-03-28 14:23:03.168] [info] [sddp_aperture.cpp:167] SDDP aperture: scene 1 phase 42 — starting 16 aperture(s) [thread 3319]
[2026-03-28 14:23:05.841] [info] SDDP aperture: scene 1 phase 42 — 16/16 feasible, 0 infeasible, 0 skipped (2.673s) [thread 3319]
[2026-03-28 14:23:05.854] [info] [sddp_aperture.cpp:167] SDDP aperture: scene 1 phase 41 — starting 16 aperture(s) [thread 3319]
[2026-03-28 14:23:08.618] [info] SDDP aperture: scene 1 phase 41 — 16/16 feasible, 0 infeasible, 0 skipped (2.764s) [thread 3319]
[2026-03-28 14:23:08.936] [info] [sddp_aperture.cpp:167] SDDP aperture: scene 1 phase 40 — starting 16 aperture(s) [thread 3319]
[2026-03-28 14:23:11.435] [info] SDDP aperture: scene 1 phase 40 — 16/16 feasible, 0 infeasible, 0 skipped (2.499s) [thread 3319]
[2026-03-28 14:23:11.789] [info] [sddp_aperture.cpp:167] SDDP aperture: scene 1 phase 39 — starting 16 aperture(s) [thread 3319]
[2026-03-28 14:23:14.150] [info] SDDP aperture: scene 1 phase 39 — 16/16 feasible, 0 infeasible, 0 skipped (2.361s) [thread 3319]
[2026-03-28 14:23:14.155] [warning] [sddp_aperture_pass.cpp:506] SDDP backward: iter 0 scene 1 phase 38 non-optimal after expected cut (status 2), skipping further backpropagation
[2026-03-28 14:23:14.155] [info] [sddp_aperture.cpp:167] SDDP aperture: scene 1 phase 38 — starting 16 aperture(s) [thread 3319]
[2026-03-28 14:23:16.391] [info] SDDP aperture: scene 1 phase 38 aperture uid 16 infeasible (status 2), skipping
[2026-03-28 14:23:16.392] [info] SDDP aperture: scene 1 phase 38 — 15/16 feasible, 1 infeasible, 0 skipped (2.236s) [thread 3319]
[2026-03-28 14:23:16.410] [warning] [sddp_aperture_pass.cpp:506] SDDP backward: iter 0 scene 1 phase 37 non-optimal after expected cut (status 2), skipping further backpropagation
[2026-03-28 14:23:16.410] [info] [sddp_aperture.cpp:167] SDDP aperture: scene 1 phase 37 — starting 16 aperture(s) [thread 3319]
[2026-03-28 14:23:18.236] [info] SDDP aperture: scene 1 phase 37 — 16/16 feasible, 0 infeasible, 0 skipped (1.827s) [thread 3319]
[2026-03-28 14:23:18.559] [info] [sddp_aperture.cpp:167] SDDP aperture: scene 1 phase 36 — starting 16 aperture(s) [thread 3319]
[2026-03-28 14:23:20.683] [info] SDDP aperture: scene 1 phase 36 — 16/16 feasible, 0 infeasible, 0 skipped (2.124s) [thread 3319]
[2026-03-28 14:23:21.139] [info] [sddp_aperture.cpp:167] SDDP aperture: scene 1 phase 35 — starting 16 aperture(s) [thread 3319]
[2026-03-28 14:23:23.325] [info] SDDP aperture: scene 1 phase 35 — 16/16 feasible, 0 infeasible, 0 skipped (2.187s) [thread 3319]
[2026-03-28 14:23:23.713] [info] [sddp_aperture.cpp:167] SDDP aperture: scene 1 phase 34 — starting 16 aperture(s) [thread 3319]
[2026-03-28 14:23:26.071] [info] SDDP aperture: scene 1 phase 34 — 16/16 feasible, 0 infeasible, 0 skipped (2.357s) [thread 3319]
[2026-03-28 14:23:26.427] [info] [sddp_aperture.cpp:167] SDDP aperture: scene 1 phase 33 — starting 16 aperture(s) [thread 3319]
[2026-03-28 14:23:29.242] [info] SDDP aperture: scene 1 phase 33 — 16/16 feasible, 0 infeasible, 0 skipped (2.815s) [thread 3319]
[2026-03-28 14:23:30.183] [info] [sddp_aperture.cpp:167] SDDP aperture: scene 1 phase 32 — starting 16 aperture(s) [thread 3319]
[2026-03-28 14:23:32.424] [info] SDDP aperture: scene 1 phase 32 — 16/16 feasible, 0 infeasible, 0 skipped (2.240s) [thread 3319]
[2026-03-28 14:23:32.756] [info] [sddp_aperture.cpp:167] SDDP aperture: scene 1 phase 31 — starting 16 aperture(s) [thread 3319]
[2026-03-28 14:23:34.987] [info] SDDP aperture: scene 1 phase 31 — 16/16 feasible, 0 infeasible, 0 skipped (2.231s) [thread 3319]
[2026-03-28 14:23:35.517] [info] [sddp_aperture.cpp:167] SDDP aperture: scene 1 phase 30 — starting 16 aperture(s) [thread 3319]
[2026-03-28 14:23:37.859] [info] SDDP aperture: scene 1 phase 30 — 16/16 feasible, 0 infeasible, 0 skipped (2.342s) [thread 3319]
[2026-03-28 14:23:38.414] [info] [sddp_aperture.cpp:167] SDDP aperture: scene 1 phase 29 — starting 16 aperture(s) [thread 3319]
[2026-03-28 14:23:40.856] [info] SDDP aperture: scene 1 phase 29 — 16/16 feasible, 0 infeasible, 0 skipped (2.441s) [thread 3319]
[2026-03-28 14:23:41.181] [info] [sddp_aperture.cpp:167] SDDP aperture: scene 1 phase 28 — starting 16 aperture(s) [thread 3319]
[2026-03-28 14:23:43.380] [info] SDDP aperture: scene 1 phase 28 — 16/16 feasible, 0 infeasible, 0 skipped (2.198s) [thread 3319]
[2026-03-28 14:23:44.060] [info] [sddp_aperture.cpp:167] SDDP aperture: scene 1 phase 27 — starting 16 aperture(s) [thread 3319]
[2026-03-28 14:23:46.484] [info] SDDP aperture: scene 1 phase 27 aperture uid 15 infeasible (status 2), skipping
[2026-03-28 14:23:46.484] [info] SDDP aperture: scene 1 phase 27 — 15/16 feasible, 1 infeasible, 0 skipped (2.424s) [thread 3319]
[2026-03-28 14:23:46.917] [info] [sddp_aperture.cpp:167] SDDP aperture: scene 1 phase 26 — starting 16 aperture(s) [thread 3319]
[2026-03-28 14:23:49.185] [info] SDDP aperture: scene 1 phase 26 — 16/16 feasible, 0 infeasible, 0 skipped (2.268s) [thread 3319]
[2026-03-28 14:23:49.634] [info] [sddp_aperture.cpp:167] SDDP aperture: scene 1 phase 25 — starting 16 aperture(s) [thread 3319]
[2026-03-28 14:23:51.451] [info] SDDP aperture: scene 1 phase 25 — 16/16 feasible, 0 infeasible, 0 skipped (1.816s) [thread 3319]
[2026-03-28 14:23:51.690] [info] [sddp_aperture.cpp:167] SDDP aperture: scene 1 phase 24 — starting 16 aperture(s) [thread 3319]
[2026-03-28 14:23:53.495] [info] SDDP aperture: scene 1 phase 24 — 16/16 feasible, 0 infeasible, 0 skipped (1.805s) [thread 3319]
[2026-03-28 14:23:54.056] [info] [sddp_aperture.cpp:167] SDDP aperture: scene 1 phase 23 — starting 16 aperture(s) [thread 3319]
[2026-03-28 14:23:56.329] [info] SDDP aperture: scene 1 phase 23 — 16/16 feasible, 0 infeasible, 0 skipped (2.273s) [thread 3319]
[2026-03-28 14:23:56.802] [info] [sddp_aperture.cpp:167] SDDP aperture: scene 1 phase 22 — starting 16 aperture(s) [thread 3319]
[2026-03-28 14:23:59.356] [info] SDDP aperture: scene 1 phase 22 — 16/16 feasible, 0 infeasible, 0 skipped (2.554s) [thread 3319]
[2026-03-28 14:23:59.668] [info] [sddp_aperture.cpp:167] SDDP aperture: scene 1 phase 21 — starting 16 aperture(s) [thread 3319]
[2026-03-28 14:24:01.904] [info] SDDP aperture: scene 1 phase 21 — 16/16 feasible, 0 infeasible, 0 skipped (2.236s) [thread 3319]
[2026-03-28 14:24:02.361] [info] [sddp_aperture.cpp:167] SDDP aperture: scene 1 phase 20 — starting 16 aperture(s) [thread 3319]
[2026-03-28 14:24:04.247] [info] SDDP aperture: scene 1 phase 20 — 16/16 feasible, 0 infeasible, 0 skipped (1.886s) [thread 3319]
[2026-03-28 14:24:04.772] [info] [sddp_aperture.cpp:167] SDDP aperture: scene 1 phase 19 — starting 16 aperture(s) [thread 3319]
[2026-03-28 14:24:06.779] [info] SDDP aperture: scene 1 phase 19 — 16/16 feasible, 0 infeasible, 0 skipped (2.007s) [thread 3319]
[2026-03-28 14:24:07.206] [info] [sddp_aperture.cpp:167] SDDP aperture: scene 1 phase 18 — starting 16 aperture(s) [thread 3319]
[2026-03-28 14:24:09.365] [info] SDDP aperture: scene 1 phase 18 — 16/16 feasible, 0 infeasible, 0 skipped (2.159s) [thread 3319]
[2026-03-28 14:24:09.801] [info] [sddp_aperture.cpp:167] SDDP aperture: scene 1 phase 17 — starting 16 aperture(s) [thread 3319]
[2026-03-28 14:24:12.143] [info] SDDP aperture: scene 1 phase 17 — 16/16 feasible, 0 infeasible, 0 skipped (2.342s) [thread 3319]
[2026-03-28 14:24:12.648] [info] [sddp_aperture.cpp:167] SDDP aperture: scene 1 phase 16 — starting 16 aperture(s) [thread 3319]
[2026-03-28 14:24:14.676] [info] SDDP aperture: scene 1 phase 16 — 16/16 feasible, 0 infeasible, 0 skipped (2.028s) [thread 3319]
[2026-03-28 14:24:15.117] [info] [sddp_aperture.cpp:167] SDDP aperture: scene 1 phase 15 — starting 16 aperture(s) [thread 3319]
[2026-03-28 14:24:17.324] [info] SDDP aperture: scene 1 phase 15 — 16/16 feasible, 0 infeasible, 0 skipped (2.208s) [thread 3319]
[2026-03-28 14:24:18.014] [info] [sddp_aperture.cpp:167] SDDP aperture: scene 1 phase 14 — starting 16 aperture(s) [thread 3319]
[2026-03-28 14:24:20.050] [info] SDDP aperture: scene 1 phase 14 — 16/16 feasible, 0 infeasible, 0 skipped (2.036s) [thread 3319]
[2026-03-28 14:24:20.502] [info] [sddp_aperture.cpp:167] SDDP aperture: scene 1 phase 13 — starting 16 aperture(s) [thread 3319]
[2026-03-28 14:24:22.691] [info] SDDP aperture: scene 1 phase 13 — 16/16 feasible, 0 infeasible, 0 skipped (2.189s) [thread 3319]
[2026-03-28 14:24:23.510] [info] [sddp_aperture.cpp:167] SDDP aperture: scene 1 phase 12 — starting 16 aperture(s) [thread 3319]
[2026-03-28 14:24:26.162] [info] SDDP aperture: scene 1 phase 12 — 16/16 feasible, 0 infeasible, 0 skipped (2.651s) [thread 3319]
[2026-03-28 14:24:26.598] [info] [sddp_aperture.cpp:167] SDDP aperture: scene 1 phase 11 — starting 16 aperture(s) [thread 3319]
[2026-03-28 14:24:28.964] [info] SDDP aperture: scene 1 phase 11 — 16/16 feasible, 0 infeasible, 0 skipped (2.365s) [thread 3319]
[2026-03-28 14:24:30.131] [info] [sddp_aperture.cpp:167] SDDP aperture: scene 1 phase 10 — starting 16 aperture(s) [thread 3319]
[2026-03-28 14:24:32.301] [info] SDDP aperture: scene 1 phase 10 — 16/16 feasible, 0 infeasible, 0 skipped (2.170s) [thread 3319]
[2026-03-28 14:24:33.073] [info] [sddp_aperture.cpp:167] SDDP aperture: scene 1 phase 9 — starting 16 aperture(s) [thread 3319]
[2026-03-28 14:24:35.594] [info] SDDP aperture: scene 1 phase 9 — 16/16 feasible, 0 infeasible, 0 skipped (2.521s) [thread 3319]
[2026-03-28 14:24:37.026] [info] [sddp_aperture.cpp:167] SDDP aperture: scene 1 phase 8 — starting 16 aperture(s) [thread 3319]
[2026-03-28 14:24:39.692] [info] SDDP aperture: scene 1 phase 8 — 16/16 feasible, 0 infeasible, 0 skipped (2.666s) [thread 3319]
[2026-03-28 14:24:40.343] [info] [sddp_aperture.cpp:167] SDDP aperture: scene 1 phase 7 — starting 16 aperture(s) [thread 3319]
[2026-03-28 14:24:42.593] [info] SDDP aperture: scene 1 phase 7 — 16/16 feasible, 0 infeasible, 0 skipped (2.249s) [thread 3319]
[2026-03-28 14:24:43.147] [info] [sddp_aperture.cpp:167] SDDP aperture: scene 1 phase 6 — starting 16 aperture(s) [thread 3319]
[2026-03-28 14:24:45.553] [info] SDDP aperture: scene 1 phase 6 — 16/16 feasible, 0 infeasible, 0 skipped (2.406s) [thread 3319]
[2026-03-28 14:24:45.991] [info] [sddp_aperture.cpp:167] SDDP aperture: scene 1 phase 5 — starting 16 aperture(s) [thread 3319]
[2026-03-28 14:24:48.176] [info] SDDP aperture: scene 1 phase 5 — 16/16 feasible, 0 infeasible, 0 skipped (2.186s) [thread 3319]
[2026-03-28 14:24:48.877] [info] [sddp_aperture.cpp:167] SDDP aperture: scene 1 phase 4 — starting 16 aperture(s) [thread 3319]
[2026-03-28 14:24:51.188] [info] SDDP aperture: scene 1 phase 4 — 16/16 feasible, 0 infeasible, 0 skipped (2.311s) [thread 3319]
[2026-03-28 14:24:51.572] [info] [sddp_aperture.cpp:167] SDDP aperture: scene 1 phase 3 — starting 16 aperture(s) [thread 3319]
[2026-03-28 14:24:53.733] [info] SDDP aperture: scene 1 phase 3 — 16/16 feasible, 0 infeasible, 0 skipped (2.161s) [thread 3319]
[2026-03-28 14:24:53.969] [info] [sddp_aperture.cpp:167] SDDP aperture: scene 1 phase 2 — starting 16 aperture(s) [thread 3319]
[2026-03-28 14:24:55.789] [info] SDDP aperture: scene 1 phase 2 — 16/16 feasible, 0 infeasible, 0 skipped (1.820s) [thread 3319]
[2026-03-28 14:24:55.790] [warning] [sddp_aperture_pass.cpp:518] SDDP aperture: scene 1 — all apertures infeasible at 1 phase(s) [51], used Benders fallback cuts
[2026-03-28 14:24:55.790] [info] [sddp_method.cpp:1698] SDDP iter 0: gap=0.991148 gap_change=1.000000 (149.199s)
[2026-03-28 14:24:55.790] [info] [sddp_iteration.cpp:222] SDDP: iter 0 done in 149.199s (fwd 16.91s + bwd 132.28s) — UB=28337586.5304 LB=250853.4516 gap=0.991148 gap_change=1.000000 cuts=50 infeas_cuts=3 
[2026-03-28 14:24:58.469] [info] [sddp_iteration.cpp:257] SDDP: === simulation pass (iter 1) ===
[2026-03-28 14:24:58.469] [info] [sddp_method.cpp:1280] SDDP forward: dispatching 1 scene(s) to work pool
[2026-03-28 14:24:58.482] [info] [sddp_forward_pass.cpp:80] SDDP forward: scene 1 iter 1 starting (51 phases) [thread 5351]
[2026-03-28 14:26:00.644] [warning] [sddp_forward_pass.cpp:228] SDDP forward: iter 1 scene 1 phase 51 non-optimal (status 2), trying elastic solve
[2026-03-28 14:26:01.969] [info] [sddp_forward_pass.cpp:265] SDDP forward: scene 1 phase 51 elastic solve ok, obj=685868.5594 alpha=0.0000 opex=685868.5594 [infeas_count=2]
[2026-03-28 14:26:01.971] [info] [sddp_forward_pass.cpp:339] SDDP forward: scene 1 iter 1 done, total_opex=29144568.0346 [thread 5351]
[2026-03-28 14:26:01.971] [info] [sddp_method.cpp:1698] SDDP iter 1: gap=0.133513 gap_change=1.000000 (63.502s)
[2026-03-28 14:26:01.971] [info] [sddp_iteration.cpp:304] SDDP: simulation pass done in 63.502s — UB=29144568.0346 LB=25253403.4158 gap=0.133513 gap_change=1.000000 
[2026-03-28 14:26:05.189] [info]   WorkPool shutdown complete
[2026-03-28 14:26:05.189] [info]   WorkPool shutdown complete
[2026-03-28 14:26:05.254] [info]   Optimization time 218.954s
[2026-03-28 14:26:05.254] [warning] Solver did not find an optimal solution: SDDP did not converge after 1 iterations (gap=0.133513) (code=1)
[2026-03-28 14:26:05.254] [error]   Solver options used: algorithm=barrier, threads=2, presolve=true, optimal_eps=(default), feasible_eps=(default), barrier_eps=(default), log_level=0
[2026-03-28 14:26:05.254] [info] === Solution statistics ===
[2026-03-28 14:26:05.254] [info]   Status          : non-optimal
