[2026-03-28 04:31:35.458] [info] trace log file: gtopt_case_2y/results/logs/trace_20.log
[2026-03-28 04:31:35.459] [info]   Parsing input file gtopt_case_2y/gtopt_case_2y.json
[2026-03-28 04:31:35.460] [warning] deprecated option 'use_lp_names': use 'lp_build_options.names_level' instead
[2026-03-28 04:31:35.504] [info]   Parse all input files time 0.046s
[2026-03-28 04:31:35.504] [info] Output compression codec: zstd
[2026-03-28 04:31:35.508] [info] Planning validation passed
[2026-03-28 04:31:35.508] [info] === System statistics ===
[2026-03-28 04:31:35.508] [info]   System name     : gtopt_case_2y
[2026-03-28 04:31:35.508] [info]   System version  : 
[2026-03-28 04:31:35.508] [info] === System elements  ===
[2026-03-28 04:31:35.508] [info]   Buses           : 236
[2026-03-28 04:31:35.508] [info]   Generators      : 1715
[2026-03-28 04:31:35.508] [info]   Generator profs : 0
[2026-03-28 04:31:35.508] [info]   Demands         : 138
[2026-03-28 04:31:35.508] [info]   Demand profs    : 0
[2026-03-28 04:31:35.508] [info]   Lines           : 330
[2026-03-28 04:31:35.508] [info]   Batteries       : 25
[2026-03-28 04:31:35.508] [info]   Converters      : 0
[2026-03-28 04:31:35.508] [info]   Reserve zones   : 0
[2026-03-28 04:31:35.508] [info]   Reserve provisions   : 0
[2026-03-28 04:31:35.508] [info]   Junctions       : 100
[2026-03-28 04:31:35.508] [info]   Waterways       : 136
[2026-03-28 04:31:35.508] [info]   Flows           : 160
[2026-03-28 04:31:35.508] [info]   Reservoirs      : 10
[2026-03-28 04:31:35.508] [info]   ReservoirSeepages     : 3
[2026-03-28 04:31:35.508] [info]   Turbines        : 170
[2026-03-28 04:31:35.508] [info] === Simulation statistics ===
[2026-03-28 04:31:35.508] [info]   Blocks          : 510
[2026-03-28 04:31:35.508] [info]   Stages          : 51
[2026-03-28 04:31:35.508] [info]   Scenarios       : 1
[2026-03-28 04:31:35.508] [info] === Key options ===
[2026-03-28 04:31:35.508] [info]   use_kirchhoff   : false
[2026-03-28 04:31:35.508] [info]   use_single_bus  : false
[2026-03-28 04:31:35.508] [info]   scale_objective : 1000
[2026-03-28 04:31:35.508] [info]   demand_fail_cost: 1000
[2026-03-28 04:31:35.508] [info]   input_directory : gtopt_case_2y
[2026-03-28 04:31:35.508] [info]   output_directory: gtopt_case_2y/results
[2026-03-28 04:31:35.508] [info]   output_format   : parquet
[2026-03-28 04:31:35.508] [info] === Building LP model ===
[2026-03-28 04:31:35.510] [info] [planning_lp.cpp:44]   Building LP: 1 scene(s) × 51 phase(s)
[2026-03-28 04:31:35.510] [info]   SolverWorkPool initialized: 25 max threads, 98% CPU threshold
[2026-03-28 04:31:35.510] [info]   SolverWorkPool started
[2026-03-28 04:31:53.830] [info] [planning_lp.cpp:105]   Building LP done in 18.320s
[2026-03-28 04:31:53.830] [info]   WorkPool shutdown complete
[2026-03-28 04:31:53.830] [info]   Build lp time 18.322s
[2026-03-28 04:31:53.830] [info]   LP coefficient analysis: 51 LP(s), global |coeff| [6.667e-06, 6.420e+01], ratio=9.63e+06 (fair)
[2026-03-28 04:31:53.830] [info] === System optimization ===
[2026-03-28 04:31:53.830] [info] [sddp_method.cpp:1795] SDDPMethod: starting 1 scene(s) × 51 phase(s)
[2026-03-28 04:31:53.830] [info] ApertureDataCache: scanning 'gtopt_case_2y/apertures'
[2026-03-28 04:31:53.935] [info] ApertureDataCache: loaded 1618230 entries across 334 elements from gtopt_case_2y/apertures (0.11s, 20 threads)
[2026-03-28 04:31:53.936] [info] [sddp_method.cpp:1055] SDDP: initializing solver (no initial solve pass)
[2026-03-28 04:31:53.936] [info] [sddp_method.cpp:1067] SDDP: 1 scene(s), 51 phase(s)
[2026-03-28 04:31:53.936] [info] [sddp_method.cpp:1076] SDDP: adding alpha variables and collecting state links
[2026-03-28 04:31:54.128] [warning] [sddp_cut_io.cpp:922] Boundary cuts: state variable 'CANUTILLAR' not found in the current model; non-zero coefficient -100.6546958 (mode=skip_coeff)
[2026-03-28 04:31:54.129] [warning] [sddp_cut_io.cpp:922] Boundary cuts: state variable 'PILMAIQUEN' not found in the current model; non-zero coefficient -11.03538014 (mode=skip_coeff)
[2026-03-28 04:31:54.130] [info] [sddp_cut_io.cpp:995] SDDP: loaded 35 boundary cuts from gtopt_case_2y/boundary_cuts.csv (mode=separated, max_iters=0)
[2026-03-28 04:31:54.130] [info] [sddp_method.cpp:1154] SDDP: loaded 35 boundary cuts from gtopt_case_2y/boundary_cuts.csv
[2026-03-28 04:31:54.130] [info] [sddp_method.cpp:1235] SDDP: initialization complete (0.19s)
[2026-03-28 04:31:54.131] [info]   SDDPWorkPool initialized: 25 max threads, 98% CPU threshold
[2026-03-28 04:31:54.131] [info]   SDDPWorkPool started
[2026-03-28 04:31:54.131] [info]   SolverWorkPool initialized: 25 max threads, 98% CPU threshold
[2026-03-28 04:31:54.131] [info]   SolverWorkPool started
[2026-03-28 04:31:54.131] [info] [sddp_iteration.cpp:67] SDDP: work pools created (0.00s)
[2026-03-28 04:31:54.131] [info] [sddp_iteration.cpp:102] SDDP: === iteration 0 / 99 ===
[2026-03-28 04:31:59.500] [warning] [sddp_forward_pass.cpp:200] SDDP forward: iter 0 scene 1 phase 25 non-optimal (status 2), trying elastic solve
[2026-03-28 04:32:00.502] [warning] LP file 'gtopt_case_2y/results/logs/error_scene_1_phase_25' not saved: row names are not available. Set names_level >= only_cols to enable LP file output.
[2026-03-28 04:32:00.502] [warning] [sddp_method.cpp:1284] SDDP forward: scene 0 failed: SDDP forward pass failed at scene 0 phase 24 (status 2)
[2026-03-28 04:32:00.635] [info]   WorkPool shutdown complete
[2026-03-28 04:32:00.635] [info]   WorkPool shutdown complete
[2026-03-28 04:32:00.719] [info]   Optimization time 6.889s
[2026-03-28 04:32:00.719] [warning] Solver did not find an optimal solution: SDDP: all scenes infeasible in forward pass (code=1)
[2026-03-28 04:32:00.719] [error]   Solver options used: algorithm=barrier, threads=2, presolve=true, optimal_eps=(default), feasible_eps=(default), barrier_eps=(default), log_level=0
[2026-03-28 04:32:00.719] [info] === Solution statistics ===
[2026-03-28 04:32:00.719] [info]   Status          : non-optimal
