[2026-03-28 13:25:54.643] [info] trace log file: gtopt_case_2y/results/logs/trace_33.log
[2026-03-28 13:25:54.644] [info]   Parsing input file gtopt_case_2y/gtopt_case_2y.json
[2026-03-28 13:25:54.645] [warning] deprecated option 'use_lp_names': use 'lp_build_options.names_level' instead
[2026-03-28 13:25:54.690] [info]   Parse all input files time 0.047s
[2026-03-28 13:25:54.690] [info] Output compression codec: zstd
[2026-03-28 13:25:54.693] [info] Planning validation passed
[2026-03-28 13:25:54.693] [info] === System statistics ===
[2026-03-28 13:25:54.693] [info]   System name     : gtopt_case_2y
[2026-03-28 13:25:54.693] [info]   System version  : 
[2026-03-28 13:25:54.693] [info] === System elements  ===
[2026-03-28 13:25:54.693] [info]   Buses           : 236
[2026-03-28 13:25:54.693] [info]   Generators      : 1715
[2026-03-28 13:25:54.693] [info]   Generator profs : 0
[2026-03-28 13:25:54.693] [info]   Demands         : 138
[2026-03-28 13:25:54.693] [info]   Demand profs    : 0
[2026-03-28 13:25:54.693] [info]   Lines           : 330
[2026-03-28 13:25:54.693] [info]   Batteries       : 25
[2026-03-28 13:25:54.693] [info]   Converters      : 0
[2026-03-28 13:25:54.693] [info]   Reserve zones   : 0
[2026-03-28 13:25:54.693] [info]   Reserve provisions   : 0
[2026-03-28 13:25:54.693] [info]   Junctions       : 100
[2026-03-28 13:25:54.693] [info]   Waterways       : 136
[2026-03-28 13:25:54.693] [info]   Flows           : 160
[2026-03-28 13:25:54.693] [info]   Reservoirs      : 10
[2026-03-28 13:25:54.693] [info]   ReservoirSeepages     : 3
[2026-03-28 13:25:54.693] [info]   Turbines        : 170
[2026-03-28 13:25:54.693] [info] === Simulation statistics ===
[2026-03-28 13:25:54.693] [info]   Blocks          : 510
[2026-03-28 13:25:54.693] [info]   Stages          : 51
[2026-03-28 13:25:54.693] [info]   Scenarios       : 1
[2026-03-28 13:25:54.693] [info] === Key options ===
[2026-03-28 13:25:54.693] [info]   use_kirchhoff   : false
[2026-03-28 13:25:54.693] [info]   use_single_bus  : false
[2026-03-28 13:25:54.693] [info]   scale_objective : 1000
[2026-03-28 13:25:54.693] [info]   demand_fail_cost: 1000
[2026-03-28 13:25:54.693] [info]   input_directory : gtopt_case_2y
[2026-03-28 13:25:54.693] [info]   output_directory: gtopt_case_2y/results
[2026-03-28 13:25:54.693] [info]   output_format   : parquet
[2026-03-28 13:25:54.693] [info] === Building LP model ===
[2026-03-28 13:25:54.696] [info] [planning_lp.cpp:44]   Building LP: 1 scene(s) × 51 phase(s)
[2026-03-28 13:25:54.696] [info]   SolverWorkPool initialized: 25 max threads, 98% CPU threshold
[2026-03-28 13:25:54.696] [info]   SolverWorkPool started
[2026-03-28 13:26:09.540] [info] [planning_lp.cpp:105]   Building LP done in 14.844s
[2026-03-28 13:26:09.540] [info]   WorkPool shutdown complete
[2026-03-28 13:26:09.540] [info]   Build lp time 14.847s
[2026-03-28 13:26:09.540] [info]   LP coefficient analysis: 51 LP(s), global |coeff| [6.667e-06, 6.420e+01], ratio=9.63e+06 (fair)
[2026-03-28 13:26:09.540] [info] === System optimization ===
[2026-03-28 13:26:09.540] [info] [sddp_method.cpp:1823] SDDPMethod: starting 1 scene(s) × 51 phase(s)
[2026-03-28 13:26:09.540] [info] ApertureDataCache: scanning 'gtopt_case_2y/apertures'
[2026-03-28 13:26:09.587] [info] ApertureDataCache: loaded 1618230 entries across 334 elements from gtopt_case_2y/apertures (0.05s, 20 threads)
[2026-03-28 13:26:09.587] [info] [sddp_method.cpp:1074] SDDP: initializing solver (no initial solve pass)
[2026-03-28 13:26:09.587] [info] [sddp_method.cpp:1086] SDDP: 1 scene(s), 51 phase(s)
[2026-03-28 13:26:09.587] [info] [sddp_method.cpp:1095] SDDP: adding alpha variables and collecting state links
[2026-03-28 13:26:09.761] [warning] [sddp_cut_io.cpp:922] Boundary cuts: state variable 'CANUTILLAR' not found in the current model; non-zero coefficient -100.6546958 (mode=skip_coeff)
[2026-03-28 13:26:09.761] [warning] [sddp_cut_io.cpp:922] Boundary cuts: state variable 'PILMAIQUEN' not found in the current model; non-zero coefficient -11.03538014 (mode=skip_coeff)
[2026-03-28 13:26:09.762] [info] [sddp_cut_io.cpp:995] SDDP: loaded 35 boundary cuts from gtopt_case_2y/boundary_cuts.csv (mode=separated, max_iters=0)
[2026-03-28 13:26:09.762] [info] [sddp_method.cpp:1173] SDDP: loaded 35 boundary cuts from gtopt_case_2y/boundary_cuts.csv
[2026-03-28 13:26:09.762] [info] [sddp_method.cpp:1254] SDDP: initialization complete (0.18s)
[2026-03-28 13:26:09.762] [info]   SDDPWorkPool initialized: 25 max threads, 98% CPU threshold
[2026-03-28 13:26:09.762] [info]   SDDPWorkPool started
[2026-03-28 13:26:09.762] [info] [sddp_pool.hpp:160] SDDP work pool started: max_threads=25 cpu_threshold=98% (hw_concurrency=20)
[2026-03-28 13:26:09.762] [info]   SolverWorkPool initialized: 25 max threads, 98% CPU threshold
[2026-03-28 13:26:09.762] [info]   SolverWorkPool started
[2026-03-28 13:26:09.762] [info] [sddp_iteration.cpp:67] SDDP: work pools created (0.00s)
[2026-03-28 13:26:09.763] [info] [sddp_iteration.cpp:102] SDDP: === iteration 0 / 0 ===
[2026-03-28 13:26:09.763] [info] [sddp_method.cpp:1280] SDDP forward: dispatching 1 scene(s) to work pool
[2026-03-28 13:26:09.783] [info] [sddp_forward_pass.cpp:80] SDDP forward: scene 1 iter 0 starting (51 phases) [thread 6907]
[2026-03-28 13:26:17.457] [warning] [sddp_forward_pass.cpp:228] SDDP forward: iter 0 scene 1 phase 37 non-optimal (status 2), trying elastic solve
[2026-03-28 13:26:18.057] [info] [sddp_forward_pass.cpp:265] SDDP forward: scene 1 phase 37 elastic solve ok, obj=702010.9206 alpha=0.0000 opex=702010.9206 [infeas_count=1]
[2026-03-28 13:26:18.288] [warning] [sddp_forward_pass.cpp:228] SDDP forward: iter 0 scene 1 phase 38 non-optimal (status 2), trying elastic solve
[2026-03-28 13:26:18.990] [info] [sddp_forward_pass.cpp:265] SDDP forward: scene 1 phase 38 elastic solve ok, obj=647094.3981 alpha=0.0000 opex=647094.3981 [infeas_count=1]
[2026-03-28 13:26:21.686] [warning] [sddp_forward_pass.cpp:228] SDDP forward: iter 0 scene 1 phase 51 non-optimal (status 2), trying elastic solve
[2026-03-28 13:26:22.441] [info] [sddp_forward_pass.cpp:265] SDDP forward: scene 1 phase 51 elastic solve ok, obj=687241.0995 alpha=0.0000 opex=687241.0995 [infeas_count=1]
[2026-03-28 13:26:22.442] [info] [sddp_forward_pass.cpp:339] SDDP forward: scene 1 iter 0 done, total_opex=28337586.5304 [thread 6907]
[2026-03-28 13:26:22.442] [info] [sddp_method.cpp:1373] SDDP backward: dispatching 1 scene(s) to work pool (cut_sharing=none, apertures=enabled)
[2026-03-28 13:26:22.461] [info] [sddp_aperture_pass.cpp:373] SDDP backward (apertures): scene 1 iter 0 starting (50 phases) [thread 6907]
[2026-03-28 13:26:22.462] [info] [sddp_aperture.cpp:167] SDDP aperture: scene 1 phase 51 — starting 16 aperture(s) [thread 6907]
[2026-03-28 13:26:23.356] [info] SDDP aperture: scene 1 phase 51 aperture uid 3 infeasible (status 2), skipping
[2026-03-28 13:26:23.356] [info] SDDP aperture: scene 1 phase 51 aperture uid 4 infeasible (status 2), skipping
[2026-03-28 13:26:23.379] [info] SDDP aperture: scene 1 phase 51 aperture uid 5 infeasible (status 2), skipping
[2026-03-28 13:26:23.438] [info] SDDP aperture: scene 1 phase 51 aperture uid 6 infeasible (status 2), skipping
[2026-03-28 13:26:23.438] [info] SDDP aperture: scene 1 phase 51 aperture uid 7 infeasible (status 2), skipping
[2026-03-28 13:26:23.522] [info] SDDP aperture: scene 1 phase 51 aperture uid 8 infeasible (status 2), skipping
[2026-03-28 13:26:23.618] [info] SDDP aperture: scene 1 phase 51 aperture uid 9 infeasible (status 2), skipping
[2026-03-28 13:26:23.619] [info] SDDP aperture: scene 1 phase 51 aperture uid 10 infeasible (status 2), skipping
[2026-03-28 13:26:23.619] [info] SDDP aperture: scene 1 phase 51 aperture uid 11 infeasible (status 2), skipping
[2026-03-28 13:26:23.619] [info] SDDP aperture: scene 1 phase 51 aperture uid 12 infeasible (status 2), skipping
[2026-03-28 13:26:23.668] [info] SDDP aperture: scene 1 phase 51 aperture uid 13 infeasible (status 2), skipping
[2026-03-28 13:26:23.668] [info] SDDP aperture: scene 1 phase 51 aperture uid 14 infeasible (status 2), skipping
[2026-03-28 13:26:23.668] [info] SDDP aperture: scene 1 phase 51 aperture uid 15 infeasible (status 2), skipping
[2026-03-28 13:26:23.668] [info] SDDP aperture: scene 1 phase 51 aperture uid 16 infeasible (status 2), skipping
[2026-03-28 13:26:23.679] [info] SDDP aperture: scene 1 phase 51 aperture uid 17 infeasible (status 2), skipping
[2026-03-28 13:26:23.680] [info] SDDP aperture: scene 1 phase 51 aperture uid 18 infeasible (status 2), skipping
[2026-03-28 13:26:23.680] [info] SDDP aperture: scene 1 phase 51 — 0/16 feasible, 16 infeasible, 0 skipped (1.218s) [thread 6907]
[2026-03-28 13:26:23.687] [info] [sddp_aperture.cpp:167] SDDP aperture: scene 1 phase 50 — starting 16 aperture(s) [thread 6907]
[2026-03-28 13:26:25.267] [info] SDDP aperture: scene 1 phase 50 — 16/16 feasible, 0 infeasible, 0 skipped (1.580s) [thread 6907]
[2026-03-28 13:26:25.378] [info] [sddp_aperture.cpp:167] SDDP aperture: scene 1 phase 49 — starting 16 aperture(s) [thread 6907]
[2026-03-28 13:26:26.829] [info] SDDP aperture: scene 1 phase 49 — 16/16 feasible, 0 infeasible, 0 skipped (1.451s) [thread 6907]
[2026-03-28 13:26:27.076] [info] [sddp_aperture.cpp:167] SDDP aperture: scene 1 phase 48 — starting 16 aperture(s) [thread 6907]
[2026-03-28 13:26:28.552] [info] SDDP aperture: scene 1 phase 48 — 16/16 feasible, 0 infeasible, 0 skipped (1.475s) [thread 6907]
[2026-03-28 13:26:28.625] [info] [sddp_aperture.cpp:167] SDDP aperture: scene 1 phase 47 — starting 16 aperture(s) [thread 6907]
[2026-03-28 13:26:31.158] [info] SDDP aperture: scene 1 phase 47 — 16/16 feasible, 0 infeasible, 0 skipped (2.533s) [thread 6907]
[2026-03-28 13:26:31.303] [info] [sddp_aperture.cpp:167] SDDP aperture: scene 1 phase 46 — starting 16 aperture(s) [thread 6907]
[2026-03-28 13:26:33.428] [info] SDDP aperture: scene 1 phase 46 — 16/16 feasible, 0 infeasible, 0 skipped (2.124s) [thread 6907]
[2026-03-28 13:26:33.593] [info] [sddp_aperture.cpp:167] SDDP aperture: scene 1 phase 45 — starting 16 aperture(s) [thread 6907]
[2026-03-28 13:26:36.212] [info] SDDP aperture: scene 1 phase 45 — 16/16 feasible, 0 infeasible, 0 skipped (2.619s) [thread 6907]
[2026-03-28 13:26:36.387] [info] [sddp_aperture.cpp:167] SDDP aperture: scene 1 phase 44 — starting 16 aperture(s) [thread 6907]
[2026-03-28 13:26:39.529] [info] SDDP aperture: scene 1 phase 44 — 16/16 feasible, 0 infeasible, 0 skipped (3.142s) [thread 6907]
[2026-03-28 13:26:40.474] [info] [sddp_aperture.cpp:167] SDDP aperture: scene 1 phase 43 — starting 16 aperture(s) [thread 6907]
[2026-03-28 13:26:43.178] [info] SDDP aperture: scene 1 phase 43 — 16/16 feasible, 0 infeasible, 0 skipped (2.704s) [thread 6907]
[2026-03-28 13:26:43.704] [info] [sddp_aperture.cpp:167] SDDP aperture: scene 1 phase 42 — starting 16 aperture(s) [thread 6907]
[2026-03-28 13:26:46.682] [info] SDDP aperture: scene 1 phase 42 — 16/16 feasible, 0 infeasible, 0 skipped (2.978s) [thread 6907]
[2026-03-28 13:26:46.701] [info] [sddp_aperture.cpp:167] SDDP aperture: scene 1 phase 41 — starting 16 aperture(s) [thread 6907]
[2026-03-28 13:26:49.987] [info] SDDP aperture: scene 1 phase 41 — 16/16 feasible, 0 infeasible, 0 skipped (3.286s) [thread 6907]
[2026-03-28 13:26:50.463] [info] [sddp_aperture.cpp:167] SDDP aperture: scene 1 phase 40 — starting 16 aperture(s) [thread 6907]
[2026-03-28 13:26:53.498] [info] SDDP aperture: scene 1 phase 40 — 16/16 feasible, 0 infeasible, 0 skipped (3.035s) [thread 6907]
[2026-03-28 13:26:53.973] [info] [sddp_aperture.cpp:167] SDDP aperture: scene 1 phase 39 — starting 16 aperture(s) [thread 6907]
[2026-03-28 13:26:56.739] [info] SDDP aperture: scene 1 phase 39 — 16/16 feasible, 0 infeasible, 0 skipped (2.765s) [thread 6907]
[2026-03-28 13:26:56.744] [warning] [sddp_aperture_pass.cpp:506] SDDP backward: iter 0 scene 1 phase 38 non-optimal after expected cut (status 2), skipping further backpropagation
[2026-03-28 13:26:56.744] [info] [sddp_aperture.cpp:167] SDDP aperture: scene 1 phase 38 — starting 16 aperture(s) [thread 6907]
[2026-03-28 13:26:59.459] [info] SDDP aperture: scene 1 phase 38 aperture uid 16 infeasible (status 2), skipping
[2026-03-28 13:26:59.460] [info] SDDP aperture: scene 1 phase 38 — 15/16 feasible, 1 infeasible, 0 skipped (2.715s) [thread 6907]
[2026-03-28 13:26:59.484] [warning] [sddp_aperture_pass.cpp:506] SDDP backward: iter 0 scene 1 phase 37 non-optimal after expected cut (status 2), skipping further backpropagation
[2026-03-28 13:26:59.484] [info] [sddp_aperture.cpp:167] SDDP aperture: scene 1 phase 37 — starting 16 aperture(s) [thread 6907]
[2026-03-28 13:27:01.646] [info] SDDP aperture: scene 1 phase 37 — 16/16 feasible, 0 infeasible, 0 skipped (2.161s) [thread 6907]
[2026-03-28 13:27:02.006] [info] [sddp_aperture.cpp:167] SDDP aperture: scene 1 phase 36 — starting 16 aperture(s) [thread 6907]
[2026-03-28 13:27:04.474] [info] SDDP aperture: scene 1 phase 36 — 16/16 feasible, 0 infeasible, 0 skipped (2.468s) [thread 6907]
[2026-03-28 13:27:05.109] [info] [sddp_aperture.cpp:167] SDDP aperture: scene 1 phase 35 — starting 16 aperture(s) [thread 6907]
[2026-03-28 13:27:07.337] [info] SDDP aperture: scene 1 phase 35 — 16/16 feasible, 0 infeasible, 0 skipped (2.228s) [thread 6907]
[2026-03-28 13:27:07.713] [info] [sddp_aperture.cpp:167] SDDP aperture: scene 1 phase 34 — starting 16 aperture(s) [thread 6907]
[2026-03-28 13:27:10.182] [info] SDDP aperture: scene 1 phase 34 — 16/16 feasible, 0 infeasible, 0 skipped (2.468s) [thread 6907]
[2026-03-28 13:27:10.532] [info] [sddp_aperture.cpp:167] SDDP aperture: scene 1 phase 33 — starting 16 aperture(s) [thread 6907]
[2026-03-28 13:27:13.496] [info] SDDP aperture: scene 1 phase 33 — 16/16 feasible, 0 infeasible, 0 skipped (2.964s) [thread 6907]
[2026-03-28 13:27:14.404] [info] [sddp_aperture.cpp:167] SDDP aperture: scene 1 phase 32 — starting 16 aperture(s) [thread 6907]
[2026-03-28 13:27:16.719] [info] SDDP aperture: scene 1 phase 32 — 16/16 feasible, 0 infeasible, 0 skipped (2.315s) [thread 6907]
[2026-03-28 13:27:17.212] [info] [sddp_aperture.cpp:167] SDDP aperture: scene 1 phase 31 — starting 16 aperture(s) [thread 6907]
[2026-03-28 13:27:19.446] [info] SDDP aperture: scene 1 phase 31 — 16/16 feasible, 0 infeasible, 0 skipped (2.235s) [thread 6907]
[2026-03-28 13:27:19.998] [info] [sddp_aperture.cpp:167] SDDP aperture: scene 1 phase 30 — starting 16 aperture(s) [thread 6907]
[2026-03-28 13:27:22.688] [info] SDDP aperture: scene 1 phase 30 — 16/16 feasible, 0 infeasible, 0 skipped (2.690s) [thread 6907]
[2026-03-28 13:27:23.291] [info] [sddp_aperture.cpp:167] SDDP aperture: scene 1 phase 29 — starting 16 aperture(s) [thread 6907]
[2026-03-28 13:27:25.768] [info] SDDP aperture: scene 1 phase 29 — 16/16 feasible, 0 infeasible, 0 skipped (2.476s) [thread 6907]
[2026-03-28 13:27:26.105] [info] [sddp_aperture.cpp:167] SDDP aperture: scene 1 phase 28 — starting 16 aperture(s) [thread 6907]
[2026-03-28 13:27:28.418] [info] SDDP aperture: scene 1 phase 28 — 16/16 feasible, 0 infeasible, 0 skipped (2.313s) [thread 6907]
[2026-03-28 13:27:29.157] [info] [sddp_aperture.cpp:167] SDDP aperture: scene 1 phase 27 — starting 16 aperture(s) [thread 6907]
[2026-03-28 13:27:31.803] [info] SDDP aperture: scene 1 phase 27 aperture uid 15 infeasible (status 2), skipping
[2026-03-28 13:27:31.803] [info] SDDP aperture: scene 1 phase 27 — 15/16 feasible, 1 infeasible, 0 skipped (2.646s) [thread 6907]
[2026-03-28 13:27:32.342] [info] [sddp_aperture.cpp:167] SDDP aperture: scene 1 phase 26 — starting 16 aperture(s) [thread 6907]
[2026-03-28 13:27:34.639] [info] SDDP aperture: scene 1 phase 26 — 16/16 feasible, 0 infeasible, 0 skipped (2.297s) [thread 6907]
[2026-03-28 13:27:35.083] [info] [sddp_aperture.cpp:167] SDDP aperture: scene 1 phase 25 — starting 16 aperture(s) [thread 6907]
[2026-03-28 13:27:37.140] [info] SDDP aperture: scene 1 phase 25 — 16/16 feasible, 0 infeasible, 0 skipped (2.057s) [thread 6907]
[2026-03-28 13:27:37.401] [info] [sddp_aperture.cpp:167] SDDP aperture: scene 1 phase 24 — starting 16 aperture(s) [thread 6907]
[2026-03-28 13:27:39.401] [info] SDDP aperture: scene 1 phase 24 — 16/16 feasible, 0 infeasible, 0 skipped (1.999s) [thread 6907]
[2026-03-28 13:27:39.843] [info] [sddp_aperture.cpp:167] SDDP aperture: scene 1 phase 23 — starting 16 aperture(s) [thread 6907]
[2026-03-28 13:27:42.242] [info] SDDP aperture: scene 1 phase 23 — 16/16 feasible, 0 infeasible, 0 skipped (2.399s) [thread 6907]
[2026-03-28 13:27:42.731] [info] [sddp_aperture.cpp:167] SDDP aperture: scene 1 phase 22 — starting 16 aperture(s) [thread 6907]
[2026-03-28 13:27:45.191] [info] SDDP aperture: scene 1 phase 22 — 16/16 feasible, 0 infeasible, 0 skipped (2.460s) [thread 6907]
[2026-03-28 13:27:45.729] [info] [sddp_aperture.cpp:167] SDDP aperture: scene 1 phase 21 — starting 16 aperture(s) [thread 6907]
[2026-03-28 13:27:47.863] [info] SDDP aperture: scene 1 phase 21 — 16/16 feasible, 0 infeasible, 0 skipped (2.135s) [thread 6907]
[2026-03-28 13:27:48.263] [info] [sddp_aperture.cpp:167] SDDP aperture: scene 1 phase 20 — starting 16 aperture(s) [thread 6907]
[2026-03-28 13:27:50.294] [info] SDDP aperture: scene 1 phase 20 — 16/16 feasible, 0 infeasible, 0 skipped (2.031s) [thread 6907]
[2026-03-28 13:27:50.655] [info] [sddp_aperture.cpp:167] SDDP aperture: scene 1 phase 19 — starting 16 aperture(s) [thread 6907]
[2026-03-28 13:27:52.723] [info] SDDP aperture: scene 1 phase 19 — 16/16 feasible, 0 infeasible, 0 skipped (2.068s) [thread 6907]
[2026-03-28 13:27:53.137] [info] [sddp_aperture.cpp:167] SDDP aperture: scene 1 phase 18 — starting 16 aperture(s) [thread 6907]
[2026-03-28 13:27:55.259] [info] SDDP aperture: scene 1 phase 18 — 16/16 feasible, 0 infeasible, 0 skipped (2.122s) [thread 6907]
[2026-03-28 13:27:55.754] [info] [sddp_aperture.cpp:167] SDDP aperture: scene 1 phase 17 — starting 16 aperture(s) [thread 6907]
[2026-03-28 13:27:58.139] [info] SDDP aperture: scene 1 phase 17 — 16/16 feasible, 0 infeasible, 0 skipped (2.385s) [thread 6907]
[2026-03-28 13:27:58.613] [info] [sddp_aperture.cpp:167] SDDP aperture: scene 1 phase 16 — starting 16 aperture(s) [thread 6907]
[2026-03-28 13:28:00.736] [info] SDDP aperture: scene 1 phase 16 — 16/16 feasible, 0 infeasible, 0 skipped (2.123s) [thread 6907]
[2026-03-28 13:28:01.089] [info] [sddp_aperture.cpp:167] SDDP aperture: scene 1 phase 15 — starting 16 aperture(s) [thread 6907]
[2026-03-28 13:28:03.331] [info] SDDP aperture: scene 1 phase 15 — 16/16 feasible, 0 infeasible, 0 skipped (2.242s) [thread 6907]
[2026-03-28 13:28:03.867] [info] [sddp_aperture.cpp:167] SDDP aperture: scene 1 phase 14 — starting 16 aperture(s) [thread 6907]
[2026-03-28 13:28:06.062] [info] SDDP aperture: scene 1 phase 14 — 16/16 feasible, 0 infeasible, 0 skipped (2.195s) [thread 6907]
[2026-03-28 13:28:06.544] [info] [sddp_aperture.cpp:167] SDDP aperture: scene 1 phase 13 — starting 16 aperture(s) [thread 6907]
[2026-03-28 13:28:08.791] [info] SDDP aperture: scene 1 phase 13 — 16/16 feasible, 0 infeasible, 0 skipped (2.247s) [thread 6907]
[2026-03-28 13:28:09.378] [info] [sddp_aperture.cpp:167] SDDP aperture: scene 1 phase 12 — starting 16 aperture(s) [thread 6907]
[2026-03-28 13:28:12.015] [info] SDDP aperture: scene 1 phase 12 — 16/16 feasible, 0 infeasible, 0 skipped (2.636s) [thread 6907]
[2026-03-28 13:28:12.502] [info] [sddp_aperture.cpp:167] SDDP aperture: scene 1 phase 11 — starting 16 aperture(s) [thread 6907]
[2026-03-28 13:28:14.974] [info] SDDP aperture: scene 1 phase 11 — 16/16 feasible, 0 infeasible, 0 skipped (2.472s) [thread 6907]
[2026-03-28 13:28:15.816] [info] [sddp_aperture.cpp:167] SDDP aperture: scene 1 phase 10 — starting 16 aperture(s) [thread 6907]
[2026-03-28 13:28:18.136] [info] SDDP aperture: scene 1 phase 10 — 16/16 feasible, 0 infeasible, 0 skipped (2.319s) [thread 6907]
[2026-03-28 13:28:19.269] [info] [sddp_aperture.cpp:167] SDDP aperture: scene 1 phase 9 — starting 16 aperture(s) [thread 6907]
[2026-03-28 13:28:21.919] [info] SDDP aperture: scene 1 phase 9 — 16/16 feasible, 0 infeasible, 0 skipped (2.650s) [thread 6907]
[2026-03-28 13:28:23.294] [info] [sddp_aperture.cpp:167] SDDP aperture: scene 1 phase 8 — starting 16 aperture(s) [thread 6907]
