[2026-03-28 13:38:24.140] [info] trace log file: gtopt_case_2y/results/logs/trace_36.log
[2026-03-28 13:38:24.141] [info]   Parsing input file gtopt_case_2y/gtopt_case_2y.json
[2026-03-28 13:38:24.142] [warning] deprecated option 'use_lp_names': use 'lp_build_options.names_level' instead
[2026-03-28 13:38:24.187] [info]   Parse all input files time 0.047s
[2026-03-28 13:38:24.187] [info] Output compression codec: zstd
[2026-03-28 13:38:24.190] [info] Planning validation passed
[2026-03-28 13:38:24.190] [info] === System statistics ===
[2026-03-28 13:38:24.190] [info]   System name     : gtopt_case_2y
[2026-03-28 13:38:24.190] [info]   System version  : 
[2026-03-28 13:38:24.190] [info] === System elements  ===
[2026-03-28 13:38:24.190] [info]   Buses           : 236
[2026-03-28 13:38:24.190] [info]   Generators      : 1715
[2026-03-28 13:38:24.190] [info]   Generator profs : 0
[2026-03-28 13:38:24.190] [info]   Demands         : 138
[2026-03-28 13:38:24.190] [info]   Demand profs    : 0
[2026-03-28 13:38:24.190] [info]   Lines           : 330
[2026-03-28 13:38:24.190] [info]   Batteries       : 25
[2026-03-28 13:38:24.190] [info]   Converters      : 0
[2026-03-28 13:38:24.190] [info]   Reserve zones   : 0
[2026-03-28 13:38:24.190] [info]   Reserve provisions   : 0
[2026-03-28 13:38:24.190] [info]   Junctions       : 100
[2026-03-28 13:38:24.190] [info]   Waterways       : 136
[2026-03-28 13:38:24.190] [info]   Flows           : 160
[2026-03-28 13:38:24.190] [info]   Reservoirs      : 10
[2026-03-28 13:38:24.190] [info]   ReservoirSeepages     : 3
[2026-03-28 13:38:24.190] [info]   Turbines        : 170
[2026-03-28 13:38:24.190] [info] === Simulation statistics ===
[2026-03-28 13:38:24.190] [info]   Blocks          : 510
[2026-03-28 13:38:24.190] [info]   Stages          : 51
[2026-03-28 13:38:24.190] [info]   Scenarios       : 1
[2026-03-28 13:38:24.190] [info] === Key options ===
[2026-03-28 13:38:24.190] [info]   use_kirchhoff   : false
[2026-03-28 13:38:24.190] [info]   use_single_bus  : false
[2026-03-28 13:38:24.190] [info]   scale_objective : 1000
[2026-03-28 13:38:24.190] [info]   demand_fail_cost: 1000
[2026-03-28 13:38:24.190] [info]   input_directory : gtopt_case_2y
[2026-03-28 13:38:24.190] [info]   output_directory: gtopt_case_2y/results
[2026-03-28 13:38:24.190] [info]   output_format   : parquet
[2026-03-28 13:38:24.190] [info] === Building LP model ===
[2026-03-28 13:38:24.192] [info] [planning_lp.cpp:44]   Building LP: 1 scene(s) × 51 phase(s)
[2026-03-28 13:38:24.192] [info]   SolverWorkPool initialized: 25 max threads, 98% CPU threshold
[2026-03-28 13:38:24.193] [info]   SolverWorkPool started
[2026-03-28 13:38:46.607] [info] [planning_lp.cpp:105]   Building LP done in 22.415s
[2026-03-28 13:38:46.608] [info]   WorkPool shutdown complete
[2026-03-28 13:38:46.608] [info]   Build lp time 22.417s
[2026-03-28 13:38:46.608] [info]   LP coefficient analysis: 51 LP(s), global |coeff| [6.667e-06, 6.420e+01], ratio=9.63e+06 (fair)
[2026-03-28 13:38:46.608] [info] === System optimization ===
[2026-03-28 13:38:46.608] [info] [sddp_method.cpp:1823] SDDPMethod: starting 1 scene(s) × 51 phase(s)
[2026-03-28 13:38:46.608] [info] ApertureDataCache: scanning 'gtopt_case_2y/apertures'
[2026-03-28 13:38:46.683] [info] ApertureDataCache: loaded 1618230 entries across 334 elements from gtopt_case_2y/apertures (0.08s, 20 threads)
[2026-03-28 13:38:46.683] [info] [sddp_method.cpp:1074] SDDP: initializing solver (no initial solve pass)
[2026-03-28 13:38:46.683] [info] [sddp_method.cpp:1086] SDDP: 1 scene(s), 51 phase(s)
[2026-03-28 13:38:46.683] [info] [sddp_method.cpp:1095] SDDP: adding alpha variables and collecting state links
[2026-03-28 13:38:46.931] [warning] [sddp_cut_io.cpp:922] Boundary cuts: state variable 'CANUTILLAR' not found in the current model; non-zero coefficient -100.6546958 (mode=skip_coeff)
[2026-03-28 13:38:46.931] [warning] [sddp_cut_io.cpp:922] Boundary cuts: state variable 'PILMAIQUEN' not found in the current model; non-zero coefficient -11.03538014 (mode=skip_coeff)
[2026-03-28 13:38:46.932] [info] [sddp_cut_io.cpp:995] SDDP: loaded 35 boundary cuts from gtopt_case_2y/boundary_cuts.csv (mode=separated, max_iters=0)
[2026-03-28 13:38:46.933] [info] [sddp_method.cpp:1173] SDDP: loaded 35 boundary cuts from gtopt_case_2y/boundary_cuts.csv
[2026-03-28 13:38:46.933] [info] [sddp_method.cpp:1254] SDDP: initialization complete (0.25s)
[2026-03-28 13:38:46.933] [info]   SDDPWorkPool initialized: 25 max threads, 98% CPU threshold
[2026-03-28 13:38:46.933] [info]   SDDPWorkPool started
[2026-03-28 13:38:46.933] [info] [sddp_pool.hpp:160] SDDP work pool started: max_threads=25 cpu_threshold=98% (hw_concurrency=20)
[2026-03-28 13:38:46.933] [info]   SolverWorkPool initialized: 25 max threads, 98% CPU threshold
[2026-03-28 13:38:46.933] [info]   SolverWorkPool started
[2026-03-28 13:38:46.933] [info] [sddp_iteration.cpp:67] SDDP: work pools created (0.00s)
[2026-03-28 13:38:46.933] [info] [sddp_iteration.cpp:102] SDDP: === iteration 0 / 0 ===
[2026-03-28 13:38:46.933] [info] [sddp_method.cpp:1280] SDDP forward: dispatching 1 scene(s) to work pool
[2026-03-28 13:38:46.953] [info] [sddp_forward_pass.cpp:80] SDDP forward: scene 1 iter 0 starting (51 phases) [thread 1445]
[2026-03-28 13:38:58.663] [warning] [sddp_forward_pass.cpp:228] SDDP forward: iter 0 scene 1 phase 37 non-optimal (status 2), trying elastic solve
[2026-03-28 13:38:59.643] [info] [sddp_forward_pass.cpp:265] SDDP forward: scene 1 phase 37 elastic solve ok, obj=702010.9206 alpha=0.0000 opex=702010.9206 [infeas_count=1]
[2026-03-28 13:39:00.022] [warning] [sddp_forward_pass.cpp:228] SDDP forward: iter 0 scene 1 phase 38 non-optimal (status 2), trying elastic solve
[2026-03-28 13:39:01.139] [info] [sddp_forward_pass.cpp:265] SDDP forward: scene 1 phase 38 elastic solve ok, obj=647094.3981 alpha=0.0000 opex=647094.3981 [infeas_count=1]
[2026-03-28 13:39:05.434] [warning] [sddp_forward_pass.cpp:228] SDDP forward: iter 0 scene 1 phase 51 non-optimal (status 2), trying elastic solve
[2026-03-28 13:39:06.735] [info] [sddp_forward_pass.cpp:265] SDDP forward: scene 1 phase 51 elastic solve ok, obj=687241.0995 alpha=0.0000 opex=687241.0995 [infeas_count=1]
[2026-03-28 13:39:06.736] [info] [sddp_forward_pass.cpp:339] SDDP forward: scene 1 iter 0 done, total_opex=28337586.5304 [thread 1445]
[2026-03-28 13:39:06.736] [info] [sddp_method.cpp:1373] SDDP backward: dispatching 1 scene(s) to work pool (cut_sharing=none, apertures=enabled)
[2026-03-28 13:39:06.739] [info] [sddp_aperture_pass.cpp:373] SDDP backward (apertures): scene 1 iter 0 starting (50 phases) [thread 1445]
[2026-03-28 13:39:06.740] [info] [sddp_aperture.cpp:167] SDDP aperture: scene 1 phase 51 — starting 16 aperture(s) [thread 1445]
[2026-03-28 13:39:07.696] [info] SDDP aperture: scene 1 phase 51 aperture uid 3 infeasible (status 2), skipping
[2026-03-28 13:39:07.696] [info] SDDP aperture: scene 1 phase 51 aperture uid 4 infeasible (status 2), skipping
[2026-03-28 13:39:07.696] [info] SDDP aperture: scene 1 phase 51 aperture uid 5 infeasible (status 2), skipping
[2026-03-28 13:39:07.712] [info] SDDP aperture: scene 1 phase 51 aperture uid 6 infeasible (status 2), skipping
[2026-03-28 13:39:07.712] [info] SDDP aperture: scene 1 phase 51 aperture uid 7 infeasible (status 2), skipping
[2026-03-28 13:39:07.811] [info] SDDP aperture: scene 1 phase 51 aperture uid 8 infeasible (status 2), skipping
[2026-03-28 13:39:07.811] [info] SDDP aperture: scene 1 phase 51 aperture uid 9 infeasible (status 2), skipping
[2026-03-28 13:39:07.811] [info] SDDP aperture: scene 1 phase 51 aperture uid 10 infeasible (status 2), skipping
[2026-03-28 13:39:07.811] [info] SDDP aperture: scene 1 phase 51 aperture uid 11 infeasible (status 2), skipping
[2026-03-28 13:39:07.811] [info] SDDP aperture: scene 1 phase 51 aperture uid 12 infeasible (status 2), skipping
[2026-03-28 13:39:07.811] [info] SDDP aperture: scene 1 phase 51 aperture uid 13 infeasible (status 2), skipping
[2026-03-28 13:39:07.852] [info] SDDP aperture: scene 1 phase 51 aperture uid 14 infeasible (status 2), skipping
[2026-03-28 13:39:07.852] [info] SDDP aperture: scene 1 phase 51 aperture uid 15 infeasible (status 2), skipping
[2026-03-28 13:39:07.852] [info] SDDP aperture: scene 1 phase 51 aperture uid 16 infeasible (status 2), skipping
[2026-03-28 13:39:07.863] [info] SDDP aperture: scene 1 phase 51 aperture uid 17 infeasible (status 2), skipping
[2026-03-28 13:39:07.985] [info] SDDP aperture: scene 1 phase 51 aperture uid 18 infeasible (status 2), skipping
[2026-03-28 13:39:07.985] [info] SDDP aperture: scene 1 phase 51 — 0/16 feasible, 16 infeasible, 0 skipped (1.245s) [thread 1445]
[2026-03-28 13:39:07.991] [info] [sddp_aperture.cpp:167] SDDP aperture: scene 1 phase 50 — starting 16 aperture(s) [thread 1445]
[2026-03-28 13:39:09.358] [info] SDDP aperture: scene 1 phase 50 — 16/16 feasible, 0 infeasible, 0 skipped (1.367s) [thread 1445]
[2026-03-28 13:39:09.457] [info] [sddp_aperture.cpp:167] SDDP aperture: scene 1 phase 49 — starting 16 aperture(s) [thread 1445]
[2026-03-28 13:39:10.810] [info] SDDP aperture: scene 1 phase 49 — 16/16 feasible, 0 infeasible, 0 skipped (1.353s) [thread 1445]
[2026-03-28 13:39:11.050] [info] [sddp_aperture.cpp:167] SDDP aperture: scene 1 phase 48 — starting 16 aperture(s) [thread 1445]
[2026-03-28 13:39:12.605] [info] SDDP aperture: scene 1 phase 48 — 16/16 feasible, 0 infeasible, 0 skipped (1.555s) [thread 1445]
[2026-03-28 13:39:12.691] [info] [sddp_aperture.cpp:167] SDDP aperture: scene 1 phase 47 — starting 16 aperture(s) [thread 1445]
[2026-03-28 13:39:14.274] [info] SDDP aperture: scene 1 phase 47 — 16/16 feasible, 0 infeasible, 0 skipped (1.583s) [thread 1445]
[2026-03-28 13:39:14.429] [info] [sddp_aperture.cpp:167] SDDP aperture: scene 1 phase 46 — starting 16 aperture(s) [thread 1445]
[2026-03-28 13:39:16.258] [info] SDDP aperture: scene 1 phase 46 — 16/16 feasible, 0 infeasible, 0 skipped (1.829s) [thread 1445]
[2026-03-28 13:39:16.401] [info] [sddp_aperture.cpp:167] SDDP aperture: scene 1 phase 45 — starting 16 aperture(s) [thread 1445]
[2026-03-28 13:39:18.312] [info] SDDP aperture: scene 1 phase 45 — 16/16 feasible, 0 infeasible, 0 skipped (1.911s) [thread 1445]
[2026-03-28 13:39:18.471] [info] [sddp_aperture.cpp:167] SDDP aperture: scene 1 phase 44 — starting 16 aperture(s) [thread 1445]
[2026-03-28 13:39:21.056] [info] SDDP aperture: scene 1 phase 44 — 16/16 feasible, 0 infeasible, 0 skipped (2.585s) [thread 1445]
[2026-03-28 13:39:21.932] [info] [sddp_aperture.cpp:167] SDDP aperture: scene 1 phase 43 — starting 16 aperture(s) [thread 1445]
[2026-03-28 13:39:24.152] [info] SDDP aperture: scene 1 phase 43 — 16/16 feasible, 0 infeasible, 0 skipped (2.220s) [thread 1445]
[2026-03-28 13:39:24.585] [info] [sddp_aperture.cpp:167] SDDP aperture: scene 1 phase 42 — starting 16 aperture(s) [thread 1445]
[2026-03-28 13:39:27.143] [info] SDDP aperture: scene 1 phase 42 — 16/16 feasible, 0 infeasible, 0 skipped (2.558s) [thread 1445]
[2026-03-28 13:39:27.161] [info] [sddp_aperture.cpp:167] SDDP aperture: scene 1 phase 41 — starting 16 aperture(s) [thread 1445]
[2026-03-28 13:39:29.712] [info] SDDP aperture: scene 1 phase 41 — 16/16 feasible, 0 infeasible, 0 skipped (2.552s) [thread 1445]
[2026-03-28 13:39:30.148] [info] [sddp_aperture.cpp:167] SDDP aperture: scene 1 phase 40 — starting 16 aperture(s) [thread 1445]
[2026-03-28 13:39:32.530] [info] SDDP aperture: scene 1 phase 40 — 16/16 feasible, 0 infeasible, 0 skipped (2.382s) [thread 1445]
[2026-03-28 13:39:32.986] [info] [sddp_aperture.cpp:167] SDDP aperture: scene 1 phase 39 — starting 16 aperture(s) [thread 1445]
[2026-03-28 13:39:35.373] [info] SDDP aperture: scene 1 phase 39 — 16/16 feasible, 0 infeasible, 0 skipped (2.387s) [thread 1445]
[2026-03-28 13:39:35.380] [warning] [sddp_aperture_pass.cpp:506] SDDP backward: iter 0 scene 1 phase 38 non-optimal after expected cut (status 2), skipping further backpropagation
[2026-03-28 13:39:35.380] [info] [sddp_aperture.cpp:167] SDDP aperture: scene 1 phase 38 — starting 16 aperture(s) [thread 1445]
[2026-03-28 13:39:37.440] [info] SDDP aperture: scene 1 phase 38 aperture uid 16 infeasible (status 2), skipping
[2026-03-28 13:39:37.440] [info] SDDP aperture: scene 1 phase 38 — 15/16 feasible, 1 infeasible, 0 skipped (2.060s) [thread 1445]
[2026-03-28 13:39:37.455] [warning] [sddp_aperture_pass.cpp:506] SDDP backward: iter 0 scene 1 phase 37 non-optimal after expected cut (status 2), skipping further backpropagation
[2026-03-28 13:39:37.455] [info] [sddp_aperture.cpp:167] SDDP aperture: scene 1 phase 37 — starting 16 aperture(s) [thread 1445]
[2026-03-28 13:39:39.371] [info] SDDP aperture: scene 1 phase 37 — 16/16 feasible, 0 infeasible, 0 skipped (1.916s) [thread 1445]
[2026-03-28 13:39:39.737] [info] [sddp_aperture.cpp:167] SDDP aperture: scene 1 phase 36 — starting 16 aperture(s) [thread 1445]
[2026-03-28 13:39:41.888] [info] SDDP aperture: scene 1 phase 36 — 16/16 feasible, 0 infeasible, 0 skipped (2.151s) [thread 1445]
[2026-03-28 13:39:42.499] [info] [sddp_aperture.cpp:167] SDDP aperture: scene 1 phase 35 — starting 16 aperture(s) [thread 1445]
[2026-03-28 13:39:44.486] [info] SDDP aperture: scene 1 phase 35 — 16/16 feasible, 0 infeasible, 0 skipped (1.987s) [thread 1445]
[2026-03-28 13:39:44.892] [info] [sddp_aperture.cpp:167] SDDP aperture: scene 1 phase 34 — starting 16 aperture(s) [thread 1445]
[2026-03-28 13:39:47.305] [info] SDDP aperture: scene 1 phase 34 — 16/16 feasible, 0 infeasible, 0 skipped (2.413s) [thread 1445]
[2026-03-28 13:39:47.733] [info] [sddp_aperture.cpp:167] SDDP aperture: scene 1 phase 33 — starting 16 aperture(s) [thread 1445]
[2026-03-28 13:39:50.289] [info] SDDP aperture: scene 1 phase 33 — 16/16 feasible, 0 infeasible, 0 skipped (2.555s) [thread 1445]
[2026-03-28 13:39:51.010] [info] [sddp_aperture.cpp:167] SDDP aperture: scene 1 phase 32 — starting 16 aperture(s) [thread 1445]
[2026-03-28 13:39:53.293] [info] SDDP aperture: scene 1 phase 32 — 16/16 feasible, 0 infeasible, 0 skipped (2.283s) [thread 1445]
[2026-03-28 13:39:53.618] [info] [sddp_aperture.cpp:167] SDDP aperture: scene 1 phase 31 — starting 16 aperture(s) [thread 1445]
[2026-03-28 13:39:55.721] [info] SDDP aperture: scene 1 phase 31 — 16/16 feasible, 0 infeasible, 0 skipped (2.103s) [thread 1445]
[2026-03-28 13:39:56.405] [info] [sddp_aperture.cpp:167] SDDP aperture: scene 1 phase 30 — starting 16 aperture(s) [thread 1445]
[2026-03-28 13:39:58.718] [info] SDDP aperture: scene 1 phase 30 — 16/16 feasible, 0 infeasible, 0 skipped (2.313s) [thread 1445]
[2026-03-28 13:39:59.340] [info] [sddp_aperture.cpp:167] SDDP aperture: scene 1 phase 29 — starting 16 aperture(s) [thread 1445]
[2026-03-28 13:40:01.457] [info] SDDP aperture: scene 1 phase 29 — 16/16 feasible, 0 infeasible, 0 skipped (2.117s) [thread 1445]
[2026-03-28 13:40:01.703] [info] [sddp_aperture.cpp:167] SDDP aperture: scene 1 phase 28 — starting 16 aperture(s) [thread 1445]
[2026-03-28 13:40:03.823] [info] SDDP aperture: scene 1 phase 28 — 16/16 feasible, 0 infeasible, 0 skipped (2.121s) [thread 1445]
[2026-03-28 13:40:04.340] [info] [sddp_aperture.cpp:167] SDDP aperture: scene 1 phase 27 — starting 16 aperture(s) [thread 1445]
[2026-03-28 13:40:06.658] [info] SDDP aperture: scene 1 phase 27 aperture uid 15 infeasible (status 2), skipping
[2026-03-28 13:40:06.658] [info] SDDP aperture: scene 1 phase 27 — 15/16 feasible, 1 infeasible, 0 skipped (2.318s) [thread 1445]
[2026-03-28 13:40:07.164] [info] [sddp_aperture.cpp:167] SDDP aperture: scene 1 phase 26 — starting 16 aperture(s) [thread 1445]
[2026-03-28 13:40:09.251] [info] SDDP aperture: scene 1 phase 26 — 16/16 feasible, 0 infeasible, 0 skipped (2.086s) [thread 1445]
[2026-03-28 13:40:09.530] [info] [sddp_aperture.cpp:167] SDDP aperture: scene 1 phase 25 — starting 16 aperture(s) [thread 1445]
[2026-03-28 13:40:11.486] [info] SDDP aperture: scene 1 phase 25 — 16/16 feasible, 0 infeasible, 0 skipped (1.956s) [thread 1445]
[2026-03-28 13:40:11.740] [info] [sddp_aperture.cpp:167] SDDP aperture: scene 1 phase 24 — starting 16 aperture(s) [thread 1445]
[2026-03-28 13:40:13.575] [info] SDDP aperture: scene 1 phase 24 — 16/16 feasible, 0 infeasible, 0 skipped (1.836s) [thread 1445]
[2026-03-28 13:40:13.974] [info] [sddp_aperture.cpp:167] SDDP aperture: scene 1 phase 23 — starting 16 aperture(s) [thread 1445]
[2026-03-28 13:40:16.014] [info] SDDP aperture: scene 1 phase 23 — 16/16 feasible, 0 infeasible, 0 skipped (2.040s) [thread 1445]
[2026-03-28 13:40:16.359] [info] [sddp_aperture.cpp:167] SDDP aperture: scene 1 phase 22 — starting 16 aperture(s) [thread 1445]
[2026-03-28 13:40:18.637] [info] SDDP aperture: scene 1 phase 22 — 16/16 feasible, 0 infeasible, 0 skipped (2.278s) [thread 1445]
[2026-03-28 13:40:19.091] [info] [sddp_aperture.cpp:167] SDDP aperture: scene 1 phase 21 — starting 16 aperture(s) [thread 1445]
[2026-03-28 13:40:21.199] [info] SDDP aperture: scene 1 phase 21 — 16/16 feasible, 0 infeasible, 0 skipped (2.109s) [thread 1445]
[2026-03-28 13:40:21.538] [info] [sddp_aperture.cpp:167] SDDP aperture: scene 1 phase 20 — starting 16 aperture(s) [thread 1445]
[2026-03-28 13:40:23.378] [info] SDDP aperture: scene 1 phase 20 — 16/16 feasible, 0 infeasible, 0 skipped (1.840s) [thread 1445]
[2026-03-28 13:40:23.737] [info] [sddp_aperture.cpp:167] SDDP aperture: scene 1 phase 19 — starting 16 aperture(s) [thread 1445]
[2026-03-28 13:40:25.827] [info] SDDP aperture: scene 1 phase 19 — 16/16 feasible, 0 infeasible, 0 skipped (2.090s) [thread 1445]
[2026-03-28 13:40:26.381] [info] [sddp_aperture.cpp:167] SDDP aperture: scene 1 phase 18 — starting 16 aperture(s) [thread 1445]
[2026-03-28 13:40:28.642] [info] SDDP aperture: scene 1 phase 18 — 16/16 feasible, 0 infeasible, 0 skipped (2.262s) [thread 1445]
[2026-03-28 13:40:29.318] [info] [sddp_aperture.cpp:167] SDDP aperture: scene 1 phase 17 — starting 16 aperture(s) [thread 1445]
[2026-03-28 13:40:31.598] [info] SDDP aperture: scene 1 phase 17 — 16/16 feasible, 0 infeasible, 0 skipped (2.280s) [thread 1445]
[2026-03-28 13:40:31.989] [info] [sddp_aperture.cpp:167] SDDP aperture: scene 1 phase 16 — starting 16 aperture(s) [thread 1445]
[2026-03-28 13:40:34.116] [info] SDDP aperture: scene 1 phase 16 — 16/16 feasible, 0 infeasible, 0 skipped (2.128s) [thread 1445]
[2026-03-28 13:40:34.501] [info] [sddp_aperture.cpp:167] SDDP aperture: scene 1 phase 15 — starting 16 aperture(s) [thread 1445]
[2026-03-28 13:40:36.677] [info] SDDP aperture: scene 1 phase 15 — 16/16 feasible, 0 infeasible, 0 skipped (2.176s) [thread 1445]
[2026-03-28 13:40:37.112] [info] [sddp_aperture.cpp:167] SDDP aperture: scene 1 phase 14 — starting 16 aperture(s) [thread 1445]
[2026-03-28 13:40:39.113] [info] SDDP aperture: scene 1 phase 14 — 16/16 feasible, 0 infeasible, 0 skipped (2.002s) [thread 1445]
[2026-03-28 13:40:39.795] [info] [sddp_aperture.cpp:167] SDDP aperture: scene 1 phase 13 — starting 16 aperture(s) [thread 1445]
[2026-03-28 13:40:41.962] [info] SDDP aperture: scene 1 phase 13 — 16/16 feasible, 0 infeasible, 0 skipped (2.167s) [thread 1445]
[2026-03-28 13:40:42.520] [info] [sddp_aperture.cpp:167] SDDP aperture: scene 1 phase 12 — starting 16 aperture(s) [thread 1445]
[2026-03-28 13:40:45.058] [info] SDDP aperture: scene 1 phase 12 — 16/16 feasible, 0 infeasible, 0 skipped (2.538s) [thread 1445]
[2026-03-28 13:40:45.469] [info] [sddp_aperture.cpp:167] SDDP aperture: scene 1 phase 11 — starting 16 aperture(s) [thread 1445]
[2026-03-28 13:40:47.846] [info] SDDP aperture: scene 1 phase 11 — 16/16 feasible, 0 infeasible, 0 skipped (2.377s) [thread 1445]
[2026-03-28 13:40:48.706] [info] [sddp_aperture.cpp:167] SDDP aperture: scene 1 phase 10 — starting 16 aperture(s) [thread 1445]
[2026-03-28 13:40:50.974] [info] SDDP aperture: scene 1 phase 10 — 16/16 feasible, 0 infeasible, 0 skipped (2.268s) [thread 1445]
[2026-03-28 13:40:51.953] [info] [sddp_aperture.cpp:167] SDDP aperture: scene 1 phase 9 — starting 16 aperture(s) [thread 1445]
[2026-03-28 13:40:54.521] [info] SDDP aperture: scene 1 phase 9 — 16/16 feasible, 0 infeasible, 0 skipped (2.568s) [thread 1445]
[2026-03-28 13:40:56.067] [info] [sddp_aperture.cpp:167] SDDP aperture: scene 1 phase 8 — starting 16 aperture(s) [thread 1445]
[2026-03-28 13:40:58.635] [info] SDDP aperture: scene 1 phase 8 — 16/16 feasible, 0 infeasible, 0 skipped (2.567s) [thread 1445]
[2026-03-28 13:40:59.342] [info] [sddp_aperture.cpp:167] SDDP aperture: scene 1 phase 7 — starting 16 aperture(s) [thread 1445]
[2026-03-28 13:41:01.607] [info] SDDP aperture: scene 1 phase 7 — 16/16 feasible, 0 infeasible, 0 skipped (2.265s) [thread 1445]
[2026-03-28 13:41:02.075] [info] [sddp_aperture.cpp:167] SDDP aperture: scene 1 phase 6 — starting 16 aperture(s) [thread 1445]
[2026-03-28 13:41:04.042] [info] SDDP aperture: scene 1 phase 6 — 16/16 feasible, 0 infeasible, 0 skipped (1.966s) [thread 1445]
[2026-03-28 13:41:04.410] [info] [sddp_aperture.cpp:167] SDDP aperture: scene 1 phase 5 — starting 16 aperture(s) [thread 1445]
[2026-03-28 13:41:06.517] [info] SDDP aperture: scene 1 phase 5 — 16/16 feasible, 0 infeasible, 0 skipped (2.106s) [thread 1445]
[2026-03-28 13:41:07.465] [info] [sddp_aperture.cpp:167] SDDP aperture: scene 1 phase 4 — starting 16 aperture(s) [thread 1445]
[2026-03-28 13:41:09.652] [info] SDDP aperture: scene 1 phase 4 — 16/16 feasible, 0 infeasible, 0 skipped (2.187s) [thread 1445]
[2026-03-28 13:41:09.987] [info] [sddp_aperture.cpp:167] SDDP aperture: scene 1 phase 3 — starting 16 aperture(s) [thread 1445]
[2026-03-28 13:41:12.417] [info] SDDP aperture: scene 1 phase 3 — 16/16 feasible, 0 infeasible, 0 skipped (2.430s) [thread 1445]
[2026-03-28 13:41:12.615] [info] [sddp_aperture.cpp:167] SDDP aperture: scene 1 phase 2 — starting 16 aperture(s) [thread 1445]
[2026-03-28 13:41:14.504] [info] SDDP aperture: scene 1 phase 2 — 16/16 feasible, 0 infeasible, 0 skipped (1.889s) [thread 1445]
[2026-03-28 13:41:14.506] [warning] [sddp_aperture_pass.cpp:518] SDDP aperture: scene 1 — all apertures infeasible at 1 phase(s) [51], used Benders fallback cuts
[2026-03-28 13:41:14.506] [info] [sddp_method.cpp:1698] SDDP iter 0: gap=0.991148 gap_change=1.000000 (147.573s)
[2026-03-28 13:41:14.506] [info] [sddp_iteration.cpp:222] SDDP: iter 0 done in 147.573s (fwd 19.80s + bwd 127.77s) — UB=28337586.5304 LB=250853.4516 gap=0.991148 gap_change=1.000000 cuts=50 infeas_cuts=3 
[2026-03-28 13:41:17.259] [info] [sddp_iteration.cpp:257] SDDP: === simulation pass (iter 1) ===
[2026-03-28 13:41:17.259] [info] [sddp_method.cpp:1280] SDDP forward: dispatching 1 scene(s) to work pool
[2026-03-28 13:41:17.264] [info] [sddp_forward_pass.cpp:80] SDDP forward: scene 1 iter 1 starting (51 phases) [thread 1445]
[2026-03-28 13:42:28.924] [warning] [sddp_forward_pass.cpp:228] SDDP forward: iter 1 scene 1 phase 51 non-optimal (status 2), trying elastic solve
[2026-03-28 13:42:30.259] [info] [sddp_forward_pass.cpp:265] SDDP forward: scene 1 phase 51 elastic solve ok, obj=685868.5594 alpha=0.0000 opex=685868.5594 [infeas_count=2]
[2026-03-28 13:42:30.261] [info] [sddp_forward_pass.cpp:339] SDDP forward: scene 1 iter 1 done, total_opex=29144568.0346 [thread 1445]
[2026-03-28 13:42:30.262] [info] [sddp_method.cpp:1698] SDDP iter 1: gap=0.133513 gap_change=1.000000 (73.003s)
[2026-03-28 13:42:30.262] [info] [sddp_iteration.cpp:304] SDDP: simulation pass done in 73.003s — UB=29144568.0346 LB=25253403.4158 gap=0.133513 gap_change=1.000000 
[2026-03-28 13:42:33.523] [info]   WorkPool shutdown complete
[2026-03-28 13:42:33.524] [info]   WorkPool shutdown complete
[2026-03-28 13:42:33.587] [info]   Optimization time 226.979s
[2026-03-28 13:42:33.587] [warning] Solver did not find an optimal solution: SDDP did not converge after 1 iterations (gap=0.133513) (code=1)
[2026-03-28 13:42:33.587] [error]   Solver options used: algorithm=barrier, threads=2, presolve=true, optimal_eps=(default), feasible_eps=(default), barrier_eps=(default), log_level=0
[2026-03-28 13:42:33.587] [info] === Solution statistics ===
[2026-03-28 13:42:33.587] [info]   Status          : non-optimal
