[2026-03-28 13:43:56.937] [info] trace log file: gtopt_case_2y/results/logs/trace_38.log
[2026-03-28 13:43:56.938] [info]   Parsing input file gtopt_case_2y/gtopt_case_2y.json
[2026-03-28 13:43:56.938] [warning] deprecated option 'use_lp_names': use 'lp_build_options.names_level' instead
[2026-03-28 13:43:56.965] [info]   Parse all input files time 0.028s
[2026-03-28 13:43:56.966] [info] Output compression codec: zstd
[2026-03-28 13:43:56.967] [info] Planning validation passed
[2026-03-28 13:43:56.967] [info] === System statistics ===
[2026-03-28 13:43:56.967] [info]   System name     : gtopt_case_2y
[2026-03-28 13:43:56.967] [info]   System version  : 
[2026-03-28 13:43:56.967] [info] === System elements  ===
[2026-03-28 13:43:56.967] [info]   Buses           : 236
[2026-03-28 13:43:56.967] [info]   Generators      : 1715
[2026-03-28 13:43:56.967] [info]   Generator profs : 0
[2026-03-28 13:43:56.967] [info]   Demands         : 138
[2026-03-28 13:43:56.967] [info]   Demand profs    : 0
[2026-03-28 13:43:56.967] [info]   Lines           : 330
[2026-03-28 13:43:56.967] [info]   Batteries       : 25
[2026-03-28 13:43:56.967] [info]   Converters      : 0
[2026-03-28 13:43:56.967] [info]   Reserve zones   : 0
[2026-03-28 13:43:56.967] [info]   Reserve provisions   : 0
[2026-03-28 13:43:56.967] [info]   Junctions       : 100
[2026-03-28 13:43:56.967] [info]   Waterways       : 136
[2026-03-28 13:43:56.967] [info]   Flows           : 160
[2026-03-28 13:43:56.967] [info]   Reservoirs      : 10
[2026-03-28 13:43:56.967] [info]   ReservoirSeepages     : 3
[2026-03-28 13:43:56.967] [info]   Turbines        : 170
[2026-03-28 13:43:56.967] [info] === Simulation statistics ===
[2026-03-28 13:43:56.967] [info]   Blocks          : 510
[2026-03-28 13:43:56.967] [info]   Stages          : 51
[2026-03-28 13:43:56.967] [info]   Scenarios       : 1
[2026-03-28 13:43:56.967] [info] === Key options ===
[2026-03-28 13:43:56.967] [info]   use_kirchhoff   : false
[2026-03-28 13:43:56.967] [info]   use_single_bus  : false
[2026-03-28 13:43:56.967] [info]   scale_objective : 1000
[2026-03-28 13:43:56.967] [info]   demand_fail_cost: 1000
[2026-03-28 13:43:56.967] [info]   input_directory : gtopt_case_2y
[2026-03-28 13:43:56.967] [info]   output_directory: gtopt_case_2y/results
[2026-03-28 13:43:56.967] [info]   output_format   : parquet
[2026-03-28 13:43:56.967] [info] === Building LP model ===
[2026-03-28 13:43:56.971] [info] [planning_lp.cpp:44]   Building LP: 1 scene(s) × 51 phase(s)
[2026-03-28 13:43:56.971] [info]   SolverWorkPool initialized: 25 max threads, 98% CPU threshold
[2026-03-28 13:43:56.971] [info]   SolverWorkPool started
[2026-03-28 13:44:19.746] [info] [planning_lp.cpp:105]   Building LP done in 22.775s
[2026-03-28 13:44:19.747] [info]   WorkPool shutdown complete
[2026-03-28 13:44:19.747] [info]   Build lp time 22.779s
[2026-03-28 13:44:19.747] [info]   LP coefficient analysis: 51 LP(s), global |coeff| [6.667e-06, 6.420e+01], ratio=9.63e+06 (fair)
[2026-03-28 13:44:19.747] [info] === System optimization ===
[2026-03-28 13:44:19.747] [info] [sddp_method.cpp:1823] SDDPMethod: starting 1 scene(s) × 51 phase(s)
[2026-03-28 13:44:19.747] [info] ApertureDataCache: scanning 'gtopt_case_2y/apertures'
[2026-03-28 13:44:19.918] [info] ApertureDataCache: loaded 1618230 entries across 334 elements from gtopt_case_2y/apertures (0.17s, 20 threads)
[2026-03-28 13:44:19.918] [info] [sddp_method.cpp:1074] SDDP: initializing solver (no initial solve pass)
[2026-03-28 13:44:19.918] [info] [sddp_method.cpp:1086] SDDP: 1 scene(s), 51 phase(s)
[2026-03-28 13:44:19.918] [info] [sddp_method.cpp:1095] SDDP: adding alpha variables and collecting state links
[2026-03-28 13:44:20.219] [warning] [sddp_cut_io.cpp:922] Boundary cuts: state variable 'CANUTILLAR' not found in the current model; non-zero coefficient -100.6546958 (mode=skip_coeff)
[2026-03-28 13:44:20.219] [warning] [sddp_cut_io.cpp:922] Boundary cuts: state variable 'PILMAIQUEN' not found in the current model; non-zero coefficient -11.03538014 (mode=skip_coeff)
[2026-03-28 13:44:20.220] [info] [sddp_cut_io.cpp:995] SDDP: loaded 35 boundary cuts from gtopt_case_2y/boundary_cuts.csv (mode=separated, max_iters=0)
[2026-03-28 13:44:20.221] [info] [sddp_method.cpp:1173] SDDP: loaded 35 boundary cuts from gtopt_case_2y/boundary_cuts.csv
[2026-03-28 13:44:20.221] [info] [sddp_method.cpp:1254] SDDP: initialization complete (0.30s)
[2026-03-28 13:44:20.221] [info]   SDDPWorkPool initialized: 25 max threads, 98% CPU threshold
[2026-03-28 13:44:20.221] [info]   SDDPWorkPool started
[2026-03-28 13:44:20.221] [info] [sddp_pool.hpp:160] SDDP work pool started: max_threads=25 cpu_threshold=98% (hw_concurrency=20)
[2026-03-28 13:44:20.221] [info]   SolverWorkPool initialized: 25 max threads, 98% CPU threshold
[2026-03-28 13:44:20.221] [info]   SolverWorkPool started
[2026-03-28 13:44:20.221] [info] [sddp_iteration.cpp:67] SDDP: work pools created (0.00s)
[2026-03-28 13:44:20.221] [info] [sddp_iteration.cpp:102] SDDP: === iteration 0 / 0 ===
[2026-03-28 13:44:20.221] [info] [sddp_method.cpp:1280] SDDP forward: dispatching 1 scene(s) to work pool
[2026-03-28 13:44:20.241] [info] [sddp_forward_pass.cpp:80] SDDP forward: scene 1 iter 0 starting (51 phases) [thread 8362]
[2026-03-28 13:44:31.030] [warning] [sddp_forward_pass.cpp:228] SDDP forward: iter 0 scene 1 phase 37 non-optimal (status 2), trying elastic solve
[2026-03-28 13:44:31.660] [info] [sddp_forward_pass.cpp:265] SDDP forward: scene 1 phase 37 elastic solve ok, obj=702010.9206 alpha=0.0000 opex=702010.9206 [infeas_count=1]
[2026-03-28 13:44:31.914] [warning] [sddp_forward_pass.cpp:228] SDDP forward: iter 0 scene 1 phase 38 non-optimal (status 2), trying elastic solve
[2026-03-28 13:44:32.931] [info] [sddp_forward_pass.cpp:265] SDDP forward: scene 1 phase 38 elastic solve ok, obj=647094.3981 alpha=0.0000 opex=647094.3981 [infeas_count=1]
[2026-03-28 13:44:37.078] [warning] [sddp_forward_pass.cpp:228] SDDP forward: iter 0 scene 1 phase 51 non-optimal (status 2), trying elastic solve
[2026-03-28 13:44:38.687] [info] [sddp_forward_pass.cpp:265] SDDP forward: scene 1 phase 51 elastic solve ok, obj=687241.0995 alpha=0.0000 opex=687241.0995 [infeas_count=1]
[2026-03-28 13:44:38.689] [info] [sddp_forward_pass.cpp:339] SDDP forward: scene 1 iter 0 done, total_opex=28337586.5304 [thread 8362]
[2026-03-28 13:44:38.690] [info] [sddp_method.cpp:1373] SDDP backward: dispatching 1 scene(s) to work pool (cut_sharing=none, apertures=enabled)
[2026-03-28 13:44:38.708] [info] [sddp_aperture_pass.cpp:373] SDDP backward (apertures): scene 1 iter 0 starting (50 phases) [thread 8362]
[2026-03-28 13:44:38.708] [info] [sddp_aperture.cpp:167] SDDP aperture: scene 1 phase 51 — starting 16 aperture(s) [thread 8362]
[2026-03-28 13:44:40.162] [info] SDDP aperture: scene 1 phase 51 aperture uid 3 infeasible (status 2), skipping
[2026-03-28 13:44:40.162] [info] SDDP aperture: scene 1 phase 51 aperture uid 4 infeasible (status 2), skipping
[2026-03-28 13:44:40.162] [info] SDDP aperture: scene 1 phase 51 aperture uid 5 infeasible (status 2), skipping
[2026-03-28 13:44:40.162] [info] SDDP aperture: scene 1 phase 51 aperture uid 6 infeasible (status 2), skipping
[2026-03-28 13:44:40.162] [info] SDDP aperture: scene 1 phase 51 aperture uid 7 infeasible (status 2), skipping
[2026-03-28 13:44:40.162] [info] SDDP aperture: scene 1 phase 51 aperture uid 8 infeasible (status 2), skipping
[2026-03-28 13:44:40.162] [info] SDDP aperture: scene 1 phase 51 aperture uid 9 infeasible (status 2), skipping
[2026-03-28 13:44:40.162] [info] SDDP aperture: scene 1 phase 51 aperture uid 10 infeasible (status 2), skipping
[2026-03-28 13:44:40.162] [info] SDDP aperture: scene 1 phase 51 aperture uid 11 infeasible (status 2), skipping
[2026-03-28 13:44:40.199] [info] SDDP aperture: scene 1 phase 51 aperture uid 12 infeasible (status 2), skipping
[2026-03-28 13:44:40.200] [info] SDDP aperture: scene 1 phase 51 aperture uid 13 infeasible (status 2), skipping
[2026-03-28 13:44:40.200] [info] SDDP aperture: scene 1 phase 51 aperture uid 14 infeasible (status 2), skipping
[2026-03-28 13:44:40.366] [info] SDDP aperture: scene 1 phase 51 aperture uid 15 infeasible (status 2), skipping
[2026-03-28 13:44:40.366] [info] SDDP aperture: scene 1 phase 51 aperture uid 16 infeasible (status 2), skipping
[2026-03-28 13:44:40.366] [info] SDDP aperture: scene 1 phase 51 aperture uid 17 infeasible (status 2), skipping
[2026-03-28 13:44:40.510] [info] SDDP aperture: scene 1 phase 51 aperture uid 18 infeasible (status 2), skipping
[2026-03-28 13:44:40.511] [info] SDDP aperture: scene 1 phase 51 — 0/16 feasible, 16 infeasible, 0 skipped (1.802s) [thread 8362]
[2026-03-28 13:44:40.527] [info] [sddp_aperture.cpp:167] SDDP aperture: scene 1 phase 50 — starting 16 aperture(s) [thread 8362]
[2026-03-28 13:44:43.213] [info] SDDP aperture: scene 1 phase 50 — 16/16 feasible, 0 infeasible, 0 skipped (2.686s) [thread 8362]
[2026-03-28 13:44:43.329] [info] [sddp_aperture.cpp:167] SDDP aperture: scene 1 phase 49 — starting 16 aperture(s) [thread 8362]
[2026-03-28 13:44:45.671] [info] SDDP aperture: scene 1 phase 49 — 16/16 feasible, 0 infeasible, 0 skipped (2.342s) [thread 8362]
[2026-03-28 13:44:45.960] [info] [sddp_aperture.cpp:167] SDDP aperture: scene 1 phase 48 — starting 16 aperture(s) [thread 8362]
[2026-03-28 13:44:47.871] [info] SDDP aperture: scene 1 phase 48 — 16/16 feasible, 0 infeasible, 0 skipped (1.911s) [thread 8362]
[2026-03-28 13:44:47.985] [info] [sddp_aperture.cpp:167] SDDP aperture: scene 1 phase 47 — starting 16 aperture(s) [thread 8362]
[2026-03-28 13:44:50.631] [info] SDDP aperture: scene 1 phase 47 — 16/16 feasible, 0 infeasible, 0 skipped (2.646s) [thread 8362]
[2026-03-28 13:44:50.862] [info] [sddp_aperture.cpp:167] SDDP aperture: scene 1 phase 46 — starting 16 aperture(s) [thread 8362]
[2026-03-28 13:44:53.061] [info] SDDP aperture: scene 1 phase 46 — 16/16 feasible, 0 infeasible, 0 skipped (2.199s) [thread 8362]
[2026-03-28 13:44:53.339] [info] [sddp_aperture.cpp:167] SDDP aperture: scene 1 phase 45 — starting 16 aperture(s) [thread 8362]
[2026-03-28 13:44:56.811] [info] SDDP aperture: scene 1 phase 45 — 16/16 feasible, 0 infeasible, 0 skipped (3.471s) [thread 8362]
[2026-03-28 13:44:57.115] [info] [sddp_aperture.cpp:167] SDDP aperture: scene 1 phase 44 — starting 16 aperture(s) [thread 8362]
[2026-03-28 13:45:00.586] [info] SDDP aperture: scene 1 phase 44 — 16/16 feasible, 0 infeasible, 0 skipped (3.471s) [thread 8362]
[2026-03-28 13:45:01.894] [info] [sddp_aperture.cpp:167] SDDP aperture: scene 1 phase 43 — starting 16 aperture(s) [thread 8362]
[2026-03-28 13:45:04.697] [info] SDDP aperture: scene 1 phase 43 — 16/16 feasible, 0 infeasible, 0 skipped (2.804s) [thread 8362]
[2026-03-28 13:45:05.550] [info] [sddp_aperture.cpp:167] SDDP aperture: scene 1 phase 42 — starting 16 aperture(s) [thread 8362]
[2026-03-28 13:45:08.437] [info] SDDP aperture: scene 1 phase 42 — 16/16 feasible, 0 infeasible, 0 skipped (2.886s) [thread 8362]
[2026-03-28 13:45:08.463] [info] [sddp_aperture.cpp:167] SDDP aperture: scene 1 phase 41 — starting 16 aperture(s) [thread 8362]
[2026-03-28 13:45:12.567] [info] SDDP aperture: scene 1 phase 41 — 16/16 feasible, 0 infeasible, 0 skipped (4.104s) [thread 8362]
[2026-03-28 13:45:12.914] [info] [sddp_aperture.cpp:167] SDDP aperture: scene 1 phase 40 — starting 16 aperture(s) [thread 8362]
[2026-03-28 13:45:17.064] [info] SDDP aperture: scene 1 phase 40 — 16/16 feasible, 0 infeasible, 0 skipped (4.150s) [thread 8362]
[2026-03-28 13:45:17.450] [info] [sddp_aperture.cpp:167] SDDP aperture: scene 1 phase 39 — starting 16 aperture(s) [thread 8362]
[2026-03-28 13:45:20.566] [info] SDDP aperture: scene 1 phase 39 — 16/16 feasible, 0 infeasible, 0 skipped (3.116s) [thread 8362]
[2026-03-28 13:45:20.575] [warning] [sddp_aperture_pass.cpp:506] SDDP backward: iter 0 scene 1 phase 38 non-optimal after expected cut (status 2), skipping further backpropagation
[2026-03-28 13:45:20.575] [info] [sddp_aperture.cpp:167] SDDP aperture: scene 1 phase 38 — starting 16 aperture(s) [thread 8362]
[2026-03-28 13:45:23.295] [info] SDDP aperture: scene 1 phase 38 aperture uid 16 infeasible (status 2), skipping
[2026-03-28 13:45:23.301] [info] SDDP aperture: scene 1 phase 38 — 15/16 feasible, 1 infeasible, 0 skipped (2.726s) [thread 8362]
[2026-03-28 13:45:23.312] [warning] [sddp_aperture_pass.cpp:506] SDDP backward: iter 0 scene 1 phase 37 non-optimal after expected cut (status 2), skipping further backpropagation
[2026-03-28 13:45:23.312] [info] [sddp_aperture.cpp:167] SDDP aperture: scene 1 phase 37 — starting 16 aperture(s) [thread 8362]
[2026-03-28 13:45:25.237] [info] SDDP aperture: scene 1 phase 37 — 16/16 feasible, 0 infeasible, 0 skipped (1.925s) [thread 8362]
[2026-03-28 13:45:25.729] [info] [sddp_aperture.cpp:167] SDDP aperture: scene 1 phase 36 — starting 16 aperture(s) [thread 8362]
[2026-03-28 13:45:29.053] [info] SDDP aperture: scene 1 phase 36 — 16/16 feasible, 0 infeasible, 0 skipped (3.325s) [thread 8362]
[2026-03-28 13:45:29.596] [info] [sddp_aperture.cpp:167] SDDP aperture: scene 1 phase 35 — starting 16 aperture(s) [thread 8362]
[2026-03-28 13:45:33.274] [info] SDDP aperture: scene 1 phase 35 — 16/16 feasible, 0 infeasible, 0 skipped (3.677s) [thread 8362]
[2026-03-28 13:45:33.974] [info] [sddp_aperture.cpp:167] SDDP aperture: scene 1 phase 34 — starting 16 aperture(s) [thread 8362]
[2026-03-28 13:45:38.422] [info] SDDP aperture: scene 1 phase 34 — 16/16 feasible, 0 infeasible, 0 skipped (4.448s) [thread 8362]
[2026-03-28 13:45:38.834] [info] [sddp_aperture.cpp:167] SDDP aperture: scene 1 phase 33 — starting 16 aperture(s) [thread 8362]
[2026-03-28 13:45:41.764] [info] SDDP aperture: scene 1 phase 33 — 16/16 feasible, 0 infeasible, 0 skipped (2.929s) [thread 8362]
[2026-03-28 13:45:42.524] [info] [sddp_aperture.cpp:167] SDDP aperture: scene 1 phase 32 — starting 16 aperture(s) [thread 8362]
[2026-03-28 13:45:45.543] [info] SDDP aperture: scene 1 phase 32 — 16/16 feasible, 0 infeasible, 0 skipped (3.018s) [thread 8362]
[2026-03-28 13:45:46.105] [info] [sddp_aperture.cpp:167] SDDP aperture: scene 1 phase 31 — starting 16 aperture(s) [thread 8362]
[2026-03-28 13:45:48.973] [info] SDDP aperture: scene 1 phase 31 — 16/16 feasible, 0 infeasible, 0 skipped (2.868s) [thread 8362]
[2026-03-28 13:45:49.648] [info] [sddp_aperture.cpp:167] SDDP aperture: scene 1 phase 30 — starting 16 aperture(s) [thread 8362]
[2026-03-28 13:45:52.115] [info] SDDP aperture: scene 1 phase 30 — 16/16 feasible, 0 infeasible, 0 skipped (2.467s) [thread 8362]
[2026-03-28 13:45:52.629] [info] [sddp_aperture.cpp:167] SDDP aperture: scene 1 phase 29 — starting 16 aperture(s) [thread 8362]
[2026-03-28 13:45:55.037] [info] SDDP aperture: scene 1 phase 29 — 16/16 feasible, 0 infeasible, 0 skipped (2.408s) [thread 8362]
[2026-03-28 13:45:55.291] [info] [sddp_aperture.cpp:167] SDDP aperture: scene 1 phase 28 — starting 16 aperture(s) [thread 8362]
[2026-03-28 13:45:57.726] [info] SDDP aperture: scene 1 phase 28 — 16/16 feasible, 0 infeasible, 0 skipped (2.435s) [thread 8362]
[2026-03-28 13:45:58.229] [info] [sddp_aperture.cpp:167] SDDP aperture: scene 1 phase 27 — starting 16 aperture(s) [thread 8362]
[2026-03-28 13:46:00.820] [info] SDDP aperture: scene 1 phase 27 aperture uid 15 infeasible (status 2), skipping
[2026-03-28 13:46:00.820] [info] SDDP aperture: scene 1 phase 27 — 15/16 feasible, 1 infeasible, 0 skipped (2.591s) [thread 8362]
[2026-03-28 13:46:01.286] [info] [sddp_aperture.cpp:167] SDDP aperture: scene 1 phase 26 — starting 16 aperture(s) [thread 8362]
[2026-03-28 13:46:03.443] [info] SDDP aperture: scene 1 phase 26 — 16/16 feasible, 0 infeasible, 0 skipped (2.157s) [thread 8362]
[2026-03-28 13:46:03.737] [info] [sddp_aperture.cpp:167] SDDP aperture: scene 1 phase 25 — starting 16 aperture(s) [thread 8362]
[2026-03-28 13:46:05.760] [info] SDDP aperture: scene 1 phase 25 — 16/16 feasible, 0 infeasible, 0 skipped (2.023s) [thread 8362]
[2026-03-28 13:46:06.049] [info] [sddp_aperture.cpp:167] SDDP aperture: scene 1 phase 24 — starting 16 aperture(s) [thread 8362]
[2026-03-28 13:46:07.901] [info] SDDP aperture: scene 1 phase 24 — 16/16 feasible, 0 infeasible, 0 skipped (1.852s) [thread 8362]
[2026-03-28 13:46:08.254] [info] [sddp_aperture.cpp:167] SDDP aperture: scene 1 phase 23 — starting 16 aperture(s) [thread 8362]
[2026-03-28 13:46:10.458] [info] SDDP aperture: scene 1 phase 23 — 16/16 feasible, 0 infeasible, 0 skipped (2.205s) [thread 8362]
[2026-03-28 13:46:10.822] [info] [sddp_aperture.cpp:167] SDDP aperture: scene 1 phase 22 — starting 16 aperture(s) [thread 8362]
[2026-03-28 13:46:13.228] [info] SDDP aperture: scene 1 phase 22 — 16/16 feasible, 0 infeasible, 0 skipped (2.406s) [thread 8362]
[2026-03-28 13:46:13.588] [info] [sddp_aperture.cpp:167] SDDP aperture: scene 1 phase 21 — starting 16 aperture(s) [thread 8362]
[2026-03-28 13:46:15.683] [info] SDDP aperture: scene 1 phase 21 — 16/16 feasible, 0 infeasible, 0 skipped (2.095s) [thread 8362]
[2026-03-28 13:46:15.984] [info] [sddp_aperture.cpp:167] SDDP aperture: scene 1 phase 20 — starting 16 aperture(s) [thread 8362]
[2026-03-28 13:46:18.087] [info] SDDP aperture: scene 1 phase 20 — 16/16 feasible, 0 infeasible, 0 skipped (2.102s) [thread 8362]
[2026-03-28 13:46:18.454] [info] [sddp_aperture.cpp:167] SDDP aperture: scene 1 phase 19 — starting 16 aperture(s) [thread 8362]
[2026-03-28 13:46:20.653] [info] SDDP aperture: scene 1 phase 19 — 16/16 feasible, 0 infeasible, 0 skipped (2.199s) [thread 8362]
[2026-03-28 13:46:21.030] [info] [sddp_aperture.cpp:167] SDDP aperture: scene 1 phase 18 — starting 16 aperture(s) [thread 8362]
[2026-03-28 13:46:23.256] [info] SDDP aperture: scene 1 phase 18 — 16/16 feasible, 0 infeasible, 0 skipped (2.226s) [thread 8362]
[2026-03-28 13:46:23.751] [info] [sddp_aperture.cpp:167] SDDP aperture: scene 1 phase 17 — starting 16 aperture(s) [thread 8362]
[2026-03-28 13:46:26.124] [info] SDDP aperture: scene 1 phase 17 — 16/16 feasible, 0 infeasible, 0 skipped (2.373s) [thread 8362]
[2026-03-28 13:46:26.547] [info] [sddp_aperture.cpp:167] SDDP aperture: scene 1 phase 16 — starting 16 aperture(s) [thread 8362]
[2026-03-28 13:46:28.838] [info] SDDP aperture: scene 1 phase 16 — 16/16 feasible, 0 infeasible, 0 skipped (2.291s) [thread 8362]
[2026-03-28 13:46:29.230] [info] [sddp_aperture.cpp:167] SDDP aperture: scene 1 phase 15 — starting 16 aperture(s) [thread 8362]
[2026-03-28 13:46:31.489] [info] SDDP aperture: scene 1 phase 15 — 16/16 feasible, 0 infeasible, 0 skipped (2.259s) [thread 8362]
[2026-03-28 13:46:31.966] [info] [sddp_aperture.cpp:167] SDDP aperture: scene 1 phase 14 — starting 16 aperture(s) [thread 8362]
[2026-03-28 13:46:34.782] [info] SDDP aperture: scene 1 phase 14 — 16/16 feasible, 0 infeasible, 0 skipped (2.815s) [thread 8362]
[2026-03-28 13:46:35.370] [info] [sddp_aperture.cpp:167] SDDP aperture: scene 1 phase 13 — starting 16 aperture(s) [thread 8362]
[2026-03-28 13:46:38.800] [info] SDDP aperture: scene 1 phase 13 — 16/16 feasible, 0 infeasible, 0 skipped (3.430s) [thread 8362]
[2026-03-28 13:46:39.537] [info] [sddp_aperture.cpp:167] SDDP aperture: scene 1 phase 12 — starting 16 aperture(s) [thread 8362]
[2026-03-28 13:46:43.653] [info] SDDP aperture: scene 1 phase 12 — 16/16 feasible, 0 infeasible, 0 skipped (4.116s) [thread 8362]
[2026-03-28 13:46:44.230] [info] [sddp_aperture.cpp:167] SDDP aperture: scene 1 phase 11 — starting 16 aperture(s) [thread 8362]
[2026-03-28 13:46:48.423] [info] SDDP aperture: scene 1 phase 11 — 16/16 feasible, 0 infeasible, 0 skipped (4.193s) [thread 8362]
[2026-03-28 13:46:49.448] [info] [sddp_aperture.cpp:167] SDDP aperture: scene 1 phase 10 — starting 16 aperture(s) [thread 8362]
[2026-03-28 13:46:53.962] [info] SDDP aperture: scene 1 phase 10 — 16/16 feasible, 0 infeasible, 0 skipped (4.514s) [thread 8362]
[2026-03-28 13:46:55.340] [info] [sddp_aperture.cpp:167] SDDP aperture: scene 1 phase 9 — starting 16 aperture(s) [thread 8362]
[2026-03-28 13:46:59.316] [info] SDDP aperture: scene 1 phase 9 — 16/16 feasible, 0 infeasible, 0 skipped (3.976s) [thread 8362]
[2026-03-28 13:47:01.108] [info] [sddp_aperture.cpp:167] SDDP aperture: scene 1 phase 8 — starting 16 aperture(s) [thread 8362]
[2026-03-28 13:47:06.114] [info] SDDP aperture: scene 1 phase 8 — 16/16 feasible, 0 infeasible, 0 skipped (5.006s) [thread 8362]
[2026-03-28 13:47:07.285] [info] [sddp_aperture.cpp:167] SDDP aperture: scene 1 phase 7 — starting 16 aperture(s) [thread 8362]
[2026-03-28 13:47:11.052] [info] SDDP aperture: scene 1 phase 7 — 16/16 feasible, 0 infeasible, 0 skipped (3.768s) [thread 8362]
[2026-03-28 13:47:12.130] [info] [sddp_aperture.cpp:167] SDDP aperture: scene 1 phase 6 — starting 16 aperture(s) [thread 8362]
[2026-03-28 13:47:16.046] [info] SDDP aperture: scene 1 phase 6 — 16/16 feasible, 0 infeasible, 0 skipped (3.916s) [thread 8362]
[2026-03-28 13:47:16.970] [info] [sddp_aperture.cpp:167] SDDP aperture: scene 1 phase 5 — starting 16 aperture(s) [thread 8362]
[2026-03-28 13:47:20.642] [info] SDDP aperture: scene 1 phase 5 — 16/16 feasible, 0 infeasible, 0 skipped (3.672s) [thread 8362]
[2026-03-28 13:47:21.630] [info] [sddp_aperture.cpp:167] SDDP aperture: scene 1 phase 4 — starting 16 aperture(s) [thread 8362]
[2026-03-28 13:47:25.080] [info] SDDP aperture: scene 1 phase 4 — 16/16 feasible, 0 infeasible, 0 skipped (3.451s) [thread 8362]
[2026-03-28 13:47:25.408] [info] [sddp_aperture.cpp:167] SDDP aperture: scene 1 phase 3 — starting 16 aperture(s) [thread 8362]
[2026-03-28 13:47:28.107] [info] SDDP aperture: scene 1 phase 3 — 16/16 feasible, 0 infeasible, 0 skipped (2.699s) [thread 8362]
[2026-03-28 13:47:28.511] [info] [sddp_aperture.cpp:167] SDDP aperture: scene 1 phase 2 — starting 16 aperture(s) [thread 8362]
[2026-03-28 13:47:31.290] [info] SDDP aperture: scene 1 phase 2 — 16/16 feasible, 0 infeasible, 0 skipped (2.778s) [thread 8362]
[2026-03-28 13:47:31.290] [warning] [sddp_aperture_pass.cpp:518] SDDP aperture: scene 1 — all apertures infeasible at 1 phase(s) [51], used Benders fallback cuts
[2026-03-28 13:47:31.290] [info] [sddp_method.cpp:1698] SDDP iter 0: gap=0.991148 gap_change=1.000000 (191.069s)
[2026-03-28 13:47:31.290] [info] [sddp_iteration.cpp:222] SDDP: iter 0 done in 191.069s (fwd 18.47s + bwd 172.60s) — UB=28337586.5304 LB=250853.4516 gap=0.991148 gap_change=1.000000 cuts=50 infeas_cuts=3 
[2026-03-28 13:47:34.464] [info] [sddp_iteration.cpp:257] SDDP: === simulation pass (iter 1) ===
[2026-03-28 13:47:34.464] [info] [sddp_method.cpp:1280] SDDP forward: dispatching 1 scene(s) to work pool
[2026-03-28 13:47:34.479] [info] [sddp_forward_pass.cpp:80] SDDP forward: scene 1 iter 1 starting (51 phases) [thread 6194]
[2026-03-28 13:48:53.045] [warning] [sddp_forward_pass.cpp:228] SDDP forward: iter 1 scene 1 phase 51 non-optimal (status 2), trying elastic solve
[2026-03-28 13:48:53.931] [info] [sddp_forward_pass.cpp:265] SDDP forward: scene 1 phase 51 elastic solve ok, obj=685868.5594 alpha=0.0000 opex=685868.5594 [infeas_count=2]
[2026-03-28 13:48:53.935] [info] [sddp_forward_pass.cpp:339] SDDP forward: scene 1 iter 1 done, total_opex=29144568.0346 [thread 6194]
[2026-03-28 13:48:53.935] [info] [sddp_method.cpp:1698] SDDP iter 1: gap=0.133513 gap_change=1.000000 (79.471s)
[2026-03-28 13:48:53.935] [info] [sddp_iteration.cpp:304] SDDP: simulation pass done in 79.471s — UB=29144568.0346 LB=25253403.4158 gap=0.133513 gap_change=1.000000 
[2026-03-28 13:48:57.535] [info]   WorkPool shutdown complete
[2026-03-28 13:48:57.535] [info]   WorkPool shutdown complete
[2026-03-28 13:48:57.605] [info]   Optimization time 277.858s
[2026-03-28 13:48:57.605] [warning] Solver did not find an optimal solution: SDDP did not converge after 1 iterations (gap=0.133513) (code=1)
[2026-03-28 13:48:57.605] [error]   Solver options used: algorithm=barrier, threads=2, presolve=true, optimal_eps=(default), feasible_eps=(default), barrier_eps=(default), log_level=0
[2026-03-28 13:48:57.605] [info] === Solution statistics ===
[2026-03-28 13:48:57.605] [info]   Status          : non-optimal
