[2026-03-26 20:12:59.650] [info] trace log file: gtopt_case_2y/results/logs/trace_12.log
[2026-03-26 20:12:59.651] [info]   Parsing input file gtopt_case_2y/gtopt_case_2y.json
[2026-03-26 20:12:59.653] [warning] deprecated option 'use_lp_names': use 'lp_build_options.names_level' instead
[2026-03-26 20:12:59.700] [info]   Parse all input files time 0.050s
[2026-03-26 20:12:59.700] [info] Output compression codec: zstd
[2026-03-26 20:12:59.704] [info] Planning validation passed
[2026-03-26 20:12:59.704] [info] === System statistics ===
[2026-03-26 20:12:59.704] [info]   System name     : gtopt_case_2y
[2026-03-26 20:12:59.704] [info]   System version  : 
[2026-03-26 20:12:59.704] [info] === System elements  ===
[2026-03-26 20:12:59.704] [info]   Buses           : 236
[2026-03-26 20:12:59.704] [info]   Generators      : 1715
[2026-03-26 20:12:59.704] [info]   Generator profs : 0
[2026-03-26 20:12:59.704] [info]   Demands         : 138
[2026-03-26 20:12:59.704] [info]   Demand profs    : 0
[2026-03-26 20:12:59.704] [info]   Lines           : 330
[2026-03-26 20:12:59.704] [info]   Batteries       : 25
[2026-03-26 20:12:59.704] [info]   Converters      : 0
[2026-03-26 20:12:59.704] [info]   Reserve zones   : 0
[2026-03-26 20:12:59.704] [info]   Reserve provisions   : 0
[2026-03-26 20:12:59.704] [info]   Junctions       : 100
[2026-03-26 20:12:59.704] [info]   Waterways       : 136
[2026-03-26 20:12:59.704] [info]   Flows           : 160
[2026-03-26 20:12:59.704] [info]   Reservoirs      : 10
[2026-03-26 20:12:59.704] [info]   ReservoirSeepages     : 3
[2026-03-26 20:12:59.704] [info]   Turbines        : 170
[2026-03-26 20:12:59.704] [info] === Simulation statistics ===
[2026-03-26 20:12:59.704] [info]   Blocks          : 510
[2026-03-26 20:12:59.704] [info]   Stages          : 51
[2026-03-26 20:12:59.704] [info]   Scenarios       : 1
[2026-03-26 20:12:59.704] [info] === Key options ===
[2026-03-26 20:12:59.704] [info]   use_kirchhoff   : false
[2026-03-26 20:12:59.704] [info]   use_single_bus  : false
[2026-03-26 20:12:59.704] [info]   scale_objective : 1000
[2026-03-26 20:12:59.704] [info]   demand_fail_cost: 1000
[2026-03-26 20:12:59.704] [info]   input_directory : gtopt_case_2y
[2026-03-26 20:12:59.704] [info]   output_directory: gtopt_case_2y/results
[2026-03-26 20:12:59.704] [info]   output_format   : parquet
[2026-03-26 20:12:59.704] [info] === Building LP model ===
[2026-03-26 20:12:59.707] [info] [planning_lp.cpp:44]   Building LP: 1 scene(s) × 51 phase(s)
[2026-03-26 20:12:59.707] [info]   SolverWorkPool initialized: 25 max threads, 98% CPU threshold
[2026-03-26 20:12:59.708] [info]   SolverWorkPool started
[2026-03-26 20:13:17.441] [info] [planning_lp.cpp:105]   Building LP done in 17.733s
[2026-03-26 20:13:17.441] [info]   WorkPool shutdown complete
[2026-03-26 20:13:17.441] [info]   Build lp time 17.737s
[2026-03-26 20:13:17.441] [info]   LP coefficient analysis: 51 LP(s), global |coeff| [6.667e-06, 6.420e+01], ratio=9.63e+06 (fair)
[2026-03-26 20:13:17.441] [info] === System optimization ===
[2026-03-26 20:13:17.441] [info] [sddp_method.cpp:1798] SDDPMethod: starting 1 scene(s) × 51 phase(s)
[2026-03-26 20:13:17.442] [info] ApertureDataCache: scanning 'gtopt_case_2y/apertures'
[2026-03-26 20:13:17.500] [info] ApertureDataCache: loaded 1618230 entries across 334 elements from gtopt_case_2y/apertures (0.06s, 20 threads)
[2026-03-26 20:13:17.500] [info] [sddp_method.cpp:1055] SDDP: initializing solver (no initial solve pass)
[2026-03-26 20:13:17.500] [info] [sddp_method.cpp:1067] SDDP: 1 scene(s), 51 phase(s)
[2026-03-26 20:13:17.500] [info] [sddp_method.cpp:1076] SDDP: adding alpha variables and collecting state links
[2026-03-26 20:13:17.805] [warning] [sddp_cut_io.cpp:949] Boundary cuts: state variable 'CANUTILLAR' not found in the current model; ignoring non-zero coefficient 0.023762683
[2026-03-26 20:13:17.805] [warning] [sddp_cut_io.cpp:949] Boundary cuts: state variable 'PILMAIQUEN' not found in the current model; ignoring non-zero coefficient -1.270783954
[2026-03-26 20:13:17.822] [info] [sddp_cut_io.cpp:971] SDDP: loaded 35 boundary cuts from gtopt_case_2y/boundary_cuts.csv (mode=separated, max_iters=0)
[2026-03-26 20:13:17.823] [info] [sddp_method.cpp:1155] SDDP: loaded 35 boundary cuts from gtopt_case_2y/boundary_cuts.csv (max_iter=36)
[2026-03-26 20:13:17.823] [info] [sddp_method.cpp:1181] SDDP: iteration offset set to 36 from hot-start cuts
[2026-03-26 20:13:17.823] [info] [sddp_method.cpp:1238] SDDP: initialization complete (0.32s)
[2026-03-26 20:13:17.823] [info]   SDDPWorkPool initialized: 25 max threads, 98% CPU threshold
[2026-03-26 20:13:17.823] [info]   SDDPWorkPool started
[2026-03-26 20:13:17.823] [info]   SolverWorkPool initialized: 25 max threads, 98% CPU threshold
[2026-03-26 20:13:17.824] [info]   SolverWorkPool started
[2026-03-26 20:13:17.824] [info] [sddp_iteration.cpp:67] SDDP: work pools created (0.00s)
[2026-03-26 20:13:17.824] [info] [sddp_iteration.cpp:102] SDDP: === iteration 36 / 135 ===
[2026-03-26 20:13:25.480] [warning] [sddp_forward_pass.cpp:200] SDDP forward: iter 36 scene 1 phase 9 non-optimal (status 2), trying elastic solve
[2026-03-26 20:13:25.894] [info] [sddp_forward_pass.cpp:237] SDDP forward: scene 1 phase 9 elastic solve ok, obj=268655.4749 alpha=0.0000 opex=268655.4749 [infeas_count=1]
[2026-03-26 20:13:42.307] [warning] [sddp_forward_pass.cpp:200] SDDP forward: iter 36 scene 1 phase 25 non-optimal (status 2), trying elastic solve
[2026-03-26 20:13:42.550] [warning] LP file 'gtopt_case_2y/results/logs/error_scene_1_phase_25' not saved: row names are not available. Set names_level >= only_cols to enable LP file output.
[2026-03-26 20:13:42.550] [warning] [sddp_method.cpp:1287] SDDP forward: scene 0 failed: SDDP forward pass failed at scene 0 phase 24 (status 2)
[2026-03-26 20:13:42.704] [info]   WorkPool shutdown complete
[2026-03-26 20:13:42.705] [info]   WorkPool shutdown complete
[2026-03-26 20:13:42.791] [info]   Optimization time 26.616s
[2026-03-26 20:13:42.791] [warning] Solver did not find an optimal solution: SDDP: all scenes infeasible in forward pass (code=1)
[2026-03-26 20:13:42.791] [error]   Solver options used: algorithm=barrier, threads=2, presolve=true, optimal_eps=(default), feasible_eps=(default), barrier_eps=(default), log_level=0
[2026-03-26 20:13:42.791] [info] === Solution statistics ===
[2026-03-26 20:13:42.791] [info]   Status          : non-optimal
