[2026-03-28 13:25:05.949] [info] trace log file: gtopt_case_2y/results/logs/trace_32.log
[2026-03-28 13:25:05.950] [info]   Parsing input file gtopt_case_2y/gtopt_case_2y.json
[2026-03-28 13:25:05.951] [warning] deprecated option 'use_lp_names': use 'lp_build_options.names_level' instead
[2026-03-28 13:25:05.996] [info]   Parse all input files time 0.047s
[2026-03-28 13:25:05.996] [info] Output compression codec: zstd
[2026-03-28 13:25:06.000] [info] Planning validation passed
[2026-03-28 13:25:06.000] [info] === System statistics ===
[2026-03-28 13:25:06.000] [info]   System name     : gtopt_case_2y
[2026-03-28 13:25:06.000] [info]   System version  : 
[2026-03-28 13:25:06.000] [info] === System elements  ===
[2026-03-28 13:25:06.000] [info]   Buses           : 236
[2026-03-28 13:25:06.000] [info]   Generators      : 1715
[2026-03-28 13:25:06.000] [info]   Generator profs : 0
[2026-03-28 13:25:06.000] [info]   Demands         : 138
[2026-03-28 13:25:06.000] [info]   Demand profs    : 0
[2026-03-28 13:25:06.000] [info]   Lines           : 330
[2026-03-28 13:25:06.000] [info]   Batteries       : 25
[2026-03-28 13:25:06.000] [info]   Converters      : 0
[2026-03-28 13:25:06.000] [info]   Reserve zones   : 0
[2026-03-28 13:25:06.000] [info]   Reserve provisions   : 0
[2026-03-28 13:25:06.000] [info]   Junctions       : 100
[2026-03-28 13:25:06.000] [info]   Waterways       : 136
[2026-03-28 13:25:06.000] [info]   Flows           : 160
[2026-03-28 13:25:06.000] [info]   Reservoirs      : 10
[2026-03-28 13:25:06.000] [info]   ReservoirSeepages     : 3
[2026-03-28 13:25:06.000] [info]   Turbines        : 170
[2026-03-28 13:25:06.000] [info] === Simulation statistics ===
[2026-03-28 13:25:06.000] [info]   Blocks          : 510
[2026-03-28 13:25:06.000] [info]   Stages          : 51
[2026-03-28 13:25:06.000] [info]   Scenarios       : 1
[2026-03-28 13:25:06.000] [info] === Key options ===
[2026-03-28 13:25:06.000] [info]   use_kirchhoff   : false
[2026-03-28 13:25:06.000] [info]   use_single_bus  : false
[2026-03-28 13:25:06.000] [info]   scale_objective : 1000
[2026-03-28 13:25:06.000] [info]   demand_fail_cost: 1000
[2026-03-28 13:25:06.000] [info]   input_directory : gtopt_case_2y
[2026-03-28 13:25:06.000] [info]   output_directory: gtopt_case_2y/results
[2026-03-28 13:25:06.000] [info]   output_format   : parquet
[2026-03-28 13:25:06.000] [info] === Building LP model ===
[2026-03-28 13:25:06.002] [info] [planning_lp.cpp:44]   Building LP: 1 scene(s) × 51 phase(s)
[2026-03-28 13:25:06.002] [info]   SolverWorkPool initialized: 25 max threads, 98% CPU threshold
[2026-03-28 13:25:06.002] [info]   SolverWorkPool started
[2026-03-28 13:25:29.061] [info] [planning_lp.cpp:105]   Building LP done in 23.059s
[2026-03-28 13:25:29.061] [info]   WorkPool shutdown complete
[2026-03-28 13:25:29.061] [info]   Build lp time 23.061s
[2026-03-28 13:25:29.061] [info]   LP coefficient analysis: 51 LP(s), global |coeff| [6.667e-06, 6.420e+01], ratio=9.63e+06 (fair)
[2026-03-28 13:25:29.061] [info] === System optimization ===
[2026-03-28 13:25:29.061] [info] [sddp_method.cpp:1823] SDDPMethod: starting 1 scene(s) × 51 phase(s)
[2026-03-28 13:25:29.061] [info] ApertureDataCache: scanning 'gtopt_case_2y/apertures'
[2026-03-28 13:25:29.140] [info] ApertureDataCache: loaded 1618230 entries across 334 elements from gtopt_case_2y/apertures (0.08s, 20 threads)
[2026-03-28 13:25:29.140] [info] [sddp_method.cpp:1074] SDDP: initializing solver (no initial solve pass)
[2026-03-28 13:25:29.140] [info] [sddp_method.cpp:1086] SDDP: 1 scene(s), 51 phase(s)
[2026-03-28 13:25:29.140] [info] [sddp_method.cpp:1095] SDDP: adding alpha variables and collecting state links
[2026-03-28 13:25:29.459] [warning] [sddp_cut_io.cpp:922] Boundary cuts: state variable 'CANUTILLAR' not found in the current model; non-zero coefficient -100.6546958 (mode=skip_coeff)
[2026-03-28 13:25:29.459] [warning] [sddp_cut_io.cpp:922] Boundary cuts: state variable 'PILMAIQUEN' not found in the current model; non-zero coefficient -11.03538014 (mode=skip_coeff)
[2026-03-28 13:25:29.476] [info] [sddp_cut_io.cpp:995] SDDP: loaded 35 boundary cuts from gtopt_case_2y/boundary_cuts.csv (mode=separated, max_iters=0)
[2026-03-28 13:25:29.476] [info] [sddp_method.cpp:1173] SDDP: loaded 35 boundary cuts from gtopt_case_2y/boundary_cuts.csv
[2026-03-28 13:25:29.476] [info] [sddp_method.cpp:1254] SDDP: initialization complete (0.34s)
[2026-03-28 13:25:29.476] [info]   SDDPWorkPool initialized: 25 max threads, 98% CPU threshold
[2026-03-28 13:25:29.476] [info]   SDDPWorkPool started
[2026-03-28 13:25:29.476] [info] [sddp_pool.hpp:160] SDDP work pool started: max_threads=25 cpu_threshold=98% (hw_concurrency=20)
[2026-03-28 13:25:29.476] [info]   SolverWorkPool initialized: 25 max threads, 98% CPU threshold
[2026-03-28 13:25:29.476] [info]   SolverWorkPool started
[2026-03-28 13:25:29.476] [info] [sddp_iteration.cpp:67] SDDP: work pools created (0.00s)
[2026-03-28 13:25:29.476] [info] [sddp_iteration.cpp:102] SDDP: === iteration 0 / 0 ===
[2026-03-28 13:25:29.476] [info] [sddp_method.cpp:1280] SDDP forward: dispatching 1 scene(s) to work pool
[2026-03-28 13:25:29.496] [info] [sddp_forward_pass.cpp:80] SDDP forward: scene 1 iter 0 starting (51 phases) [thread 9333]
[2026-03-28 13:26:12.112] [warning] [sddp_forward_pass.cpp:228] SDDP forward: iter 0 scene 1 phase 37 non-optimal (status 2), trying elastic solve
[2026-03-28 13:26:12.441] [info] [sddp_forward_pass.cpp:265] SDDP forward: scene 1 phase 37 elastic solve ok, obj=702010.8160 alpha=0.0000 opex=702010.8160 [infeas_count=1]
[2026-03-28 13:26:13.414] [warning] [sddp_forward_pass.cpp:228] SDDP forward: iter 0 scene 1 phase 38 non-optimal (status 2), trying elastic solve
[2026-03-28 13:26:13.801] [info] [sddp_forward_pass.cpp:265] SDDP forward: scene 1 phase 38 elastic solve ok, obj=647094.3312 alpha=0.0000 opex=647094.3312 [infeas_count=1]
[2026-03-28 13:26:28.152] [warning] [sddp_forward_pass.cpp:228] SDDP forward: iter 0 scene 1 phase 51 non-optimal (status 2), trying elastic solve
[2026-03-28 13:26:29.067] [info] [sddp_forward_pass.cpp:265] SDDP forward: scene 1 phase 51 elastic solve ok, obj=687118.2563 alpha=0.0000 opex=687118.2563 [infeas_count=1]
[2026-03-28 13:26:29.067] [info] [sddp_forward_pass.cpp:339] SDDP forward: scene 1 iter 0 done, total_opex=28331034.4126 [thread 9333]
[2026-03-28 13:26:29.067] [info] [sddp_method.cpp:1373] SDDP backward: dispatching 1 scene(s) to work pool (cut_sharing=none, apertures=enabled)
[2026-03-28 13:26:29.082] [info] [sddp_aperture_pass.cpp:373] SDDP backward (apertures): scene 1 iter 0 starting (50 phases) [thread 9333]
[2026-03-28 13:26:29.082] [info] [sddp_aperture.cpp:167] SDDP aperture: scene 1 phase 51 — starting 16 aperture(s) [thread 9333]
[2026-03-28 13:26:30.359] [info] SDDP aperture: scene 1 phase 51 aperture uid 3 infeasible (status 2), skipping
[2026-03-28 13:26:30.359] [info] SDDP aperture: scene 1 phase 51 aperture uid 4 infeasible (status 2), skipping
[2026-03-28 13:26:30.359] [info] SDDP aperture: scene 1 phase 51 aperture uid 5 infeasible (status 2), skipping
[2026-03-28 13:26:30.423] [info] SDDP aperture: scene 1 phase 51 aperture uid 6 infeasible (status 2), skipping
[2026-03-28 13:26:30.423] [info] SDDP aperture: scene 1 phase 51 aperture uid 7 infeasible (status 2), skipping
[2026-03-28 13:26:30.516] [info] SDDP aperture: scene 1 phase 51 aperture uid 8 infeasible (status 2), skipping
[2026-03-28 13:26:30.516] [info] SDDP aperture: scene 1 phase 51 aperture uid 9 infeasible (status 2), skipping
[2026-03-28 13:26:30.963] [info] SDDP aperture: scene 1 phase 51 aperture uid 10 infeasible (status 2), skipping
[2026-03-28 13:26:31.019] [info] SDDP aperture: scene 1 phase 51 aperture uid 11 infeasible (status 2), skipping
[2026-03-28 13:26:31.019] [info] SDDP aperture: scene 1 phase 51 aperture uid 12 infeasible (status 2), skipping
[2026-03-28 13:26:31.019] [info] SDDP aperture: scene 1 phase 51 aperture uid 13 infeasible (status 2), skipping
[2026-03-28 13:26:31.102] [info] SDDP aperture: scene 1 phase 51 aperture uid 14 infeasible (status 2), skipping
[2026-03-28 13:26:31.104] [info] SDDP aperture: scene 1 phase 51 aperture uid 15 infeasible (status 2), skipping
[2026-03-28 13:26:31.104] [info] SDDP aperture: scene 1 phase 51 aperture uid 16 infeasible (status 2), skipping
[2026-03-28 13:26:31.265] [info] SDDP aperture: scene 1 phase 51 aperture uid 17 infeasible (status 2), skipping
[2026-03-28 13:26:31.265] [info] SDDP aperture: scene 1 phase 51 aperture uid 18 infeasible (status 2), skipping
[2026-03-28 13:26:31.266] [info] SDDP aperture: scene 1 phase 51 — 0/16 feasible, 16 infeasible, 0 skipped (2.184s) [thread 9333]
[2026-03-28 13:26:31.278] [info] [sddp_aperture.cpp:167] SDDP aperture: scene 1 phase 50 — starting 16 aperture(s) [thread 9333]
[2026-03-28 13:26:31.986] [info] SDDP aperture: scene 1 phase 50 — 16/16 feasible, 0 infeasible, 0 skipped (0.708s) [thread 9333]
[2026-03-28 13:26:32.213] [info] [sddp_aperture.cpp:167] SDDP aperture: scene 1 phase 49 — starting 16 aperture(s) [thread 9333]
[2026-03-28 13:26:32.848] [info] SDDP aperture: scene 1 phase 49 — 16/16 feasible, 0 infeasible, 0 skipped (0.635s) [thread 9333]
[2026-03-28 13:26:32.957] [info] [sddp_aperture.cpp:167] SDDP aperture: scene 1 phase 48 — starting 16 aperture(s) [thread 9333]
[2026-03-28 13:26:33.485] [info] SDDP aperture: scene 1 phase 48 — 16/16 feasible, 0 infeasible, 0 skipped (0.528s) [thread 9333]
[2026-03-28 13:26:33.582] [info] [sddp_aperture.cpp:167] SDDP aperture: scene 1 phase 47 — starting 16 aperture(s) [thread 9333]
[2026-03-28 13:26:35.219] [info] SDDP aperture: scene 1 phase 47 — 16/16 feasible, 0 infeasible, 0 skipped (1.637s) [thread 9333]
[2026-03-28 13:26:35.369] [info] [sddp_aperture.cpp:167] SDDP aperture: scene 1 phase 46 — starting 16 aperture(s) [thread 9333]
[2026-03-28 13:26:36.320] [info] SDDP aperture: scene 1 phase 46 — 16/16 feasible, 0 infeasible, 0 skipped (0.950s) [thread 9333]
[2026-03-28 13:26:36.539] [info] [sddp_aperture.cpp:167] SDDP aperture: scene 1 phase 45 — starting 16 aperture(s) [thread 9333]
[2026-03-28 13:26:38.136] [info] SDDP aperture: scene 1 phase 45 — 16/16 feasible, 0 infeasible, 0 skipped (1.596s) [thread 9333]
[2026-03-28 13:26:38.368] [info] [sddp_aperture.cpp:167] SDDP aperture: scene 1 phase 44 — starting 16 aperture(s) [thread 9333]
[2026-03-28 13:26:39.319] [info] SDDP aperture: scene 1 phase 44 — 16/16 feasible, 0 infeasible, 0 skipped (0.951s) [thread 9333]
[2026-03-28 13:26:39.668] [info] [sddp_aperture.cpp:167] SDDP aperture: scene 1 phase 43 — starting 16 aperture(s) [thread 9333]
[2026-03-28 13:26:40.546] [info] SDDP aperture: scene 1 phase 43 — 16/16 feasible, 0 infeasible, 0 skipped (0.877s) [thread 9333]
[2026-03-28 13:26:40.912] [info] [sddp_aperture.cpp:167] SDDP aperture: scene 1 phase 42 — starting 16 aperture(s) [thread 9333]
[2026-03-28 13:26:42.790] [info] SDDP aperture: scene 1 phase 42 — 16/16 feasible, 0 infeasible, 0 skipped (1.877s) [thread 9333]
[2026-03-28 13:26:42.829] [info] [sddp_aperture.cpp:167] SDDP aperture: scene 1 phase 41 — starting 16 aperture(s) [thread 9333]
[2026-03-28 13:26:43.475] [info] SDDP aperture: scene 1 phase 41 — 16/16 feasible, 0 infeasible, 0 skipped (0.646s) [thread 9333]
[2026-03-28 13:26:43.608] [info] [sddp_aperture.cpp:167] SDDP aperture: scene 1 phase 40 — starting 16 aperture(s) [thread 9333]
[2026-03-28 13:26:45.344] [info] SDDP aperture: scene 1 phase 40 — 16/16 feasible, 0 infeasible, 0 skipped (1.736s) [thread 9333]
[2026-03-28 13:26:45.659] [info] [sddp_aperture.cpp:167] SDDP aperture: scene 1 phase 39 — starting 16 aperture(s) [thread 9333]
[2026-03-28 13:26:46.289] [info] SDDP aperture: scene 1 phase 39 — 16/16 feasible, 0 infeasible, 0 skipped (0.631s) [thread 9333]
[2026-03-28 13:26:46.649] [warning] [sddp_aperture_pass.cpp:506] SDDP backward: iter 0 scene 1 phase 38 non-optimal after expected cut (status 2), skipping further backpropagation
[2026-03-28 13:26:46.649] [info] [sddp_aperture.cpp:167] SDDP aperture: scene 1 phase 38 — starting 16 aperture(s) [thread 9333]
[2026-03-28 13:26:48.001] [info] SDDP aperture: scene 1 phase 38 aperture uid 16 infeasible (status 2), skipping
[2026-03-28 13:26:48.110] [info] SDDP aperture: scene 1 phase 38 — 15/16 feasible, 1 infeasible, 0 skipped (1.462s) [thread 9333]
[2026-03-28 13:26:48.686] [warning] [sddp_aperture_pass.cpp:506] SDDP backward: iter 0 scene 1 phase 37 non-optimal after expected cut (status 2), skipping further backpropagation
[2026-03-28 13:26:48.686] [info] [sddp_aperture.cpp:167] SDDP aperture: scene 1 phase 37 — starting 16 aperture(s) [thread 9333]
[2026-03-28 13:26:49.718] [info] SDDP aperture: scene 1 phase 37 — 16/16 feasible, 0 infeasible, 0 skipped (1.032s) [thread 9333]
[2026-03-28 13:26:49.921] [info] [sddp_aperture.cpp:167] SDDP aperture: scene 1 phase 36 — starting 16 aperture(s) [thread 9333]
[2026-03-28 13:26:50.455] [info] SDDP aperture: scene 1 phase 36 — 16/16 feasible, 0 infeasible, 0 skipped (0.534s) [thread 9333]
[2026-03-28 13:26:50.768] [info] [sddp_aperture.cpp:167] SDDP aperture: scene 1 phase 35 — starting 16 aperture(s) [thread 9333]
[2026-03-28 13:26:52.467] [info] SDDP aperture: scene 1 phase 35 — 16/16 feasible, 0 infeasible, 0 skipped (1.700s) [thread 9333]
[2026-03-28 13:26:53.137] [info] [sddp_aperture.cpp:167] SDDP aperture: scene 1 phase 34 — starting 16 aperture(s) [thread 9333]
[2026-03-28 13:26:54.006] [info] SDDP aperture: scene 1 phase 34 — 16/16 feasible, 0 infeasible, 0 skipped (0.869s) [thread 9333]
[2026-03-28 13:26:54.425] [info] [sddp_aperture.cpp:167] SDDP aperture: scene 1 phase 33 — starting 16 aperture(s) [thread 9333]
[2026-03-28 13:26:56.289] [info] SDDP aperture: scene 1 phase 33 — 16/16 feasible, 0 infeasible, 0 skipped (1.865s) [thread 9333]
[2026-03-28 13:26:56.817] [info] [sddp_aperture.cpp:167] SDDP aperture: scene 1 phase 32 — starting 16 aperture(s) [thread 9333]
[2026-03-28 13:26:58.822] [info] SDDP aperture: scene 1 phase 32 — 16/16 feasible, 0 infeasible, 0 skipped (2.005s) [thread 9333]
[2026-03-28 13:26:59.153] [info] [sddp_aperture.cpp:167] SDDP aperture: scene 1 phase 31 — starting 16 aperture(s) [thread 9333]
[2026-03-28 13:26:59.719] [info] SDDP aperture: scene 1 phase 31 — 16/16 feasible, 0 infeasible, 0 skipped (0.566s) [thread 9333]
[2026-03-28 13:27:00.439] [info] [sddp_aperture.cpp:167] SDDP aperture: scene 1 phase 30 — starting 16 aperture(s) [thread 9333]
[2026-03-28 13:27:01.768] [info] SDDP aperture: scene 1 phase 30 — 16/16 feasible, 0 infeasible, 0 skipped (1.329s) [thread 9333]
[2026-03-28 13:27:02.213] [info] [sddp_aperture.cpp:167] SDDP aperture: scene 1 phase 29 — starting 16 aperture(s) [thread 9333]
[2026-03-28 13:27:03.986] [info] SDDP aperture: scene 1 phase 29 — 16/16 feasible, 0 infeasible, 0 skipped (1.773s) [thread 9333]
[2026-03-28 13:27:04.372] [info] [sddp_aperture.cpp:167] SDDP aperture: scene 1 phase 28 — starting 16 aperture(s) [thread 9333]
[2026-03-28 13:27:05.021] [info] SDDP aperture: scene 1 phase 28 — 16/16 feasible, 0 infeasible, 0 skipped (0.650s) [thread 9333]
[2026-03-28 13:27:05.485] [info] [sddp_aperture.cpp:167] SDDP aperture: scene 1 phase 27 — starting 16 aperture(s) [thread 9333]
[2026-03-28 13:27:06.238] [info] SDDP aperture: scene 1 phase 27 aperture uid 15 infeasible (status 2), skipping
[2026-03-28 13:27:06.238] [info] SDDP aperture: scene 1 phase 27 — 15/16 feasible, 1 infeasible, 0 skipped (0.754s) [thread 9333]
[2026-03-28 13:27:06.690] [info] [sddp_aperture.cpp:167] SDDP aperture: scene 1 phase 26 — starting 16 aperture(s) [thread 9333]
[2026-03-28 13:27:07.198] [info] SDDP aperture: scene 1 phase 26 — 16/16 feasible, 0 infeasible, 0 skipped (0.508s) [thread 9333]
[2026-03-28 13:27:07.572] [info] [sddp_aperture.cpp:167] SDDP aperture: scene 1 phase 25 — starting 16 aperture(s) [thread 9333]
[2026-03-28 13:27:08.236] [info] SDDP aperture: scene 1 phase 25 — 16/16 feasible, 0 infeasible, 0 skipped (0.664s) [thread 9333]
[2026-03-28 13:27:08.843] [info] [sddp_aperture.cpp:167] SDDP aperture: scene 1 phase 24 — starting 16 aperture(s) [thread 9333]
[2026-03-28 13:27:10.043] [info] SDDP aperture: scene 1 phase 24 — 16/16 feasible, 0 infeasible, 0 skipped (1.199s) [thread 9333]
[2026-03-28 13:27:10.459] [info] [sddp_aperture.cpp:167] SDDP aperture: scene 1 phase 23 — starting 16 aperture(s) [thread 9333]
[2026-03-28 13:27:11.170] [info] SDDP aperture: scene 1 phase 23 — 16/16 feasible, 0 infeasible, 0 skipped (0.711s) [thread 9333]
[2026-03-28 13:27:11.888] [info] [sddp_aperture.cpp:167] SDDP aperture: scene 1 phase 22 — starting 16 aperture(s) [thread 9333]
[2026-03-28 13:27:13.248] [info] SDDP aperture: scene 1 phase 22 — 16/16 feasible, 0 infeasible, 0 skipped (1.360s) [thread 9333]
[2026-03-28 13:27:13.790] [info] [sddp_aperture.cpp:167] SDDP aperture: scene 1 phase 21 — starting 16 aperture(s) [thread 9333]
[2026-03-28 13:27:14.571] [info] SDDP aperture: scene 1 phase 21 — 16/16 feasible, 0 infeasible, 0 skipped (0.780s) [thread 9333]
[2026-03-28 13:27:14.916] [info] [sddp_aperture.cpp:167] SDDP aperture: scene 1 phase 20 — starting 16 aperture(s) [thread 9333]
[2026-03-28 13:27:16.323] [info] SDDP aperture: scene 1 phase 20 — 16/16 feasible, 0 infeasible, 0 skipped (1.407s) [thread 9333]
[2026-03-28 13:27:16.643] [info] [sddp_aperture.cpp:167] SDDP aperture: scene 1 phase 19 — starting 16 aperture(s) [thread 9333]
[2026-03-28 13:27:17.649] [info] SDDP aperture: scene 1 phase 19 — 16/16 feasible, 0 infeasible, 0 skipped (1.006s) [thread 9333]
[2026-03-28 13:27:18.344] [info] [sddp_aperture.cpp:167] SDDP aperture: scene 1 phase 18 — starting 16 aperture(s) [thread 9333]
[2026-03-28 13:27:19.557] [info] SDDP aperture: scene 1 phase 18 — 16/16 feasible, 0 infeasible, 0 skipped (1.213s) [thread 9333]
[2026-03-28 13:27:20.046] [info] [sddp_aperture.cpp:167] SDDP aperture: scene 1 phase 17 — starting 16 aperture(s) [thread 9333]
[2026-03-28 13:27:21.610] [info] SDDP aperture: scene 1 phase 17 — 16/16 feasible, 0 infeasible, 0 skipped (1.564s) [thread 9333]
[2026-03-28 13:27:22.330] [info] [sddp_aperture.cpp:167] SDDP aperture: scene 1 phase 16 — starting 16 aperture(s) [thread 9333]
[2026-03-28 13:27:22.939] [info] SDDP aperture: scene 1 phase 16 — 16/16 feasible, 0 infeasible, 0 skipped (0.609s) [thread 9333]
[2026-03-28 13:27:23.206] [info] [sddp_aperture.cpp:167] SDDP aperture: scene 1 phase 15 — starting 16 aperture(s) [thread 9333]
[2026-03-28 13:27:24.149] [info] SDDP aperture: scene 1 phase 15 — 16/16 feasible, 0 infeasible, 0 skipped (0.943s) [thread 9333]
[2026-03-28 13:27:24.841] [info] [sddp_aperture.cpp:167] SDDP aperture: scene 1 phase 14 — starting 16 aperture(s) [thread 9333]
[2026-03-28 13:27:25.599] [info] SDDP aperture: scene 1 phase 14 — 16/16 feasible, 0 infeasible, 0 skipped (0.757s) [thread 9333]
[2026-03-28 13:27:26.048] [info] [sddp_aperture.cpp:167] SDDP aperture: scene 1 phase 13 — starting 16 aperture(s) [thread 9333]
[2026-03-28 13:27:26.823] [info] SDDP aperture: scene 1 phase 13 — 16/16 feasible, 0 infeasible, 0 skipped (0.775s) [thread 9333]
[2026-03-28 13:27:27.685] [info] [sddp_aperture.cpp:167] SDDP aperture: scene 1 phase 12 — starting 16 aperture(s) [thread 9333]
[2026-03-28 13:27:28.312] [info] SDDP aperture: scene 1 phase 12 — 16/16 feasible, 0 infeasible, 0 skipped (0.627s) [thread 9333]
[2026-03-28 13:27:28.547] [info] [sddp_aperture.cpp:167] SDDP aperture: scene 1 phase 11 — starting 16 aperture(s) [thread 9333]
[2026-03-28 13:27:29.381] [info] SDDP aperture: scene 1 phase 11 — 16/16 feasible, 0 infeasible, 0 skipped (0.834s) [thread 9333]
[2026-03-28 13:27:29.767] [info] [sddp_aperture.cpp:167] SDDP aperture: scene 1 phase 10 — starting 16 aperture(s) [thread 9333]
[2026-03-28 13:27:30.892] [info] SDDP aperture: scene 1 phase 10 — 16/16 feasible, 0 infeasible, 0 skipped (1.125s) [thread 9333]
[2026-03-28 13:27:31.684] [info] [sddp_aperture.cpp:167] SDDP aperture: scene 1 phase 9 — starting 16 aperture(s) [thread 9333]
[2026-03-28 13:27:32.276] [info] SDDP aperture: scene 1 phase 9 — 16/16 feasible, 0 infeasible, 0 skipped (0.592s) [thread 9333]
[2026-03-28 13:27:33.211] [info] [sddp_aperture.cpp:167] SDDP aperture: scene 1 phase 8 — starting 16 aperture(s) [thread 9333]
[2026-03-28 13:27:34.346] [info] SDDP aperture: scene 1 phase 8 — 16/16 feasible, 0 infeasible, 0 skipped (1.135s) [thread 9333]
[2026-03-28 13:27:34.633] [info] [sddp_aperture.cpp:167] SDDP aperture: scene 1 phase 7 — starting 16 aperture(s) [thread 9333]
[2026-03-28 13:27:35.326] [info] SDDP aperture: scene 1 phase 7 — 16/16 feasible, 0 infeasible, 0 skipped (0.693s) [thread 9333]
[2026-03-28 13:27:36.116] [info] [sddp_aperture.cpp:167] SDDP aperture: scene 1 phase 6 — starting 16 aperture(s) [thread 9333]
[2026-03-28 13:27:37.071] [info] SDDP aperture: scene 1 phase 6 — 16/16 feasible, 0 infeasible, 0 skipped (0.955s) [thread 9333]
[2026-03-28 13:27:37.304] [info] [sddp_aperture.cpp:167] SDDP aperture: scene 1 phase 5 — starting 16 aperture(s) [thread 9333]
[2026-03-28 13:27:38.362] [info] SDDP aperture: scene 1 phase 5 — 16/16 feasible, 0 infeasible, 0 skipped (1.057s) [thread 9333]
[2026-03-28 13:27:38.775] [info] [sddp_aperture.cpp:167] SDDP aperture: scene 1 phase 4 — starting 16 aperture(s) [thread 9333]
[2026-03-28 13:27:39.591] [info] SDDP aperture: scene 1 phase 4 — 16/16 feasible, 0 infeasible, 0 skipped (0.816s) [thread 9333]
[2026-03-28 13:27:40.053] [info] [sddp_aperture.cpp:167] SDDP aperture: scene 1 phase 3 — starting 16 aperture(s) [thread 9333]
[2026-03-28 13:27:41.541] [info] SDDP aperture: scene 1 phase 3 — 16/16 feasible, 0 infeasible, 0 skipped (1.487s) [thread 9333]
[2026-03-28 13:27:41.875] [info] [sddp_aperture.cpp:167] SDDP aperture: scene 1 phase 2 — starting 16 aperture(s) [thread 9333]
[2026-03-28 13:27:42.555] [info] SDDP aperture: scene 1 phase 2 — 16/16 feasible, 0 infeasible, 0 skipped (0.681s) [thread 9333]
[2026-03-28 13:27:42.556] [warning] [sddp_aperture_pass.cpp:518] SDDP aperture: scene 1 — all apertures infeasible at 1 phase(s) [51], used Benders fallback cuts
[2026-03-28 13:27:42.557] [info] [sddp_method.cpp:1698] SDDP iter 0: gap=0.991146 gap_change=1.000000 (133.080s)
[2026-03-28 13:27:42.557] [info] [sddp_iteration.cpp:222] SDDP: iter 0 done in 133.080s (fwd 59.59s + bwd 73.49s) — UB=28331034.4126 LB=250853.4516 gap=0.991146 gap_change=1.000000 cuts=50 infeas_cuts=3 
[2026-03-28 13:27:45.450] [info] [sddp_iteration.cpp:257] SDDP: === simulation pass (iter 1) ===
[2026-03-28 13:27:45.450] [info] [sddp_method.cpp:1280] SDDP forward: dispatching 1 scene(s) to work pool
[2026-03-28 13:27:45.463] [info] [sddp_forward_pass.cpp:80] SDDP forward: scene 1 iter 1 starting (51 phases) [thread 3824]
[2026-03-28 13:27:58.368] [warning] [sddp_forward_pass.cpp:228] SDDP forward: iter 1 scene 1 phase 27 non-optimal (status 2), trying elastic solve
[2026-03-28 13:27:58.818] [info] [sddp_forward_pass.cpp:265] SDDP forward: scene 1 phase 27 elastic solve ok, obj=16581035.6738 alpha=15619367.0528 opex=961668.6210 [infeas_count=1]
[2026-03-28 13:27:59.148] [warning] [sddp_forward_pass.cpp:228] SDDP forward: iter 1 scene 1 phase 28 non-optimal (status 2), trying elastic solve
[2026-03-28 13:27:59.507] [info] [sddp_forward_pass.cpp:265] SDDP forward: scene 1 phase 28 elastic solve ok, obj=15698567.9807 alpha=14713773.9443 opex=984794.0364 [infeas_count=1]
[2026-03-28 13:27:59.614] [warning] [sddp_forward_pass.cpp:228] SDDP forward: iter 1 scene 1 phase 29 non-optimal (status 2), trying elastic solve
[2026-03-28 13:28:00.363] [info] [sddp_forward_pass.cpp:265] SDDP forward: scene 1 phase 29 elastic solve ok, obj=14811169.1949 alpha=13716075.4844 opex=1095093.7105 [infeas_count=1]
[2026-03-28 13:28:00.397] [warning] [sddp_forward_pass.cpp:228] SDDP forward: iter 1 scene 1 phase 30 non-optimal (status 2), trying elastic solve
[2026-03-28 13:28:01.097] [info] [sddp_forward_pass.cpp:265] SDDP forward: scene 1 phase 30 elastic solve ok, obj=13876470.8930 alpha=12825059.6959 opex=1051411.1971 [infeas_count=1]
[2026-03-28 13:28:01.405] [warning] [sddp_forward_pass.cpp:228] SDDP forward: iter 1 scene 1 phase 31 non-optimal (status 2), trying elastic solve
[2026-03-28 13:28:02.286] [info] [sddp_forward_pass.cpp:265] SDDP forward: scene 1 phase 31 elastic solve ok, obj=12984774.5959 alpha=11950930.4469 opex=1033844.1491 [infeas_count=1]
[2026-03-28 13:28:02.370] [warning] [sddp_forward_pass.cpp:228] SDDP forward: iter 1 scene 1 phase 32 non-optimal (status 2), trying elastic solve
[2026-03-28 13:28:03.344] [info] [sddp_forward_pass.cpp:265] SDDP forward: scene 1 phase 32 elastic solve ok, obj=12074379.3940 alpha=11128882.8679 opex=945496.5261 [infeas_count=1]
[2026-03-28 13:28:04.472] [warning] [sddp_forward_pass.cpp:228] SDDP forward: iter 1 scene 1 phase 36 non-optimal (status 2), trying elastic solve
[2026-03-28 13:28:05.088] [info] [sddp_forward_pass.cpp:265] SDDP forward: scene 1 phase 36 elastic solve ok, obj=9440333.4833 alpha=8668458.7970 opex=771874.6863 [infeas_count=1]
[2026-03-28 13:28:05.430] [warning] [sddp_forward_pass.cpp:228] SDDP forward: iter 1 scene 1 phase 37 non-optimal (status 2), trying elastic solve
[2026-03-28 13:28:05.750] [info] [sddp_forward_pass.cpp:265] SDDP forward: scene 1 phase 37 elastic solve ok, obj=8775996.1897 alpha=8024724.0989 opex=751272.0908 [infeas_count=2]
[2026-03-28 13:28:06.022] [warning] [sddp_forward_pass.cpp:228] SDDP forward: iter 1 scene 1 phase 38 non-optimal (status 2), trying elastic solve
[2026-03-28 13:28:06.251] [info] [sddp_forward_pass.cpp:265] SDDP forward: scene 1 phase 38 elastic solve ok, obj=8157046.6944 alpha=7456307.4987 opex=700739.1957 [infeas_count=2]
[2026-03-28 13:28:06.609] [warning] [sddp_forward_pass.cpp:228] SDDP forward: iter 1 scene 1 phase 39 non-optimal (status 2), trying elastic solve
[2026-03-28 13:28:06.905] [info] [sddp_forward_pass.cpp:265] SDDP forward: scene 1 phase 39 elastic solve ok, obj=7490782.8851 alpha=6658398.4865 opex=832384.3986 [infeas_count=1]
[2026-03-28 13:28:07.562] [warning] [sddp_forward_pass.cpp:228] SDDP forward: iter 1 scene 1 phase 40 non-optimal (status 2), trying elastic solve
[2026-03-28 13:28:08.213] [info] [sddp_forward_pass.cpp:265] SDDP forward: scene 1 phase 40 elastic solve ok, obj=7216950.3926 alpha=6407340.1103 opex=809610.2823 [infeas_count=1]
[2026-03-28 13:28:08.410] [warning] [sddp_forward_pass.cpp:228] SDDP forward: iter 1 scene 1 phase 41 non-optimal (status 2), trying elastic solve
[2026-03-28 13:28:08.987] [info] [sddp_forward_pass.cpp:265] SDDP forward: scene 1 phase 41 elastic solve ok, obj=6817339.3036 alpha=5910653.5211 opex=906685.7825 [infeas_count=1]
[2026-03-28 13:28:12.887] [warning] [sddp_forward_pass.cpp:228] SDDP forward: iter 1 scene 1 phase 51 non-optimal (status 2), trying elastic solve
[2026-03-28 13:28:13.294] [info] [sddp_forward_pass.cpp:265] SDDP forward: scene 1 phase 51 elastic solve ok, obj=685686.9921 alpha=0.0000 opex=685686.9921 [infeas_count=2]
[2026-03-28 13:28:13.294] [info] [sddp_forward_pass.cpp:339] SDDP forward: scene 1 iter 1 done, total_opex=28760389.0721 [thread 3824]
[2026-03-28 13:28:13.295] [info] [sddp_method.cpp:1698] SDDP iter 1: gap=0.117248 gap_change=1.000000 (27.844s)
[2026-03-28 13:28:13.295] [info] [sddp_iteration.cpp:304] SDDP: simulation pass done in 27.844s — UB=28760389.0721 LB=25388282.9120 gap=0.117248 gap_change=1.000000 
[2026-03-28 13:28:15.652] [info]   WorkPool shutdown complete
[2026-03-28 13:28:15.653] [info]   WorkPool shutdown complete
[2026-03-28 13:28:15.726] [info]   Optimization time 166.665s
[2026-03-28 13:28:15.726] [warning] Solver did not find an optimal solution: SDDP did not converge after 1 iterations (gap=0.117248) (code=1)
[2026-03-28 13:28:15.726] [error]   Solver options used: algorithm=barrier, threads=2, presolve=true, optimal_eps=(default), feasible_eps=(default), barrier_eps=(default), log_level=0
[2026-03-28 13:28:15.726] [info] === Solution statistics ===
[2026-03-28 13:28:15.727] [info]   Status          : non-optimal
