[2026-03-28 14:02:54.527] [info] trace log file: gtopt_case_2y/results/logs/trace_44.log
[2026-03-28 14:02:54.529] [info]   Parsing input file gtopt_case_2y/gtopt_case_2y.json
[2026-03-28 14:02:54.530] [warning] deprecated option 'use_lp_names': use 'lp_build_options.names_level' instead
[2026-03-28 14:02:54.569] [info]   Parse all input files time 0.042s
[2026-03-28 14:02:54.570] [info] Output compression codec: zstd
[2026-03-28 14:02:54.572] [info] Planning validation passed
[2026-03-28 14:02:54.572] [info] === System statistics ===
[2026-03-28 14:02:54.572] [info]   System name     : gtopt_case_2y
[2026-03-28 14:02:54.572] [info]   System version  : 
[2026-03-28 14:02:54.572] [info] === System elements  ===
[2026-03-28 14:02:54.572] [info]   Buses           : 236
[2026-03-28 14:02:54.572] [info]   Generators      : 1715
[2026-03-28 14:02:54.572] [info]   Generator profs : 0
[2026-03-28 14:02:54.572] [info]   Demands         : 138
[2026-03-28 14:02:54.572] [info]   Demand profs    : 0
[2026-03-28 14:02:54.572] [info]   Lines           : 330
[2026-03-28 14:02:54.572] [info]   Batteries       : 25
[2026-03-28 14:02:54.572] [info]   Converters      : 0
[2026-03-28 14:02:54.572] [info]   Reserve zones   : 0
[2026-03-28 14:02:54.572] [info]   Reserve provisions   : 0
[2026-03-28 14:02:54.572] [info]   Junctions       : 100
[2026-03-28 14:02:54.572] [info]   Waterways       : 136
[2026-03-28 14:02:54.572] [info]   Flows           : 160
[2026-03-28 14:02:54.572] [info]   Reservoirs      : 10
[2026-03-28 14:02:54.572] [info]   ReservoirSeepages     : 3
[2026-03-28 14:02:54.572] [info]   Turbines        : 170
[2026-03-28 14:02:54.572] [info] === Simulation statistics ===
[2026-03-28 14:02:54.572] [info]   Blocks          : 510
[2026-03-28 14:02:54.572] [info]   Stages          : 51
[2026-03-28 14:02:54.572] [info]   Scenarios       : 1
[2026-03-28 14:02:54.572] [info] === Key options ===
[2026-03-28 14:02:54.572] [info]   use_kirchhoff   : false
[2026-03-28 14:02:54.572] [info]   use_single_bus  : false
[2026-03-28 14:02:54.572] [info]   scale_objective : 1000
[2026-03-28 14:02:54.572] [info]   demand_fail_cost: 1000
[2026-03-28 14:02:54.572] [info]   input_directory : gtopt_case_2y
[2026-03-28 14:02:54.572] [info]   output_directory: gtopt_case_2y/results
[2026-03-28 14:02:54.572] [info]   output_format   : parquet
[2026-03-28 14:02:54.572] [info] === Building LP model ===
[2026-03-28 14:02:54.574] [info] [planning_lp.cpp:44]   Building LP: 1 scene(s) × 51 phase(s)
[2026-03-28 14:02:54.574] [info]   SolverWorkPool initialized: 25 max threads, 98% CPU threshold
[2026-03-28 14:02:54.574] [info]   SolverWorkPool started
[2026-03-28 14:03:08.265] [info] [planning_lp.cpp:105]   Building LP done in 13.691s
[2026-03-28 14:03:08.265] [info]   WorkPool shutdown complete
[2026-03-28 14:03:08.265] [info]   Build lp time 13.693s
[2026-03-28 14:03:08.265] [info]   LP coefficient analysis: 51 LP(s), global |coeff| [6.667e-06, 6.420e+01], ratio=9.63e+06 (fair)
[2026-03-28 14:03:08.265] [info] === System optimization ===
[2026-03-28 14:03:08.265] [info] [sddp_method.cpp:1823] SDDPMethod: starting 1 scene(s) × 51 phase(s)
[2026-03-28 14:03:08.265] [info] ApertureDataCache: scanning 'gtopt_case_2y/apertures'
[2026-03-28 14:03:08.331] [info] ApertureDataCache: loaded 1618230 entries across 334 elements from gtopt_case_2y/apertures (0.07s, 20 threads)
[2026-03-28 14:03:08.332] [info] [sddp_method.cpp:1074] SDDP: initializing solver (no initial solve pass)
[2026-03-28 14:03:08.332] [info] [sddp_method.cpp:1086] SDDP: 1 scene(s), 51 phase(s)
[2026-03-28 14:03:08.332] [info] [sddp_method.cpp:1095] SDDP: adding alpha variables and collecting state links
[2026-03-28 14:03:08.498] [warning] [sddp_cut_io.cpp:922] Boundary cuts: state variable 'CANUTILLAR' not found in the current model; non-zero coefficient -100.6546958 (mode=skip_coeff)
[2026-03-28 14:03:08.498] [warning] [sddp_cut_io.cpp:922] Boundary cuts: state variable 'PILMAIQUEN' not found in the current model; non-zero coefficient -11.03538014 (mode=skip_coeff)
[2026-03-28 14:03:08.499] [info] [sddp_cut_io.cpp:995] SDDP: loaded 35 boundary cuts from gtopt_case_2y/boundary_cuts.csv (mode=separated, max_iters=0)
[2026-03-28 14:03:08.499] [info] [sddp_method.cpp:1173] SDDP: loaded 35 boundary cuts from gtopt_case_2y/boundary_cuts.csv
[2026-03-28 14:03:08.499] [info] [sddp_method.cpp:1254] SDDP: initialization complete (0.17s)
[2026-03-28 14:03:08.499] [info]   SDDPWorkPool initialized: 25 max threads, 98% CPU threshold
[2026-03-28 14:03:08.499] [info]   SDDPWorkPool started
[2026-03-28 14:03:08.499] [info] [sddp_pool.hpp:160] SDDP work pool started: max_threads=25 cpu_threshold=98% (hw_concurrency=20)
[2026-03-28 14:03:08.499] [info]   SolverWorkPool initialized: 25 max threads, 98% CPU threshold
[2026-03-28 14:03:08.499] [info]   SolverWorkPool started
[2026-03-28 14:03:08.499] [info] [sddp_iteration.cpp:67] SDDP: work pools created (0.00s)
[2026-03-28 14:03:08.499] [info] [sddp_iteration.cpp:102] SDDP: === iteration 0 / 0 ===
[2026-03-28 14:03:08.499] [info] [sddp_method.cpp:1280] SDDP forward: dispatching 1 scene(s) to work pool
[2026-03-28 14:03:08.519] [info] [sddp_forward_pass.cpp:80] SDDP forward: scene 1 iter 0 starting (51 phases) [thread 786]
[2026-03-28 14:03:15.661] [warning] [sddp_forward_pass.cpp:228] SDDP forward: iter 0 scene 1 phase 37 non-optimal (status 2), trying elastic solve
[2026-03-28 14:03:16.221] [info] [sddp_forward_pass.cpp:265] SDDP forward: scene 1 phase 37 elastic solve ok, obj=702010.9206 alpha=0.0000 opex=702010.9206 [infeas_count=1]
[2026-03-28 14:03:16.441] [warning] [sddp_forward_pass.cpp:228] SDDP forward: iter 0 scene 1 phase 38 non-optimal (status 2), trying elastic solve
[2026-03-28 14:03:17.078] [info] [sddp_forward_pass.cpp:265] SDDP forward: scene 1 phase 38 elastic solve ok, obj=647094.3981 alpha=0.0000 opex=647094.3981 [infeas_count=1]
[2026-03-28 14:03:20.092] [warning] [sddp_forward_pass.cpp:228] SDDP forward: iter 0 scene 1 phase 51 non-optimal (status 2), trying elastic solve
[2026-03-28 14:03:20.929] [info] [sddp_forward_pass.cpp:265] SDDP forward: scene 1 phase 51 elastic solve ok, obj=687241.0995 alpha=0.0000 opex=687241.0995 [infeas_count=1]
[2026-03-28 14:03:20.930] [info] [sddp_forward_pass.cpp:339] SDDP forward: scene 1 iter 0 done, total_opex=28337586.5304 [thread 786]
[2026-03-28 14:03:20.930] [info] [sddp_method.cpp:1373] SDDP backward: dispatching 1 scene(s) to work pool (cut_sharing=none, apertures=enabled)
[2026-03-28 14:03:20.935] [info] [sddp_aperture_pass.cpp:373] SDDP backward (apertures): scene 1 iter 0 starting (50 phases) [thread 786]
[2026-03-28 14:03:20.935] [info] [sddp_aperture.cpp:167] SDDP aperture: scene 1 phase 51 — starting 16 aperture(s) [thread 786]
[2026-03-28 14:03:21.726] [info] SDDP aperture: scene 1 phase 51 aperture uid 3 infeasible (status 2), skipping
[2026-03-28 14:03:21.726] [info] SDDP aperture: scene 1 phase 51 aperture uid 4 infeasible (status 2), skipping
[2026-03-28 14:03:21.776] [info] SDDP aperture: scene 1 phase 51 aperture uid 5 infeasible (status 2), skipping
[2026-03-28 14:03:21.826] [info] SDDP aperture: scene 1 phase 51 aperture uid 6 infeasible (status 2), skipping
[2026-03-28 14:03:21.948] [info] SDDP aperture: scene 1 phase 51 aperture uid 7 infeasible (status 2), skipping
[2026-03-28 14:03:21.948] [info] SDDP aperture: scene 1 phase 51 aperture uid 8 infeasible (status 2), skipping
[2026-03-28 14:03:22.003] [info] SDDP aperture: scene 1 phase 51 aperture uid 9 infeasible (status 2), skipping
[2026-03-28 14:03:22.117] [info] SDDP aperture: scene 1 phase 51 aperture uid 10 infeasible (status 2), skipping
[2026-03-28 14:03:22.117] [info] SDDP aperture: scene 1 phase 51 aperture uid 11 infeasible (status 2), skipping
[2026-03-28 14:03:22.117] [info] SDDP aperture: scene 1 phase 51 aperture uid 12 infeasible (status 2), skipping
[2026-03-28 14:03:22.242] [info] SDDP aperture: scene 1 phase 51 aperture uid 13 infeasible (status 2), skipping
[2026-03-28 14:03:22.242] [info] SDDP aperture: scene 1 phase 51 aperture uid 14 infeasible (status 2), skipping
[2026-03-28 14:03:22.250] [info] SDDP aperture: scene 1 phase 51 aperture uid 15 infeasible (status 2), skipping
[2026-03-28 14:03:22.250] [info] SDDP aperture: scene 1 phase 51 aperture uid 16 infeasible (status 2), skipping
[2026-03-28 14:03:22.250] [info] SDDP aperture: scene 1 phase 51 aperture uid 17 infeasible (status 2), skipping
[2026-03-28 14:03:22.294] [info] SDDP aperture: scene 1 phase 51 aperture uid 18 infeasible (status 2), skipping
[2026-03-28 14:03:22.294] [info] SDDP aperture: scene 1 phase 51 — 0/16 feasible, 16 infeasible, 0 skipped (1.359s) [thread 786]
[2026-03-28 14:03:22.307] [info] [sddp_aperture.cpp:167] SDDP aperture: scene 1 phase 50 — starting 16 aperture(s) [thread 786]
[2026-03-28 14:03:23.827] [info] SDDP aperture: scene 1 phase 50 — 16/16 feasible, 0 infeasible, 0 skipped (1.519s) [thread 786]
[2026-03-28 14:03:23.927] [info] [sddp_aperture.cpp:167] SDDP aperture: scene 1 phase 49 — starting 16 aperture(s) [thread 786]
[2026-03-28 14:03:25.329] [info] SDDP aperture: scene 1 phase 49 — 16/16 feasible, 0 infeasible, 0 skipped (1.401s) [thread 786]
[2026-03-28 14:03:25.565] [info] [sddp_aperture.cpp:167] SDDP aperture: scene 1 phase 48 — starting 16 aperture(s) [thread 786]
[2026-03-28 14:03:27.272] [info] SDDP aperture: scene 1 phase 48 — 16/16 feasible, 0 infeasible, 0 skipped (1.707s) [thread 786]
[2026-03-28 14:03:27.379] [info] [sddp_aperture.cpp:167] SDDP aperture: scene 1 phase 47 — starting 16 aperture(s) [thread 786]
[2026-03-28 14:03:29.165] [info] SDDP aperture: scene 1 phase 47 — 16/16 feasible, 0 infeasible, 0 skipped (1.786s) [thread 786]
[2026-03-28 14:03:29.312] [info] [sddp_aperture.cpp:167] SDDP aperture: scene 1 phase 46 — starting 16 aperture(s) [thread 786]
[2026-03-28 14:03:31.361] [info] SDDP aperture: scene 1 phase 46 — 16/16 feasible, 0 infeasible, 0 skipped (2.049s) [thread 786]
[2026-03-28 14:03:31.499] [info] [sddp_aperture.cpp:167] SDDP aperture: scene 1 phase 45 — starting 16 aperture(s) [thread 786]
[2026-03-28 14:03:33.652] [info] SDDP aperture: scene 1 phase 45 — 16/16 feasible, 0 infeasible, 0 skipped (2.153s) [thread 786]
[2026-03-28 14:03:33.844] [info] [sddp_aperture.cpp:167] SDDP aperture: scene 1 phase 44 — starting 16 aperture(s) [thread 786]
[2026-03-28 14:03:36.627] [info] SDDP aperture: scene 1 phase 44 — 16/16 feasible, 0 infeasible, 0 skipped (2.783s) [thread 786]
[2026-03-28 14:03:37.426] [info] [sddp_aperture.cpp:167] SDDP aperture: scene 1 phase 43 — starting 16 aperture(s) [thread 786]
[2026-03-28 14:03:40.142] [info] SDDP aperture: scene 1 phase 43 — 16/16 feasible, 0 infeasible, 0 skipped (2.716s) [thread 786]
[2026-03-28 14:03:40.707] [info] [sddp_aperture.cpp:167] SDDP aperture: scene 1 phase 42 — starting 16 aperture(s) [thread 786]
[2026-03-28 14:03:43.286] [info] SDDP aperture: scene 1 phase 42 — 16/16 feasible, 0 infeasible, 0 skipped (2.579s) [thread 786]
[2026-03-28 14:03:43.303] [info] [sddp_aperture.cpp:167] SDDP aperture: scene 1 phase 41 — starting 16 aperture(s) [thread 786]
[2026-03-28 14:03:45.957] [info] SDDP aperture: scene 1 phase 41 — 16/16 feasible, 0 infeasible, 0 skipped (2.654s) [thread 786]
[2026-03-28 14:03:46.281] [info] [sddp_aperture.cpp:167] SDDP aperture: scene 1 phase 40 — starting 16 aperture(s) [thread 786]
[2026-03-28 14:03:49.108] [info] SDDP aperture: scene 1 phase 40 — 16/16 feasible, 0 infeasible, 0 skipped (2.827s) [thread 786]
[2026-03-28 14:03:49.610] [info] [sddp_aperture.cpp:167] SDDP aperture: scene 1 phase 39 — starting 16 aperture(s) [thread 786]
[2026-03-28 14:03:52.280] [info] SDDP aperture: scene 1 phase 39 — 16/16 feasible, 0 infeasible, 0 skipped (2.670s) [thread 786]
[2026-03-28 14:03:52.285] [warning] [sddp_aperture_pass.cpp:506] SDDP backward: iter 0 scene 1 phase 38 non-optimal after expected cut (status 2), skipping further backpropagation
[2026-03-28 14:03:52.285] [info] [sddp_aperture.cpp:167] SDDP aperture: scene 1 phase 38 — starting 16 aperture(s) [thread 786]
[2026-03-28 14:03:54.587] [info] SDDP aperture: scene 1 phase 38 aperture uid 16 infeasible (status 2), skipping
[2026-03-28 14:03:54.587] [info] SDDP aperture: scene 1 phase 38 — 15/16 feasible, 1 infeasible, 0 skipped (2.302s) [thread 786]
[2026-03-28 14:03:54.607] [warning] [sddp_aperture_pass.cpp:506] SDDP backward: iter 0 scene 1 phase 37 non-optimal after expected cut (status 2), skipping further backpropagation
[2026-03-28 14:03:54.607] [info] [sddp_aperture.cpp:167] SDDP aperture: scene 1 phase 37 — starting 16 aperture(s) [thread 786]
[2026-03-28 14:03:56.676] [info] SDDP aperture: scene 1 phase 37 — 16/16 feasible, 0 infeasible, 0 skipped (2.069s) [thread 786]
[2026-03-28 14:03:57.148] [info] [sddp_aperture.cpp:167] SDDP aperture: scene 1 phase 36 — starting 16 aperture(s) [thread 786]
[2026-03-28 14:03:59.500] [info] SDDP aperture: scene 1 phase 36 — 16/16 feasible, 0 infeasible, 0 skipped (2.353s) [thread 786]
[2026-03-28 14:03:59.957] [info] [sddp_aperture.cpp:167] SDDP aperture: scene 1 phase 35 — starting 16 aperture(s) [thread 786]
[2026-03-28 14:04:02.181] [info] SDDP aperture: scene 1 phase 35 — 16/16 feasible, 0 infeasible, 0 skipped (2.224s) [thread 786]
[2026-03-28 14:04:02.584] [info] [sddp_aperture.cpp:167] SDDP aperture: scene 1 phase 34 — starting 16 aperture(s) [thread 786]
[2026-03-28 14:04:05.087] [info] SDDP aperture: scene 1 phase 34 — 16/16 feasible, 0 infeasible, 0 skipped (2.504s) [thread 786]
[2026-03-28 14:04:05.457] [info] [sddp_aperture.cpp:167] SDDP aperture: scene 1 phase 33 — starting 16 aperture(s) [thread 786]
[2026-03-28 14:04:08.270] [info] SDDP aperture: scene 1 phase 33 — 16/16 feasible, 0 infeasible, 0 skipped (2.813s) [thread 786]
[2026-03-28 14:04:09.014] [info] [sddp_aperture.cpp:167] SDDP aperture: scene 1 phase 32 — starting 16 aperture(s) [thread 786]
[2026-03-28 14:04:11.458] [info] SDDP aperture: scene 1 phase 32 — 16/16 feasible, 0 infeasible, 0 skipped (2.444s) [thread 786]
[2026-03-28 14:04:11.765] [info] [sddp_aperture.cpp:167] SDDP aperture: scene 1 phase 31 — starting 16 aperture(s) [thread 786]
[2026-03-28 14:04:13.939] [info] SDDP aperture: scene 1 phase 31 — 16/16 feasible, 0 infeasible, 0 skipped (2.174s) [thread 786]
[2026-03-28 14:04:14.725] [info] [sddp_aperture.cpp:167] SDDP aperture: scene 1 phase 30 — starting 16 aperture(s) [thread 786]
[2026-03-28 14:04:17.314] [info] SDDP aperture: scene 1 phase 30 — 16/16 feasible, 0 infeasible, 0 skipped (2.589s) [thread 786]
[2026-03-28 14:04:18.079] [info] [sddp_aperture.cpp:167] SDDP aperture: scene 1 phase 29 — starting 16 aperture(s) [thread 786]
[2026-03-28 14:04:20.474] [info] SDDP aperture: scene 1 phase 29 — 16/16 feasible, 0 infeasible, 0 skipped (2.396s) [thread 786]
[2026-03-28 14:04:20.761] [info] [sddp_aperture.cpp:167] SDDP aperture: scene 1 phase 28 — starting 16 aperture(s) [thread 786]
[2026-03-28 14:04:23.056] [info] SDDP aperture: scene 1 phase 28 — 16/16 feasible, 0 infeasible, 0 skipped (2.295s) [thread 786]
[2026-03-28 14:04:23.679] [info] [sddp_aperture.cpp:167] SDDP aperture: scene 1 phase 27 — starting 16 aperture(s) [thread 786]
[2026-03-28 14:04:26.190] [info] SDDP aperture: scene 1 phase 27 aperture uid 15 infeasible (status 2), skipping
[2026-03-28 14:04:26.190] [info] SDDP aperture: scene 1 phase 27 — 15/16 feasible, 1 infeasible, 0 skipped (2.511s) [thread 786]
[2026-03-28 14:04:26.733] [info] [sddp_aperture.cpp:167] SDDP aperture: scene 1 phase 26 — starting 16 aperture(s) [thread 786]
[2026-03-28 14:04:29.034] [info] SDDP aperture: scene 1 phase 26 — 16/16 feasible, 0 infeasible, 0 skipped (2.301s) [thread 786]
[2026-03-28 14:04:29.424] [info] [sddp_aperture.cpp:167] SDDP aperture: scene 1 phase 25 — starting 16 aperture(s) [thread 786]
[2026-03-28 14:04:31.369] [info] SDDP aperture: scene 1 phase 25 — 16/16 feasible, 0 infeasible, 0 skipped (1.945s) [thread 786]
[2026-03-28 14:04:31.715] [info] [sddp_aperture.cpp:167] SDDP aperture: scene 1 phase 24 — starting 16 aperture(s) [thread 786]
[2026-03-28 14:04:33.793] [info] SDDP aperture: scene 1 phase 24 — 16/16 feasible, 0 infeasible, 0 skipped (2.078s) [thread 786]
[2026-03-28 14:04:34.294] [info] [sddp_aperture.cpp:167] SDDP aperture: scene 1 phase 23 — starting 16 aperture(s) [thread 786]
[2026-03-28 14:04:36.547] [info] SDDP aperture: scene 1 phase 23 — 16/16 feasible, 0 infeasible, 0 skipped (2.253s) [thread 786]
[2026-03-28 14:04:37.076] [info] [sddp_aperture.cpp:167] SDDP aperture: scene 1 phase 22 — starting 16 aperture(s) [thread 786]
[2026-03-28 14:04:39.528] [info] SDDP aperture: scene 1 phase 22 — 16/16 feasible, 0 infeasible, 0 skipped (2.451s) [thread 786]
[2026-03-28 14:04:39.984] [info] [sddp_aperture.cpp:167] SDDP aperture: scene 1 phase 21 — starting 16 aperture(s) [thread 786]
[2026-03-28 14:04:42.373] [info] SDDP aperture: scene 1 phase 21 — 16/16 feasible, 0 infeasible, 0 skipped (2.389s) [thread 786]
[2026-03-28 14:04:42.704] [info] [sddp_aperture.cpp:167] SDDP aperture: scene 1 phase 20 — starting 16 aperture(s) [thread 786]
[2026-03-28 14:04:44.795] [info] SDDP aperture: scene 1 phase 20 — 16/16 feasible, 0 infeasible, 0 skipped (2.091s) [thread 786]
[2026-03-28 14:04:45.312] [info] [sddp_aperture.cpp:167] SDDP aperture: scene 1 phase 19 — starting 16 aperture(s) [thread 786]
[2026-03-28 14:04:47.783] [info] SDDP aperture: scene 1 phase 19 — 16/16 feasible, 0 infeasible, 0 skipped (2.471s) [thread 786]
[2026-03-28 14:04:48.395] [info] [sddp_aperture.cpp:167] SDDP aperture: scene 1 phase 18 — starting 16 aperture(s) [thread 786]
[2026-03-28 14:04:51.085] [info] SDDP aperture: scene 1 phase 18 — 16/16 feasible, 0 infeasible, 0 skipped (2.689s) [thread 786]
[2026-03-28 14:04:51.568] [info] [sddp_aperture.cpp:167] SDDP aperture: scene 1 phase 17 — starting 16 aperture(s) [thread 786]
[2026-03-28 14:04:54.172] [info] SDDP aperture: scene 1 phase 17 — 16/16 feasible, 0 infeasible, 0 skipped (2.604s) [thread 786]
[2026-03-28 14:04:54.708] [info] [sddp_aperture.cpp:167] SDDP aperture: scene 1 phase 16 — starting 16 aperture(s) [thread 786]
[2026-03-28 14:04:57.188] [info] SDDP aperture: scene 1 phase 16 — 16/16 feasible, 0 infeasible, 0 skipped (2.480s) [thread 786]
[2026-03-28 14:04:57.774] [info] [sddp_aperture.cpp:167] SDDP aperture: scene 1 phase 15 — starting 16 aperture(s) [thread 786]
[2026-03-28 14:05:00.226] [info] SDDP aperture: scene 1 phase 15 — 16/16 feasible, 0 infeasible, 0 skipped (2.452s) [thread 786]
[2026-03-28 14:05:00.869] [info] [sddp_aperture.cpp:167] SDDP aperture: scene 1 phase 14 — starting 16 aperture(s) [thread 786]
[2026-03-28 14:05:03.129] [info] SDDP aperture: scene 1 phase 14 — 16/16 feasible, 0 infeasible, 0 skipped (2.260s) [thread 786]
[2026-03-28 14:05:03.762] [info] [sddp_aperture.cpp:167] SDDP aperture: scene 1 phase 13 — starting 16 aperture(s) [thread 786]
[2026-03-28 14:05:06.277] [info] SDDP aperture: scene 1 phase 13 — 16/16 feasible, 0 infeasible, 0 skipped (2.515s) [thread 786]
[2026-03-28 14:05:07.067] [info] [sddp_aperture.cpp:167] SDDP aperture: scene 1 phase 12 — starting 16 aperture(s) [thread 786]
[2026-03-28 14:05:09.648] [info] SDDP aperture: scene 1 phase 12 — 16/16 feasible, 0 infeasible, 0 skipped (2.581s) [thread 786]
[2026-03-28 14:05:10.304] [info] [sddp_aperture.cpp:167] SDDP aperture: scene 1 phase 11 — starting 16 aperture(s) [thread 786]
[2026-03-28 14:05:12.817] [info] SDDP aperture: scene 1 phase 11 — 16/16 feasible, 0 infeasible, 0 skipped (2.513s) [thread 786]
[2026-03-28 14:05:13.684] [info] [sddp_aperture.cpp:167] SDDP aperture: scene 1 phase 10 — starting 16 aperture(s) [thread 786]
[2026-03-28 14:05:15.857] [info] SDDP aperture: scene 1 phase 10 — 16/16 feasible, 0 infeasible, 0 skipped (2.173s) [thread 786]
[2026-03-28 14:05:16.727] [info] [sddp_aperture.cpp:167] SDDP aperture: scene 1 phase 9 — starting 16 aperture(s) [thread 786]
[2026-03-28 14:05:19.165] [info] SDDP aperture: scene 1 phase 9 — 16/16 feasible, 0 infeasible, 0 skipped (2.438s) [thread 786]
[2026-03-28 14:05:20.844] [info] [sddp_aperture.cpp:167] SDDP aperture: scene 1 phase 8 — starting 16 aperture(s) [thread 786]
[2026-03-28 14:05:23.314] [info] SDDP aperture: scene 1 phase 8 — 16/16 feasible, 0 infeasible, 0 skipped (2.470s) [thread 786]
[2026-03-28 14:05:23.882] [info] [sddp_aperture.cpp:167] SDDP aperture: scene 1 phase 7 — starting 16 aperture(s) [thread 786]
[2026-03-28 14:05:26.172] [info] SDDP aperture: scene 1 phase 7 — 16/16 feasible, 0 infeasible, 0 skipped (2.289s) [thread 786]
[2026-03-28 14:05:26.660] [info] [sddp_aperture.cpp:167] SDDP aperture: scene 1 phase 6 — starting 16 aperture(s) [thread 786]
[2026-03-28 14:05:28.718] [info] SDDP aperture: scene 1 phase 6 — 16/16 feasible, 0 infeasible, 0 skipped (2.058s) [thread 786]
[2026-03-28 14:05:29.284] [info] [sddp_aperture.cpp:167] SDDP aperture: scene 1 phase 5 — starting 16 aperture(s) [thread 786]
[2026-03-28 14:05:31.403] [info] SDDP aperture: scene 1 phase 5 — 16/16 feasible, 0 infeasible, 0 skipped (2.119s) [thread 786]
[2026-03-28 14:05:32.284] [info] [sddp_aperture.cpp:167] SDDP aperture: scene 1 phase 4 — starting 16 aperture(s) [thread 786]
[2026-03-28 14:05:34.348] [info] SDDP aperture: scene 1 phase 4 — 16/16 feasible, 0 infeasible, 0 skipped (2.063s) [thread 786]
[2026-03-28 14:05:34.791] [info] [sddp_aperture.cpp:167] SDDP aperture: scene 1 phase 3 — starting 16 aperture(s) [thread 786]
[2026-03-28 14:05:37.023] [info] SDDP aperture: scene 1 phase 3 — 16/16 feasible, 0 infeasible, 0 skipped (2.231s) [thread 786]
[2026-03-28 14:05:37.359] [info] [sddp_aperture.cpp:167] SDDP aperture: scene 1 phase 2 — starting 16 aperture(s) [thread 786]
[2026-03-28 14:05:39.012] [info] SDDP aperture: scene 1 phase 2 — 16/16 feasible, 0 infeasible, 0 skipped (1.652s) [thread 786]
[2026-03-28 14:05:39.013] [warning] [sddp_aperture_pass.cpp:518] SDDP aperture: scene 1 — all apertures infeasible at 1 phase(s) [51], used Benders fallback cuts
[2026-03-28 14:05:39.013] [info] [sddp_method.cpp:1698] SDDP iter 0: gap=0.991148 gap_change=1.000000 (150.514s)
[2026-03-28 14:05:39.013] [info] [sddp_iteration.cpp:222] SDDP: iter 0 done in 150.514s (fwd 12.43s + bwd 138.08s) — UB=28337586.5304 LB=250853.4516 gap=0.991148 gap_change=1.000000 cuts=50 infeas_cuts=3 
[2026-03-28 14:05:41.061] [info] [sddp_iteration.cpp:257] SDDP: === simulation pass (iter 1) ===
[2026-03-28 14:05:41.061] [info] [sddp_method.cpp:1280] SDDP forward: dispatching 1 scene(s) to work pool
[2026-03-28 14:05:41.061] [info] [sddp_forward_pass.cpp:80] SDDP forward: scene 1 iter 1 starting (51 phases) [thread 9059]
[2026-03-28 14:06:23.310] [warning] [sddp_forward_pass.cpp:228] SDDP forward: iter 1 scene 1 phase 51 non-optimal (status 2), trying elastic solve
[2026-03-28 14:06:24.059] [info] [sddp_forward_pass.cpp:265] SDDP forward: scene 1 phase 51 elastic solve ok, obj=685868.5594 alpha=0.0000 opex=685868.5594 [infeas_count=2]
[2026-03-28 14:06:24.060] [info] [sddp_forward_pass.cpp:339] SDDP forward: scene 1 iter 1 done, total_opex=29144568.0346 [thread 9059]
[2026-03-28 14:06:24.061] [info] [sddp_method.cpp:1698] SDDP iter 1: gap=0.133513 gap_change=1.000000 (43.000s)
[2026-03-28 14:06:24.061] [info] [sddp_iteration.cpp:304] SDDP: simulation pass done in 43.000s — UB=29144568.0346 LB=25253403.4158 gap=0.133513 gap_change=1.000000 
[2026-03-28 14:06:26.085] [info]   WorkPool shutdown complete
[2026-03-28 14:06:26.085] [info]   WorkPool shutdown complete
[2026-03-28 14:06:26.141] [info]   Optimization time 197.876s
[2026-03-28 14:06:26.141] [warning] Solver did not find an optimal solution: SDDP did not converge after 1 iterations (gap=0.133513) (code=1)
[2026-03-28 14:06:26.141] [error]   Solver options used: algorithm=barrier, threads=2, presolve=true, optimal_eps=(default), feasible_eps=(default), barrier_eps=(default), log_level=0
[2026-03-28 14:06:26.141] [info] === Solution statistics ===
[2026-03-28 14:06:26.141] [info]   Status          : non-optimal
