[2026-03-28 13:50:30.586] [info] trace log file: gtopt_case_2y/results/logs/trace_40.log
[2026-03-28 13:50:30.588] [info]   Parsing input file gtopt_case_2y/gtopt_case_2y.json
[2026-03-28 13:50:30.589] [warning] deprecated option 'use_lp_names': use 'lp_build_options.names_level' instead
[2026-03-28 13:50:30.632] [info]   Parse all input files time 0.046s
[2026-03-28 13:50:30.632] [info] Output compression codec: zstd
[2026-03-28 13:50:30.635] [info] Planning validation passed
[2026-03-28 13:50:30.635] [info] === System statistics ===
[2026-03-28 13:50:30.635] [info]   System name     : gtopt_case_2y
[2026-03-28 13:50:30.635] [info]   System version  : 
[2026-03-28 13:50:30.635] [info] === System elements  ===
[2026-03-28 13:50:30.635] [info]   Buses           : 236
[2026-03-28 13:50:30.635] [info]   Generators      : 1715
[2026-03-28 13:50:30.635] [info]   Generator profs : 0
[2026-03-28 13:50:30.635] [info]   Demands         : 138
[2026-03-28 13:50:30.635] [info]   Demand profs    : 0
[2026-03-28 13:50:30.635] [info]   Lines           : 330
[2026-03-28 13:50:30.635] [info]   Batteries       : 25
[2026-03-28 13:50:30.635] [info]   Converters      : 0
[2026-03-28 13:50:30.635] [info]   Reserve zones   : 0
[2026-03-28 13:50:30.635] [info]   Reserve provisions   : 0
[2026-03-28 13:50:30.635] [info]   Junctions       : 100
[2026-03-28 13:50:30.635] [info]   Waterways       : 136
[2026-03-28 13:50:30.635] [info]   Flows           : 160
[2026-03-28 13:50:30.635] [info]   Reservoirs      : 10
[2026-03-28 13:50:30.635] [info]   ReservoirSeepages     : 3
[2026-03-28 13:50:30.635] [info]   Turbines        : 170
[2026-03-28 13:50:30.635] [info] === Simulation statistics ===
[2026-03-28 13:50:30.635] [info]   Blocks          : 510
[2026-03-28 13:50:30.635] [info]   Stages          : 51
[2026-03-28 13:50:30.635] [info]   Scenarios       : 1
[2026-03-28 13:50:30.635] [info] === Key options ===
[2026-03-28 13:50:30.635] [info]   use_kirchhoff   : false
[2026-03-28 13:50:30.635] [info]   use_single_bus  : false
[2026-03-28 13:50:30.635] [info]   scale_objective : 1000
[2026-03-28 13:50:30.635] [info]   demand_fail_cost: 1000
[2026-03-28 13:50:30.635] [info]   input_directory : gtopt_case_2y
[2026-03-28 13:50:30.635] [info]   output_directory: gtopt_case_2y/results
[2026-03-28 13:50:30.635] [info]   output_format   : parquet
[2026-03-28 13:50:30.635] [info] === Building LP model ===
[2026-03-28 13:50:30.637] [info] [planning_lp.cpp:44]   Building LP: 1 scene(s) × 51 phase(s)
[2026-03-28 13:50:30.637] [info]   SolverWorkPool initialized: 25 max threads, 98% CPU threshold
[2026-03-28 13:50:30.638] [info]   SolverWorkPool started
[2026-03-28 13:50:52.934] [info] [planning_lp.cpp:105]   Building LP done in 22.297s
[2026-03-28 13:50:52.935] [info]   WorkPool shutdown complete
[2026-03-28 13:50:52.935] [info]   Build lp time 22.300s
[2026-03-28 13:50:52.935] [info]   LP coefficient analysis: 51 LP(s), global |coeff| [6.667e-06, 6.420e+01], ratio=9.63e+06 (fair)
[2026-03-28 13:50:52.935] [info] === System optimization ===
[2026-03-28 13:50:52.935] [info] [sddp_method.cpp:1823] SDDPMethod: starting 1 scene(s) × 51 phase(s)
[2026-03-28 13:50:52.935] [info] ApertureDataCache: scanning 'gtopt_case_2y/apertures'
[2026-03-28 13:50:53.009] [info] ApertureDataCache: loaded 1618230 entries across 334 elements from gtopt_case_2y/apertures (0.07s, 20 threads)
[2026-03-28 13:50:53.009] [info] [sddp_method.cpp:1074] SDDP: initializing solver (no initial solve pass)
[2026-03-28 13:50:53.009] [info] [sddp_method.cpp:1086] SDDP: 1 scene(s), 51 phase(s)
[2026-03-28 13:50:53.009] [info] [sddp_method.cpp:1095] SDDP: adding alpha variables and collecting state links
[2026-03-28 13:50:53.283] [warning] [sddp_cut_io.cpp:922] Boundary cuts: state variable 'CANUTILLAR' not found in the current model; non-zero coefficient -100.6546958 (mode=skip_coeff)
[2026-03-28 13:50:53.283] [warning] [sddp_cut_io.cpp:922] Boundary cuts: state variable 'PILMAIQUEN' not found in the current model; non-zero coefficient -11.03538014 (mode=skip_coeff)
[2026-03-28 13:50:53.285] [info] [sddp_cut_io.cpp:995] SDDP: loaded 35 boundary cuts from gtopt_case_2y/boundary_cuts.csv (mode=separated, max_iters=0)
[2026-03-28 13:50:53.285] [info] [sddp_method.cpp:1173] SDDP: loaded 35 boundary cuts from gtopt_case_2y/boundary_cuts.csv
[2026-03-28 13:50:53.285] [info] [sddp_method.cpp:1254] SDDP: initialization complete (0.28s)
[2026-03-28 13:50:53.285] [info]   SDDPWorkPool initialized: 25 max threads, 98% CPU threshold
[2026-03-28 13:50:53.285] [info]   SDDPWorkPool started
[2026-03-28 13:50:53.285] [info] [sddp_pool.hpp:160] SDDP work pool started: max_threads=25 cpu_threshold=98% (hw_concurrency=20)
[2026-03-28 13:50:53.285] [info]   SolverWorkPool initialized: 25 max threads, 98% CPU threshold
[2026-03-28 13:50:53.286] [info]   SolverWorkPool started
[2026-03-28 13:50:53.286] [info] [sddp_iteration.cpp:67] SDDP: work pools created (0.00s)
[2026-03-28 13:50:53.286] [info] [sddp_iteration.cpp:102] SDDP: === iteration 0 / 0 ===
[2026-03-28 13:50:53.286] [info] [sddp_method.cpp:1280] SDDP forward: dispatching 1 scene(s) to work pool
[2026-03-28 13:50:53.306] [info] [sddp_forward_pass.cpp:80] SDDP forward: scene 1 iter 0 starting (51 phases) [thread 1990]
[2026-03-28 13:51:03.844] [warning] [sddp_forward_pass.cpp:228] SDDP forward: iter 0 scene 1 phase 37 non-optimal (status 2), trying elastic solve
[2026-03-28 13:51:04.601] [info] [sddp_forward_pass.cpp:265] SDDP forward: scene 1 phase 37 elastic solve ok, obj=702010.9206 alpha=0.0000 opex=702010.9206 [infeas_count=1]
[2026-03-28 13:51:04.961] [warning] [sddp_forward_pass.cpp:228] SDDP forward: iter 0 scene 1 phase 38 non-optimal (status 2), trying elastic solve
[2026-03-28 13:51:05.912] [info] [sddp_forward_pass.cpp:265] SDDP forward: scene 1 phase 38 elastic solve ok, obj=647094.3981 alpha=0.0000 opex=647094.3981 [infeas_count=1]
[2026-03-28 13:51:10.125] [warning] [sddp_forward_pass.cpp:228] SDDP forward: iter 0 scene 1 phase 51 non-optimal (status 2), trying elastic solve
[2026-03-28 13:51:11.131] [info] [sddp_forward_pass.cpp:265] SDDP forward: scene 1 phase 51 elastic solve ok, obj=687241.0995 alpha=0.0000 opex=687241.0995 [infeas_count=1]
[2026-03-28 13:51:11.133] [info] [sddp_forward_pass.cpp:339] SDDP forward: scene 1 iter 0 done, total_opex=28337586.5304 [thread 1990]
[2026-03-28 13:51:11.133] [info] [sddp_method.cpp:1373] SDDP backward: dispatching 1 scene(s) to work pool (cut_sharing=none, apertures=enabled)
[2026-03-28 13:51:11.147] [info] [sddp_aperture_pass.cpp:373] SDDP backward (apertures): scene 1 iter 0 starting (50 phases) [thread 1990]
[2026-03-28 13:51:11.147] [info] [sddp_aperture.cpp:167] SDDP aperture: scene 1 phase 51 — starting 16 aperture(s) [thread 1990]
[2026-03-28 13:51:12.165] [info] SDDP aperture: scene 1 phase 51 aperture uid 3 infeasible (status 2), skipping
[2026-03-28 13:51:12.165] [info] SDDP aperture: scene 1 phase 51 aperture uid 4 infeasible (status 2), skipping
[2026-03-28 13:51:12.172] [info] SDDP aperture: scene 1 phase 51 aperture uid 5 infeasible (status 2), skipping
[2026-03-28 13:51:12.211] [info] SDDP aperture: scene 1 phase 51 aperture uid 6 infeasible (status 2), skipping
[2026-03-28 13:51:12.211] [info] SDDP aperture: scene 1 phase 51 aperture uid 7 infeasible (status 2), skipping
[2026-03-28 13:51:12.296] [info] SDDP aperture: scene 1 phase 51 aperture uid 8 infeasible (status 2), skipping
[2026-03-28 13:51:12.309] [info] SDDP aperture: scene 1 phase 51 aperture uid 9 infeasible (status 2), skipping
[2026-03-28 13:51:12.309] [info] SDDP aperture: scene 1 phase 51 aperture uid 10 infeasible (status 2), skipping
[2026-03-28 13:51:12.309] [info] SDDP aperture: scene 1 phase 51 aperture uid 11 infeasible (status 2), skipping
[2026-03-28 13:51:12.309] [info] SDDP aperture: scene 1 phase 51 aperture uid 12 infeasible (status 2), skipping
[2026-03-28 13:51:12.309] [info] SDDP aperture: scene 1 phase 51 aperture uid 13 infeasible (status 2), skipping
[2026-03-28 13:51:12.309] [info] SDDP aperture: scene 1 phase 51 aperture uid 14 infeasible (status 2), skipping
[2026-03-28 13:51:12.309] [info] SDDP aperture: scene 1 phase 51 aperture uid 15 infeasible (status 2), skipping
[2026-03-28 13:51:12.309] [info] SDDP aperture: scene 1 phase 51 aperture uid 16 infeasible (status 2), skipping
[2026-03-28 13:51:12.344] [info] SDDP aperture: scene 1 phase 51 aperture uid 17 infeasible (status 2), skipping
[2026-03-28 13:51:12.352] [info] SDDP aperture: scene 1 phase 51 aperture uid 18 infeasible (status 2), skipping
[2026-03-28 13:51:12.352] [info] SDDP aperture: scene 1 phase 51 — 0/16 feasible, 16 infeasible, 0 skipped (1.204s) [thread 1990]
[2026-03-28 13:51:12.358] [info] [sddp_aperture.cpp:167] SDDP aperture: scene 1 phase 50 — starting 16 aperture(s) [thread 1990]
[2026-03-28 13:51:13.773] [info] SDDP aperture: scene 1 phase 50 — 16/16 feasible, 0 infeasible, 0 skipped (1.415s) [thread 1990]
[2026-03-28 13:51:13.868] [info] [sddp_aperture.cpp:167] SDDP aperture: scene 1 phase 49 — starting 16 aperture(s) [thread 1990]
[2026-03-28 13:51:15.336] [info] SDDP aperture: scene 1 phase 49 — 16/16 feasible, 0 infeasible, 0 skipped (1.468s) [thread 1990]
[2026-03-28 13:51:15.579] [info] [sddp_aperture.cpp:167] SDDP aperture: scene 1 phase 48 — starting 16 aperture(s) [thread 1990]
[2026-03-28 13:51:17.096] [info] SDDP aperture: scene 1 phase 48 — 16/16 feasible, 0 infeasible, 0 skipped (1.517s) [thread 1990]
[2026-03-28 13:51:17.169] [info] [sddp_aperture.cpp:167] SDDP aperture: scene 1 phase 47 — starting 16 aperture(s) [thread 1990]
[2026-03-28 13:51:18.682] [info] SDDP aperture: scene 1 phase 47 — 16/16 feasible, 0 infeasible, 0 skipped (1.513s) [thread 1990]
[2026-03-28 13:51:18.836] [info] [sddp_aperture.cpp:167] SDDP aperture: scene 1 phase 46 — starting 16 aperture(s) [thread 1990]
[2026-03-28 13:51:20.695] [info] SDDP aperture: scene 1 phase 46 — 16/16 feasible, 0 infeasible, 0 skipped (1.860s) [thread 1990]
[2026-03-28 13:51:20.841] [info] [sddp_aperture.cpp:167] SDDP aperture: scene 1 phase 45 — starting 16 aperture(s) [thread 1990]
[2026-03-28 13:51:22.975] [info] SDDP aperture: scene 1 phase 45 — 16/16 feasible, 0 infeasible, 0 skipped (2.134s) [thread 1990]
[2026-03-28 13:51:23.169] [info] [sddp_aperture.cpp:167] SDDP aperture: scene 1 phase 44 — starting 16 aperture(s) [thread 1990]
[2026-03-28 13:51:25.960] [info] SDDP aperture: scene 1 phase 44 — 16/16 feasible, 0 infeasible, 0 skipped (2.791s) [thread 1990]
[2026-03-28 13:51:26.687] [info] [sddp_aperture.cpp:167] SDDP aperture: scene 1 phase 43 — starting 16 aperture(s) [thread 1990]
[2026-03-28 13:51:29.340] [info] SDDP aperture: scene 1 phase 43 — 16/16 feasible, 0 infeasible, 0 skipped (2.653s) [thread 1990]
[2026-03-28 13:51:29.795] [info] [sddp_aperture.cpp:167] SDDP aperture: scene 1 phase 42 — starting 16 aperture(s) [thread 1990]
[2026-03-28 13:51:32.322] [info] SDDP aperture: scene 1 phase 42 — 16/16 feasible, 0 infeasible, 0 skipped (2.526s) [thread 1990]
[2026-03-28 13:51:32.348] [info] [sddp_aperture.cpp:167] SDDP aperture: scene 1 phase 41 — starting 16 aperture(s) [thread 1990]
[2026-03-28 13:51:34.999] [info] SDDP aperture: scene 1 phase 41 — 16/16 feasible, 0 infeasible, 0 skipped (2.651s) [thread 1990]
[2026-03-28 13:51:35.308] [info] [sddp_aperture.cpp:167] SDDP aperture: scene 1 phase 40 — starting 16 aperture(s) [thread 1990]
[2026-03-28 13:51:38.078] [info] SDDP aperture: scene 1 phase 40 — 16/16 feasible, 0 infeasible, 0 skipped (2.770s) [thread 1990]
[2026-03-28 13:51:38.482] [info] [sddp_aperture.cpp:167] SDDP aperture: scene 1 phase 39 — starting 16 aperture(s) [thread 1990]
[2026-03-28 13:51:40.936] [info] SDDP aperture: scene 1 phase 39 — 16/16 feasible, 0 infeasible, 0 skipped (2.453s) [thread 1990]
[2026-03-28 13:51:40.944] [warning] [sddp_aperture_pass.cpp:506] SDDP backward: iter 0 scene 1 phase 38 non-optimal after expected cut (status 2), skipping further backpropagation
[2026-03-28 13:51:40.944] [info] [sddp_aperture.cpp:167] SDDP aperture: scene 1 phase 38 — starting 16 aperture(s) [thread 1990]
[2026-03-28 13:51:43.080] [info] SDDP aperture: scene 1 phase 38 aperture uid 16 infeasible (status 2), skipping
[2026-03-28 13:51:43.081] [info] SDDP aperture: scene 1 phase 38 — 15/16 feasible, 1 infeasible, 0 skipped (2.137s) [thread 1990]
[2026-03-28 13:51:43.093] [warning] [sddp_aperture_pass.cpp:506] SDDP backward: iter 0 scene 1 phase 37 non-optimal after expected cut (status 2), skipping further backpropagation
[2026-03-28 13:51:43.093] [info] [sddp_aperture.cpp:167] SDDP aperture: scene 1 phase 37 — starting 16 aperture(s) [thread 1990]
[2026-03-28 13:51:45.201] [info] SDDP aperture: scene 1 phase 37 — 16/16 feasible, 0 infeasible, 0 skipped (2.108s) [thread 1990]
[2026-03-28 13:51:45.636] [info] [sddp_aperture.cpp:167] SDDP aperture: scene 1 phase 36 — starting 16 aperture(s) [thread 1990]
[2026-03-28 13:51:47.873] [info] SDDP aperture: scene 1 phase 36 — 16/16 feasible, 0 infeasible, 0 skipped (2.236s) [thread 1990]
[2026-03-28 13:51:48.428] [info] [sddp_aperture.cpp:167] SDDP aperture: scene 1 phase 35 — starting 16 aperture(s) [thread 1990]
[2026-03-28 13:51:50.515] [info] SDDP aperture: scene 1 phase 35 — 16/16 feasible, 0 infeasible, 0 skipped (2.087s) [thread 1990]
[2026-03-28 13:51:50.851] [info] [sddp_aperture.cpp:167] SDDP aperture: scene 1 phase 34 — starting 16 aperture(s) [thread 1990]
[2026-03-28 13:51:53.385] [info] SDDP aperture: scene 1 phase 34 — 16/16 feasible, 0 infeasible, 0 skipped (2.534s) [thread 1990]
[2026-03-28 13:51:53.736] [info] [sddp_aperture.cpp:167] SDDP aperture: scene 1 phase 33 — starting 16 aperture(s) [thread 1990]
[2026-03-28 13:51:56.446] [info] SDDP aperture: scene 1 phase 33 — 16/16 feasible, 0 infeasible, 0 skipped (2.710s) [thread 1990]
[2026-03-28 13:51:57.077] [info] [sddp_aperture.cpp:167] SDDP aperture: scene 1 phase 32 — starting 16 aperture(s) [thread 1990]
[2026-03-28 13:51:59.612] [info] SDDP aperture: scene 1 phase 32 — 16/16 feasible, 0 infeasible, 0 skipped (2.535s) [thread 1990]
[2026-03-28 13:51:59.999] [info] [sddp_aperture.cpp:167] SDDP aperture: scene 1 phase 31 — starting 16 aperture(s) [thread 1990]
[2026-03-28 13:52:02.034] [info] SDDP aperture: scene 1 phase 31 — 16/16 feasible, 0 infeasible, 0 skipped (2.035s) [thread 1990]
[2026-03-28 13:52:02.483] [info] [sddp_aperture.cpp:167] SDDP aperture: scene 1 phase 30 — starting 16 aperture(s) [thread 1990]
[2026-03-28 13:52:04.634] [info] SDDP aperture: scene 1 phase 30 — 16/16 feasible, 0 infeasible, 0 skipped (2.151s) [thread 1990]
[2026-03-28 13:52:05.347] [info] [sddp_aperture.cpp:167] SDDP aperture: scene 1 phase 29 — starting 16 aperture(s) [thread 1990]
[2026-03-28 13:52:07.729] [info] SDDP aperture: scene 1 phase 29 — 16/16 feasible, 0 infeasible, 0 skipped (2.382s) [thread 1990]
[2026-03-28 13:52:07.996] [info] [sddp_aperture.cpp:167] SDDP aperture: scene 1 phase 28 — starting 16 aperture(s) [thread 1990]
[2026-03-28 13:52:10.232] [info] SDDP aperture: scene 1 phase 28 — 16/16 feasible, 0 infeasible, 0 skipped (2.236s) [thread 1990]
[2026-03-28 13:52:10.760] [info] [sddp_aperture.cpp:167] SDDP aperture: scene 1 phase 27 — starting 16 aperture(s) [thread 1990]
[2026-03-28 13:52:13.169] [info] SDDP aperture: scene 1 phase 27 aperture uid 15 infeasible (status 2), skipping
[2026-03-28 13:52:13.170] [info] SDDP aperture: scene 1 phase 27 — 15/16 feasible, 1 infeasible, 0 skipped (2.410s) [thread 1990]
[2026-03-28 13:52:13.688] [info] [sddp_aperture.cpp:167] SDDP aperture: scene 1 phase 26 — starting 16 aperture(s) [thread 1990]
[2026-03-28 13:52:15.876] [info] SDDP aperture: scene 1 phase 26 — 16/16 feasible, 0 infeasible, 0 skipped (2.189s) [thread 1990]
[2026-03-28 13:52:16.233] [info] [sddp_aperture.cpp:167] SDDP aperture: scene 1 phase 25 — starting 16 aperture(s) [thread 1990]
[2026-03-28 13:52:18.100] [info] SDDP aperture: scene 1 phase 25 — 16/16 feasible, 0 infeasible, 0 skipped (1.867s) [thread 1990]
[2026-03-28 13:52:18.328] [info] [sddp_aperture.cpp:167] SDDP aperture: scene 1 phase 24 — starting 16 aperture(s) [thread 1990]
[2026-03-28 13:52:20.088] [info] SDDP aperture: scene 1 phase 24 — 16/16 feasible, 0 infeasible, 0 skipped (1.761s) [thread 1990]
[2026-03-28 13:52:20.415] [info] [sddp_aperture.cpp:167] SDDP aperture: scene 1 phase 23 — starting 16 aperture(s) [thread 1990]
[2026-03-28 13:52:22.614] [info] SDDP aperture: scene 1 phase 23 — 16/16 feasible, 0 infeasible, 0 skipped (2.199s) [thread 1990]
[2026-03-28 13:52:22.946] [info] [sddp_aperture.cpp:167] SDDP aperture: scene 1 phase 22 — starting 16 aperture(s) [thread 1990]
[2026-03-28 13:52:25.232] [info] SDDP aperture: scene 1 phase 22 — 16/16 feasible, 0 infeasible, 0 skipped (2.285s) [thread 1990]
[2026-03-28 13:52:25.598] [info] [sddp_aperture.cpp:167] SDDP aperture: scene 1 phase 21 — starting 16 aperture(s) [thread 1990]
[2026-03-28 13:52:27.550] [info] SDDP aperture: scene 1 phase 21 — 16/16 feasible, 0 infeasible, 0 skipped (1.952s) [thread 1990]
[2026-03-28 13:52:27.881] [info] [sddp_aperture.cpp:167] SDDP aperture: scene 1 phase 20 — starting 16 aperture(s) [thread 1990]
[2026-03-28 13:52:29.849] [info] SDDP aperture: scene 1 phase 20 — 16/16 feasible, 0 infeasible, 0 skipped (1.968s) [thread 1990]
[2026-03-28 13:52:30.232] [info] [sddp_aperture.cpp:167] SDDP aperture: scene 1 phase 19 — starting 16 aperture(s) [thread 1990]
[2026-03-28 13:52:32.375] [info] SDDP aperture: scene 1 phase 19 — 16/16 feasible, 0 infeasible, 0 skipped (2.143s) [thread 1990]
[2026-03-28 13:52:32.948] [info] [sddp_aperture.cpp:167] SDDP aperture: scene 1 phase 18 — starting 16 aperture(s) [thread 1990]
[2026-03-28 13:52:35.405] [info] SDDP aperture: scene 1 phase 18 — 16/16 feasible, 0 infeasible, 0 skipped (2.457s) [thread 1990]
[2026-03-28 13:52:36.065] [info] [sddp_aperture.cpp:167] SDDP aperture: scene 1 phase 17 — starting 16 aperture(s) [thread 1990]
[2026-03-28 13:52:38.387] [info] SDDP aperture: scene 1 phase 17 — 16/16 feasible, 0 infeasible, 0 skipped (2.322s) [thread 1990]
[2026-03-28 13:52:38.795] [info] [sddp_aperture.cpp:167] SDDP aperture: scene 1 phase 16 — starting 16 aperture(s) [thread 1990]
[2026-03-28 13:52:41.092] [info] SDDP aperture: scene 1 phase 16 — 16/16 feasible, 0 infeasible, 0 skipped (2.297s) [thread 1990]
[2026-03-28 13:52:41.562] [info] [sddp_aperture.cpp:167] SDDP aperture: scene 1 phase 15 — starting 16 aperture(s) [thread 1990]
[2026-03-28 13:52:43.880] [info] SDDP aperture: scene 1 phase 15 — 16/16 feasible, 0 infeasible, 0 skipped (2.318s) [thread 1990]
[2026-03-28 13:52:44.342] [info] [sddp_aperture.cpp:167] SDDP aperture: scene 1 phase 14 — starting 16 aperture(s) [thread 1990]
[2026-03-28 13:52:46.325] [info] SDDP aperture: scene 1 phase 14 — 16/16 feasible, 0 infeasible, 0 skipped (1.984s) [thread 1990]
[2026-03-28 13:52:46.772] [info] [sddp_aperture.cpp:167] SDDP aperture: scene 1 phase 13 — starting 16 aperture(s) [thread 1990]
[2026-03-28 13:52:49.023] [info] SDDP aperture: scene 1 phase 13 — 16/16 feasible, 0 infeasible, 0 skipped (2.251s) [thread 1990]
[2026-03-28 13:52:49.809] [info] [sddp_aperture.cpp:167] SDDP aperture: scene 1 phase 12 — starting 16 aperture(s) [thread 1990]
[2026-03-28 13:52:52.349] [info] SDDP aperture: scene 1 phase 12 — 16/16 feasible, 0 infeasible, 0 skipped (2.540s) [thread 1990]
[2026-03-28 13:52:52.772] [info] [sddp_aperture.cpp:167] SDDP aperture: scene 1 phase 11 — starting 16 aperture(s) [thread 1990]
[2026-03-28 13:52:55.149] [info] SDDP aperture: scene 1 phase 11 — 16/16 feasible, 0 infeasible, 0 skipped (2.378s) [thread 1990]
[2026-03-28 13:52:56.061] [info] [sddp_aperture.cpp:167] SDDP aperture: scene 1 phase 10 — starting 16 aperture(s) [thread 1990]
[2026-03-28 13:52:58.362] [info] SDDP aperture: scene 1 phase 10 — 16/16 feasible, 0 infeasible, 0 skipped (2.301s) [thread 1990]
[2026-03-28 13:52:59.186] [info] [sddp_aperture.cpp:167] SDDP aperture: scene 1 phase 9 — starting 16 aperture(s) [thread 1990]
[2026-03-28 13:53:01.856] [info] SDDP aperture: scene 1 phase 9 — 16/16 feasible, 0 infeasible, 0 skipped (2.669s) [thread 1990]
[2026-03-28 13:53:02.882] [info] [sddp_aperture.cpp:167] SDDP aperture: scene 1 phase 8 — starting 16 aperture(s) [thread 1990]
[2026-03-28 13:53:05.420] [info] SDDP aperture: scene 1 phase 8 — 16/16 feasible, 0 infeasible, 0 skipped (2.539s) [thread 1990]
[2026-03-28 13:53:06.181] [info] [sddp_aperture.cpp:167] SDDP aperture: scene 1 phase 7 — starting 16 aperture(s) [thread 1990]
[2026-03-28 13:53:08.485] [info] SDDP aperture: scene 1 phase 7 — 16/16 feasible, 0 infeasible, 0 skipped (2.304s) [thread 1990]
[2026-03-28 13:53:09.135] [info] [sddp_aperture.cpp:167] SDDP aperture: scene 1 phase 6 — starting 16 aperture(s) [thread 1990]
[2026-03-28 13:53:11.367] [info] SDDP aperture: scene 1 phase 6 — 16/16 feasible, 0 infeasible, 0 skipped (2.232s) [thread 1990]
[2026-03-28 13:53:11.902] [info] [sddp_aperture.cpp:167] SDDP aperture: scene 1 phase 5 — starting 16 aperture(s) [thread 1990]
[2026-03-28 13:53:14.135] [info] SDDP aperture: scene 1 phase 5 — 16/16 feasible, 0 infeasible, 0 skipped (2.233s) [thread 1990]
[2026-03-28 13:53:14.759] [info] [sddp_aperture.cpp:167] SDDP aperture: scene 1 phase 4 — starting 16 aperture(s) [thread 1990]
[2026-03-28 13:53:17.216] [info] SDDP aperture: scene 1 phase 4 — 16/16 feasible, 0 infeasible, 0 skipped (2.457s) [thread 1990]
[2026-03-28 13:53:17.635] [info] [sddp_aperture.cpp:167] SDDP aperture: scene 1 phase 3 — starting 16 aperture(s) [thread 1990]
[2026-03-28 13:53:19.878] [info] SDDP aperture: scene 1 phase 3 — 16/16 feasible, 0 infeasible, 0 skipped (2.243s) [thread 1990]
[2026-03-28 13:53:20.152] [info] [sddp_aperture.cpp:167] SDDP aperture: scene 1 phase 2 — starting 16 aperture(s) [thread 1990]
[2026-03-28 13:53:21.871] [info] SDDP aperture: scene 1 phase 2 — 16/16 feasible, 0 infeasible, 0 skipped (1.719s) [thread 1990]
[2026-03-28 13:53:21.874] [warning] [sddp_aperture_pass.cpp:518] SDDP aperture: scene 1 — all apertures infeasible at 1 phase(s) [51], used Benders fallback cuts
[2026-03-28 13:53:21.874] [info] [sddp_method.cpp:1698] SDDP iter 0: gap=0.991148 gap_change=1.000000 (148.588s)
[2026-03-28 13:53:21.874] [info] [sddp_iteration.cpp:222] SDDP: iter 0 done in 148.588s (fwd 17.85s + bwd 130.74s) — UB=28337586.5304 LB=250853.4516 gap=0.991148 gap_change=1.000000 cuts=50 infeas_cuts=3 
[2026-03-28 13:53:24.096] [info] [sddp_iteration.cpp:257] SDDP: === simulation pass (iter 1) ===
[2026-03-28 13:53:24.097] [info] [sddp_method.cpp:1280] SDDP forward: dispatching 1 scene(s) to work pool
[2026-03-28 13:53:24.106] [info] [sddp_forward_pass.cpp:80] SDDP forward: scene 1 iter 1 starting (51 phases) [thread 1990]
[2026-03-28 13:54:24.736] [warning] [sddp_forward_pass.cpp:228] SDDP forward: iter 1 scene 1 phase 51 non-optimal (status 2), trying elastic solve
[2026-03-28 13:54:25.799] [info] [sddp_forward_pass.cpp:265] SDDP forward: scene 1 phase 51 elastic solve ok, obj=685868.5594 alpha=0.0000 opex=685868.5594 [infeas_count=2]
[2026-03-28 13:54:25.801] [info] [sddp_forward_pass.cpp:339] SDDP forward: scene 1 iter 1 done, total_opex=29144568.0346 [thread 1990]
[2026-03-28 13:54:25.801] [info] [sddp_method.cpp:1698] SDDP iter 1: gap=0.133513 gap_change=1.000000 (61.705s)
[2026-03-28 13:54:25.801] [info] [sddp_iteration.cpp:304] SDDP: simulation pass done in 61.705s — UB=29144568.0346 LB=25253403.4158 gap=0.133513 gap_change=1.000000 
[2026-03-28 13:54:28.372] [info]   WorkPool shutdown complete
[2026-03-28 13:54:28.373] [info]   WorkPool shutdown complete
[2026-03-28 13:54:28.433] [info]   Optimization time 215.498s
[2026-03-28 13:54:28.433] [warning] Solver did not find an optimal solution: SDDP did not converge after 1 iterations (gap=0.133513) (code=1)
[2026-03-28 13:54:28.433] [error]   Solver options used: algorithm=barrier, threads=2, presolve=true, optimal_eps=(default), feasible_eps=(default), barrier_eps=(default), log_level=0
[2026-03-28 13:54:28.433] [info] === Solution statistics ===
[2026-03-28 13:54:28.433] [info]   Status          : non-optimal
