[2026-03-28 21:20:24.615] [info] trace log file: ./gtopt_case_2y/results/logs/trace_62.log
[2026-03-28 21:20:24.616] [info]   Parsing input file ./gtopt_case_2y/gtopt_case_2y.json
[2026-03-28 21:20:24.617] [warning] deprecated option 'use_lp_names': use 'lp_build_options.names_level' instead
[2026-03-28 21:20:24.645] [info]   Parse all input files time 0.030s
[2026-03-28 21:20:24.646] [info] --set sddp_options.max_iterations=5 applied
[2026-03-28 21:20:24.646] [info] --set sddp_options.forward_solver_options.threads=4 applied
[2026-03-28 21:20:24.646] [info] --set sddp_options.forward_solver_options.algorithm=barrier applied
[2026-03-28 21:20:24.646] [warning] --input-directory is deprecated, use: --set input_directory=./gtopt_case_2y
[2026-03-28 21:20:24.646] [warning] --output-directory is deprecated, use: --set output_directory=./gtopt_case_2y/results
[2026-03-28 21:20:24.646] [warning] --cut-directory is deprecated, use: --set sddp_options.cut_directory=./gtopt_case_2y/cuts
[2026-03-28 21:20:24.646] [warning] --log-directory is deprecated, use: --set log_directory=./gtopt_case_2y/results/logs
[2026-03-28 21:20:24.646] [info] Output compression codec: zstd
[2026-03-28 21:20:24.648] [info] Planning validation passed
[2026-03-28 21:20:24.648] [info] === System statistics ===
[2026-03-28 21:20:24.648] [info]   System name     : gtopt_case_2y
[2026-03-28 21:20:24.648] [info]   System version  : 
[2026-03-28 21:20:24.648] [info] === System elements  ===
[2026-03-28 21:20:24.648] [info]   Buses           : 236
[2026-03-28 21:20:24.648] [info]   Generators      : 1715
[2026-03-28 21:20:24.648] [info]   Generator profs : 0
[2026-03-28 21:20:24.648] [info]   Demands         : 138
[2026-03-28 21:20:24.648] [info]   Demand profs    : 0
[2026-03-28 21:20:24.648] [info]   Lines           : 330
[2026-03-28 21:20:24.648] [info]   Batteries       : 25
[2026-03-28 21:20:24.648] [info]   Converters      : 0
[2026-03-28 21:20:24.648] [info]   Reserve zones   : 0
[2026-03-28 21:20:24.648] [info]   Reserve provisions   : 0
[2026-03-28 21:20:24.648] [info]   Junctions       : 100
[2026-03-28 21:20:24.648] [info]   Waterways       : 136
[2026-03-28 21:20:24.648] [info]   Flows           : 160
[2026-03-28 21:20:24.648] [info]   Reservoirs      : 10
[2026-03-28 21:20:24.648] [info]   ReservoirSeepages     : 3
[2026-03-28 21:20:24.648] [info]   Turbines        : 170
[2026-03-28 21:20:24.648] [info] === Simulation statistics ===
[2026-03-28 21:20:24.648] [info]   Blocks          : 510
[2026-03-28 21:20:24.648] [info]   Stages          : 51
[2026-03-28 21:20:24.648] [info]   Scenarios       : 1
[2026-03-28 21:20:24.648] [info] === Key options ===
[2026-03-28 21:20:24.648] [info]   use_kirchhoff   : false
[2026-03-28 21:20:24.648] [info]   use_single_bus  : false
[2026-03-28 21:20:24.648] [info]   scale_objective : 1000
[2026-03-28 21:20:24.648] [info]   demand_fail_cost: 1000
[2026-03-28 21:20:24.648] [info]   input_directory : ./gtopt_case_2y
[2026-03-28 21:20:24.648] [info]   output_directory: ./gtopt_case_2y/results
[2026-03-28 21:20:24.648] [info]   output_format   : parquet
[2026-03-28 21:20:24.648] [info] === Building LP model ===
[2026-03-28 21:20:24.650] [info] [planning_lp.cpp:44]   Building LP: 1 scene(s) × 51 phase(s)
[2026-03-28 21:20:24.650] [info]   SolverWorkPool initialized: 25 max threads, 98% CPU threshold
[2026-03-28 21:20:24.650] [info]   SolverWorkPool started
[2026-03-28 21:20:38.636] [info] [planning_lp.cpp:105]   Building LP done in 13.986s
[2026-03-28 21:20:38.636] [info]   WorkPool shutdown complete
[2026-03-28 21:20:38.636] [info]   Build lp time 13.988s
[2026-03-28 21:20:38.636] [info]   LP coefficient analysis: 51 LP(s), global |coeff| [6.667e-06, 6.420e+01], ratio=9.63e+06 (fair)
[2026-03-28 21:20:38.636] [info] === System optimization ===
[2026-03-28 21:20:38.636] [info] [sddp_method.cpp:1827] SDDPMethod: starting 1 scene(s) × 51 phase(s)
[2026-03-28 21:20:38.636] [info] ApertureDataCache: scanning './gtopt_case_2y/apertures'
[2026-03-28 21:20:38.697] [info] ApertureDataCache: loaded 1618230 entries across 334 elements from ./gtopt_case_2y/apertures (0.06s, 20 threads)
[2026-03-28 21:20:38.697] [info] [sddp_method.cpp:1078] SDDP: initializing solver (no initial solve pass)
[2026-03-28 21:20:38.697] [info] [sddp_method.cpp:1090] SDDP: 1 scene(s), 51 phase(s)
[2026-03-28 21:20:38.697] [info] [sddp_method.cpp:1099] SDDP: adding alpha variables and collecting state links
[2026-03-28 21:20:38.865] [warning] [sddp_cut_io.cpp:923] Boundary cuts: state variable 'CANUTILLAR' not found in the current model; non-zero coefficient -100.6546958 (mode=skip_coeff)
[2026-03-28 21:20:38.865] [warning] [sddp_cut_io.cpp:923] Boundary cuts: state variable 'PILMAIQUEN' not found in the current model; non-zero coefficient -11.03538014 (mode=skip_coeff)
[2026-03-28 21:20:38.866] [info] [sddp_cut_io.cpp:996] SDDP: loaded 35 boundary cuts from gtopt_case_2y/boundary_cuts.csv (mode=separated, max_iters=0)
[2026-03-28 21:20:38.866] [info] [sddp_method.cpp:1177] SDDP: loaded 35 boundary cuts from gtopt_case_2y/boundary_cuts.csv
[2026-03-28 21:20:38.866] [info] [sddp_method.cpp:1258] SDDP: initialization complete (0.17s)
[2026-03-28 21:20:38.866] [info]   SDDPWorkPool initialized: 25 max threads, 98% CPU threshold
[2026-03-28 21:20:38.867] [info]   SDDPWorkPool started
[2026-03-28 21:20:38.867] [info] [sddp_pool.hpp:160] SDDP work pool started: max_threads=25 cpu_threshold=98% (hw_concurrency=20)
[2026-03-28 21:20:38.867] [info]   SolverWorkPool initialized: 25 max threads, 98% CPU threshold
[2026-03-28 21:20:38.867] [info]   SolverWorkPool started
[2026-03-28 21:20:38.867] [info] [sddp_iteration.cpp:67] SDDP: work pools created (0.00s)
[2026-03-28 21:20:38.867] [info] [sddp_iteration.cpp:102] SDDP: === iteration 0 / 4 ===
[2026-03-28 21:20:38.867] [info] [sddp_method.cpp:1284] SDDP forward: dispatching 1 scene(s) to work pool
[2026-03-28 21:20:38.887] [info] [sddp_forward_pass.cpp:80] SDDP forward: scene 1 iter 0 starting (51 phases) [thread 7723]
[2026-03-28 21:20:45.799] [warning] [sddp_forward_pass.cpp:228] SDDP forward: iter 0 scene 1 phase 37 non-optimal (status 2), trying elastic solve
[2026-03-28 21:20:46.559] [info] [sddp_forward_pass.cpp:266] SDDP forward: scene 1 phase 37 elastic solve ok, obj=766665.3498 alpha=0.0000 opex=766665.3498 [infeas_count=1]
[2026-03-28 21:20:46.767] [warning] [sddp_forward_pass.cpp:228] SDDP forward: iter 0 scene 1 phase 38 non-optimal (status 2), trying elastic solve
[2026-03-28 21:20:47.592] [info] [sddp_forward_pass.cpp:266] SDDP forward: scene 1 phase 38 elastic solve ok, obj=732303.2161 alpha=0.0000 opex=732303.2161 [infeas_count=1]
[2026-03-28 21:20:50.133] [warning] [sddp_forward_pass.cpp:228] SDDP forward: iter 0 scene 1 phase 51 non-optimal (status 2), trying elastic solve
[2026-03-28 21:20:51.341] [info] [sddp_forward_pass.cpp:266] SDDP forward: scene 1 phase 51 elastic solve ok, obj=1701082.1050 alpha=0.0000 opex=1701082.1050 [infeas_count=1]
[2026-03-28 21:20:51.342] [info] [sddp_forward_pass.cpp:341] SDDP forward: scene 1 iter 0 done, total_opex=29501290.7831 [thread 7723]
[2026-03-28 21:20:51.342] [info] [sddp_method.cpp:1377] SDDP backward: dispatching 1 scene(s) to work pool (cut_sharing=none, apertures=enabled)
[2026-03-28 21:20:51.343] [info] [sddp_aperture_pass.cpp:378] SDDP backward (apertures): scene 1 iter 0 starting (50 phases) [thread 7723]
[2026-03-28 21:20:51.343] [info] [sddp_aperture.cpp:168] SDDP aperture: scene 1 phase 51 — starting 16 aperture(s) [thread 7723]
[2026-03-28 21:20:52.029] [info] SDDP aperture: scene 1 phase 51 uid 4 infeasible (0.645s) [thread 1600]
[2026-03-28 21:20:52.099] [info] SDDP aperture: scene 1 phase 51 uid 5 infeasible (0.695s) [thread 617]
[2026-03-28 21:20:52.114] [info] SDDP aperture: scene 1 phase 51 uid 3 infeasible (0.751s) [thread 1530]
[2026-03-28 21:20:52.117] [info] SDDP aperture: scene 1 phase 51 aperture uid 3 infeasible (status 2), skipping
[2026-03-28 21:20:52.117] [info] SDDP aperture: scene 1 phase 51 aperture uid 4 infeasible (status 2), skipping
[2026-03-28 21:20:52.117] [info] SDDP aperture: scene 1 phase 51 aperture uid 5 infeasible (status 2), skipping
[2026-03-28 21:20:52.158] [info] SDDP aperture: scene 1 phase 51 uid 7 infeasible (0.713s) [thread 2642]
[2026-03-28 21:20:52.202] [info] SDDP aperture: scene 1 phase 51 uid 10 infeasible (0.696s) [thread 4395]
[2026-03-28 21:20:52.234] [info] SDDP aperture: scene 1 phase 51 uid 11 infeasible (0.708s) [thread 8705]
[2026-03-28 21:20:52.388] [info] SDDP aperture: scene 1 phase 51 uid 15 infeasible (0.780s) [thread 4700]
[2026-03-28 21:20:52.433] [info] SDDP aperture: scene 1 phase 51 uid 6 infeasible (1.009s) [thread 3832]
[2026-03-28 21:20:52.437] [info] SDDP aperture: scene 1 phase 51 aperture uid 6 infeasible (status 2), skipping
[2026-03-28 21:20:52.437] [info] SDDP aperture: scene 1 phase 51 aperture uid 7 infeasible (status 2), skipping
[2026-03-28 21:20:52.465] [info] SDDP aperture: scene 1 phase 51 uid 12 infeasible (0.919s) [thread 3093]
[2026-03-28 21:20:52.540] [info] SDDP aperture: scene 1 phase 51 uid 8 infeasible (1.076s) [thread 9037]
[2026-03-28 21:20:52.542] [info] SDDP aperture: scene 1 phase 51 aperture uid 8 infeasible (status 2), skipping
[2026-03-28 21:20:52.571] [info] SDDP aperture: scene 1 phase 51 uid 16 infeasible (0.943s) [thread 9523]
[2026-03-28 21:20:52.595] [info] SDDP aperture: scene 1 phase 51 uid 13 infeasible (1.028s) [thread 1854]
[2026-03-28 21:20:52.618] [info] SDDP aperture: scene 1 phase 51 uid 14 infeasible (1.031s) [thread 447]
[2026-03-28 21:20:52.625] [info] SDDP aperture: scene 1 phase 51 uid 18 infeasible (0.956s) [thread 2362]
[2026-03-28 21:20:52.627] [info] SDDP aperture: scene 1 phase 51 uid 9 infeasible (1.142s) [thread 6942]
[2026-03-28 21:20:52.630] [info] SDDP aperture: scene 1 phase 51 aperture uid 9 infeasible (status 2), skipping
[2026-03-28 21:20:52.630] [info] SDDP aperture: scene 1 phase 51 aperture uid 10 infeasible (status 2), skipping
[2026-03-28 21:20:52.630] [info] SDDP aperture: scene 1 phase 51 aperture uid 11 infeasible (status 2), skipping
[2026-03-28 21:20:52.630] [info] SDDP aperture: scene 1 phase 51 aperture uid 12 infeasible (status 2), skipping
[2026-03-28 21:20:52.630] [info] SDDP aperture: scene 1 phase 51 aperture uid 13 infeasible (status 2), skipping
[2026-03-28 21:20:52.630] [info] SDDP aperture: scene 1 phase 51 aperture uid 14 infeasible (status 2), skipping
[2026-03-28 21:20:52.630] [info] SDDP aperture: scene 1 phase 51 aperture uid 15 infeasible (status 2), skipping
[2026-03-28 21:20:52.630] [info] SDDP aperture: scene 1 phase 51 aperture uid 16 infeasible (status 2), skipping
[2026-03-28 21:20:52.702] [info] SDDP aperture: scene 1 phase 51 uid 17 infeasible (1.054s) [thread 691]
[2026-03-28 21:20:52.705] [info] SDDP aperture: scene 1 phase 51 aperture uid 17 infeasible (status 2), skipping
[2026-03-28 21:20:52.705] [info] SDDP aperture: scene 1 phase 51 aperture uid 18 infeasible (status 2), skipping
[2026-03-28 21:20:52.705] [info] SDDP aperture: scene 1 phase 51 — 0/16 feasible, 16 infeasible, 0 skipped (1.362s) [thread 7723]
[2026-03-28 21:20:52.713] [info] [sddp_aperture.cpp:168] SDDP aperture: scene 1 phase 50 — starting 16 aperture(s) [thread 7723]
[2026-03-28 21:20:53.646] [info] SDDP aperture: scene 1 phase 50 uid 6 solved (0.866s) [thread 6942]
[2026-03-28 21:20:53.740] [info] SDDP aperture: scene 1 phase 50 uid 14 solved (0.796s) [thread 8705]
[2026-03-28 21:20:53.765] [info] SDDP aperture: scene 1 phase 50 uid 7 solved (0.964s) [thread 1530]
[2026-03-28 21:20:53.780] [info] SDDP aperture: scene 1 phase 50 uid 13 solved (0.856s) [thread 4395]
[2026-03-28 21:20:53.828] [info] SDDP aperture: scene 1 phase 50 uid 15 solved (0.864s) [thread 3093]
[2026-03-28 21:20:53.886] [info] SDDP aperture: scene 1 phase 50 uid 5 solved (1.126s) [thread 447]
[2026-03-28 21:20:53.921] [info] SDDP aperture: scene 1 phase 50 uid 16 solved (0.936s) [thread 1854]
[2026-03-28 21:20:53.943] [info] SDDP aperture: scene 1 phase 50 uid 3 solved (1.224s) [thread 691]
[2026-03-28 21:20:54.000] [info] SDDP aperture: scene 1 phase 50 uid 4 solved (1.260s) [thread 2362]
[2026-03-28 21:20:54.072] [info] SDDP aperture: scene 1 phase 50 uid 9 sol