[2026-03-25 22:53:23.880] [info] trace log file: gtopt_case_2y/results/logs/trace_5.log
[2026-03-25 22:53:23.881] [info]   Parsing input file gtopt_case_2y/gtopt_case_2y.json
[2026-03-25 22:53:23.926] [info]   Parse all input files time 0.046s
[2026-03-25 22:53:23.926] [info] Output compression codec: zstd
[2026-03-25 22:53:23.929] [info] Planning validation passed
[2026-03-25 22:53:23.929] [info] === System statistics ===
[2026-03-25 22:53:23.929] [info]   System name     : gtopt_case_2y
[2026-03-25 22:53:23.929] [info]   System version  : 
[2026-03-25 22:53:23.929] [info] === System elements  ===
[2026-03-25 22:53:23.929] [info]   Buses           : 236
[2026-03-25 22:53:23.929] [info]   Generators      : 1715
[2026-03-25 22:53:23.929] [info]   Generator profs : 0
[2026-03-25 22:53:23.929] [info]   Demands         : 138
[2026-03-25 22:53:23.929] [info]   Demand profs    : 0
[2026-03-25 22:53:23.929] [info]   Lines           : 330
[2026-03-25 22:53:23.929] [info]   Batteries       : 25
[2026-03-25 22:53:23.929] [info]   Converters      : 0
[2026-03-25 22:53:23.929] [info]   Reserve zones   : 0
[2026-03-25 22:53:23.929] [info]   Reserve provisions   : 0
[2026-03-25 22:53:23.929] [info]   Junctions       : 100
[2026-03-25 22:53:23.929] [info]   Waterways       : 136
[2026-03-25 22:53:23.929] [info]   Flows           : 160
[2026-03-25 22:53:23.929] [info]   Reservoirs      : 10
[2026-03-25 22:53:23.929] [info]   ReservoirSeepages     : 0
[2026-03-25 22:53:23.929] [info]   Turbines        : 170
[2026-03-25 22:53:23.929] [info] === Simulation statistics ===
[2026-03-25 22:53:23.929] [info]   Blocks          : 510
[2026-03-25 22:53:23.929] [info]   Stages          : 51
[2026-03-25 22:53:23.929] [info]   Scenarios       : 1
[2026-03-25 22:53:23.929] [info] === Key options ===
[2026-03-25 22:53:23.929] [info]   use_kirchhoff   : false
[2026-03-25 22:53:23.929] [info]   use_single_bus  : false
[2026-03-25 22:53:23.929] [info]   scale_objective : 1000
[2026-03-25 22:53:23.929] [info]   demand_fail_cost: 1000
[2026-03-25 22:53:23.929] [info]   input_directory : gtopt_case_2y
[2026-03-25 22:53:23.929] [info]   output_directory: gtopt_case_2y/results
[2026-03-25 22:53:23.929] [info]   output_format   : parquet
[2026-03-25 22:53:23.929] [info] === Building LP model ===
[2026-03-25 22:53:23.932] [info] [planning_lp.cpp:44]   Building LP: 1 scene(s) × 51 phase(s)
[2026-03-25 22:53:23.932] [info]   SolverWorkPool initialized: 25 max threads, 98% CPU threshold
[2026-03-25 22:53:23.932] [info]   SolverWorkPool started
[2026-03-25 22:53:47.511] [info] [planning_lp.cpp:105]   Building LP done in 23.579s
[2026-03-25 22:53:47.511] [info]   WorkPool shutdown complete
[2026-03-25 22:53:47.511] [info]   Build lp time 23.582s
[2026-03-25 22:53:47.511] [info]   LP coefficient analysis: 51 LP(s), global |coeff| [6.667e-06, 6.420e+01], ratio=9.63e+06 (fair)
[2026-03-25 22:53:47.511] [info] === System optimization ===
[2026-03-25 22:53:47.511] [info] [sddp_method.cpp:1792] SDDPMethod: starting 1 scene(s) × 51 phase(s)
[2026-03-25 22:53:47.511] [info] ApertureDataCache: scanning 'gtopt_case_2y/apertures'
[2026-03-25 22:53:47.584] [info] ApertureDataCache: loaded 1618230 entries across 334 elements from gtopt_case_2y/apertures (0.07s, 20 threads)
[2026-03-25 22:53:47.584] [info] [sddp_method.cpp:1051] SDDP: initializing solver (no initial solve pass)
[2026-03-25 22:53:47.584] [info] [sddp_method.cpp:1063] SDDP: 1 scene(s), 51 phase(s)
[2026-03-25 22:53:47.584] [info] [sddp_method.cpp:1072] SDDP: adding alpha variables and collecting state links
[2026-03-25 22:53:47.856] [info] [sddp_method.cpp:1232] SDDP: initialization complete (0.27s)
[2026-03-25 22:53:47.856] [info]   SDDPWorkPool initialized: 25 max threads, 98% CPU threshold
[2026-03-25 22:53:47.857] [info]   SDDPWorkPool started
[2026-03-25 22:53:47.857] [info]   SolverWorkPool initialized: 25 max threads, 98% CPU threshold
[2026-03-25 22:53:47.857] [info]   SolverWorkPool started
[2026-03-25 22:53:47.857] [info] [sddp_iteration.cpp:67] SDDP: work pools created (0.00s)
[2026-03-25 22:53:47.857] [info] [sddp_iteration.cpp:102] SDDP: === iteration 0 / 99 ===
[2026-03-25 22:53:57.787] [warning] [sddp_forward_pass.cpp:200] SDDP forward: iter 0 scene 1 phase 9 non-optimal (status 2), trying elastic solve
[2026-03-25 22:53:58.078] [info] [sddp_forward_pass.cpp:237] SDDP forward: scene 1 phase 9 elastic solve ok, obj=268655.4749 alpha=0.0000 opex=268655.4749 [infeas_count=1]
[2026-03-25 22:54:15.902] [warning] [sddp_forward_pass.cpp:200] SDDP forward: iter 0 scene 1 phase 25 non-optimal (status 2), trying elastic solve
[2026-03-25 22:54:16.274] [warning] SDDP: saved infeasible LP to gtopt_case_2y/results/logs/error_scene_1_phase_25.lp
[2026-03-25 22:54:16.274] [warning] [sddp_method.cpp:1281] SDDP forward: scene 0 failed: SDDP forward pass failed at scene 0 phase 24 (status 2)
[2026-03-25 22:54:16.397] [info]   WorkPool shutdown complete
[2026-03-25 22:54:16.397] [info]   WorkPool shutdown complete
[2026-03-25 22:54:16.489] [info]   Optimization time 28.978s
[2026-03-25 22:54:16.489] [warning] Solver did not find an optimal solution: SDDP: all scenes infeasible in forward pass (code=1)
[2026-03-25 22:54:16.489] [error]   Solver options used: algorithm=barrier, threads=2, presolve=true, optimal_eps=(default), feasible_eps=(default), barrier_eps=(default), log_level=0
[2026-03-25 22:54:16.489] [info] === Solution statistics ===
[2026-03-25 22:54:16.489] [info]   Status          : non-optimal
