[2026-03-28 14:14:55.586] [info] trace log file: gtopt_case_2y/results/logs/trace_47.log
[2026-03-28 14:14:55.587] [info]   Parsing input file gtopt_case_2y/gtopt_case_2y.json
[2026-03-28 14:14:55.588] [warning] deprecated option 'use_lp_names': use 'lp_build_options.names_level' instead
[2026-03-28 14:14:55.634] [info]   Parse all input files time 0.048s
[2026-03-28 14:14:55.634] [info] Output compression codec: zstd
[2026-03-28 14:14:55.638] [info] Planning validation passed
[2026-03-28 14:14:55.638] [info] === System statistics ===
[2026-03-28 14:14:55.638] [info]   System name     : gtopt_case_2y
[2026-03-28 14:14:55.638] [info]   System version  : 
[2026-03-28 14:14:55.638] [info] === System elements  ===
[2026-03-28 14:14:55.638] [info]   Buses           : 236
[2026-03-28 14:14:55.638] [info]   Generators      : 1715
[2026-03-28 14:14:55.638] [info]   Generator profs : 0
[2026-03-28 14:14:55.638] [info]   Demands         : 138
[2026-03-28 14:14:55.638] [info]   Demand profs    : 0
[2026-03-28 14:14:55.638] [info]   Lines           : 330
[2026-03-28 14:14:55.638] [info]   Batteries       : 25
[2026-03-28 14:14:55.638] [info]   Converters      : 0
[2026-03-28 14:14:55.638] [info]   Reserve zones   : 0
[2026-03-28 14:14:55.638] [info]   Reserve provisions   : 0
[2026-03-28 14:14:55.638] [info]   Junctions       : 100
[2026-03-28 14:14:55.638] [info]   Waterways       : 136
[2026-03-28 14:14:55.638] [info]   Flows           : 160
[2026-03-28 14:14:55.638] [info]   Reservoirs      : 10
[2026-03-28 14:14:55.638] [info]   ReservoirSeepages     : 3
[2026-03-28 14:14:55.638] [info]   Turbines        : 170
[2026-03-28 14:14:55.638] [info] === Simulation statistics ===
[2026-03-28 14:14:55.638] [info]   Blocks          : 510
[2026-03-28 14:14:55.638] [info]   Stages          : 51
[2026-03-28 14:14:55.638] [info]   Scenarios       : 1
[2026-03-28 14:14:55.638] [info] === Key options ===
[2026-03-28 14:14:55.638] [info]   use_kirchhoff   : false
[2026-03-28 14:14:55.638] [info]   use_single_bus  : false
[2026-03-28 14:14:55.638] [info]   scale_objective : 1000
[2026-03-28 14:14:55.638] [info]   demand_fail_cost: 1000
[2026-03-28 14:14:55.638] [info]   input_directory : gtopt_case_2y
[2026-03-28 14:14:55.638] [info]   output_directory: gtopt_case_2y/results
[2026-03-28 14:14:55.638] [info]   output_format   : parquet
[2026-03-28 14:14:55.638] [info] === Building LP model ===
[2026-03-28 14:14:55.640] [info] [planning_lp.cpp:44]   Building LP: 1 scene(s) × 51 phase(s)
[2026-03-28 14:14:55.640] [info]   SolverWorkPool initialized: 25 max threads, 98% CPU threshold
[2026-03-28 14:14:55.640] [info]   SolverWorkPool started
[2026-03-28 14:15:19.150] [info] [planning_lp.cpp:105]   Building LP done in 23.510s
[2026-03-28 14:15:19.150] [info]   WorkPool shutdown complete
[2026-03-28 14:15:19.150] [info]   Build lp time 23.513s
[2026-03-28 14:15:19.151] [info]   LP coefficient analysis: 51 LP(s), global |coeff| [6.667e-06, 6.420e+01], ratio=9.63e+06 (fair)
[2026-03-28 14:15:19.151] [info] === System optimization ===
[2026-03-28 14:15:19.151] [info] [sddp_method.cpp:1823] SDDPMethod: starting 1 scene(s) × 51 phase(s)
[2026-03-28 14:15:19.151] [info] ApertureDataCache: scanning 'gtopt_case_2y/apertures'
[2026-03-28 14:15:19.228] [info] ApertureDataCache: loaded 1618230 entries across 334 elements from gtopt_case_2y/apertures (0.08s, 20 threads)
[2026-03-28 14:15:19.228] [info] [sddp_method.cpp:1074] SDDP: initializing solver (no initial solve pass)
[2026-03-28 14:15:19.228] [info] [sddp_method.cpp:1086] SDDP: 1 scene(s), 51 phase(s)
[2026-03-28 14:15:19.228] [info] [sddp_method.cpp:1095] SDDP: adding alpha variables and collecting state links
[2026-03-28 14:15:19.490] [warning] [sddp_cut_io.cpp:922] Boundary cuts: state variable 'CANUTILLAR' not found in the current model; non-zero coefficient -100.6546958 (mode=skip_coeff)
[2026-03-28 14:15:19.490] [warning] [sddp_cut_io.cpp:922] Boundary cuts: state variable 'PILMAIQUEN' not found in the current model; non-zero coefficient -11.03538014 (mode=skip_coeff)
[2026-03-28 14:15:19.492] [info] [sddp_cut_io.cpp:995] SDDP: loaded 35 boundary cuts from gtopt_case_2y/boundary_cuts.csv (mode=separated, max_iters=0)
[2026-03-28 14:15:19.492] [info] [sddp_method.cpp:1173] SDDP: loaded 35 boundary cuts from gtopt_case_2y/boundary_cuts.csv
[2026-03-28 14:15:19.492] [info] [sddp_method.cpp:1254] SDDP: initialization complete (0.26s)
[2026-03-28 14:15:19.492] [info]   SDDPWorkPool initialized: 25 max threads, 98% CPU threshold
[2026-03-28 14:15:19.492] [info]   SDDPWorkPool started
[2026-03-28 14:15:19.492] [info] [sddp_pool.hpp:160] SDDP work pool started: max_threads=25 cpu_threshold=98% (hw_concurrency=20)
[2026-03-28 14:15:19.492] [info]   SolverWorkPool initialized: 25 max threads, 98% CPU threshold
[2026-03-28 14:15:19.492] [info]   SolverWorkPool started
[2026-03-28 14:15:19.492] [info] [sddp_iteration.cpp:67] SDDP: work pools created (0.00s)
[2026-03-28 14:15:19.492] [info] [sddp_iteration.cpp:102] SDDP: === iteration 0 / 0 ===
[2026-03-28 14:15:19.492] [info] [sddp_method.cpp:1280] SDDP forward: dispatching 1 scene(s) to work pool
[2026-03-28 14:15:19.512] [info] [sddp_forward_pass.cpp:80] SDDP forward: scene 1 iter 0 starting (51 phases) [thread 9340]
[2026-03-28 14:15:30.169] [warning] [sddp_forward_pass.cpp:228] SDDP forward: iter 0 scene 1 phase 37 non-optimal (status 2), trying elastic solve
[2026-03-28 14:15:31.061] [info] [sddp_forward_pass.cpp:265] SDDP forward: scene 1 phase 37 elastic solve ok, obj=702010.9206 alpha=0.0000 opex=702010.9206 [infeas_count=1]
[2026-03-28 14:15:31.375] [warning] [sddp_forward_pass.cpp:228] SDDP forward: iter 0 scene 1 phase 38 non-optimal (status 2), trying elastic solve
[2026-03-28 14:15:32.383] [info] [sddp_forward_pass.cpp:265] SDDP forward: scene 1 phase 38 elastic solve ok, obj=647094.3981 alpha=0.0000 opex=647094.3981 [infeas_count=1]
[2026-03-28 14:15:35.971] [warning] [sddp_forward_pass.cpp:228] SDDP forward: iter 0 scene 1 phase 51 non-optimal (status 2), trying elastic solve
[2026-03-28 14:15:37.228] [info] [sddp_forward_pass.cpp:265] SDDP forward: scene 1 phase 51 elastic solve ok, obj=687241.0995 alpha=0.0000 opex=687241.0995 [infeas_count=1]
[2026-03-28 14:15:37.229] [info] [sddp_forward_pass.cpp:339] SDDP forward: scene 1 iter 0 done, total_opex=28337586.5304 [thread 9340]
[2026-03-28 14:15:37.229] [info] [sddp_method.cpp:1373] SDDP backward: dispatching 1 scene(s) to work pool (cut_sharing=none, apertures=enabled)
[2026-03-28 14:15:37.249] [info] [sddp_aperture_pass.cpp:373] SDDP backward (apertures): scene 1 iter 0 starting (50 phases) [thread 9340]
[2026-03-28 14:15:37.249] [info] [sddp_aperture.cpp:167] SDDP aperture: scene 1 phase 51 — starting 16 aperture(s) [thread 9340]
[2026-03-28 14:15:38.182] [info] SDDP aperture: scene 1 phase 51 aperture uid 3 infeasible (status 2), skipping
[2026-03-28 14:15:38.182] [info] SDDP aperture: scene 1 phase 51 aperture uid 4 infeasible (status 2), skipping
[2026-03-28 14:15:38.182] [info] SDDP aperture: scene 1 phase 51 aperture uid 5 infeasible (status 2), skipping
[2026-03-28 14:15:38.182] [info] SDDP aperture: scene 1 phase 51 aperture uid 6 infeasible (status 2), skipping
[2026-03-28 14:15:38.182] [info] SDDP aperture: scene 1 phase 51 aperture uid 7 infeasible (status 2), skipping
[2026-03-28 14:15:38.305] [info] SDDP aperture: scene 1 phase 51 aperture uid 8 infeasible (status 2), skipping
[2026-03-28 14:15:38.305] [info] SDDP aperture: scene 1 phase 51 aperture uid 9 infeasible (status 2), skipping
[2026-03-28 14:15:38.305] [info] SDDP aperture: scene 1 phase 51 aperture uid 10 infeasible (status 2), skipping
[2026-03-28 14:15:38.305] [info] SDDP aperture: scene 1 phase 51 aperture uid 11 infeasible (status 2), skipping
[2026-03-28 14:15:38.305] [info] SDDP aperture: scene 1 phase 51 aperture uid 12 infeasible (status 2), skipping
[2026-03-28 14:15:38.331] [info] SDDP aperture: scene 1 phase 51 aperture uid 13 infeasible (status 2), skipping
[2026-03-28 14:15:38.331] [info] SDDP aperture: scene 1 phase 51 aperture uid 14 infeasible (status 2), skipping
[2026-03-28 14:15:38.333] [info] SDDP aperture: scene 1 phase 51 aperture uid 15 infeasible (status 2), skipping
[2026-03-28 14:15:38.333] [info] SDDP aperture: scene 1 phase 51 aperture uid 16 infeasible (status 2), skipping
[2026-03-28 14:15:38.381] [info] SDDP aperture: scene 1 phase 51 aperture uid 17 infeasible (status 2), skipping
[2026-03-28 14:15:38.440] [info] SDDP aperture: scene 1 phase 51 aperture uid 18 infeasible (status 2), skipping
[2026-03-28 14:15:38.440] [info] SDDP aperture: scene 1 phase 51 — 0/16 feasible, 16 infeasible, 0 skipped (1.191s) [thread 9340]
[2026-03-28 14:15:38.446] [info] [sddp_aperture.cpp:167] SDDP aperture: scene 1 phase 50 — starting 16 aperture(s) [thread 9340]
[2026-03-28 14:15:39.874] [info] SDDP aperture: scene 1 phase 50 — 16/16 feasible, 0 infeasible, 0 skipped (1.428s) [thread 9340]
[2026-03-28 14:15:39.970] [info] [sddp_aperture.cpp:167] SDDP aperture: scene 1 phase 49 — starting 16 aperture(s) [thread 9340]
[2026-03-28 14:15:41.442] [info] SDDP aperture: scene 1 phase 49 — 16/16 feasible, 0 infeasible, 0 skipped (1.472s) [thread 9340]
[2026-03-28 14:15:41.661] [info] [sddp_aperture.cpp:167] SDDP aperture: scene 1 phase 48 — starting 16 aperture(s) [thread 9340]
[2026-03-28 14:15:43.094] [info] SDDP aperture: scene 1 phase 48 — 16/16 feasible, 0 infeasible, 0 skipped (1.433s) [thread 9340]
[2026-03-28 14:15:43.165] [info] [sddp_aperture.cpp:167] SDDP aperture: scene 1 phase 47 — starting 16 aperture(s) [thread 9340]
[2026-03-28 14:15:44.988] [info] SDDP aperture: scene 1 phase 47 — 16/16 feasible, 0 infeasible, 0 skipped (1.823s) [thread 9340]
[2026-03-28 14:15:45.164] [info] [sddp_aperture.cpp:167] SDDP aperture: scene 1 phase 46 — starting 16 aperture(s) [thread 9340]
[2026-03-28 14:15:47.043] [info] SDDP aperture: scene 1 phase 46 — 16/16 feasible, 0 infeasible, 0 skipped (1.879s) [thread 9340]
[2026-03-28 14:15:47.190] [info] [sddp_aperture.cpp:167] SDDP aperture: scene 1 phase 45 — starting 16 aperture(s) [thread 9340]
[2026-03-28 14:15:49.116] [info] SDDP aperture: scene 1 phase 45 — 16/16 feasible, 0 infeasible, 0 skipped (1.925s) [thread 9340]
[2026-03-28 14:15:49.288] [info] [sddp_aperture.cpp:167] SDDP aperture: scene 1 phase 44 — starting 16 aperture(s) [thread 9340]
[2026-03-28 14:15:52.331] [info] SDDP aperture: scene 1 phase 44 — 16/16 feasible, 0 infeasible, 0 skipped (3.043s) [thread 9340]
[2026-03-28 14:15:53.229] [info] [sddp_aperture.cpp:167] SDDP aperture: scene 1 phase 43 — starting 16 aperture(s) [thread 9340]
[2026-03-28 14:15:55.812] [info] SDDP aperture: scene 1 phase 43 — 16/16 feasible, 0 infeasible, 0 skipped (2.583s) [thread 9340]
[2026-03-28 14:15:56.263] [info] [sddp_aperture.cpp:167] SDDP aperture: scene 1 phase 42 — starting 16 aperture(s) [thread 9340]
[2026-03-28 14:15:58.768] [info] SDDP aperture: scene 1 phase 42 — 16/16 feasible, 0 infeasible, 0 skipped (2.505s) [thread 9340]
[2026-03-28 14:15:58.783] [info] [sddp_aperture.cpp:167] SDDP aperture: scene 1 phase 41 — starting 16 aperture(s) [thread 9340]
[2026-03-28 14:16:01.485] [info] SDDP aperture: scene 1 phase 41 — 16/16 feasible, 0 infeasible, 0 skipped (2.701s) [thread 9340]
[2026-03-28 14:16:01.819] [info] [sddp_aperture.cpp:167] SDDP aperture: scene 1 phase 40 — starting 16 aperture(s) [thread 9340]
[2026-03-28 14:16:04.341] [info] SDDP aperture: scene 1 phase 40 — 16/16 feasible, 0 infeasible, 0 skipped (2.522s) [thread 9340]
[2026-03-28 14:16:04.697] [info] [sddp_aperture.cpp:167] SDDP aperture: scene 1 phase 39 — starting 16 aperture(s) [thread 9340]
[2026-03-28 14:16:07.091] [info] SDDP aperture: scene 1 phase 39 — 16/16 feasible, 0 infeasible, 0 skipped (2.394s) [thread 9340]
[2026-03-28 14:16:07.098] [warning] [sddp_aperture_pass.cpp:506] SDDP backward: iter 0 scene 1 phase 38 non-optimal after expected cut (status 2), skipping further backpropagation
[2026-03-28 14:16:07.098] [info] [sddp_aperture.cpp:167] SDDP aperture: scene 1 phase 38 — starting 16 aperture(s) [thread 9340]
[2026-03-28 14:16:09.131] [info] SDDP aperture: scene 1 phase 38 aperture uid 16 infeasible (status 2), skipping
[2026-03-28 14:16:09.131] [info] SDDP aperture: scene 1 phase 38 — 15/16 feasible, 1 infeasible, 0 skipped (2.033s) [thread 9340]
[2026-03-28 14:16:09.144] [warning] [sddp_aperture_pass.cpp:506] SDDP backward: iter 0 scene 1 phase 37 non-optimal after expected cut (status 2), skipping further backpropagation
[2026-03-28 14:16:09.144] [info] [sddp_aperture.cpp:167] SDDP aperture: scene 1 phase 37 — starting 16 aperture(s) [thread 9340]
[2026-03-28 14:16:11.197] [info] SDDP aperture: scene 1 phase 37 — 16/16 feasible, 0 infeasible, 0 skipped (2.053s) [thread 9340]
[2026-03-28 14:16:11.600] [info] [sddp_aperture.cpp:167] SDDP aperture: scene 1 phase 36 — starting 16 aperture(s) [thread 9340]
[2026-03-28 14:16:13.636] [info] SDDP aperture: scene 1 phase 36 — 16/16 feasible, 0 infeasible, 0 skipped (2.036s) [thread 9340]
[2026-03-28 14:16:14.063] [info] [sddp_aperture.cpp:167] SDDP aperture: scene 1 phase 35 — starting 16 aperture(s) [thread 9340]
[2026-03-28 14:16:16.311] [info] SDDP aperture: scene 1 phase 35 — 16/16 feasible, 0 infeasible, 0 skipped (2.248s) [thread 9340]
[2026-03-28 14:16:16.679] [info] [sddp_aperture.cpp:167] SDDP aperture: scene 1 phase 34 — starting 16 aperture(s) [thread 9340]
[2026-03-28 14:16:19.319] [info] SDDP aperture: scene 1 phase 34 — 16/16 feasible, 0 infeasible, 0 skipped (2.640s) [thread 9340]
[2026-03-28 14:16:19.728] [info] [sddp_aperture.cpp:167] SDDP aperture: scene 1 phase 33 — starting 16 aperture(s) [thread 9340]
[2026-03-28 14:16:22.239] [info] SDDP aperture: scene 1 phase 33 — 16/16 feasible, 0 infeasible, 0 skipped (2.510s) [thread 9340]
[2026-03-28 14:16:22.836] [info] [sddp_aperture.cpp:167] SDDP aperture: scene 1 phase 32 — starting 16 aperture(s) [thread 9340]
[2026-03-28 14:16:25.190] [info] SDDP aperture: scene 1 phase 32 — 16/16 feasible, 0 infeasible, 0 skipped (2.354s) [thread 9340]
[2026-03-28 14:16:25.600] [info] [sddp_aperture.cpp:167] SDDP aperture: scene 1 phase 31 — starting 16 aperture(s) [thread 9340]
[2026-03-28 14:16:27.606] [info] SDDP aperture: scene 1 phase 31 — 16/16 feasible, 0 infeasible, 0 skipped (2.006s) [thread 9340]
[2026-03-28 14:16:28.106] [info] [sddp_aperture.cpp:167] SDDP aperture: scene 1 phase 30 — starting 16 aperture(s) [thread 9340]
[2026-03-28 14:16:30.648] [info] SDDP aperture: scene 1 phase 30 — 16/16 feasible, 0 infeasible, 0 skipped (2.542s) [thread 9340]
[2026-03-28 14:16:31.489] [info] [sddp_aperture.cpp:167] SDDP aperture: scene 1 phase 29 — starting 16 aperture(s) [thread 9340]
[2026-03-28 14:16:33.910] [info] SDDP aperture: scene 1 phase 29 — 16/16 feasible, 0 infeasible, 0 skipped (2.421s) [thread 9340]
[2026-03-28 14:16:34.232] [info] [sddp_aperture.cpp:167] SDDP aperture: scene 1 phase 28 — starting 16 aperture(s) [thread 9340]
[2026-03-28 14:16:36.402] [info] SDDP aperture: scene 1 phase 28 — 16/16 feasible, 0 infeasible, 0 skipped (2.170s) [thread 9340]
[2026-03-28 14:16:36.925] [info] [sddp_aperture.cpp:167] SDDP aperture: scene 1 phase 27 — starting 16 aperture(s) [thread 9340]
[2026-03-28 14:16:39.324] [info] SDDP aperture: scene 1 phase 27 aperture uid 15 infeasible (status 2), skipping
[2026-03-28 14:16:39.324] [info] SDDP aperture: scene 1 phase 27 — 15/16 feasible, 1 infeasible, 0 skipped (2.399s) [thread 9340]
[2026-03-28 14:16:39.832] [info] [sddp_aperture.cpp:167] SDDP aperture: scene 1 phase 26 — starting 16 aperture(s) [thread 9340]
[2026-03-28 14:16:42.029] [info] SDDP aperture: scene 1 phase 26 — 16/16 feasible, 0 infeasible, 0 skipped (2.196s) [thread 9340]
[2026-03-28 14:16:42.396] [info] [sddp_aperture.cpp:167] SDDP aperture: scene 1 phase 25 — starting 16 aperture(s) [thread 9340]
[2026-03-28 14:16:44.475] [info] SDDP aperture: scene 1 phase 25 — 16/16 feasible, 0 infeasible, 0 skipped (2.079s) [thread 9340]
[2026-03-28 14:16:44.748] [info] [sddp_aperture.cpp:167] SDDP aperture: scene 1 phase 24 — starting 16 aperture(s) [thread 9340]
[2026-03-28 14:16:46.482] [info] SDDP aperture: scene 1 phase 24 — 16/16 feasible, 0 infeasible, 0 skipped 