[2026-03-28 21:20:58.597] [info] trace log file: ./gtopt_case_2y/results/logs/trace_63.log
[2026-03-28 21:20:58.598] [info]   Parsing input file ./gtopt_case_2y/gtopt_case_2y.json
[2026-03-28 21:20:58.599] [warning] deprecated option 'use_lp_names': use 'lp_build_options.names_level' instead
[2026-03-28 21:20:58.645] [info]   Parse all input files time 0.048s
[2026-03-28 21:20:58.645] [info] --set sddp_options.max_iterations=5 applied
[2026-03-28 21:20:58.645] [info] --set sddp_options.forward_solver_options.threads=4 applied
[2026-03-28 21:20:58.645] [info] --set sddp_options.forward_solver_options.algorithm=barrier applied
[2026-03-28 21:20:58.645] [warning] --input-directory is deprecated, use: --set input_directory=./gtopt_case_2y
[2026-03-28 21:20:58.645] [warning] --output-directory is deprecated, use: --set output_directory=./gtopt_case_2y/results
[2026-03-28 21:20:58.645] [warning] --cut-directory is deprecated, use: --set sddp_options.cut_directory=./gtopt_case_2y/cuts
[2026-03-28 21:20:58.645] [warning] --log-directory is deprecated, use: --set log_directory=./gtopt_case_2y/results/logs
[2026-03-28 21:20:58.646] [info] Output compression codec: zstd
[2026-03-28 21:20:58.649] [info] Planning validation passed
[2026-03-28 21:20:58.649] [info] === System statistics ===
[2026-03-28 21:20:58.649] [info]   System name     : gtopt_case_2y
[2026-03-28 21:20:58.649] [info]   System version  : 
[2026-03-28 21:20:58.649] [info] === System elements  ===
[2026-03-28 21:20:58.649] [info]   Buses           : 236
[2026-03-28 21:20:58.649] [info]   Generators      : 1715
[2026-03-28 21:20:58.649] [info]   Generator profs : 0
[2026-03-28 21:20:58.649] [info]   Demands         : 138
[2026-03-28 21:20:58.649] [info]   Demand profs    : 0
[2026-03-28 21:20:58.649] [info]   Lines           : 330
[2026-03-28 21:20:58.649] [info]   Batteries       : 25
[2026-03-28 21:20:58.650] [info]   Converters      : 0
[2026-03-28 21:20:58.650] [info]   Reserve zones   : 0
[2026-03-28 21:20:58.650] [info]   Reserve provisions   : 0
[2026-03-28 21:20:58.650] [info]   Junctions       : 100
[2026-03-28 21:20:58.650] [info]   Waterways       : 136
[2026-03-28 21:20:58.650] [info]   Flows           : 160
[2026-03-28 21:20:58.650] [info]   Reservoirs      : 10
[2026-03-28 21:20:58.650] [info]   ReservoirSeepages     : 3
[2026-03-28 21:20:58.650] [info]   Turbines        : 170
[2026-03-28 21:20:58.650] [info] === Simulation statistics ===
[2026-03-28 21:20:58.650] [info]   Blocks          : 510
[2026-03-28 21:20:58.650] [info]   Stages          : 51
[2026-03-28 21:20:58.650] [info]   Scenarios       : 1
[2026-03-28 21:20:58.650] [info] === Key options ===
[2026-03-28 21:20:58.650] [info]   use_kirchhoff   : false
[2026-03-28 21:20:58.650] [info]   use_single_bus  : false
[2026-03-28 21:20:58.650] [info]   scale_objective : 1000
[2026-03-28 21:20:58.650] [info]   demand_fail_cost: 1000
[2026-03-28 21:20:58.650] [info]   input_directory : ./gtopt_case_2y
[2026-03-28 21:20:58.650] [info]   output_directory: ./gtopt_case_2y/results
[2026-03-28 21:20:58.650] [info]   output_format   : parquet
[2026-03-28 21:20:58.650] [info] === Building LP model ===
[2026-03-28 21:20:58.652] [info] [planning_lp.cpp:44]   Building LP: 1 scene(s) × 51 phase(s)
[2026-03-28 21:20:58.652] [info]   SolverWorkPool initialized: 25 max threads, 98% CPU threshold
[2026-03-28 21:20:58.652] [info]   SolverWorkPool started
[2026-03-28 21:21:20.354] [info] [planning_lp.cpp:105]   Building LP done in 21.701s
[2026-03-28 21:21:20.354] [info]   WorkPool shutdown complete
[2026-03-28 21:21:20.354] [info]   Build lp time 21.704s
[2026-03-28 21:21:20.354] [info]   LP coefficient analysis: 51 LP(s), global |coeff| [6.667e-06, 6.420e+01], ratio=9.63e+06 (fair)
[2026-03-28 21:21:20.354] [info] === System optimization ===
[2026-03-28 21:21:20.354] [info] [sddp_method.cpp:1827] SDDPMethod: starting 1 scene(s) × 51 phase(s)
[2026-03-28 21:21:20.354] [info] ApertureDataCache: scanning './gtopt_case_2y/apertures'
[2026-03-28 21:21:20.401] [info] ApertureDataCache: loaded 1618230 entries across 334 el