[2026-03-28 13:54:33.724] [info] trace log file: gtopt_case_2y/results/logs/trace_41.log
[2026-03-28 13:54:33.725] [info]   Parsing input file gtopt_case_2y/gtopt_case_2y.json
[2026-03-28 13:54:33.726] [warning] deprecated option 'use_lp_names': use 'lp_build_options.names_level' instead
[2026-03-28 13:54:33.770] [info]   Parse all input files time 0.046s
[2026-03-28 13:54:33.770] [info] Output compression codec: zstd
[2026-03-28 13:54:33.773] [info] Planning validation passed
[2026-03-28 13:54:33.773] [info] === System statistics ===
[2026-03-28 13:54:33.773] [info]   System name     : gtopt_case_2y
[2026-03-28 13:54:33.773] [info]   System version  : 
[2026-03-28 13:54:33.773] [info] === System elements  ===
[2026-03-28 13:54:33.773] [info]   Buses           : 236
[2026-03-28 13:54:33.773] [info]   Generators      : 1715
[2026-03-28 13:54:33.773] [info]   Generator profs : 0
[2026-03-28 13:54:33.773] [info]   Demands         : 138
[2026-03-28 13:54:33.773] [info]   Demand profs    : 0
[2026-03-28 13:54:33.773] [info]   Lines           : 330
[2026-03-28 13:54:33.773] [info]   Batteries       : 25
[2026-03-28 13:54:33.773] [info]   Converters      : 0
[2026-03-28 13:54:33.774] [info]   Reserve zones   : 0
[2026-03-28 13:54:33.774] [info]   Reserve provisions   : 0
[2026-03-28 13:54:33.774] [info]   Junctions       : 100
[2026-03-28 13:54:33.774] [info]   Waterways       : 136
[2026-03-28 13:54:33.774] [info]   Flows           : 160
[2026-03-28 13:54:33.774] [info]   Reservoirs      : 10
[2026-03-28 13:54:33.774] [info]   ReservoirSeepages     : 3
[2026-03-28 13:54:33.774] [info]   Turbines        : 170
[2026-03-28 13:54:33.774] [info] === Simulation statistics ===
[2026-03-28 13:54:33.774] [info]   Blocks          : 510
[2026-03-28 13:54:33.774] [info]   Stages          : 51
[2026-03-28 13:54:33.774] [info]   Scenarios       : 1
[2026-03-28 13:54:33.774] [info] === Key options ===
[2026-03-28 13:54:33.774] [info]   use_kirchhoff   : false
[2026-03-28 13:54:33.774] [info]   use_single_bus  : false
[2026-03-28 13:54:33.774] [info]   scale_objective : 1000
[2026-03-28 13:54:33.774] [info]   demand_fail_cost: 1000
[2026-03-28 13:54:33.774] [info]   input_directory : gtopt_case_2y
[2026-03-28 13:54:33.774] [info]   output_directory: gtopt_case_2y/results
[2026-03-28 13:54:33.774] [info]   output_format   : parquet
[2026-03-28 13:54:33.774] [info] === Building LP model ===
[2026-03-28 13:54:33.776] [info] [planning_lp.cpp:44]   Building LP: 1 scene(s) × 51 phase(s)
[2026-03-28 13:54:33.776] [info]   SolverWorkPool initialized: 25 max threads, 98% CPU threshold
[2026-03-28 13:54:33.776] [info]   SolverWorkPool started
[2026-03-28 13:54:56.932] [info] [planning_lp.cpp:105]   Building LP done in 23.155s
[2026-03-28 13:54:56.932] [info]   WorkPool shutdown complete
[2026-03-28 13:54:56.932] [info]   Build lp time 23.158s
[2026-03-28 13:54:56.932] [info]   LP coefficient analysis: 51 LP(s), global |coeff| [6.667e-06, 6.420e+01], ratio=9.63e+06 (fair)
[2026-03-28 13:54:56.932] [info] === System optimization ===
[2026-03-28 13:54:56.932] [info] [sddp_method.cpp:1823] SDDPMethod: starting 1 scene(s) × 51 phase(s)
[2026-03-28 13:54:56.932] [info] ApertureDataCache: scanning 'gtopt_case_2y/apertures'
[2026-03-28 13:54:57.001] [info] ApertureDataCache: loaded 1618230 entries across 334 elements from gtopt_case_2y/apertures (0.07s, 20 threads)
[2026-03-28 13:54:57.001] [info] [sddp_method.cpp:1074] SDDP: initializing solver (no initial solve pass)
[2026-03-28 13:54:57.001] [info] [sddp_method.cpp:1086] SDDP: 1 scene(s), 51 phase(s)
[2026-03-28 13:54:57.001] [info] [sddp_method.cpp:1095] SDDP: adding alpha variables and collecting state links
[2026-03-28 13:54:57.224] [warning] [sddp_cut_io.cpp:922] Boundary cuts: state variable 'CANUTILLAR' not found in the current model; non-zero coefficient -100.6546958 (mode=skip_coeff)
[2026-03-28 13:54:57.224] [warning] [sddp_cut_io.cpp:922] Boundary cuts: state variable 'PILMAIQUEN' not found in the current model; non-zero coefficient -11.03538014 (mode=skip_coeff)
[2026-03-28 13:54:57.227] [info] [sddp_cut_io.cpp:995] SDDP: loaded 35 boundary cuts from gtopt_case_2y/boundary_cuts.csv (mode=separated, max_iters=0)
[2026-03-28 13:54:57.227] [info] [sddp_method.cpp:1173] SDDP: loaded 35 boundary cuts from gtopt_case_2y/boundary_cuts.csv
[2026-03-28 13:54:57.227] [info] [sddp_method.cpp:1254] SDDP: initialization complete (0.23s)
[2026-03-28 13:54:57.227] [info]   SDDPWorkPool initialized: 25 max threads, 98% CPU threshold
[2026-03-28 13:54:57.227] [info]   SDDPWorkPool started
[2026-03-28 13:54:57.227] [info] [sddp_pool.hpp:160] SDDP work pool started: max_threads=25 cpu_threshold=98% (hw_concurrency=20)
[2026-03-28 13:54:57.227] [info]   SolverWorkPool initialized: 25 max threads, 98% CPU threshold
[2026-03-28 13:54:57.227] [info]   SolverWorkPool started
[2026-03-28 13:54:57.227] [info] [sddp_iteration.cpp:67] SDDP: work pools created (0.00s)
[2026-03-28 13:54:57.228] [info] [sddp_iteration.cpp:102] SDDP: === iteration 0 / 0 ===
[2026-03-28 13:54:57.228] [info] [sddp_method.cpp:1280] SDDP forward: dispatching 1 scene(s) to work pool
[2026-03-28 13:54:57.247] [info] [sddp_forward_pass.cpp:80] SDDP forward: scene 1 iter 0 starting (51 phases) [thread 4151]
[2026-03-28 13:55:08.912] [warning] [sddp_forward_pass.cpp:228] SDDP forward: iter 0 scene 1 phase 37 non-optimal (status 2), trying elastic solve
[2026-03-28 13:55:09.857] [info] [sddp_forward_pass.cpp:265] SDDP forward: scene 1 phase 37 elastic solve ok, obj=702010.9206 alpha=0.0000 opex=702010.9206 [infeas_count=1]
[2026-03-28 13:55:10.158] [warning] [sddp_forward_pass.cpp:228] SDDP forward: iter 0 scene 1 phase 38 non-optimal (status 2), trying elastic solve
[2026-03-28 13:55:11.294] [info] [sddp_forward_pass.cpp:265] SDDP forward: scene 1 phase 38 elastic solve ok, obj=647094.3981 alpha=0.0000 opex=647094.3981 [infeas_count=1]
[2026-03-28 13:55:15.664] [warning] [sddp_forward_pass.cpp:228] SDDP forward: iter 0 scene 1 phase 51 non-optimal (status 2), trying elastic solve
[2026-03-28 13:55:16.915] [info] [sddp_forward_pass.cpp:265] SDDP forward: scene 1 phase 51 elastic solve ok, obj=687241.0995 alpha=0.0000 opex=687241.0995 [infeas_count=1]
[2026-03-28 13:55:16.917] [info] [sddp_forward_pass.cpp:339] SDDP forward: scene 1 iter 0 done, total_opex=28337586.5304 [thread 4151]
[2026-03-28 13:55:16.917] [info] [sddp_method.cpp:1373] SDDP backward: dispatching 1 scene(s) to work pool (cut_sharing=none, apertures=enabled)
[2026-03-28 13:55:16.919] [info] [sddp_aperture_pass.cpp:373] SDDP backward (apertures): scene 1 iter 0 starting (50 phases) [thread 4151]
[2026-03-28 13:55:16.919] [info] [sddp_aperture.cpp:167] SDDP aperture: scene 1 phase 51 — starting 16 aperture(s) [thread 4151]
[2026-03-28 13:55:17.940] [info] SDDP aperture: scene 1 phase 51 aperture uid 3 infeasible (status 2), skipping
[2026-03-28 13:55:17.940] [info] SDDP aperture: scene 1 phase 51 aperture uid 4 infeasible (status 2), skipping
[2026-03-28 13:55:17.940] [info] SDDP aperture: scene 1 phase 51 aperture uid 5 infeasible (status 2), skipping
[2026-03-28 13:55:17.952] [info] SDDP aperture: scene 1 phase 51 aperture uid 6 infeasible (status 2), skipping
[2026-03-28 13:55:17.952] [info] SDDP aperture: scene 1 phase 51 aperture uid 7 infeasible (status 2), skipping
[2026-03-28 13:55:18.040] [info] SDDP aperture: scene 1 phase 51 aperture uid 8 infeasible (status 2), skipping
[2026-03-28 13:55:18.040] [info] SDDP aperture: scene 1 phase 51 aperture uid 9 infeasible (status 2), skipping
[2026-03-28 13:55:18.040] [info] SDDP aperture: scene 1 phase 51 aperture uid 10 infeasible (status 2), skipping
[2026-03-28 13:55:18.040] [info] SDDP aperture: scene 1 phase 51 aperture uid 11 infeasible (status 2), skipping
[2026-03-28 13:55:18.044] [info] SDDP aperture: scene 1 phase 51 aperture uid 12 infeasible (status 2), skipping
[2026-03-28 13:55:18.088] [info] SDDP aperture: scene 1 phase 51 aperture uid 13 infeasible (status 2), skipping
[2026-03-28 13:55:18.088] [info] SDDP aperture: scene 1 phase 51 aperture uid 14 infeasible (status 2), skipping
[2026-03-28 13:55:18.131] [info] SDDP aperture: scene 1 phase 51 aperture uid 15 infeasible (status 2), skipping
[2026-03-28 13:55:18.131] [info] SDDP aperture: scene 1 phase 51 aperture uid 16 infeasible (status 2), skipping
[2026-03-28 13:55:18.156] [info] SDDP aperture: scene 1 phase 51 aperture uid 17 infeasible (status 2), skipping
[2026-03-28 13:55:18.156] [info] SDDP aperture: scene 1 phase 51 aperture uid 18 infeasible (status 2), skipping
[2026-03-28 13:55:18.156] [info] SDDP aperture: scene 1 phase 51 — 0/16 feasible, 16 infeasible, 0 skipped (1.237s) [thread 4151]
[2026-03-28 13:55:18.163] [info] [sddp_aperture.cpp:167] SDDP aperture: scene 1 phase 50 — starting 16 aperture(s) [thread 4151]
[2026-03-28 13:55:19.536] [info] SDDP aperture: scene 1 phase 50 — 16/16 feasible, 0 infeasible, 0 skipped (1.373s) [thread 4151]
[2026-03-28 13:55:19.628] [info] [sddp_aperture.cpp:167] SDDP aperture: scene 1 phase 49 — starting 16 aperture(s) [thread 4151]
[2026-03-28 13:55:20.985] [info] SDDP aperture: scene 1 phase 49 — 16/16 feasible, 0 infeasible, 0 skipped (1.357s) [thread 4151]
[2026-03-28 13:55:21.203] [info] [sddp_aperture.cpp:167] SDDP aperture: scene 1 phase 48 — starting 16 aperture(s) [thread 4151]
[2026-03-28 13:55:22.801] [info] SDDP aperture: scene 1 phase 48 — 16/16 feasible, 0 infeasible, 0 skipped (1.597s) [thread 4151]
[2026-03-28 13:55:22.877] [info] [sddp_aperture.cpp:167] SDDP aperture: scene 1 phase 47 — starting 16 aperture(s) [thread 4151]
[2026-03-28 13:55:24.451] [info] SDDP aperture: scene 1 phase 47 — 16/16 feasible, 0 infeasible, 0 skipped (1.575s) [thread 4151]
[2026-03-28 13:55:24.588] [info] [sddp_aperture.cpp:167] SDDP aperture: scene 1 phase 46 — starting 16 aperture(s) [thread 4151]
[2026-03-28 13:55:26.309] [info] SDDP aperture: scene 1 phase 46 — 16/16 feasible, 0 infeasible, 0 skipped (1.721s) [thread 4151]
[2026-03-28 13:55:26.435] [info] [sddp_aperture.cpp:167] SDDP aperture: scene 1 phase 45 — starting 16 aperture(s) [thread 4151]
[2026-03-28 13:55:28.492] [info] SDDP aperture: scene 1 phase 45 — 16/16 feasible, 0 infeasible, 0 skipped (2.057s) [thread 4151]
[2026-03-28 13:55:28.651] [info] [sddp_aperture.cpp:167] SDDP aperture: scene 1 phase 44 — starting 16 aperture(s) [thread 4151]
[2026-03-28 13:55:31.583] [info] SDDP aperture: scene 1 phase 44 — 16/16 feasible, 0 infeasible, 0 skipped (2.932s) [thread 4151]
[2026-03-28 13:55:32.416] [info] [sddp_aperture.cpp:167] SDDP aperture: scene 1 phase 43 — starting 16 aperture(s) [thread 4151]
[2026-03-28 13:55:35.143] [info] SDDP aperture: scene 1 phase 43 — 16/16 feasible, 0 infeasible, 0 skipped (2.727s) [thread 4151]
[2026-03-28 13:55:35.591] [info] [sddp_aperture.cpp:167] SDDP aperture: scene 1 phase 42 — starting 16 aperture(s) [thread 4151]
[2026-03-28 13:55:38.142] [info] SDDP aperture: scene 1 phase 42 — 16/16 feasible, 0 infeasible, 0 skipped (2.551s) [thread 4151]
[2026-03-28 13:55:38.157] [info] [sddp_aperture.cpp:167] SDDP aperture: scene 1 phase 41 — starting 16 aperture(s) [thread 4151]
[2026-03-28 13:55:40.710] [info] SDDP aperture: scene 1 phase 41 — 16/16 feasible, 0 infeasible, 0 skipped (2.553s) [thread 4151]
[2026-03-28 13:55:41.015] [info] [sddp_aperture.cpp:167] SDDP aperture: scene 1 phase 40 — starting 16 aperture(s) [thread 4151]
[2026-03-28 13:55:43.464] [info] SDDP aperture: scene 1 phase 40 — 16/16 feasible, 0 infeasible, 0 skipped (2.449s) [thread 4151]
[2026-03-28 13:55:43.925] [info] [sddp_aperture.cpp:167] SDDP aperture: scene 1 phase 39 — starting 16 aperture(s) [thread 4151]
[2026-03-28 13:55:46.273] [info] SDDP aperture: scene 1 phase 39 — 16/16 feasible, 0 infeasible, 0 skipped (2.347s) [thread 4151]
[2026-03-28 13:55:46.277] [warning] [sddp_aperture_pass.cpp:506] SDDP backward: iter 0 scene 1 phase 38 non-optimal after expected cut (status 2), skipping further backpropagation
[2026-03-28 13:55:46.278] [info] [sddp_aperture.cpp:167] SDDP aperture: scene 1 phase 38 — starting 16 aperture(s) [thread 4151]
[2026-03-28 13:55:48.368] [info] SDDP aperture: scene 1 phase 38 aperture uid 16 infeasible (status 2), skipping
[2026-03-28 13:55:48.368] [info] SDDP aperture: scene 1 phase 38 — 15/16 feasible, 1 infeasible, 0 skipped (2.091s) [thread 4151]
[2026-03-28 13:55:48.381] [warning] [sddp_aperture_pass.cpp:506] SDDP backward: iter 0 scene 1 phase 37 non-optimal after expected cut (status 2), skipping further backpropagation
[2026-03-28 13:55:48.381] [info] [sddp_aperture.cpp:167] SDDP aperture: scene 1 phase 37 — starting 16 aperture(s) [thread 4151]
[2026-03-28 13:55:50.094] [info] SDDP aperture: scene 1 phase 37 — 16/16 feasible, 0 infeasible, 0 skipped (1.712s) [thread 4151]
[2026-03-28 13:55:50.408] [info] [sddp_aperture.cpp:167] SDDP aperture: scene 1 phase 36 — starting 16 aperture(s) [thread 4151]
[2026-03-28 13:55:52.494] [info] SDDP aperture: scene 1 phase 36 — 16/16 feasible, 0 infeasible, 0 skipped (2.086s) [thread 4151]
[2026-03-28 13:55:52.923] [info] [sddp_aperture.cpp:167] SDDP aperture: scene 1 phase 35 — starting 16 aperture(s) [thread 4151]
[2026-03-28 13:55:55.056] [info] SDDP aperture: scene 1 phase 35 — 16/16 feasible, 0 infeasible, 0 skipped (2.133s) [thread 4151]
[2026-03-28 13:55:55.395] [info] [sddp_aperture.cpp:167] SDDP aperture: scene 1 phase 34 — starting 16 aperture(s) [thread 4151]
[2026-03-28 13:55:57.889] [info] SDDP aperture: scene 1 phase 34 — 16/16 feasible, 0 infeasible, 0 skipped (2.494s) [thread 4151]
[2026-03-28 13:55:58.239] [info] [sddp_aperture.cpp:167] SDDP aperture: scene 1 phase 33 — starting 16 aperture(s) [thread 4151]
[2026-03-28 13:56:00.551] [info] SDDP aperture: scene 1 phase 33 — 16/16 feasible, 0 infeasible, 0 skipped (2.312s) [thread 4151]
[2026-03-28 13:56:01.185] [info] [sddp_aperture.cpp:167] SDDP aperture: scene 1 phase 32 — starting 16 aperture(s) [thread 4151]
[2026-03-28 13:56:03.392] [info] SDDP aperture: scene 1 phase 32 — 16/16 feasible, 0 infeasible, 0 skipped (2.207s) [thread 4151]
[2026-03-28 13:56:03.737] [info] [sddp_aperture.cpp:167] SDDP aperture: scene 1 phase 31 — starting 16 aperture(s) [thread 4151]
[2026-03-28 13:56:05.650] [info] SDDP aperture: scene 1 phase 31 — 16/16 feasible, 0 infeasible, 0 skipped (1.913s) [thread 4151]
[2026-03-28 13:56:06.225] [info] [sddp_aperture.cpp:167] SDDP aperture: scene 1 phase 30 — starting 16 aperture(s) [thread 4151]
[2026-03-28 13:56:08.545] [info] SDDP aperture: scene 1 phase 30 — 16/16 feasible, 0 infeasible, 0 skipped (2.320s) [thread 4151]
[2026-03-28 13:56:09.050] [info] [sddp_aperture.cpp:167] SDDP aperture: scene 1 phase 29 — starting 16 aperture(s) [thread 4151]
[2026-03-28 13:56:11.289] [info] SDDP aperture: scene 1 phase 29 — 16/16 feasible, 0 infeasible, 0 skipped (2.240s) [thread 4151]
[2026-03-28 13:56:11.536] [info] [sddp_aperture.cpp:167] SDDP aperture: scene 1 phase 28 — starting 16 aperture(s) [thread 4151]
[2026-03-28 13:56:13.815] [info] SDDP aperture: scene 1 phase 28 — 16/16 feasible, 0 infeasible, 0 skipped (2.279s) [thread 4151]
[2026-03-28 13:56:14.308] [info] [sddp_aperture.cpp:167] SDDP aperture: scene 1 phase 27 — starting 16 aperture(s) [thread 4151]
[2026-03-28 13:56:16.557] [info] SDDP aperture: scene 1 phase 27 aperture uid 15 infeasible (status 2), skipping
[2026-03-28 13:56:16.557] [info] SDDP aperture: scene 1 phase 27 — 15/16 feasible, 1 infeasible, 0 skipped (2.248s) [thread 4151]
[2026-03-28 13:56:16.984] [info] [sddp_aperture.cpp:167] SDDP aperture: scene 1 phase 26 — starting 16 aperture(s) [thread 4151]
[2026-03-28 13:56:19.358] [info] SDDP aperture: scene 1 phase 26 — 16/16 feasible, 0 infeasible, 0 skipped (2.374s) [thread 4151]
[2026-03-28 13:56:19.656] [info] [sddp_aperture.cpp:167] SDDP aperture: scene 1 phase 25 — starting 16 aperture(s) [thread 4151]
[2026-03-28 13:56:21.469] [info] SDDP aperture: scene 1 phase 25 — 16/16 feasible, 0 infeasible, 0 skipped (1.813s) [thread 4151]
[2026-03-28 13:56:21.752] [info] [sddp_aperture.cpp:167] SDDP aperture: scene 1 phase 24 — starting 16 aperture(s) [thread 4151]
[2026-03-28 13:56:23.669] [info] SDDP aperture: scene 1 phase 24 — 16/16 feasible, 0 infeasible, 0 skipped (1.917s) [thread 4151]
[2026-03-28 13:56:24.138] [info] [sddp_aperture.cpp:167] SDDP aperture: scene 1 phase 23 — starting 16 aperture(s) [thread 4151]
[2026-03-28 13:56:26.253] [info] SDDP aperture: scene 1 phase 23 — 16/16 feasible, 0 infeasible, 0 skipped (2.115s) [thread 4151]
[2026-03-28 13:56:26.620] [info] [sddp_aperture.cpp:167] SDDP aperture: scene 1 phase 22 — starting 16 aperture(s) [thread 4151]
[2026-03-28 13:56:28.970] [info] SDDP aperture: scene 1 phase 22 — 16/16 feasible, 0 infeasible, 0 skipped (2.350s) [thread 4151]
[2026-03-28 13:56:29.322] [info] [sddp_aperture.cpp:167] SDDP aperture: scene 1 phase 21 — starting 16 aperture(s) [thread 4151]
[2026-03-28 13:56:31.448] [info] SDDP aperture: scene 1 phase 21 — 16/16 feasible, 0 infeasible, 0 skipped (2.126s) [thread 4151]
[2026-03-28 13:56:31.771] [info] [sddp_aperture.cpp:167] SDDP aperture: scene 1 phase 20 — starting 16 aperture(s) [thread 4151]
[2026-03-28 13:56:33.803] [info] SDDP aperture: scene 1 phase 20 — 16/16 feasible, 0 infeasible, 0 skipped (2.032s) [thread 4151]
[2026-03-28 13:56:34.115] [info] [sddp_aperture.cpp:167] SDDP aperture: scene 1 phase 19 — starting 16 aperture(s) [thread 4151]
[2026-03-28 13:56:36.382] [info] SDDP aperture: scene 1 phase 19 — 16/16 feasible, 0 infeasible, 0 skipped (2.267s) [thread 4151]
[2026-03-28 13:56:36.728] [info] [sddp_aperture.cpp:167] SDDP aperture: scene 1 phase 18 — starting 16 aperture(s) [thread 4151]
[2026-03-28 13:56:39.169] [info] SDDP aperture: scene 1 phase 18 — 16/16 feasible, 0 infeasible, 0 skipped (2.442s) [thread 4151]
[2026-03-28 13:56:39.609] [info] [sddp_aperture.cpp:167] SDDP aperture: scene 1 phase 17 — starting 16 aperture(s) [thread 4151]
[2026-03-28 13:56:41.858] [info] SDDP aperture: scene 1 phase 17 — 16/16 feasible, 0 infeasible, 0 skipped (2.249s) [thread 4151]
[2026-03-28 13:56:42.243] [info] [sddp_aperture.cpp:167] SDDP aperture: scene 1 phase 16 — starting 16 aperture(s) [thread 4151]
[2026-03-28 13:56:44.280] [info] SDDP aperture: scene 1 phase 16 — 16/16 feasible, 0 infeasible, 0 skipped (2.037s) [thread 4151]
[2026-03-28 13:56:44.637] [info] [sddp_aperture.cpp:167] SDDP aperture: scene 1 phase 15 — starting 16 aperture(s) [thread 4151]
[2026-03-28 13:56:46.692] [info] SDDP aperture: scene 1 phase 15 — 16/16 feasible, 0 infeasible, 0 skipped (2.055s) [thread 4151]
[2026-03-28 13:56:47.304] [info] [sddp_aperture.cpp:167] SDDP aperture: scene 1 phase 14 — starting 16 aperture(s) [thread 4151]
[2026-03-28 13:56:49.308] [info] SDDP aperture: scene 1 phase 14 — 16/16 feasible, 0 infeasible, 0 skipped (2.004s) [thread 4151]
[2026-03-28 13:56:49.827] [info] [sddp_aperture.cpp:167] SDDP aperture: scene 1 phase 13 — starting 16 aperture(s) [thread 4151]
[2026-03-28 13:56:51.895] [info] SDDP aperture: scene 1 phase 13 — 16/16 feasible, 0 infeasible, 0 skipped (2.068s) [thread 4151]
[2026-03-28 13:56:52.684] [info] [sddp_aperture.cpp:167] SDDP aperture: scene 1 phase 12 — starting 16 aperture(s) [thread 4151]
[2026-03-28 13:56:55.179] [info] SDDP aperture: scene 1 phase 12 — 16/16 feasible, 0 infeasible, 0 skipped (2.495s) [thread 4151]
[2026-03-28 13:56:55.556] [info] [sddp_aperture.cpp:167] SDDP aperture: scene 1 phase 11 — starting 16 aperture(s) [thread 4151]
[2026-03-28 13:56:57.998] [info] SDDP aperture: scene 1 phase 11 — 16/16 feasible, 0 infeasible, 0 skipped (2.443s) [thread 4151]
[2026-03-28 13:56:58.915] [info] [sddp_aperture.cpp:167] SDDP aperture: scene 1 phase 10 — starting 16 aperture(s) [thread 4151]
[2026-03-28 13:57:01.243] [info] SDDP aperture: scene 1 phase 10 — 16/16 feasible, 0 infeasible, 0 skipped (2.328s) [thread 4151]
[2026-03-28 13:57:02.311] [info] [sddp_aperture.cpp:167] SDDP aperture: scene 1 phase 9 — starting 16 aperture(s) [thread 4151]
[2026-03-28 13:57:04.819] [info] SDDP aperture: scene 1 phase 9 — 16/16 feasible, 0 infeasible, 0 skipped (2.508s) [thread 4151]
[2026-03-28 13:57:05.898] [info] [sddp_aperture.cpp:167] SDDP aperture: scene 1 phase 8 — starting 16 aperture(s) [thread 4151]
[2026-03-28 13:57:08.415] [info] SDDP aperture: scene 1 phase 8 — 16/16 feasible, 0 infeasible, 0 skipped (2.517s) [thread 4151]
[2026-03-28 13:57:08.965] [info] [sddp_aperture.cpp:167] SDDP aperture: scene 1 phase 7 — starting 16 aperture(s) [thread 4151]
[2026-03-28 13:57:11.299] [info] SDDP aperture: scene 1 phase 7 — 16/16 feasible, 0 infeasible, 0 skipped (2.334s) [thread 4151]
[2026-03-28 13:57:11.728] [info] [sddp_aperture.cpp:167] SDDP aperture: scene 1 phase 6 — starting 16 aperture(s) [thread 4151]
[2026-03-28 13:57:13.895] [info] SDDP aperture: scene 1 phase 6 — 16/16 feasible, 0 infeasible, 0 skipped (2.167s) [thread 4151]
[2026-03-28 13:57:14.252] [info] [sddp_aperture.cpp:167] SDDP aperture: scene 1 phase 5 — starting 16 aperture(s) [thread 4151]
[2026-03-28 13:57:16.290] [info] SDDP aperture: scene 1 phase 5 — 16/16 feasible, 0 infeasible, 0 skipped (2.038s) [thread 4151]
[2026-03-28 13:57:17.350] [info] [sddp_aperture.cpp:167] SDDP aperture: scene 1 phase 4 — starting 16 aperture(s) [thread 4151]
[2026-03-28 13:57:19.706] [info] SDDP aperture: scene 1 phase 4 — 16/16 feasible, 0 infeasible, 0 skipped (2.356s) [thread 4151]
[2026-03-28 13:57:20.036] [info] [sddp_aperture.cpp:167] SDDP aperture: scene 1 phase 3 — starting 16 aperture(s) [thread 4151]
[2026-03-28 13:57:22.103] [info] SDDP aperture: scene 1 phase 3 — 16/16 feasible, 0 infeasible, 0 skipped (2.066s) [thread 4151]
[2026-03-28 13:57:22.332] [info] [sddp_aperture.cpp:167] SDDP aperture: scene 1 phase 2 — starting 16 aperture(s) [thread 4151]
[2026-03-28 13:57:24.051] [info] SDDP aperture: scene 1 phase 2 — 16/16 feasible, 0 infeasible, 0 skipped (1.719s) [thread 4151]
[2026-03-28 13:57:24.051] [warning] [sddp_aperture_pass.cpp:518] SDDP aperture: scene 1 — all apertures infeasible at 1 phase(s) [51], used Benders fallback cuts
[2026-03-28 13:57:24.051] [info] [sddp_method.cpp:1698] SDDP iter 0: gap=0.991148 gap_change=1.000000 (146.823s)
[2026-03-28 13:57:24.051] [info] [sddp_iteration.cpp:222] SDDP: iter 0 done in 146.823s (fwd 19.69s + bwd 127.13s) — UB=28337586.5304 LB=250853.4516 gap=0.991148 gap_change=1.000000 cuts=50 infeas_cuts=3 
[2026-03-28 13:57:25.956] [info] [sddp_iteration.cpp:257] SDDP: === simulation pass (iter 1) ===
[2026-03-28 13:57:25.956] [info] [sddp_method.cpp:1280] SDDP forward: dispatching 1 scene(s) to work pool
[2026-03-28 13:57:25.958] [info] [sddp_forward_pass.cpp:80] SDDP forward: scene 1 iter 1 starting (51 phases) [thread 9108]
[2026-03-28 13:58:08.126] [warning] [sddp_forward_pass.cpp:228] SDDP forward: iter 1 scene 1 phase 51 non-optimal (status 2), trying elastic solve
[2026-03-28 13:58:08.882] [info] [sddp_forward_pass.cpp:265] SDDP forward: scene 1 phase 51 elastic solve ok, obj=685868.5594 alpha=0.0000 opex=685868.5594 [infeas_count=2]
[2026-03-28 13:58:08.884] [info] [sddp_forward_pass.cpp:339] SDDP forward: scene 1 iter 1 done, total_opex=29144568.0346 [thread 9108]
[2026-03-28 13:58:08.885] [info] [sddp_method.cpp:1698] SDDP iter 1: gap=0.133513 gap_change=1.000000 (42.929s)
[2026-03-28 13:58:08.885] [info] [sddp_iteration.cpp:304] SDDP: simulation pass done in 42.929s — UB=29144568.0346 LB=25253403.4158 gap=0.133513 gap_change=1.000000 
[2026-03-28 13:58:10.830] [info]   WorkPool shutdown complete
[2026-03-28 13:58:10.830] [info]   WorkPool shutdown complete
[2026-03-28 13:58:10.895] [info]   Optimization time 193.963s
[2026-03-28 13:58:10.895] [warning] Solver did not find an optimal solution: SDDP did not converge after 1 iterations (gap=0.133513) (code=1)
[2026-03-28 13:58:10.895] [error]   Solver options used: algorithm=barrier, threads=2, presolve=true, optimal_eps=(default), feasible_eps=(default), barrier_eps=(default), log_level=0
[2026-03-28 13:58:10.895] [info] === Solution statistics ===
[2026-03-28 13:58:10.895] [info]   Status          : non-optimal
