[2026-03-28 14:10:37.905] [info] trace log file: gtopt_case_2y/results/logs/trace_46.log
[2026-03-28 14:10:37.907] [info]   Parsing input file gtopt_case_2y/gtopt_case_2y.json
[2026-03-28 14:10:37.908] [warning] deprecated option 'use_lp_names': use 'lp_build_options.names_level' instead
[2026-03-28 14:10:37.952] [info]   Parse all input files time 0.046s
[2026-03-28 14:10:37.952] [info] Output compression codec: zstd
[2026-03-28 14:10:37.955] [info] Planning validation passed
[2026-03-28 14:10:37.955] [info] === System statistics ===
[2026-03-28 14:10:37.955] [info]   System name     : gtopt_case_2y
[2026-03-28 14:10:37.955] [info]   System version  : 
[2026-03-28 14:10:37.955] [info] === System elements  ===
[2026-03-28 14:10:37.955] [info]   Buses           : 236
[2026-03-28 14:10:37.955] [info]   Generators      : 1715
[2026-03-28 14:10:37.955] [info]   Generator profs : 0
[2026-03-28 14:10:37.955] [info]   Demands         : 138
[2026-03-28 14:10:37.955] [info]   Demand profs    : 0
[2026-03-28 14:10:37.955] [info]   Lines           : 330
[2026-03-28 14:10:37.955] [info]   Batteries       : 25
[2026-03-28 14:10:37.955] [info]   Converters      : 0
[2026-03-28 14:10:37.955] [info]   Reserve zones   : 0
[2026-03-28 14:10:37.955] [info]   Reserve provisions   : 0
[2026-03-28 14:10:37.955] [info]   Junctions       : 100
[2026-03-28 14:10:37.955] [info]   Waterways       : 136
[2026-03-28 14:10:37.955] [info]   Flows           : 160
[2026-03-28 14:10:37.955] [info]   Reservoirs      : 10
[2026-03-28 14:10:37.955] [info]   ReservoirSeepages     : 3
[2026-03-28 14:10:37.955] [info]   Turbines        : 170
[2026-03-28 14:10:37.955] [info] === Simulation statistics ===
[2026-03-28 14:10:37.955] [info]   Blocks          : 510
[2026-03-28 14:10:37.955] [info]   Stages          : 51
[2026-03-28 14:10:37.955] [info]   Scenarios       : 1
[2026-03-28 14:10:37.955] [info] === Key options ===
[2026-03-28 14:10:37.955] [info]   use_kirchhoff   : false
[2026-03-28 14:10:37.955] [info]   use_single_bus  : false
[2026-03-28 14:10:37.955] [info]   scale_objective : 1000
[2026-03-28 14:10:37.955] [info]   demand_fail_cost: 1000
[2026-03-28 14:10:37.955] [info]   input_directory : gtopt_case_2y
[2026-03-28 14:10:37.955] [info]   output_directory: gtopt_case_2y/results
[2026-03-28 14:10:37.955] [info]   output_format   : parquet
[2026-03-28 14:10:37.955] [info] === Building LP model ===
[2026-03-28 14:10:37.957] [info] [planning_lp.cpp:44]   Building LP: 1 scene(s) × 51 phase(s)
[2026-03-28 14:10:37.957] [info]   SolverWorkPool initialized: 25 max threads, 98% CPU threshold
[2026-03-28 14:10:37.958] [info]   SolverWorkPool started
[2026-03-28 14:11:00.009] [info] [planning_lp.cpp:105]   Building LP done in 22.051s
[2026-03-28 14:11:00.009] [info]   WorkPool shutdown complete
[2026-03-28 14:11:00.009] [info]   Build lp time 22.054s
[2026-03-28 14:11:00.010] [info]   LP coefficient analysis: 51 LP(s), global |coeff| [6.667e-06, 6.420e+01], ratio=9.63e+06 (fair)
[2026-03-28 14:11:00.010] [info] === System optimization ===
[2026-03-28 14:11:00.010] [info] [sddp_method.cpp:1823] SDDPMethod: starting 1 scene(s) × 51 phase(s)
[2026-03-28 14:11:00.010] [info] ApertureDataCache: scanning 'gtopt_case_2y/apertures'
[2026-03-28 14:11:00.082] [info] ApertureDataCache: loaded 1618230 entries across 334 elements from gtopt_case_2y/apertures (0.07s, 20 threads)
[2026-03-28 14:11:00.082] [info] [sddp_method.cpp:1074] SDDP: initializing solver (no initial solve pass)
[2026-03-28 14:11:00.082] [info] [sddp_method.cpp:1086] SDDP: 1 scene(s), 51 phase(s)
[2026-03-28 14:11:00.082] [info] [sddp_method.cpp:1095] SDDP: adding alpha variables and collecting state links
[2026-03-28 14:11:00.360] [warning] [sddp_cut_io.cpp:922] Boundary cuts: state variable 'CANUTILLAR' not found in the current model; non-zero coefficient -100.6546958 (mode=skip_coeff)
[2026-03-28 14:11:00.360] [warning] [sddp_cut_io.cpp:922] Boundary cuts: state variable 'PILMAIQUEN' not found in the current model; non-zero coefficient -11.03538014 (mode=skip_coeff)
[2026-03-28 14:11:00.362] [info] [sddp_cut_io.cpp:995] SDDP: loaded 35 boundary cuts from gtopt_case_2y/boundary_cuts.csv (mode=separated, max_iters=0)
[2026-03-28 14:11:00.362] [info] [sddp_method.cpp:1173] SDDP: loaded 35 boundary cuts from gtopt_case_2y/boundary_cuts.csv
[2026-03-28 14:11:00.362] [info] [sddp_method.cpp:1254] SDDP: initialization complete (0.28s)
[2026-03-28 14:11:00.362] [info]   SDDPWorkPool initialized: 25 max threads, 98% CPU threshold
[2026-03-28 14:11:00.362] [info]   SDDPWorkPool started
[2026-03-28 14:11:00.362] [info] [sddp_pool.hpp:160] SDDP work pool started: max_threads=25 cpu_threshold=98% (hw_concurrency=20)
[2026-03-28 14:11:00.362] [info]   SolverWorkPool initialized: 25 max threads, 98% CPU threshold
[2026-03-28 14:11:00.362] [info]   SolverWorkPool started
[2026-03-28 14:11:00.363] [info] [sddp_iteration.cpp:67] SDDP: work pools created (0.00s)
[2026-03-28 14:11:00.363] [info] [sddp_iteration.cpp:102] SDDP: === iteration 0 / 0 ===
[2026-03-28 14:11:00.363] [info] [sddp_method.cpp:1280] SDDP forward: dispatching 1 scene(s) to work pool
[2026-03-28 14:11:00.383] [info] [sddp_forward_pass.cpp:80] SDDP forward: scene 1 iter 0 starting (51 phases) [thread 6984]
[2026-03-28 14:11:11.563] [warning] [sddp_forward_pass.cpp:228] SDDP forward: iter 0 scene 1 phase 37 non-optimal (status 2), trying elastic solve
[2026-03-28 14:11:12.111] [info] [sddp_forward_pass.cpp:265] SDDP forward: scene 1 phase 37 elastic solve ok, obj=702010.9206 alpha=0.0000 opex=702010.9206 [infeas_count=1]
[2026-03-28 14:11:12.329] [warning] [sddp_forward_pass.cpp:228] SDDP forward: iter 0 scene 1 phase 38 non-optimal (status 2), trying elastic solve
[2026-03-28 14:11:13.117] [info] [sddp_forward_pass.cpp:265] SDDP forward: scene 1 phase 38 elastic solve ok, obj=647094.3981 alpha=0.0000 opex=647094.3981 [infeas_count=1]
[2026-03-28 14:11:17.486] [warning] [sddp_forward_pass.cpp:228] SDDP forward: iter 0 scene 1 phase 51 non-optimal (status 2), trying elastic solve
[2026-03-28 14:11:18.750] [info] [sddp_forward_pass.cpp:265] SDDP forward: scene 1 phase 51 elastic solve ok, obj=687241.0995 alpha=0.0000 opex=687241.0995 [infeas_count=1]
[2026-03-28 14:11:18.752] [info] [sddp_forward_pass.cpp:339] SDDP forward: scene 1 iter 0 done, total_opex=28337586.5304 [thread 6984]
[2026-03-28 14:11:18.752] [info] [sddp_method.cpp:1373] SDDP backward: dispatching 1 scene(s) to work pool (cut_sharing=none, apertures=enabled)
[2026-03-28 14:11:18.770] [info] [sddp_aperture_pass.cpp:373] SDDP backward (apertures): scene 1 iter 0 starting (50 phases) [thread 6984]
[2026-03-28 14:11:18.771] [info] [sddp_aperture.cpp:167] SDDP aperture: scene 1 phase 51 — starting 16 aperture(s) [thread 6984]
[2026-03-28 14:11:19.645] [info] SDDP aperture: scene 1 phase 51 aperture uid 3 infeasible (status 2), skipping
[2026-03-28 14:11:19.645] [info] SDDP aperture: scene 1 phase 51 aperture uid 4 infeasible (status 2), skipping
[2026-03-28 14:11:19.701] [info] SDDP aperture: scene 1 phase 51 aperture uid 5 infeasible (status 2), skipping
[2026-03-28 14:11:19.701] [info] SDDP aperture: scene 1 phase 51 aperture uid 6 infeasible (status 2), skipping
[2026-03-28 14:11:19.701] [info] SDDP aperture: scene 1 phase 51 aperture uid 7 infeasible (status 2), skipping
[2026-03-28 14:11:19.793] [info] SDDP aperture: scene 1 phase 51 aperture uid 8 infeasible (status 2), skipping
[2026-03-28 14:11:19.802] [info] SDDP aperture: scene 1 phase 51 aperture uid 9 infeasible (status 2), skipping
[2026-03-28 14:11:19.802] [info] SDDP aperture: scene 1 phase 51 aperture uid 10 infeasible (status 2), skipping
[2026-03-28 14:11:19.802] [info] SDDP aperture: scene 1 phase 51 aperture uid 11 infeasible (status 2), skipping
[2026-03-28 14:11:19.802] [info] SDDP aperture: scene 1 phase 51 aperture uid 12 infeasible (status 2), skipping
[2026-03-28 14:11:19.873] [info] SDDP aperture: scene 1 phase 51 aperture uid 13 infeasible (status 2), skipping
[2026-03-28 14:11:19.873] [info] SDDP aperture: scene 1 phase 51 aperture uid 14 infeasible (status 2), skipping
[2026-03-28 14:11:19.909] [info] SDDP aperture: scene 1 phase 51 aperture uid 15 infeasible (status 2), skipping
[2026-03-28 14:11:19.909] [info] SDDP aperture: scene 1 phase 51 aperture uid 16 infeasible (status 2), skipping
[2026-03-28 14:11:19.918] [info] SDDP aperture: scene 1 phase 51 aperture uid 17 infeasible (status 2), skipping
[2026-03-28 14:11:19.918] [info] SDDP aperture: scene 1 phase 51 aperture uid 18 infeasible (status 2), skipping
[2026-03-28 14:11:19.918] [info] SDDP aperture: scene 1 phase 51 — 0/16 feasible, 16 infeasible, 0 skipped (1.147s) [thread 6984]
[2026-03-28 14:11:19.925] [info] [sddp_aperture.cpp:167] SDDP aperture: scene 1 phase 50 — starting 16 aperture(s) [thread 6984]
[2026-03-28 14:11:21.387] [info] SDDP aperture: scene 1 phase 50 — 16/16 feasible, 0 infeasible, 0 skipped (1.463s) [thread 6984]
[2026-03-28 14:11:21.490] [info] [sddp_aperture.cpp:167] SDDP aperture: scene 1 phase 49 — starting 16 aperture(s) [thread 6984]
[2026-03-28 14:11:23.060] [info] SDDP aperture: scene 1 phase 49 — 16/16 feasible, 0 infeasible, 0 skipped (1.569s) [thread 6984]
[2026-03-28 14:11:23.295] [info] [sddp_aperture.cpp:167] SDDP aperture: scene 1 phase 48 — starting 16 aperture(s) [thread 6984]
[2026-03-28 14:11:24.832] [info] SDDP aperture: scene 1 phase 48 — 16/16 feasible, 0 infeasible, 0 skipped (1.537s) [thread 6984]
[2026-03-28 14:11:24.906] [info] [sddp_aperture.cpp:167] SDDP aperture: scene 1 phase 47 — starting 16 aperture(s) [thread 6984]
[2026-03-28 14:11:26.432] [info] SDDP aperture: scene 1 phase 47 — 16/16 feasible, 0 infeasible, 0 skipped (1.526s) [thread 6984]
[2026-03-28 14:11:26.570] [info] [sddp_aperture.cpp:167] SDDP aperture: scene 1 phase 46 — starting 16 aperture(s) [thread 6984]
[2026-03-28 14:11:28.258] [info] SDDP aperture: scene 1 phase 46 — 16/16 feasible, 0 infeasible, 0 skipped (1.688s) [thread 6984]
[2026-03-28 14:11:28.387] [info] [sddp_aperture.cpp:167] SDDP aperture: scene 1 phase 45 — starting 16 aperture(s) [thread 6984]
[2026-03-28 14:11:30.209] [info] SDDP aperture: scene 1 phase 45 — 16/16 feasible, 0 infeasible, 0 skipped (1.822s) [thread 6984]
[2026-03-28 14:11:30.365] [info] [sddp_aperture.cpp:167] SDDP aperture: scene 1 phase 44 — starting 16 aperture(s) [thread 6984]
[2026-03-28 14:11:33.070] [info] SDDP aperture: scene 1 phase 44 — 16/16 feasible, 0 infeasible, 0 skipped (2.705s) [thread 6984]
[2026-03-28 14:11:33.816] [info] [sddp_aperture.cpp:167] SDDP aperture: scene 1 phase 43 — starting 16 aperture(s) [thread 6984]
[2026-03-28 14:11:36.042] [info] SDDP aperture: scene 1 phase 43 — 16/16 feasible, 0 infeasible, 0 skipped (2.226s) [thread 6984]
[2026-03-28 14:11:36.500] [info] [sddp_aperture.cpp:167] SDDP aperture: scene 1 phase 42 — starting 16 aperture(s) [thread 6984]
[2026-03-28 14:11:39.191] [info] SDDP aperture: scene 1 phase 42 — 16/16 feasible, 0 infeasible, 0 skipped (2.691s) [thread 6984]
[2026-03-28 14:11:39.207] [info] [sddp_aperture.cpp:167] SDDP aperture: scene 1 phase 41 — starting 16 aperture(s) [thread 6984]
[2026-03-28 14:11:41.818] [info] SDDP aperture: scene 1 phase 41 — 16/16 feasible, 0 infeasible, 0 skipped (2.612s) [thread 6984]
[2026-03-28 14:11:42.127] [info] [sddp_aperture.cpp:167] SDDP aperture: scene 1 phase 40 — starting 16 aperture(s) [thread 6984]
[2026-03-28 14:11:44.805] [info] SDDP aperture: scene 1 phase 40 — 16/16 feasible, 0 infeasible, 0 skipped (2.678s) [thread 6984]
[2026-03-28 14:11:45.193] [info] [sddp_aperture.cpp:167] SDDP aperture: scene 1 phase 39 — starting 16 aperture(s) [thread 6984]
[2026-03-28 14:11:47.576] [info] SDDP aperture: scene 1 phase 39 — 16/16 feasible, 0 infeasible, 0 skipped (2.383s) [thread 6984]
[2026-03-28 14:11:47.583] [warning] [sddp_aperture_pass.cpp:506] SDDP backward: iter 0 scene 1 phase 38 non-optimal after expected cut (status 2), skipping further backpropagation
[2026-03-28 14:11:47.583] [info] [sddp_aperture.cpp:167] SDDP aperture: scene 1 phase 38 — starting 16 aperture(s) [thread 6984]
[2026-03-28 14:11:49.927] [info] SDDP aperture: scene 1 phase 38 aperture uid 16 infeasible (status 2), skipping
[2026-03-28 14:11:49.927] [info] SDDP aperture: scene 1 phase 38 — 15/16 feasible, 1 infeasible, 0 skipped (2.344s) [thread 6984]
[2026-03-28 14:11:49.939] [warning] [sddp_aperture_pass.cpp:506] SDDP backward: iter 0 scene 1 phase 37 non-optimal after expected cut (status 2), skipping further backpropagation
[2026-03-28 14:11:49.939] [info] [sddp_aperture.cpp:167] SDDP aperture: scene 1 phase 37 — starting 16 aperture(s) [thread 6984]
[2026-03-28 14:11:51.899] [info] SDDP aperture: scene 1 phase 37 — 16/16 feasible, 0 infeasible, 0 skipped (1.961s) [thread 6984]
[2026-03-28 14:11:52.302] [info] [sddp_aperture.cpp:167] SDDP aperture: scene 1 phase 36 — starting 16 aperture(s) [thread 6984]
[2026-03-28 14:11:54.351] [info] SDDP aperture: scene 1 phase 36 — 16/16 feasible, 0 infeasible, 0 skipped (2.049s) [thread 6984]
[2026-03-28 14:11:54.898] [info] [sddp_aperture.cpp:167] SDDP aperture: scene 1 phase 35 — starting 16 aperture(s) [thread 6984]
[2026-03-28 14:11:56.986] [info] SDDP aperture: scene 1 phase 35 — 16/16 feasible, 0 infeasible, 0 skipped (2.088s) [thread 6984]
[2026-03-28 14:11:57.352] [info] [sddp_aperture.cpp:167] SDDP aperture: scene 1 phase 34 — starting 16 aperture(s) [thread 6984]
[2026-03-28 14:11:59.743] [info] SDDP aperture: scene 1 phase 34 — 16/16 feasible, 0 infeasible, 0 skipped (2.391s) [thread 6984]
[2026-03-28 14:12:00.075] [info] [sddp_aperture.cpp:167] SDDP aperture: scene 1 phase 33 — starting 16 aperture(s) [thread 6984]
[2026-03-28 14:12:02.628] [info] SDDP aperture: scene 1 phase 33 — 16/16 feasible, 0 infeasible, 0 skipped (2.553s) [thread 6984]
[2026-03-28 14:12:03.192] [info] [sddp_aperture.cpp:167] SDDP aperture: scene 1 phase 32 — starting 16 aperture(s) [thread 6984]
[2026-03-28 14:12:05.535] [info] SDDP aperture: scene 1 phase 32 — 16/16 feasible, 0 infeasible, 0 skipped (2.343s) [thread 6984]
[2026-03-28 14:12:05.927] [info] [sddp_aperture.cpp:167] SDDP aperture: scene 1 phase 31 — starting 16 aperture(s) [thread 6984]
[2026-03-28 14:12:08.044] [info] SDDP aperture: scene 1 phase 31 — 16/16 feasible, 0 infeasible, 0 skipped (2.118s) [thread 6984]
[2026-03-28 14:12:08.534] [info] [sddp_aperture.cpp:167] SDDP aperture: scene 1 phase 30 — starting 16 aperture(s) [thread 6984]
[2026-03-28 14:12:10.921] [info] SDDP aperture: scene 1 phase 30 — 16/16 feasible, 0 infeasible, 0 skipped (2.387s) [thread 6984]
[2026-03-28 14:12:11.489] [info] [sddp_aperture.cpp:167] SDDP aperture: scene 1 phase 29 — starting 16 aperture(s) [thread 6984]
[2026-03-28 14:12:13.800] [info] SDDP aperture: scene 1 phase 29 — 16/16 feasible, 0 infeasible, 0 skipped (2.311s) [thread 6984]
[2026-03-28 14:12:14.045] [info] [sddp_aperture.cpp:167] SDDP aperture: scene 1 phase 28 — starting 16 aperture(s) [thread 6984]
[2026-03-28 14:12:16.175] [info] SDDP aperture: scene 1 phase 28 — 16/16 feasible, 0 infeasible, 0 skipped (2.130s) [thread 6984]
[2026-03-28 14:12:16.639] [info] [sddp_aperture.cpp:167] SDDP aperture: scene 1 phase 27 — starting 16 aperture(s) [thread 6984]
[2026-03-28 14:12:18.978] [info] SDDP aperture: scene 1 phase 27 aperture uid 15 infeasible (status 2), skipping
[2026-03-28 14:12:18.978] [info] SDDP aperture: scene 1 phase 27 — 15/16 feasible, 1 infeasible, 0 skipped (2.340s) [thread 6984]
[2026-03-28 14:12:19.460] [info] [sddp_aperture.cpp:167] SDDP aperture: scene 1 phase 26 — starting 16 aperture(s) [thread 6984]
[2026-03-28 14:12:21.433] [info] SDDP aperture: scene 1 phase 26 — 16/16 feasible, 0 infeasible, 0 skipped (1.973s) [thread 6984]
[2026-03-28 14:12:21.760] [info] [sddp_aperture.cpp:167] SDDP aperture: scene 1 phase 25 — starting 16 aperture(s) [thread 6984]
[2026-03-28 14:12:23.762] [info] SDDP aperture: scene 1 phase 25 — 16/16 feasible, 0 infeasible, 0 skipped (2.002s) [thread 6984]
[2026-03-28 14:12:24.060] [info] [sddp_aperture.cpp:167] SDDP aperture: scene 1 phase 24 — starting 16 aperture(s) [thread 6984]
[2026-03-28 14:12:25.930] [info] SDDP aperture: scene 1 phase 24 — 16/16 feasible, 0 infeasible, 0 skipped (1.870s) [thread 6984]
[2026-03-28 14:12:26.282] [info] [sddp_aperture.cpp:167] SDDP aperture: scene 1 phase 23 — starting 16 aperture(s) [thread 6984]
[2026-03-28 14:12:28.522] [info] SDDP aperture: scene 1 phase 23 — 16/16 feasible, 0 infeasible, 0 skipped (2.240s) [thread 6984]
[2026-03-28 14:12:28.857] [info] [sddp_aperture.cpp:167] SDDP aperture: scene 1 phase 22 — starting 16 aperture(s) [thread 6984]
[2026-03-28 14:12:31.216] [info] SDDP aperture: scene 1 phase 22 — 16/16 feasible, 0 infeasible, 0 skipped (2.359s) [thread 6984]
[2026-03-28 14:12:31.557] [info] [sddp_aperture.cpp:167] SDDP aperture: scene 1 phase 21 — starting 16 aperture(s) [thread 6984]
[2026-03-28 14:12:33.908] [info] SDDP aperture: scene 1 phase 21 — 16/16 feasible, 0 infeasible, 0 skipped (2.351s) [thread 6984]
[2026-03-28 14:12:34.271] [info] [sddp_aperture.cpp:167] SDDP aperture: scene 1 phase 20 — starting 16 aperture(s) [thread 6984]
[2026-03-28 14:12:36.250] [info] SDDP aperture: scene 1 phase 20 — 16/16 feasible, 0 infeasible, 0 skipped (1.978s) [thread 6984]
[2026-03-28 14:12:36.588] [info] [sddp_aperture.cpp:167] SDDP aperture: scene 1 phase 19 — starting 16 aperture(s) [thread 6984]
[2026-03-28 14:12:38.862] [info] SDDP aperture: scene 1 phase 19 — 16/16 feasible, 0 infeasible, 0 skipped (2.275s) [thread 6984]
[2026-03-28 14:12:39.301] [info] [sddp_aperture.cpp:167] SDDP aperture: scene 1 phase 18 — starting 16 aperture(s) [thread 6984]
[2026-03-28 14:12:41.647] [info] SDDP aperture: scene 1 phase 18 — 16/16 feasible, 0 infeasible, 0 skipped (2.346s) [thread 6984]
[2026-03-28 14:12:42.410] [info] [sddp_aperture.cpp:167] SDDP aperture: scene 1 phase 17 — starting 16 aperture(s) [thread 6984]
[2026-03-28 14:12:44.841] [info] SDDP aperture: scene 1 phase 17 — 16/16 feasible, 0 infeasible, 0 skipped (2.431s) [thread 6984]
[2026-03-28 14:12:45.321] [info] [sddp_aperture.cpp:167] SDDP aperture: scene 1 phase 16 — starting 16 aperture(s) [thread 6984]
[2026-03-28 14:12:47.503] [info] SDDP aperture: scene 1 phase 16 — 16/16 feasible, 0 infeasible, 0 skipped (2.182s) [thread 6984]
[2026-03-28 14:12:47.853] [info] [sddp_aperture.cpp:167] SDDP aperture: scene 1 phase 15 — starting 16 aperture(s) [thread 6984]
[2026-03-28 14:12:50.027] [info] SDDP aperture: scene 1 phase 15 — 16/16 feasible, 0 infeasible, 0 skipped (2.173s) [thread 6984]
[2026-03-28 14:12:50.525] [info] [sddp_aperture.cpp:167] SDDP aperture: scene 1 phase 14 — starting 16 aperture(s) [thread 6984]
[2026-03-28 14:12:52.631] [info] SDDP aperture: scene 1 phase 14 — 16/16 feasible, 0 infeasible, 0 skipped (2.106s) [thread 6984]
[2026-03-28 14:12:53.087] [info] [sddp_aperture.cpp:167] SDDP aperture: scene 1 phase 13 — starting 16 aperture(s) [thread 6984]
[2026-03-28 14:12:55.152] [info] SDDP aperture: scene 1 phase 13 — 16/16 feasible, 0 infeasible, 0 skipped (2.065s) [thread 6984]
[2026-03-28 14:12:55.626] [info] [sddp_aperture.cpp:167] SDDP aperture: scene 1 phase 12 — starting 16 aperture(s) [thread 6984]
[2026-03-28 14:12:58.176] [info] SDDP aperture: scene 1 phase 12 — 16/16 feasible, 0 infeasible, 0 skipped (2.550s) [thread 6984]
[2026-03-28 14:12:58.710] [info] [sddp_aperture.cpp:167] SDDP aperture: scene 1 phase 11 — starting 16 aperture(s) [thread 6984]
[2026-03-28 14:13:01.289] [info] SDDP aperture: scene 1 phase 11 — 16/16 feasible, 0 infeasible, 0 skipped (2.579s) [thread 6984]
[2026-03-28 14:13:02.086] [info] [sddp_aperture.cpp:167] SDDP aperture: scene 1 phase 10 — starting 16 aperture(s) [thread 6984]
[2026-03-28 14:13:04.470] [info] SDDP aperture: scene 1 phase 10 — 16/16 feasible, 0 infeasible, 0 skipped (2.385s) [thread 6984]
[2026-03-28 14:13:05.862] [info] [sddp_aperture.cpp:167] SDDP aperture: scene 1 phase 9 — starting 16 aperture(s) [thread 6984]
[2026-03-28 14:13:08.410] [info] SDDP aperture: scene 1 phase 9 — 16/16 feasible, 0 infeasible, 0 skipped (2.547s) [thread 6984]
[2026-03-28 14:13:09.551] [info] [sddp_aperture.cpp:167] SDDP aperture: scene 1 phase 8 — starting 16 aperture(s) [thread 6984]
[2026-03-28 14:13:12.162] [info] SDDP aperture: scene 1 phase 8 — 16/16 feasible, 0 infeasible, 0 skipped (2.611s) [thread 6984]
[2026-03-28 14:13:12.762] [info] [sddp_aperture.cpp:167] SDDP aperture: scene 1 phase 7 — starting 16 aperture(s) [thread 6984]
[2026-03-28 14:13:14.988] [info] SDDP aperture: scene 1 phase 7 — 16/16 feasible, 0 infeasible, 0 skipped (2.227s) [thread 6984]
[2026-03-28 14:13:15.771] [info] [sddp_aperture.cpp:167] SDDP aperture: scene 1 phase 6 — starting 16 aperture(s) [thread 6984]
[2026-03-28 14:13:17.893] [info] SDDP aperture: scene 1 phase 6 — 16/16 feasible, 0 infeasible, 0 skipped (2.121s) [thread 6984]
[2026-03-28 14:13:18.387] [info] [sddp_aperture.cpp:167] SDDP aperture: scene 1 phase 5 — starting 16 aperture(s) [thread 6984]
[2026-03-28 14:13:20.585] [info] SDDP aperture: scene 1 phase 5 — 16/16 feasible, 0 infeasible, 0 skipped (2.197s) [thread 6984]
[2026-03-28 14:13:21.643] [info] [sddp_aperture.cpp:167] SDDP aperture: scene 1 phase 4 — starting 16 aperture(s) [thread 6984]
[2026-03-28 14:13:23.966] [info] SDDP aperture: scene 1 phase 4 — 16/16 feasible, 0 infeasible, 0 skipped (2.323s) [thread 6984]
[2026-03-28 14:13:24.429] [info] [sddp_aperture.cpp:167] SDDP aperture: scene 1 phase 3 — starting 16 aperture(s) [thread 6984]
[2026-03-28 14:13:26.568] [info] SDDP aperture: scene 1 phase 3 — 16/16 feasible, 0 infeasible, 0 skipped (2.139s) [thread 6984]
[2026-03-28 14:13:26.786] [info] [sddp_aperture.cpp:167] SDDP aperture: scene 1 phase 2 — starting 16 aperture(s) [thread 6984]
[2026-03-28 14:13:28.685] [info] SDDP aperture: scene 1 phase 2 — 16/16 feasible, 0 infeasible, 0 skipped (1.899s) [thread 6984]
[2026-03-28 14:13:28.688] [warning] [sddp_aperture_pass.cpp:518] SDDP aperture: scene 1 — all apertures infeasible at 1 phase(s) [51], used Benders fallback cuts
[2026-03-28 14:13:28.688] [info] [sddp_method.cpp:1698] SDDP iter 0: gap=0.991148 gap_change=1.000000 (148.326s)
[2026-03-28 14:13:28.689] [info] [sddp_iteration.cpp:222] SDDP: iter 0 done in 148.326s (fwd 18.39s + bwd 129.94s) — UB=28337586.5304 LB=250853.4516 gap=0.991148 gap_change=1.000000 cuts=50 infeas_cuts=3 
[2026-03-28 14:13:31.419] [info] [sddp_iteration.cpp:257] SDDP: === simulation pass (iter 1) ===
[2026-03-28 14:13:31.419] [info] [sddp_method.cpp:1280] SDDP forward: dispatching 1 scene(s) to work pool
[2026-03-28 14:13:31.425] [info] [sddp_forward_pass.cpp:80] SDDP forward: scene 1 iter 1 starting (51 phases) [thread 3890]
[2026-03-28 14:14:40.837] [warning] [sddp_forward_pass.cpp:228] SDDP forward: iter 1 scene 1 phase 51 non-optimal (status 2), trying elastic solve
[2026-03-28 14:14:42.193] [info] [sddp_forward_pass.cpp:265] SDDP forward: scene 1 phase 51 elastic solve ok, obj=685868.5594 alpha=0.0000 opex=685868.5594 [infeas_count=2]
[2026-03-28 14:14:42.194] [info] [sddp_forward_pass.cpp:339] SDDP forward: scene 1 iter 1 done, total_opex=29144568.0346 [thread 3890]
[2026-03-28 14:14:42.195] [info] [sddp_method.cpp:1698] SDDP iter 1: gap=0.133513 gap_change=1.000000 (70.776s)
[2026-03-28 14:14:42.195] [info] [sddp_iteration.cpp:304] SDDP: simulation pass done in 70.776s — UB=29144568.0346 LB=25253403.4158 gap=0.133513 gap_change=1.000000 
[2026-03-28 14:14:45.472] [info]   WorkPool shutdown complete
[2026-03-28 14:14:45.472] [info]   WorkPool shutdown complete
[2026-03-28 14:14:45.583] [info]   Optimization time 225.573s
[2026-03-28 14:14:45.583] [warning] Solver did not find an optimal solution: SDDP did not converge after 1 iterations (gap=0.133513) (code=1)
[2026-03-28 14:14:45.583] [error]   Solver options used: algorithm=barrier, threads=2, presolve=true, optimal_eps=(default), feasible_eps=(default), barrier_eps=(default), log_level=0
[2026-03-28 14:14:45.583] [info] === Solution statistics ===
[2026-03-28 14:14:45.583] [info]   Status          : non-optimal
