[2026-03-27 23:05:12.512] [info] trace log file: /tmp/golden_check/ieee30b/cplex/logs/trace_1.log
[2026-03-27 23:05:12.512] [info]   Parsing input file /home/marce/git/gtopt/cases/ieee30b//ieee30b.json
[2026-03-27 23:05:12.513] [warning] deprecated option 'use_lp_names': use 'lp_build_options.names_level' instead
[2026-03-27 23:05:12.514] [info]   Parse all input files time 0.002s
[2026-03-27 23:05:12.514] [info] Planning validation passed
[2026-03-27 23:05:12.514] [info] === System statistics ===
[2026-03-27 23:05:12.514] [info]   System name     : ieee30b
[2026-03-27 23:05:12.514] [info]   System version  : 
[2026-03-27 23:05:12.514] [info] === System elements  ===
[2026-03-27 23:05:12.515] [info]   Buses           : 30
[2026-03-27 23:05:12.515] [info]   Generators      : 6
[2026-03-27 23:05:12.515] [info]   Generator profs : 0
[2026-03-27 23:05:12.515] [info]   Demands         : 21
[2026-03-27 23:05:12.515] [info]   Demand profs    : 0
[2026-03-27 23:05:12.515] [info]   Lines           : 41
[2026-03-27 23:05:12.515] [info]   Batteries       : 0
[2026-03-27 23:05:12.515] [info]   Converters      : 0
[2026-03-27 23:05:12.515] [info]   Reserve zones   : 0
[2026-03-27 23:05:12.515] [info]   Reserve provisions   : 0
[2026-03-27 23:05:12.515] [info]   Junctions       : 0
[2026-03-27 23:05:12.515] [info]   Waterways       : 0
[2026-03-27 23:05:12.515] [info]   Flows           : 0
[2026-03-27 23:05:12.515] [info]   Reservoirs      : 0
[2026-03-27 23:05:12.515] [info]   ReservoirSeepages     : 0
[2026-03-27 23:05:12.515] [info]   Turbines        : 0
[2026-03-27 23:05:12.515] [info] === Simulation statistics ===
[2026-03-27 23:05:12.515] [info]   Blocks          : 1
[2026-03-27 23:05:12.515] [info]   Stages          : 1
[2026-03-27 23:05:12.515] [info]   Scenarios       : 1
[2026-03-27 23:05:12.515] [info] === Key options ===
[2026-03-27 23:05:12.515] [info]   use_kirchhoff   : true
[2026-03-27 23:05:12.515] [info]   use_single_bus  : false
[2026-03-27 23:05:12.515] [info]   scale_objective : 1000
[2026-03-27 23:05:12.515] [info]   demand_fail_cost: 1000
[2026-03-27 23:05:12.515] [info]   input_directory : (default)
[2026-03-27 23:05:12.515] [info]   output_directory: /tmp/golden_check/ieee30b/cplex
[2026-03-27 23:05:12.515] [info]   output_format   : csv
[2026-03-27 23:05:12.515] [info] === Building LP model ===
[2026-03-27 23:05:12.515] [info] [planning_lp.cpp:44]   Building LP: 1 scene(s) × 1 phase(s)
[2026-03-27 23:05:12.515] [info]   SolverWorkPool initialized: 25 max threads, 98% CPU threshold
[2026-03-27 23:05:12.515] [info]   SolverWorkPool started
[2026-03-27 23:05:12.519] [info] [planning_lp.cpp:105]   Building LP done in 0.004s
[2026-03-27 23:05:12.519] [info]   WorkPool shutdown complete
[2026-03-27 23:05:12.519] [info]   Build lp time 0.004s
[2026-03-27 23:05:12.519] [info]   LP coefficient analysis: 1 LP(s), global |coeff| [2.360e-01, 6.027e+00], ratio=2.55e+01 (excellent)
[2026-03-27 23:05:12.519] [info] === System optimization ===
[2026-03-27 23:05:12.519] [info]   SolverWorkPool initialized: 25 max threads, 98% CPU threshold
[2026-03-27 23:05:12.519] [info]   SolverWorkPool started
[2026-03-27 23:05:12.519] [info] [monolithic_method.cpp:39] MonolithicMethod: starting 1 scene(s)
[2026-03-27 23:05:12.541] [info] [monolithic_method.cpp:147] MonolithicMethod: scene 0 done in 0.002s (1/1)
[2026-03-27 23:05:12.541] [info] [monolithic_method.cpp:173] MonolithicMethod: all 1 scene(s) done in 0.022s
[2026-03-27 23:05:13.019] [info]   WorkPool shutdown complete
[2026-03-27 23:05:13.020] [info]   Optimization time 0.501s
[2026-03-27 23:05:13.020] [info] === Solution statistics ===
[2026-03-27 23:05:13.020] [info]   Status          : optimal
[2026-03-27 23:05:13.020] [info]   LP variables    : 119
[2026-03-27 23:05:13.020] [info]   LP constraints  : 92
[2026-03-27 23:05:13.020] [info]   Obj (scaled)    : 5.668
[2026-03-27 23:05:13.020] [info]   Obj (unscaled)  : 5668
[2026-03-27 23:05:13.020] [info]   Solver kappa    : 489.866
[2026-03-27 23:05:13.020] [info] === Output writing ===
[2026-03-27 23:05:13.020] [info] [planning_lp.cpp:129]   Writing output: 1 scene(s) × 1 phase(s)
[2026-03-27 23:05:13.020] [info]   SolverWorkPool initialized: 25 max threads, 98% CPU threshold
[2026-03-27 23:05:13.020] [info]   SolverWorkPool started
[2026-03-27 23:05:13.029] [info]   WorkPool shutdown complete
[2026-03-27 23:05:13.032] [info]   Write system json file time 0.002s
[2026-03-27 23:05:13.032] [info]   planning JSON saved to /tmp/golden_check/ieee30b/cplex/planning.json
[2026-03-27 23:05:13.032] [info]   Write output time 0.012s
