[2026-03-27 23:05:03.860] [info] trace log file: /tmp/golden_check/bat_4b/cplex/logs/trace_1.log
[2026-03-27 23:05:03.860] [info]   Parsing input file /home/marce/git/gtopt/cases/bat_4b//bat_4b.json
[2026-03-27 23:05:03.861] [warning] deprecated option 'use_lp_names': use 'lp_build_options.names_level' instead
[2026-03-27 23:05:03.862] [info]   Parse all input files time 0.001s
[2026-03-27 23:05:03.862] [info] Planning validation passed
[2026-03-27 23:05:03.862] [info] === System statistics ===
[2026-03-27 23:05:03.862] [info]   System name     : bat_4b
[2026-03-27 23:05:03.862] [info]   System version  : 
[2026-03-27 23:05:03.862] [info] === System elements  ===
[2026-03-27 23:05:03.862] [info]   Buses           : 4
[2026-03-27 23:05:03.862] [info]   Generators      : 3
[2026-03-27 23:05:03.862] [info]   Generator profs : 1
[2026-03-27 23:05:03.862] [info]   Demands         : 2
[2026-03-27 23:05:03.862] [info]   Demand profs    : 0
[2026-03-27 23:05:03.862] [info]   Lines           : 5
[2026-03-27 23:05:03.862] [info]   Batteries       : 1
[2026-03-27 23:05:03.862] [info]   Converters      : 0
[2026-03-27 23:05:03.862] [info]   Reserve zones   : 0
[2026-03-27 23:05:03.862] [info]   Reserve provisions   : 0
[2026-03-27 23:05:03.862] [info]   Junctions       : 0
[2026-03-27 23:05:03.862] [info]   Waterways       : 0
[2026-03-27 23:05:03.862] [info]   Flows           : 0
[2026-03-27 23:05:03.862] [info]   Reservoirs      : 0
[2026-03-27 23:05:03.862] [info]   ReservoirSeepages     : 0
[2026-03-27 23:05:03.862] [info]   Turbines        : 0
[2026-03-27 23:05:03.862] [info] === Simulation statistics ===
[2026-03-27 23:05:03.862] [info]   Blocks          : 4
[2026-03-27 23:05:03.862] [info]   Stages          : 1
[2026-03-27 23:05:03.862] [info]   Scenarios       : 1
[2026-03-27 23:05:03.862] [info] === Key options ===
[2026-03-27 23:05:03.862] [info]   use_kirchhoff   : true
[2026-03-27 23:05:03.862] [info]   use_single_bus  : false
[2026-03-27 23:05:03.862] [info]   scale_objective : 1000
[2026-03-27 23:05:03.862] [info]   demand_fail_cost: 1000
[2026-03-27 23:05:03.862] [info]   input_directory : (default)
[2026-03-27 23:05:03.862] [info]   output_directory: /tmp/golden_check/bat_4b/cplex
[2026-03-27 23:05:03.862] [info]   output_format   : csv
[2026-03-27 23:05:03.862] [info] === Building LP model ===
[2026-03-27 23:05:03.862] [info] [planning_lp.cpp:44]   Building LP: 1 scene(s) × 1 phase(s)
[2026-03-27 23:05:03.862] [info]   SolverWorkPool initialized: 25 max threads, 98% CPU threshold
[2026-03-27 23:05:03.862] [info]   SolverWorkPool started
[2026-03-27 23:05:03.864] [info] [planning_lp.cpp:105]   Building LP done in 0.002s
[2026-03-27 23:05:03.865] [info]   WorkPool shutdown complete
[2026-03-27 23:05:03.865] [info]   Build lp time 0.003s
[2026-03-27 23:05:03.865] [info]   LP coefficient analysis: 1 LP(s), global |coeff| [9.500e-01, 3.000e+01], ratio=3.16e+01 (excellent)
[2026-03-27 23:05:03.865] [info] === System optimization ===
[2026-03-27 23:05:03.865] [info]   SolverWorkPool initialized: 25 max threads, 98% CPU threshold
[2026-03-27 23:05:03.865] [info]   SolverWorkPool started
[2026-03-27 23:05:03.865] [info] [monolithic_method.cpp:39] MonolithicMethod: starting 1 scene(s)
[2026-03-27 23:05:03.866] [info] [monolithic_method.cpp:147] MonolithicMethod: scene 0 done in 0.001s (1/1)
[2026-03-27 23:05:03.866] [info] [monolithic_method.cpp:173] MonolithicMethod: all 1 scene(s) done in 0.001s
[2026-03-27 23:05:04.366] [info]   WorkPool shutdown complete
[2026-03-27 23:05:04.366] [info]   Optimization time 0.502s
[2026-03-27 23:05:04.366] [info] === Solution statistics ===
[2026-03-27 23:05:04.366] [info]   Status          : optimal
[2026-03-27 23:05:04.366] [info]   LP variables    : 93
[2026-03-27 23:05:04.366] [info]   LP constraints  : 64
[2026-03-27 23:05:04.366] [info]   Obj (scaled)    : 12.4342
[2026-03-27 23:05:04.366] [info]   Obj (unscaled)  : 12434.2
[2026-03-27 23:05:04.366] [info]   Solver kappa    : 43.3197
[2026-03-27 23:05:04.366] [info] === Output writing ===
[2026-03-27 23:05:04.366] [info] [planning_lp.cpp:129]   Writing output: 1 scene(s) × 1 phase(s)
[2026-03-27 23:05:04.366] [info]   SolverWorkPool initialized: 25 max threads, 98% CPU threshold
[2026-03-27 23:05:04.367] [info]   SolverWorkPool started
[2026-03-27 23:05:04.376] [info]   WorkPool shutdown complete
[2026-03-27 23:05:04.377] [info]   Write system json file time 0.001s
[2026-03-27 23:05:04.377] [info]   planning JSON saved to /tmp/golden_check/bat_4b/cplex/planning.json
[2026-03-27 23:05:04.377] [info]   Write output time 0.011s
