[2026-03-19 01:11:06.009] [info] trace log file: output/logs/trace_1.log
[2026-03-19 01:11:06.009] [info]   Parsing input file bat_4b.json
[2026-03-19 01:11:06.011] [info]   Parse all input files time 0.002s
[2026-03-19 01:11:06.011] [info] Planning validation passed
[2026-03-19 01:11:06.215] [info] === System statistics ===
[2026-03-19 01:11:06.215] [info]   System name     : bat_4b
[2026-03-19 01:11:06.215] [info]   System version  : 
[2026-03-19 01:11:06.215] [info] === System elements  ===
[2026-03-19 01:11:06.215] [info]   Buses           : 4
[2026-03-19 01:11:06.215] [info]   Generators      : 3
[2026-03-19 01:11:06.215] [info]   Generator profs : 1
[2026-03-19 01:11:06.215] [info]   Demands         : 2
[2026-03-19 01:11:06.215] [info]   Demand profs    : 0
[2026-03-19 01:11:06.215] [info]   Lines           : 5
[2026-03-19 01:11:06.215] [info]   Batteries       : 1
[2026-03-19 01:11:06.215] [info]   Converters      : 0
[2026-03-19 01:11:06.215] [info]   Reserve zones   : 0
[2026-03-19 01:11:06.215] [info]   Reserve provisions   : 0
[2026-03-19 01:11:06.215] [info]   Junctions       : 0
[2026-03-19 01:11:06.215] [info]   Waterways       : 0
[2026-03-19 01:11:06.215] [info]   Flows           : 0
[2026-03-19 01:11:06.215] [info]   Reservoirs      : 0
[2026-03-19 01:11:06.215] [info]   Filtrations     : 0
[2026-03-19 01:11:06.215] [info]   Turbines        : 0
[2026-03-19 01:11:06.215] [info] === Simulation statistics ===
[2026-03-19 01:11:06.215] [info]   Blocks          : 4
[2026-03-19 01:11:06.215] [info]   Stages          : 1
[2026-03-19 01:11:06.215] [info]   Scenarios       : 1
[2026-03-19 01:11:06.215] [info] === Key options ===
[2026-03-19 01:11:06.215] [info]   use_kirchhoff   : true
[2026-03-19 01:11:06.215] [info]   use_single_bus  : false
[2026-03-19 01:11:06.215] [info]   scale_objective : 1000
[2026-03-19 01:11:06.215] [info]   demand_fail_cost: 1000
[2026-03-19 01:11:06.215] [info]   input_directory : (default)
[2026-03-19 01:11:06.215] [info]   output_directory: (default)
[2026-03-19 01:11:06.215] [info]   output_format   : csv
[2026-03-19 01:11:06.215] [info] === Building LP model ===
[2026-03-19 01:11:06.215] [info] [planning_lp.cpp:44]   Building LP: 1 scene(s) × 1 phase(s)
[2026-03-19 01:11:06.215] [info]   WorkPool initialized with 25 max threads, max CPU threshold: 98%
[2026-03-19 01:11:06.215] [info]   WorkPool started with 25 max threads
[2026-03-19 01:11:06.219] [info] [planning_lp.cpp:96]   Building LP done in 0.003s
[2026-03-19 01:11:06.276] [info]   WorkPool shutdown complete
[2026-03-19 01:11:06.276] [info]   Build lp time 0.061s
[2026-03-19 01:11:06.276] [info]   LP coefficient analysis: 1 LP(s), global |coeff| [9.500e-01, 3.000e+01], ratio=3.16e+01 (excellent)
[2026-03-19 01:11:06.276] [info] === System optimization ===
[2026-03-19 01:11:06.276] [info]   WorkPool initialized with 25 max threads, max CPU threshold: 98%
[2026-03-19 01:11:06.276] [info]   WorkPool started with 25 max threads
[2026-03-19 01:11:06.276] [info] [planning_solver.cpp:41] MonolithicSolver: starting 1 scene(s)
[2026-03-19 01:11:06.276] [info] [planning_solver.cpp:86] MonolithicSolver: solve_timeout=18000.0s
[2026-03-19 01:11:06.298] [info] [planning_solver.cpp:148] MonolithicSolver: scene 0 done in 0.001s (1/1)
[2026-03-19 01:11:06.298] [info] [planning_solver.cpp:174] MonolithicSolver: all 1 scene(s) done in 0.021s
[2026-03-19 01:11:06.819] [info]   WorkPool shutdown complete
[2026-03-19 01:11:06.819] [info]   Optimization time 0.543s
[2026-03-19 01:11:06.819] [info] === Solution statistics ===
[2026-03-19 01:11:06.819] [info]   Status          : optimal
[2026-03-19 01:11:06.819] [info]   LP variables    : 93
[2026-03-19 01:11:06.819] [info]   LP constraints  : 64
[2026-03-19 01:11:06.819] [info]   Obj (scaled)    : 12.4342
[2026-03-19 01:11:06.819] [info]   Obj (unscaled)  : 12434.2
[2026-03-19 01:11:06.819] [info]   Solver kappa    : 1
[2026-03-19 01:11:06.819] [info] === Output writing ===
[2026-03-19 01:11:06.819] [info] [planning_lp.cpp:128]   Writing output: 1 scene(s) × 1 phase(s)
[2026-03-19 01:11:06.819] [info]   WorkPool initialized with 25 max threads, max CPU threshold: 98%
[2026-03-19 01:11:06.820] [info]   WorkPool started with 25 max threads
[2026-03-19 01:11:06.881] [info]   WorkPool shutdown complete
[2026-03-19 01:11:06.881] [info]   Write output time 0.061s
