[2026-03-17 01:46:04.250] [info] trace log file: logs/trace_1.log
[2026-03-17 01:46:04.250] [info]   Parsing input file /home/runner/work/gtopt/gtopt/integration_test/../cases/ieee_9b/ieee_9b.json
[2026-03-17 01:46:04.252] [info]   Parse all input files time 0.002s
[2026-03-17 01:46:04.375] [info] === System statistics ===
[2026-03-17 01:46:04.375] [info]   System name     : ieee_9b
[2026-03-17 01:46:04.375] [info]   System version  : 
[2026-03-17 01:46:04.375] [info] === System elements  ===
[2026-03-17 01:46:04.375] [info]   Buses           : 9
[2026-03-17 01:46:04.375] [info]   Generators      : 3
[2026-03-17 01:46:04.375] [info]   Generator profs : 1
[2026-03-17 01:46:04.375] [info]   Demands         : 3
[2026-03-17 01:46:04.375] [info]   Demand profs    : 0
[2026-03-17 01:46:04.375] [info]   Lines           : 9
[2026-03-17 01:46:04.375] [info]   Batteries       : 0
[2026-03-17 01:46:04.375] [info]   Converters      : 0
[2026-03-17 01:46:04.375] [info]   Reserve zones   : 0
[2026-03-17 01:46:04.375] [info]   Reserve provisions   : 0
[2026-03-17 01:46:04.375] [info]   Junctions       : 0
[2026-03-17 01:46:04.375] [info]   Waterways       : 0
[2026-03-17 01:46:04.375] [info]   Flows           : 0
[2026-03-17 01:46:04.375] [info]   Reservoirs      : 0
[2026-03-17 01:46:04.375] [info]   Filtrations     : 0
[2026-03-17 01:46:04.375] [info]   Turbines        : 0
[2026-03-17 01:46:04.375] [info] === Simulation statistics ===
[2026-03-17 01:46:04.375] [info]   Blocks          : 24
[2026-03-17 01:46:04.375] [info]   Stages          : 1
[2026-03-17 01:46:04.375] [info]   Scenarios       : 1
[2026-03-17 01:46:04.375] [info] === Key options ===
[2026-03-17 01:46:04.375] [info]   use_kirchhoff   : true
[2026-03-17 01:46:04.375] [info]   use_single_bus  : false
[2026-03-17 01:46:04.375] [info]   scale_objective : 1000
[2026-03-17 01:46:04.375] [info]   demand_fail_cost: 1000
[2026-03-17 01:46:04.375] [info]   input_directory : (default)
[2026-03-17 01:46:04.375] [info]   output_directory: (default)
[2026-03-17 01:46:04.375] [info]   output_format   : csv
[2026-03-17 01:46:04.375] [info] === Building LP model ===
[2026-03-17 01:46:04.375] [info] [planning_lp.cpp:44]   Building LP: 1 scene(s) × 1 phase(s)
[2026-03-17 01:46:04.375] [info]   WorkPool initialized with 5 max threads, max CPU threshold: 90%
[2026-03-17 01:46:04.375] [info]   WorkPool started with 5 max threads
[2026-03-17 01:46:04.375] [info]   CPU load: 33.45% 
[2026-03-17 01:46:04.393] [info] [planning_lp.cpp:96]   Building LP done in 0.018s
[2026-03-17 01:46:04.436] [info]   WorkPool shutdown complete
[2026-03-17 01:46:04.436] [info]   Build lp time 0.061s
[2026-03-17 01:46:04.436] [info]   LP coefficient analysis: 1 LP(s), global |coeff| [1.000e+00, 1.700e+02], ratio=1.70e+02 (excellent)
[2026-03-17 01:46:04.436] [info] === System optimization ===
[2026-03-17 01:46:04.436] [info]   WorkPool initialized with 5 max threads, max CPU threshold: 90%
[2026-03-17 01:46:04.436] [info]   WorkPool started with 5 max threads
[2026-03-17 01:46:04.436] [info] [planning_solver.cpp:40] MonolithicSolver: starting 1 scene(s)
[2026-03-17 01:46:04.501] [info] [planning_solver.cpp:101] MonolithicSolver: scene 0 done in 0.003s (1/1)
[2026-03-17 01:46:04.501] [info] [planning_solver.cpp:127] MonolithicSolver: all 1 scene(s) done in 0.064s
[2026-03-17 01:46:04.978] [info]   WorkPool shutdown complete
[2026-03-17 01:46:04.978] [info]   Optimization time 0.542s
[2026-03-17 01:46:04.978] [info] === Solution statistics ===
[2026-03-17 01:46:04.978] [info]   Status          : optimal
[2026-03-17 01:46:04.978] [info]   LP variables    : 672
[2026-03-17 01:46:04.978] [info]   LP constraints  : 528
[2026-03-17 01:46:04.978] [info]   Obj (scaled)    : 5400.01
[2026-03-17 01:46:04.978] [info]   Obj (unscaled)  : 5.40001e+06
[2026-03-17 01:46:04.978] [info]   Solver kappa    : 1
[2026-03-17 01:46:04.978] [info] === Output writing ===
[2026-03-17 01:46:04.978] [info] [planning_lp.cpp:128]   Writing output: 1 scene(s) × 1 phase(s)
[2026-03-17 01:46:04.981] [info]   Writing 16 output tables to '/home/runner/work/gtopt/gtopt/build/integration_test/test_output/ieee_9b' (format=csv, compression=uncompressed)
[2026-03-17 01:46:04.983] [info]   Write solution to '/home/runner/work/gtopt/gtopt/build/integration_test/test_output/ieee_9b/solution.csv' (status=0, obj_value=5400.006826828762)
[2026-03-17 01:46:04.983] [info]   Write output time 0.005s
