\BOOKMARK [1][-]{section.1}{\376\377\000I\000n\000t\000r\000o\000d\000u\000c\000t\000i\000o\000n}{}% 1
\BOOKMARK [1][-]{section.2}{\376\377\000L\000i\000t\000e\000r\000a\000t\000u\000r\000e\000\040\000R\000e\000v\000i\000e\000w}{}% 2
\BOOKMARK [2][-]{subsection.2.1}{\376\377\000G\000e\000n\000e\000r\000a\000t\000i\000o\000n\000\040\000a\000n\000d\000\040\000T\000r\000a\000n\000s\000m\000i\000s\000s\000i\000o\000n\000\040\000E\000x\000p\000a\000n\000s\000i\000o\000n\000\040\000P\000l\000a\000n\000n\000i\000n\000g}{section.2}% 3
\BOOKMARK [2][-]{subsection.2.2}{\376\377\000D\000C\000\040\000O\000p\000t\000i\000m\000a\000l\000\040\000P\000o\000w\000e\000r\000\040\000F\000l\000o\000w}{section.2}% 4
\BOOKMARK [2][-]{subsection.2.3}{\376\377\000S\000t\000o\000c\000h\000a\000s\000t\000i\000c\000\040\000D\000u\000a\000l\000\040\000D\000y\000n\000a\000m\000i\000c\000\040\000P\000r\000o\000g\000r\000a\000m\000m\000i\000n\000g}{section.2}% 5
\BOOKMARK [2][-]{subsection.2.4}{\376\377\000E\000n\000e\000r\000g\000y\000\040\000S\000t\000o\000r\000a\000g\000e\000\040\000i\000n\000\040\000E\000x\000p\000a\000n\000s\000i\000o\000n\000\040\000P\000l\000a\000n\000n\000i\000n\000g}{section.2}% 6
\BOOKMARK [2][-]{subsection.2.5}{\376\377\000O\000p\000e\000n\000-\000S\000o\000u\000r\000c\000e\000\040\000P\000o\000w\000e\000r\000\040\000S\000y\000s\000t\000e\000m\000\040\000T\000o\000o\000l\000s}{section.2}% 7
\BOOKMARK [1][-]{section.3}{\376\377\000M\000a\000t\000h\000e\000m\000a\000t\000i\000c\000a\000l\000\040\000F\000o\000r\000m\000u\000l\000a\000t\000i\000o\000n}{}% 8
\BOOKMARK [2][-]{subsection.3.1}{\376\377\000S\000e\000t\000s\000\040\000a\000n\000d\000\040\000I\000n\000d\000i\000c\000e\000s}{section.3}% 9
\BOOKMARK [2][-]{subsection.3.2}{\376\377\000D\000e\000c\000i\000s\000i\000o\000n\000\040\000V\000a\000r\000i\000a\000b\000l\000e\000s}{section.3}% 10
\BOOKMARK [2][-]{subsection.3.3}{\376\377\000O\000b\000j\000e\000c\000t\000i\000v\000e\000\040\000F\000u\000n\000c\000t\000i\000o\000n}{section.3}% 11
\BOOKMARK [2][-]{subsection.3.4}{\376\377\000B\000u\000s\000\040\000P\000o\000w\000e\000r\000\040\000B\000a\000l\000a\000n\000c\000e}{section.3}% 12
\BOOKMARK [2][-]{subsection.3.5}{\376\377\000D\000e\000m\000a\000n\000d\000\040\000B\000a\000l\000a\000n\000c\000e}{section.3}% 13
\BOOKMARK [2][-]{subsection.3.6}{\376\377\000D\000C\000\040\000P\000o\000w\000e\000r\000\040\000F\000l\000o\000w\000\040\000\050\000K\000i\000r\000c\000h\000h\000o\000f\000f\000\040\000C\000o\000n\000s\000t\000r\000a\000i\000n\000t\000s\000\051}{section.3}% 14
\BOOKMARK [2][-]{subsection.3.7}{\376\377\000B\000a\000t\000t\000e\000r\000y\000\040\000E\000n\000e\000r\000g\000y\000\040\000S\000t\000o\000r\000a\000g\000e}{section.3}% 15
\BOOKMARK [2][-]{subsection.3.8}{\376\377\000C\000o\000n\000v\000e\000r\000t\000e\000r\000\040\000C\000o\000n\000s\000t\000r\000a\000i\000n\000t\000s}{section.3}% 16
\BOOKMARK [2][-]{subsection.3.9}{\376\377\000H\000y\000d\000r\000o\000\040\000C\000a\000s\000c\000a\000d\000e}{section.3}% 17
\BOOKMARK [2][-]{subsection.3.10}{\376\377\000C\000a\000p\000a\000c\000i\000t\000y\000\040\000E\000x\000p\000a\000n\000s\000i\000o\000n}{section.3}% 18
\BOOKMARK [2][-]{subsection.3.11}{\376\377\000G\000e\000n\000e\000r\000a\000t\000o\000r\000\040\000P\000r\000o\000f\000i\000l\000e\000\040\000C\000o\000n\000s\000t\000r\000a\000i\000n\000t\000s}{section.3}% 19
\BOOKMARK [2][-]{subsection.3.12}{\376\377\000D\000e\000m\000a\000n\000d\000\040\000M\000i\000n\000i\000m\000u\000m\000\040\000E\000n\000e\000r\000g\000y}{section.3}% 20
\BOOKMARK [2][-]{subsection.3.13}{\376\377\000R\000e\000s\000e\000r\000v\000e\000\040\000C\000o\000n\000s\000t\000r\000a\000i\000n\000t\000s}{section.3}% 21
\BOOKMARK [2][-]{subsection.3.14}{\376\377\000W\000a\000t\000e\000r\000\040\000R\000i\000g\000h\000t\000s\000\040\000a\000n\000d\000\040\000I\000r\000r\000i\000g\000a\000t\000i\000o\000n\000\040\000A\000g\000r\000e\000e\000m\000e\000n\000t\000s}{section.3}% 22
\BOOKMARK [3][-]{subsubsection.3.14.1}{\376\377\000F\000l\000o\000w\000\040\000R\000i\000g\000h\000t}{subsection.3.14}% 23
\BOOKMARK [3][-]{subsubsection.3.14.2}{\376\377\000V\000o\000l\000u\000m\000e\000\040\000R\000i\000g\000h\000t}{subsection.3.14}% 24
\BOOKMARK [3][-]{subsubsection.3.14.3}{\376\377\000U\000s\000e\000r\000\040\000C\000o\000n\000s\000t\000r\000a\000i\000n\000t\000s\000\040\000a\000n\000d\000\040\000P\000a\000r\000a\000m\000e\000t\000e\000r\000s}{subsection.3.14}% 25
\BOOKMARK [3][-]{subsubsection.3.14.4}{\376\377\000V\000o\000l\000u\000m\000e\000-\000D\000e\000p\000e\000n\000d\000e\000n\000t\000\040\000D\000y\000n\000a\000m\000i\000c\000\040\000B\000o\000u\000n\000d\000s}{subsection.3.14}% 26
\BOOKMARK [3][-]{subsubsection.3.14.5}{\376\377\000D\000e\000s\000i\000g\000n\000\040\000A\000d\000v\000a\000n\000t\000a\000g\000e\000s}{subsection.3.14}% 27
\BOOKMARK [2][-]{subsection.3.15}{\376\377\000C\000o\000n\000s\000t\000r\000a\000i\000n\000t\000\040\000S\000u\000m\000m\000a\000r\000y}{section.3}% 28
\BOOKMARK [1][-]{section.4}{\376\377\000S\000o\000l\000u\000t\000i\000o\000n\000\040\000M\000e\000t\000h\000o\000d\000s}{}% 29
\BOOKMARK [2][-]{subsection.4.1}{\376\377\000M\000o\000n\000o\000l\000i\000t\000h\000i\000c\000\040\000L\000P}{section.4}% 30
\BOOKMARK [2][-]{subsection.4.2}{\376\377\000S\000t\000o\000c\000h\000a\000s\000t\000i\000c\000\040\000D\000u\000a\000l\000\040\000D\000y\000n\000a\000m\000i\000c\000\040\000P\000r\000o\000g\000r\000a\000m\000m\000i\000n\000g\000\040\000\050\000S\000D\000D\000P\000\051}{section.4}% 31
\BOOKMARK [2][-]{subsection.4.3}{\376\377\000C\000a\000s\000c\000a\000d\000e\000\040\000D\000e\000c\000o\000m\000p\000o\000s\000i\000t\000i\000o\000n}{section.4}% 32
\BOOKMARK [2][-]{subsection.4.4}{\376\377\000S\000o\000l\000v\000e\000r\000\040\000B\000a\000c\000k\000e\000n\000d\000\040\000A\000r\000c\000h\000i\000t\000e\000c\000t\000u\000r\000e}{section.4}% 33
\BOOKMARK [1][-]{section.5}{\376\377\000S\000o\000f\000t\000w\000a\000r\000e\000\040\000A\000r\000c\000h\000i\000t\000e\000c\000t\000u\000r\000e}{}% 34
\BOOKMARK [2][-]{subsection.5.1}{\376\377\000D\000e\000s\000i\000g\000n\000\040\000P\000r\000i\000n\000c\000i\000p\000l\000e\000s}{section.5}% 35
\BOOKMARK [2][-]{subsection.5.2}{\376\377\000S\000y\000s\000t\000e\000m\000\040\000A\000r\000c\000h\000i\000t\000e\000c\000t\000u\000r\000e}{section.5}% 36
\BOOKMARK [2][-]{subsection.5.3}{\376\377\000D\000a\000t\000a\000\040\000M\000o\000d\000e\000l\000\040\000a\000n\000d\000\040\000J\000S\000O\000N\000\040\000I\000n\000t\000e\000r\000f\000a\000c\000e}{section.5}% 37
\BOOKMARK [2][-]{subsection.5.4}{\376\377\000P\000y\000t\000h\000o\000n\000\040\000T\000o\000o\000l\000c\000h\000a\000i\000n}{section.5}% 38
\BOOKMARK [2][-]{subsection.5.5}{\376\377\000W\000e\000b\000\040\000a\000n\000d\000\040\000G\000U\000I\000\040\000S\000e\000r\000v\000i\000c\000e\000s}{section.5}% 39
\BOOKMARK [1][-]{section.6}{\376\377\000V\000a\000l\000i\000d\000a\000t\000i\000o\000n\000\040\000a\000n\000d\000\040\000B\000e\000n\000c\000h\000m\000a\000r\000k\000\040\000R\000e\000s\000u\000l\000t\000s}{}% 40
\BOOKMARK [2][-]{subsection.6.1}{\376\377\000I\000E\000E\000E\000\040\0004\000-\000B\000u\000s\000\040\000N\000e\000t\000w\000o\000r\000k}{section.6}% 41
\BOOKMARK [2][-]{subsection.6.2}{\376\377\000I\000E\000E\000E\000\040\0009\000-\000B\000u\000s\000\040\000N\000e\000t\000w\000o\000r\000k}{section.6}% 42
\BOOKMARK [2][-]{subsection.6.3}{\376\377\000I\000E\000E\000E\000\040\0001\0004\000-\000B\000u\000s\000\040\000N\000e\000t\000w\000o\000r\000k}{section.6}% 43
\BOOKMARK [2][-]{subsection.6.4}{\376\377\000I\000E\000E\000E\000\040\0003\0000\000-\000B\000u\000s\000\040\000a\000n\000d\000\040\0005\0007\000-\000B\000u\000s\000\040\000N\000e\000t\000w\000o\000r\000k\000s}{section.6}% 44
\BOOKMARK [2][-]{subsection.6.5}{\376\377\000B\000a\000t\000t\000e\000r\000y\000\040\000S\000t\000o\000r\000a\000g\000e\000\040\000C\000a\000s\000e\000s}{section.6}% 45
\BOOKMARK [2][-]{subsection.6.6}{\376\377\000C\000a\000p\000a\000c\000i\000t\000y\000\040\000E\000x\000p\000a\000n\000s\000i\000o\000n\000\040\000C\000a\000s\000e\000s}{section.6}% 46
\BOOKMARK [2][-]{subsection.6.7}{\376\377\000C\000r\000o\000s\000s\000-\000V\000a\000l\000i\000d\000a\000t\000i\000o\000n\000\040\000w\000i\000t\000h\000\040\000p\000a\000n\000d\000a\000p\000o\000w\000e\000r}{section.6}% 47
\BOOKMARK [1][-]{section.7}{\376\377\000C\000a\000s\000e\000\040\000S\000t\000u\000d\000i\000e\000s}{}% 48
\BOOKMARK [2][-]{subsection.7.1}{\376\377\000C\000o\000m\000p\000u\000t\000a\000t\000i\000o\000n\000a\000l\000\040\000P\000e\000r\000f\000o\000r\000m\000a\000n\000c\000e}{section.7}% 49
\BOOKMARK [3][-]{subsubsection.7.1.1}{\376\377\000L\000P\000\040\000A\000s\000s\000e\000m\000b\000l\000y\000\040\000P\000e\000r\000f\000o\000r\000m\000a\000n\000c\000e}{subsection.7.1}% 50
\BOOKMARK [3][-]{subsubsection.7.1.2}{\376\377\000S\000o\000l\000v\000e\000r\000\040\000B\000a\000c\000k\000e\000n\000d\000\040\000C\000o\000m\000p\000a\000r\000i\000s\000o\000n}{subsection.7.1}% 51
\BOOKMARK [3][-]{subsubsection.7.1.3}{\376\377\000S\000D\000D\000P\000\040\000C\000o\000n\000v\000e\000r\000g\000e\000n\000c\000e}{subsection.7.1}% 52
\BOOKMARK [1][-]{section.8}{\376\377\000C\000o\000n\000c\000l\000u\000s\000i\000o\000n\000s}{}% 53
\BOOKMARK [2][-]{subsection.8.1}{\376\377\000F\000u\000t\000u\000r\000e\000\040\000W\000o\000r\000k}{section.8}% 54
\BOOKMARK [1][-]{section*.15}{\376\377\000R\000e\000f\000e\000r\000e\000n\000c\000e\000s}{}% 55
\BOOKMARK [1][-]{IEEEbiography.0}{\376\377\000B\000i\000o\000g\000r\000a\000p\000h\000i\000e\000s}{}% 56
\BOOKMARK [2][-]{IEEEbiography.1}{\376\377\000M\000a\000r\000c\000e\000l\000o\000\040\000M\000a\000t\000u\000s\000\040\000A\000.}{IEEEbiography.0}% 57
\BOOKMARK [2][-]{IEEEbiography.2}{\376\377\000M\000a\000r\000\355\000a\000\040\000d\000e\000l\000\040\000P\000i\000l\000a\000r\000\040\000B\000u\000i\000t\000r\000a\000g\000o\000\040\000V\000i\000l\000l\000a\000d\000a}{IEEEbiography.0}% 58
\BOOKMARK [2][-]{IEEEbiography.3}{\376\377\000E\000r\000i\000c\000k\000\040\000S\000i\000e\000r\000r\000a\000\040\000B\000a\000e\000z\000a}{IEEEbiography.0}% 59
\BOOKMARK [2][-]{IEEEbiography.4}{\376\377\000C\000a\000r\000l\000o\000s\000\040\000E\000n\000r\000i\000q\000u\000e\000\040\000G\000a\000r\000c\000\355\000a\000\040\000B\000u\000j\000a\000n\000d\000a}{IEEEbiography.0}% 60
\BOOKMARK [2][-]{IEEEbiography.5}{\376\377\000M\000a\000r\000c\000o\000s\000\040\000F\000a\000l\000c\000o\000n\000e\000\040\000S\000a\000l\000a\000z\000a\000r}{IEEEbiography.0}% 61
\BOOKMARK [2][-]{IEEEbiography.6}{\376\377\000G\000o\000n\000z\000a\000l\000o\000\040\000B\000u\000s\000t\000o\000s\000\040\000T\000u\000r\000u}{IEEEbiography.0}% 62
