[2026-03-27 23:05:13.600] [info] trace log file: /tmp/golden_check/ieee_14b/highs/logs/trace_1.log
[2026-03-27 23:05:13.600] [info]   Parsing input file /home/marce/git/gtopt/cases/ieee_14b//ieee_14b.json
[2026-03-27 23:05:13.601] [warning] deprecated option 'use_lp_names': use 'lp_build_options.names_level' instead
[2026-03-27 23:05:13.602] [info]   Parse all input files time 0.002s
[2026-03-27 23:05:13.602] [info] Planning validation passed
[2026-03-27 23:05:13.602] [info] === System statistics ===
[2026-03-27 23:05:13.602] [info]   System name     : ieee_14
[2026-03-27 23:05:13.602] [info]   System version  : 
[2026-03-27 23:05:13.602] [info] === System elements  ===
[2026-03-27 23:05:13.602] [info]   Buses           : 14
[2026-03-27 23:05:13.602] [info]   Generators      : 5
[2026-03-27 23:05:13.602] [info]   Generator profs : 1
[2026-03-27 23:05:13.602] [info]   Demands         : 11
[2026-03-27 23:05:13.602] [info]   Demand profs    : 0
[2026-03-27 23:05:13.602] [info]   Lines           : 20
[2026-03-27 23:05:13.602] [info]   Batteries       : 0
[2026-03-27 23:05:13.602] [info]   Converters      : 0
[2026-03-27 23:05:13.602] [info]   Reserve zones   : 0
[2026-03-27 23:05:13.602] [info]   Reserve provisions   : 0
[2026-03-27 23:05:13.602] [info]   Junctions       : 0
[2026-03-27 23:05:13.602] [info]   Waterways       : 0
[2026-03-27 23:05:13.602] [info]   Flows           : 0
[2026-03-27 23:05:13.602] [info]   Reservoirs      : 0
[2026-03-27 23:05:13.602] [info]   ReservoirSeepages     : 0
[2026-03-27 23:05:13.602] [info]   Turbines        : 0
[2026-03-27 23:05:13.602] [info] === Simulation statistics ===
[2026-03-27 23:05:13.602] [info]   Blocks          : 24
[2026-03-27 23:05:13.602] [info]   Stages          : 1
[2026-03-27 23:05:13.602] [info]   Scenarios       : 1
[2026-03-27 23:05:13.602] [info] === Key options ===
[2026-03-27 23:05:13.602] [info]   use_kirchhoff   : true
[2026-03-27 23:05:13.602] [info]   use_single_bus  : false
[2026-03-27 23:05:13.602] [info]   scale_objective : 1000
[2026-03-27 23:05:13.602] [info]   demand_fail_cost: 1000
[2026-03-27 23:05:13.602] [info]   input_directory : (default)
[2026-03-27 23:05:13.602] [info]   output_directory: /tmp/golden_check/ieee_14b/highs
[2026-03-27 23:05:13.602] [info]   output_format   : csv
[2026-03-27 23:05:13.602] [info] === Building LP model ===
[2026-03-27 23:05:13.602] [info] [planning_lp.cpp:44]   Building LP: 1 scene(s) × 1 phase(s)
[2026-03-27 23:05:13.602] [info]   SolverWorkPool initialized: 25 max threads, 98% CPU threshold
[2026-03-27 23:05:13.602] [info]   SolverWorkPool started
[2026-03-27 23:05:13.615] [info] [planning_lp.cpp:105]   Building LP done in 0.012s
[2026-03-27 23:05:13.615] [info]   WorkPool shutdown complete
[2026-03-27 23:05:13.615] [info]   Build lp time 0.013s
[2026-03-27 23:05:13.615] [info]   LP coefficient analysis: 1 LP(s), global |coeff| [1.000e+00, 5.562e+02], ratio=5.56e+02 (excellent)
[2026-03-27 23:05:13.615] [info] === System optimization ===
[2026-03-27 23:05:13.615] [info]   SolverWorkPool initialized: 25 max threads, 98% CPU threshold
[2026-03-27 23:05:13.615] [info]   SolverWorkPool started
[2026-03-27 23:05:13.615] [info] [monolithic_method.cpp:39] MonolithicMethod: starting 1 scene(s)
[2026-03-27 23:05:13.654] [info] [monolithic_method.cpp:147] MonolithicMethod: scene 0 done in 0.018s (1/1)
[2026-03-27 23:05:13.654] [info] [monolithic_method.cpp:173] MonolithicMethod: all 1 scene(s) done in 0.039s
[2026-03-27 23:05:14.119] [info]   WorkPool shutdown complete
[2026-03-27 23:05:14.119] [info]   Optimization time 0.504s
[2026-03-27 23:05:14.119] [info] === Solution statistics ===
[2026-03-27 23:05:14.119] [info]   Status          : optimal
[2026-03-27 23:05:14.119] [info]   LP variables    : 1488
[2026-03-27 23:05:14.119] [info]   LP constraints  : 1104
[2026-03-27 23:05:14.119] [info]   Obj (scaled)    : 1492.28
[2026-03-27 23:05:14.119] [info]   Obj (unscaled)  : 1.49228e+06
[2026-03-27 23:05:14.120] [info]   Solver kappa    : 3.5622e+06
[2026-03-27 23:05:14.120] [info] === Output writing ===
[2026-03-27 23:05:14.120] [info] [planning_lp.cpp:129]   Writing output: 1 scene(s) × 1 phase(s)
[2026-03-27 23:05:14.120] [info]   SolverWorkPool initialized: 25 max threads, 98% CPU threshold
[2026-03-27 23:05:14.120] [info]   SolverWorkPool started
[2026-03-27 23:05:14.131] [info]   WorkPool shutdown complete
[2026-03-27 23:05:14.133] [info]   Write system json file time 0.002s
[2026-03-27 23:05:14.133] [info]   planning JSON saved to /tmp/golden_check/ieee_14b/highs/planning.json
[2026-03-27 23:05:14.133] [info]   Write output time 0.013s
