[2026-03-27 23:05:04.940] [info] trace log file: /tmp/golden_check/bat_4b_24/highs/logs/trace_1.log
[2026-03-27 23:05:04.940] [info]   Parsing input file /home/marce/git/gtopt/cases/bat_4b_24//bat_4b_24.json
[2026-03-27 23:05:04.940] [warning] deprecated option 'use_lp_names': use 'lp_build_options.names_level' instead
[2026-03-27 23:05:04.942] [info]   Parse all input files time 0.002s
[2026-03-27 23:05:04.942] [info] Planning validation passed
[2026-03-27 23:05:04.942] [info] === System statistics ===
[2026-03-27 23:05:04.942] [info]   System name     : bat_4b_24
[2026-03-27 23:05:04.942] [info]   System version  : 
[2026-03-27 23:05:04.942] [info] === System elements  ===
[2026-03-27 23:05:04.942] [info]   Buses           : 4
[2026-03-27 23:05:04.942] [info]   Generators      : 3
[2026-03-27 23:05:04.942] [info]   Generator profs : 1
[2026-03-27 23:05:04.942] [info]   Demands         : 2
[2026-03-27 23:05:04.942] [info]   Demand profs    : 0
[2026-03-27 23:05:04.942] [info]   Lines           : 5
[2026-03-27 23:05:04.942] [info]   Batteries       : 1
[2026-03-27 23:05:04.942] [info]   Converters      : 0
[2026-03-27 23:05:04.942] [info]   Reserve zones   : 0
[2026-03-27 23:05:04.942] [info]   Reserve provisions   : 0
[2026-03-27 23:05:04.942] [info]   Junctions       : 0
[2026-03-27 23:05:04.942] [info]   Waterways       : 0
[2026-03-27 23:05:04.942] [info]   Flows           : 0
[2026-03-27 23:05:04.942] [info]   Reservoirs      : 0
[2026-03-27 23:05:04.942] [info]   ReservoirSeepages     : 0
[2026-03-27 23:05:04.942] [info]   Turbines        : 0
[2026-03-27 23:05:04.942] [info] === Simulation statistics ===
[2026-03-27 23:05:04.942] [info]   Blocks          : 24
[2026-03-27 23:05:04.942] [info]   Stages          : 1
[2026-03-27 23:05:04.942] [info]   Scenarios       : 1
[2026-03-27 23:05:04.942] [info] === Key options ===
[2026-03-27 23:05:04.942] [info]   use_kirchhoff   : true
[2026-03-27 23:05:04.942] [info]   use_single_bus  : false
[2026-03-27 23:05:04.942] [info]   scale_objective : 1000
[2026-03-27 23:05:04.942] [info]   demand_fail_cost: 1000
[2026-03-27 23:05:04.942] [info]   input_directory : (default)
[2026-03-27 23:05:04.942] [info]   output_directory: /tmp/golden_check/bat_4b_24/highs
[2026-03-27 23:05:04.942] [info]   output_format   : csv
[2026-03-27 23:05:04.942] [info] === Building LP model ===
[2026-03-27 23:05:04.943] [info] [planning_lp.cpp:44]   Building LP: 1 scene(s) × 1 phase(s)
[2026-03-27 23:05:04.943] [info]   SolverWorkPool initialized: 25 max threads, 98% CPU threshold
[2026-03-27 23:05:04.943] [info]   SolverWorkPool started
[2026-03-27 23:05:04.950] [info] [planning_lp.cpp:105]   Building LP done in 0.007s
[2026-03-27 23:05:04.950] [info]   WorkPool shutdown complete
[2026-03-27 23:05:04.950] [info]   Build lp time 0.008s
[2026-03-27 23:05:04.950] [info]   LP coefficient analysis: 1 LP(s), global |coeff| [9.500e-01, 3.000e+01], ratio=3.16e+01 (excellent)
[2026-03-27 23:05:04.950] [info] === System optimization ===
[2026-03-27 23:05:04.950] [info]   SolverWorkPool initialized: 25 max threads, 98% CPU threshold
[2026-03-27 23:05:04.950] [info]   SolverWorkPool started
[2026-03-27 23:05:04.950] [info] [monolithic_method.cpp:39] MonolithicMethod: starting 1 scene(s)
[2026-03-27 23:05:04.978] [info] [monolithic_method.cpp:147] MonolithicMethod: scene 0 done in 0.007s (1/1)
[2026-03-27 23:05:04.978] [info] [monolithic_method.cpp:173] MonolithicMethod: all 1 scene(s) done in 0.027s
[2026-03-27 23:05:05.460] [info]   WorkPool shutdown complete
[2026-03-27 23:05:05.460] [info]   Optimization time 0.510s
[2026-03-27 23:05:05.460] [info] === Solution statistics ===
[2026-03-27 23:05:05.460] [info]   Status          : optimal
[2026-03-27 23:05:05.460] [info]   LP variables    : 553
[2026-03-27 23:05:05.460] [info]   LP constraints  : 385
[2026-03-27 23:05:05.460] [info]   Obj (scaled)    : 44.862
[2026-03-27 23:05:05.460] [info]   Obj (unscaled)  : 44862
[2026-03-27 23:05:05.460] [info]   Solver kappa    : 2667.56
[2026-03-27 23:05:05.460] [info] === Output writing ===
[2026-03-27 23:05:05.461] [info] [planning_lp.cpp:129]   Writing output: 1 scene(s) × 1 phase(s)
[2026-03-27 23:05:05.461] [info]   SolverWorkPool initialized: 25 max threads, 98% CPU threshold
[2026-03-27 23:05:05.461] [info]   SolverWorkPool started
[2026-03-27 23:05:05.470] [info]   WorkPool shutdown complete
[2026-03-27 23:05:05.471] [info]   Write system json file time 0.001s
[2026-03-27 23:05:05.471] [info]   planning JSON saved to /tmp/golden_check/bat_4b_24/highs/planning.json
[2026-03-27 23:05:05.471] [info]   Write output time 0.010s
