[2026-03-17 01:46:06.277] [info] trace log file: logs/trace_1.log
[2026-03-17 01:46:06.277] [info]   Parsing input file /home/runner/work/gtopt/gtopt/integration_test/../cases/exp_bat_4b/exp_bat_4b.json
[2026-03-17 01:46:06.278] [info]   Parse all input files time 0.001s
[2026-03-17 01:46:06.365] [info] === System statistics ===
[2026-03-17 01:46:06.365] [info]   System name     : exp_bat_4b
[2026-03-17 01:46:06.365] [info]   System version  : 
[2026-03-17 01:46:06.365] [info] === System elements  ===
[2026-03-17 01:46:06.365] [info]   Buses           : 4
[2026-03-17 01:46:06.365] [info]   Generators      : 3
[2026-03-17 01:46:06.365] [info]   Generator profs : 1
[2026-03-17 01:46:06.365] [info]   Demands         : 2
[2026-03-17 01:46:06.365] [info]   Demand profs    : 0
[2026-03-17 01:46:06.365] [info]   Lines           : 5
[2026-03-17 01:46:06.365] [info]   Batteries       : 1
[2026-03-17 01:46:06.365] [info]   Converters      : 0
[2026-03-17 01:46:06.365] [info]   Reserve zones   : 0
[2026-03-17 01:46:06.365] [info]   Reserve provisions   : 0
[2026-03-17 01:46:06.365] [info]   Junctions       : 0
[2026-03-17 01:46:06.365] [info]   Waterways       : 0
[2026-03-17 01:46:06.365] [info]   Flows           : 0
[2026-03-17 01:46:06.365] [info]   Reservoirs      : 0
[2026-03-17 01:46:06.365] [info]   Filtrations     : 0
[2026-03-17 01:46:06.365] [info]   Turbines        : 0
[2026-03-17 01:46:06.365] [info] === Simulation statistics ===
[2026-03-17 01:46:06.365] [info]   Blocks          : 4
[2026-03-17 01:46:06.365] [info]   Stages          : 1
[2026-03-17 01:46:06.365] [info]   Scenarios       : 1
[2026-03-17 01:46:06.365] [info] === Key options ===
[2026-03-17 01:46:06.365] [info]   use_kirchhoff   : true
[2026-03-17 01:46:06.365] [info]   use_single_bus  : false
[2026-03-17 01:46:06.365] [info]   scale_objective : 1000
[2026-03-17 01:46:06.365] [info]   demand_fail_cost: 1000
[2026-03-17 01:46:06.365] [info]   input_directory : (default)
[2026-03-17 01:46:06.365] [info]   output_directory: (default)
[2026-03-17 01:46:06.365] [info]   output_format   : csv
[2026-03-17 01:46:06.365] [info] === Building LP model ===
[2026-03-17 01:46:06.365] [info] [planning_lp.cpp:44]   Building LP: 1 scene(s) × 1 phase(s)
[2026-03-17 01:46:06.366] [info]   WorkPool initialized with 5 max threads, max CPU threshold: 90%
[2026-03-17 01:46:06.366] [info]   WorkPool started with 5 max threads
[2026-03-17 01:46:06.366] [info]   CPU load: 33.44% 
[2026-03-17 01:46:06.368] [info] [planning_lp.cpp:96]   Building LP done in 0.003s
[2026-03-17 01:46:06.426] [info]   WorkPool shutdown complete
[2026-03-17 01:46:06.426] [info]   Build lp time 0.061s
[2026-03-17 01:46:06.426] [info]   LP coefficient analysis: 1 LP(s), global |coeff| [9.500e-01, 2.000e+02], ratio=2.11e+02 (excellent)
[2026-03-17 01:46:06.426] [info] === System optimization ===
[2026-03-17 01:46:06.426] [info]   WorkPool initialized with 5 max threads, max CPU threshold: 90%
[2026-03-17 01:46:06.426] [info]   WorkPool started with 5 max threads
[2026-03-17 01:46:06.426] [info] [planning_solver.cpp:40] MonolithicSolver: starting 1 scene(s)
[2026-03-17 01:46:06.447] [info] [planning_solver.cpp:101] MonolithicSolver: scene 0 done in 0.001s (1/1)
[2026-03-17 01:46:06.447] [info] [planning_solver.cpp:127] MonolithicSolver: all 1 scene(s) done in 0.021s
[2026-03-17 01:46:06.968] [info]   WorkPool shutdown complete
[2026-03-17 01:46:06.968] [info]   Optimization time 0.542s
[2026-03-17 01:46:06.968] [info] === Solution statistics ===
[2026-03-17 01:46:06.968] [info]   Status          : optimal
[2026-03-17 01:46:06.968] [info]   LP variables    : 96
[2026-03-17 01:46:06.968] [info]   LP constraints  : 70
[2026-03-17 01:46:06.968] [info]   Obj (scaled)    : 12.437
[2026-03-17 01:46:06.968] [info]   Obj (unscaled)  : 12437
[2026-03-17 01:46:06.968] [info]   Solver kappa    : 1
[2026-03-17 01:46:06.968] [info] === Output writing ===
[2026-03-17 01:46:06.968] [info] [planning_lp.cpp:128]   Writing output: 1 scene(s) × 1 phase(s)
[2026-03-17 01:46:06.970] [info]   Writing 38 output tables to '/home/runner/work/gtopt/gtopt/build/integration_test/test_output/exp_bat_4b' (format=csv, compression=uncompressed)
[2026-03-17 01:46:06.975] [info]   Write solution to '/home/runner/work/gtopt/gtopt/build/integration_test/test_output/exp_bat_4b/solution.csv' (status=0, obj_value=12.43701182408075)
[2026-03-17 01:46:06.975] [info]   Write output time 0.007s
