[2026-03-17 01:46:05.142] [info] trace log file: logs/trace_1.log
[2026-03-17 01:46:05.142] [info]   Parsing input file /home/runner/work/gtopt/gtopt/integration_test/../cases/bat_4b/bat_4b.json
[2026-03-17 01:46:05.144] [info]   Parse all input files time 0.002s
[2026-03-17 01:46:05.231] [info] === System statistics ===
[2026-03-17 01:46:05.231] [info]   System name     : bat_4b
[2026-03-17 01:46:05.231] [info]   System version  : 
[2026-03-17 01:46:05.231] [info] === System elements  ===
[2026-03-17 01:46:05.231] [info]   Buses           : 4
[2026-03-17 01:46:05.231] [info]   Generators      : 3
[2026-03-17 01:46:05.231] [info]   Generator profs : 1
[2026-03-17 01:46:05.231] [info]   Demands         : 2
[2026-03-17 01:46:05.231] [info]   Demand profs    : 0
[2026-03-17 01:46:05.231] [info]   Lines           : 5
[2026-03-17 01:46:05.231] [info]   Batteries       : 1
[2026-03-17 01:46:05.231] [info]   Converters      : 0
[2026-03-17 01:46:05.231] [info]   Reserve zones   : 0
[2026-03-17 01:46:05.231] [info]   Reserve provisions   : 0
[2026-03-17 01:46:05.231] [info]   Junctions       : 0
[2026-03-17 01:46:05.231] [info]   Waterways       : 0
[2026-03-17 01:46:05.231] [info]   Flows           : 0
[2026-03-17 01:46:05.231] [info]   Reservoirs      : 0
[2026-03-17 01:46:05.231] [info]   Filtrations     : 0
[2026-03-17 01:46:05.231] [info]   Turbines        : 0
[2026-03-17 01:46:05.231] [info] === Simulation statistics ===
[2026-03-17 01:46:05.231] [info]   Blocks          : 4
[2026-03-17 01:46:05.231] [info]   Stages          : 1
[2026-03-17 01:46:05.231] [info]   Scenarios       : 1
[2026-03-17 01:46:05.231] [info] === Key options ===
[2026-03-17 01:46:05.231] [info]   use_kirchhoff   : true
[2026-03-17 01:46:05.231] [info]   use_single_bus  : false
[2026-03-17 01:46:05.231] [info]   scale_objective : 1000
[2026-03-17 01:46:05.231] [info]   demand_fail_cost: 1000
[2026-03-17 01:46:05.231] [info]   input_directory : (default)
[2026-03-17 01:46:05.231] [info]   output_directory: (default)
[2026-03-17 01:46:05.231] [info]   output_format   : csv
[2026-03-17 01:46:05.231] [info] === Building LP model ===
[2026-03-17 01:46:05.231] [info] [planning_lp.cpp:44]   Building LP: 1 scene(s) × 1 phase(s)
[2026-03-17 01:46:05.232] [info]   WorkPool initialized with 5 max threads, max CPU threshold: 90%
[2026-03-17 01:46:05.232] [info]   WorkPool started with 5 max threads
[2026-03-17 01:46:05.232] [info]   CPU load: 33.45% 
[2026-03-17 01:46:05.234] [info] [planning_lp.cpp:96]   Building LP done in 0.002s
[2026-03-17 01:46:05.292] [info]   WorkPool shutdown complete
[2026-03-17 01:46:05.292] [info]   Build lp time 0.061s
[2026-03-17 01:46:05.292] [info]   LP coefficient analysis: 1 LP(s), global |coeff| [9.500e-01, 3.000e+01], ratio=3.16e+01 (excellent)
[2026-03-17 01:46:05.292] [info] === System optimization ===
[2026-03-17 01:46:05.292] [info]   WorkPool initialized with 5 max threads, max CPU threshold: 90%
[2026-03-17 01:46:05.292] [info]   WorkPool started with 5 max threads
[2026-03-17 01:46:05.292] [info] [planning_solver.cpp:40] MonolithicSolver: starting 1 scene(s)
[2026-03-17 01:46:05.313] [info] [planning_solver.cpp:101] MonolithicSolver: scene 0 done in 0.001s (1/1)
[2026-03-17 01:46:05.313] [info] [planning_solver.cpp:127] MonolithicSolver: all 1 scene(s) done in 0.021s
[2026-03-17 01:46:05.834] [info]   WorkPool shutdown complete
[2026-03-17 01:46:05.834] [info]   Optimization time 0.542s
[2026-03-17 01:46:05.834] [info] === Solution statistics ===
[2026-03-17 01:46:05.834] [info]   Status          : optimal
[2026-03-17 01:46:05.834] [info]   LP variables    : 93
[2026-03-17 01:46:05.834] [info]   LP constraints  : 64
[2026-03-17 01:46:05.834] [info]   Obj (scaled)    : 12.4342
[2026-03-17 01:46:05.834] [info]   Obj (unscaled)  : 12434.2
[2026-03-17 01:46:05.834] [info]   Solver kappa    : 1
[2026-03-17 01:46:05.834] [info] === Output writing ===
[2026-03-17 01:46:05.834] [info] [planning_lp.cpp:128]   Writing output: 1 scene(s) × 1 phase(s)
[2026-03-17 01:46:05.836] [info]   Writing 29 output tables to '/home/runner/work/gtopt/gtopt/build/integration_test/test_output/bat_4b' (format=csv, compression=uncompressed)
[2026-03-17 01:46:05.842] [info]   Write solution to '/home/runner/work/gtopt/gtopt/build/integration_test/test_output/bat_4b/solution.csv' (status=0, obj_value=12.4342)
[2026-03-17 01:46:05.842] [info]   Write output time 0.009s
