
Log for 'results/logs/error_scene_1_phase_25.lp' Clone_1 (V22.1.1.0) Sat Mar 28 10:44:00 2026


Primal crossover.
  Primal:  Fixing 45 variables.
       44 PMoves:  Infeasibility  2.08050816e+06  Objective  1.08645254e+17
        0 PMoves:  Infeasibility  2.00924336e+06  Objective  8.86215466e+05
  Primal:  Pushed 2, exchanged 43.
  Dual:  Fixing 17448 variables.
    17447 DMoves:  Infeasibility  8.92877067e+19  Objective -1.58686144e+18
    15940 DMoves:  Infeasibility  5.51987718e+18  Objective -1.95671027e+07
    14728 DMoves:  Infeasibility  4.95200296e+18  Objective -1.92066547e+07
    13548 DMoves:  Infeasibility  4.86432374e+18  Objective -1.23909107e+07
    12347 DMoves:  Infeasibility  4.67383380e+18  Objective -1.42259187e+07
    11206 DMoves:  Infeasibility  4.61341671e+18  Objective -1.66507507e+07
     9915 DMoves:  Infeasibility  4.55866334e+18  Objective -9.76947073e+06
     8714 DMoves:  Infeasibility  4.50563106e+18  Objective -1.01626867e+07
     7499 DMoves:  Infeasibility  4.47501991e+18  Objective -1.19976947e+07
     6281 DMoves:  Infeasibility  4.44735217e+18  Objective -9.96607873e+06
     4958 DMoves:  Infeasibility  4.40177817e+18  Objective -8.13107073e+06
     3591 DMoves:  Infeasibility  4.28766466e+18  Objective -1.90515073e+06
     1927 DMoves:  Infeasibility  6.35561465e+17  Objective  3.53433727e+06
      946 DMoves:  Infeasibility  1.95163622e+17  Objective  5.69930104e+06
      248 DMoves:  Infeasibility  7.82551518e+16  Objective  4.74922104e+06
        0 DMoves:  Infeasibility  2.13932315e+04  Objective -1.58185979e+08
  Dual:  Pushed 5004, exchanged 12444.
Using devex.

Iteration log . . .
Iteration:     1    Objective     =        886217.492450
Iteration:    15    Objective     =        886032.801803
Iteration:   671    Objective     =        884957.777077
Iteration:  1383    Objective     =        884912.233786
Iteration:  2038    Objective     =        884912.047992
Removing shift (12092).
Iteration:  2097    Scaled infeas =     268493728.355835
Iteration:  2807    Scaled infeas =      12230764.125986
Iteration:  3753    Scaled infeas =       9601041.824159
Iteration:  5027    Scaled infeas =       8855565.415808
Iteration:  6150    Scaled infeas =       2388966.289566
Iteration:  7130    Scaled infeas =       1582777.709570
Iteration:  8100    Scaled infeas =       1282048.011955
Iteration:  8844    Scaled infeas =        497873.844815
Iteration:  9832    Scaled infeas =        435350.849047
Iteration: 11057    Scaled infeas =        323434.980976
Iteration: 12112    Scaled infeas =        268061.932520
Iteration: 13096    Scaled infeas =        207102.875028
Iteration: 13828    Scaled infeas =        154187.542071
Iteration: 14504    Scaled infeas =        125947.724322
Iteration: 15165    Scaled infeas =        103928.261250
Iteration: 15770    Scaled infeas =         14403.246607
Switched to steepest-edge.
Iteration: 16380    Scaled infeas =          3795.383746
Iteration: 16769    Scaled infeas =           208.489472
Iteration: 17052    Scaled infeas =             0.124607

Primal simplex solved model.


Log for 'results/logs/error_scene_1_phase_25.lp' Clone_1 (V22.1.1.0) Sat Mar 28 11:52:58 2026


Primal crossover.
  Primal:  Fixing 45 variables.
       44 PMoves:  Infeasibility  2.08050816e+06  Objective  1.08645254e+17
        0 PMoves:  Infeasibility  2.00924336e+06  Objective  8.86215466e+05
  Primal:  Pushed 2, exchanged 43.
  Dual:  Fixing 17448 variables.
    17447 DMoves:  Infeasibility  8.92877067e+19  Objective -1.58686144e+18
    15940 DMoves:  Infeasibility  5.51987718e+18  Objective -1.95671027e+07
    14728 DMoves:  Infeasibility  4.95200296e+18  Objective -1.92066547e+07
    13548 DMoves:  Infeasibility  4.86432374e+18  Objective -1.23909107e+07
    12347 DMoves:  Infeasibility  4.67383380e+18  Objective -1.42259187e+07
    11206 DMoves:  Infeasibility  4.61341671e+18  Objective -1.66507507e+07
     9915 DMoves:  Infeasibility  4.55866334e+18  Objective -9.76947073e+06
     8714 DMoves:  Infeasibility  4.50563106e+18  Objective -1.01626867e+07
     7499 DMoves:  Infeasibility  4.47501991e+18  Objective -1.19976947e+07
     6281 DMoves:  Infeasibility  4.44735217e+18  Objective -9.96607873e+06
     4958 DMoves:  Infeasibility  4.40177817e+18  Objective -8.13107073e+06
     3591 DMoves:  Infeasibility  4.28766466e+18  Objective -1.90515073e+06
     1927 DMoves:  Infeasibility  6.35561465e+17  Objective  3.53433727e+06
      946 DMoves:  Infeasibility  1.95163622e+17  Objective  5.69930104e+06
      248 DMoves:  Infeasibility  7.82551518e+16  Objective  4.74922104e+06
        0 DMoves:  Infeasibility  2.13932315e+04  Objective -1.58185979e+08
  Dual:  Pushed 5004, exchanged 12444.
Using devex.

Iteration log . . .
Iteration:     1    Objective     =        886217.492450
Iteration:    15    Objective     =        886032.801803
Iteration:   671    Objective     =        884957.777077
Iteration:  1383    Objective     =        884912.233786
Iteration:  2038    Objective     =        884912.047992
Removing shift (12092).
Iteration:  2097    Scaled infeas =     268493728.355835
Iteration:  2807    Scaled infeas =      12230764.125986
Iteration:  3753    Scaled infeas =       9601041.824159
Iteration:  5027    Scaled infeas =       8855565.415808
Iteration:  6150    Scaled infeas =       2388966.289566
Iteration:  7130    Scaled infeas =       1582777.709570
Iteration:  8100    Scaled infeas =       1282048.011955
Iteration:  8844    Scaled infeas =        497873.844815
Iteration:  9832    Scaled infeas =        435350.849047
Iteration: 11057    Scaled infeas =        323434.980976
Iteration: 12112    Scaled infeas =        268061.932520
Iteration: 13096    Scaled infeas =        207102.875028
Iteration: 13828    Scaled infeas =        154187.542071
Iteration: 14504    Scaled infeas =        125947.724322
Iteration: 15165    Scaled infeas =        103928.261250
Iteration: 15770    Scaled infeas =         14403.246607
Switched to steepest-edge.
Iteration: 16380    Scaled infeas =          3795.383746
Iteration: 16769    Scaled infeas =           208.489472
Iteration: 17052    Scaled infeas =             0.124607

Primal simplex solved model.


Log for 'iislp' Clone_1 (V22.1.1.0) Sat Mar 28 11:52:58 2026


Log for 'results/logs/error_scene_1_phase_25.lp' Clone_1 (V22.1.1.0) Sat Mar 28 11:57:58 2026


Primal crossover.
  Primal:  Fixing 45 variables.
       44 PMoves:  Infeasibility  2.08050816e+06  Objective  1.08645254e+17
        0 PMoves:  Infeasibility  2.00924336e+06  Objective  8.86215466e+05
  Primal:  Pushed 2, exchanged 43.
  Dual:  Fixing 17448 variables.
    17447 DMoves:  Infeasibility  8.92877067e+19  Objective -1.58686144e+18
    15940 DMoves:  Infeasibility  5.51987718e+18  Objective -1.95671027e+07
    14728 DMoves:  Infeasibility  4.95200296e+18  Objective -1.92066547e+07
    13548 DMoves:  Infeasibility  4.86432374e+18  Objective -1.23909107e+07
    12347 DMoves:  Infeasibility  4.67383380e+18  Objective -1.42259187e+07
    11206 DMoves:  Infeasibility  4.61341671e+18  Objective -1.66507507e+07
     9915 DMoves:  Infeasibility  4.55866334e+18  Objective -9.76947073e+06
     8714 DMoves:  Infeasibility  4.50563106e+18  Objective -1.01626867e+07
     7499 DMoves:  Infeasibility  4.47501991e+18  Objective -1.19976947e+07
     6281 DMoves:  Infeasibility  4.44735217e+18  Objective -9.96607873e+06
     4958 DMoves:  Infeasibility  4.40177817e+18  Objective -8.13107073e+06
     3591 DMoves:  Infeasibility  4.28766466e+18  Objective -1.90515073e+06
     1927 DMoves:  Infeasibility  6.35561465e+17  Objective  3.53433727e+06
      946 DMoves:  Infeasibility  1.95163622e+17  Objective  5.69930104e+06
      248 DMoves:  Infeasibility  7.82551518e+16  Objective  4.74922104e+06
        0 DMoves:  Infeasibility  2.13932315e+04  Objective -1.58185979e+08
  Dual:  Pushed 5004, exchanged 12444.
Using devex.

Iteration log . . .
Iteration:     1    Objective     =        886217.492450
Iteration:    15    Objective     =        886032.801803
Iteration:   671    Objective     =        884957.777077
Iteration:  1383    Objective     =        884912.233786
Iteration:  2038    Objective     =        884912.047992
Removing shift (12092).
Iteration:  2097    Scaled infeas =     268493728.355835
Iteration:  2807    Scaled infeas =      12230764.125986
Iteration:  3753    Scaled infeas =       9601041.824159
Iteration:  5027    Scaled infeas =       8855565.415808
Iteration:  6150    Scaled infeas =       2388966.289566
Iteration:  7130    Scaled infeas =       1582777.709570
Iteration:  8100    Scaled infeas =       1282048.011955
Iteration:  8844    Scaled infeas =        497873.844815
Iteration:  9832    Scaled infeas =        435350.849047
Iteration: 11057    Scaled infeas =        323434.980976
Iteration: 12112    Scaled infeas =        268061.932520
Iteration: 13096    Scaled infeas =        207102.875028
Iteration: 13828    Scaled infeas =        154187.542071
Iteration: 14504    Scaled infeas =        125947.724322
Iteration: 15165    Scaled infeas =        103928.261250
Iteration: 15770    Scaled infeas =         14403.246607
Switched to steepest-edge.
Iteration: 16380    Scaled infeas =          3795.383746
Iteration: 16769    Scaled infeas =           208.489472
Iteration: 17052    Scaled infeas =             0.124607

Primal simplex solved model.


Log for 'iislp' Clone_1 (V22.1.1.0) Sat Mar 28 11:57:58 2026


Log for 'results/logs/error_scene_1_phase_25.lp' Clone_1 (V22.1.1.0) Sat Mar 28 11:58:41 2026


Primal crossover.
  Primal:  Fixing 45 variables.
       44 PMoves:  Infeasibility  2.08050816e+06  Objective  1.08645254e+17
        0 PMoves:  Infeasibility  2.00924336e+06  Objective  8.86215466e+05
  Primal:  Pushed 2, exchanged 43.
  Dual:  Fixing 17448 variables.
    17447 DMoves:  Infeasibility  8.92877067e+19  Objective -1.58686144e+18
    15940 DMoves:  Infeasibility  5.51987718e+18  Objective -1.95671027e+07
    14728 DMoves:  Infeasibility  4.95200296e+18  Objective -1.92066547e+07
    13548 DMoves:  Infeasibility  4.86432374e+18  Objective -1.23909107e+07
    12347 DMoves:  Infeasibility  4.67383380e+18  Objective -1.42259187e+07
    11206 DMoves:  Infeasibility  4.61341671e+18  Objective -1.66507507e+07
     9915 DMoves:  Infeasibility  4.55866334e+18  Objective -9.76947073e+06
     8714 DMoves:  Infeasibility  4.50563106e+18  Objective -1.01626867e+07
     7499 DMoves:  Infeasibility  4.47501991e+18  Objective -1.19976947e+07
     6281 DMoves:  Infeasibility  4.44735217e+18  Objective -9.96607873e+06
     4958 DMoves:  Infeasibility  4.40177817e+18  Objective -8.13107073e+06
     3591 DMoves:  Infeasibility  4.28766466e+18  Objective -1.90515073e+06
     1927 DMoves:  Infeasibility  6.35561465e+17  Objective  3.53433727e+06
      946 DMoves:  Infeasibility  1.95163622e+17  Objective  5.69930104e+06
      248 DMoves:  Infeasibility  7.82551518e+16  Objective  4.74922104e+06
        0 DMoves:  Infeasibility  2.13932315e+04  Objective -1.58185979e+08
  Dual:  Pushed 5004, exchanged 12444.
Using devex.

Iteration log . . .
Iteration:     1    Objective     =        886217.492450
Iteration:    15    Objective     =        886032.801803
Iteration:   671    Objective     =        884957.777077
Iteration:  1383    Objective     =        884912.233786
Iteration:  2038    Objective     =        884912.047992
Removing shift (12092).
Iteration:  2097    Scaled infeas =     268493728.355835
Iteration:  2807    Scaled infeas =      12230764.125986
Iteration:  3753    Scaled infeas =       9601041.824159
Iteration:  5027    Scaled infeas =       8855565.415808
Iteration:  6150    Scaled infeas =       2388966.289566
Iteration:  7130    Scaled infeas =       1582777.709570
Iteration:  8100    Scaled infeas =       1282048.011955
Iteration:  8844    Scaled infeas =        497873.844815
Iteration:  9832    Scaled infeas =        435350.849047
Iteration: 11057    Scaled infeas =        323434.980976
Iteration: 12112    Scaled infeas =        268061.932520
Iteration: 13096    Scaled infeas =        207102.875028
Iteration: 13828    Scaled infeas =        154187.542071
Iteration: 14504    Scaled infeas =        125947.724322
Iteration: 15165    Scaled infeas =        103928.261250
Iteration: 15770    Scaled infeas =         14403.246607
Switched to steepest-edge.
Iteration: 16380    Scaled infeas =          3795.383746
Iteration: 16769    Scaled infeas =           208.489472
Iteration: 17052    Scaled infeas =             0.124607

Primal simplex solved model.


Log for 'iislp' Clone_1 (V22.1.1.0) Sat Mar 28 11:58:41 2026


Log for 'results/logs/error_scene_1_phase_25.lp' Clone_1 (V22.1.1.0) Sat Mar 28 12:02:28 2026


Primal crossover.
  Primal:  Fixing 45 variables.
       44 PMoves:  Infeasibility  2.08050816e+06  Objective  1.08645254e+17
        0 PMoves:  Infeasibility  2.00924336e+06  Objective  8.86215466e+05
  Primal:  Pushed 2, exchanged 43.
  Dual:  Fixing 17448 variables.
    17447 DMoves:  Infeasibility  8.92877067e+19  Objective -1.58686144e+18
    15940 DMoves:  Infeasibility  5.51987718e+18  Objective -1.95671027e+07
    14728 DMoves:  Infeasibility  4.95200296e+18  Objective -1.92066547e+07
    13548 DMoves:  Infeasibility  4.86432374e+18  Objective -1.23909107e+07
    12347 DMoves:  Infeasibility  4.67383380e+18  Objective -1.42259187e+07
    11206 DMoves:  Infeasibility  4.61341671e+18  Objective -1.66507507e+07
     9915 DMoves:  Infeasibility  4.55866334e+18  Objective -9.76947073e+06
     8714 DMoves:  Infeasibility  4.50563106e+18  Objective -1.01626867e+07
     7499 DMoves:  Infeasibility  4.47501991e+18  Objective -1.19976947e+07
     6281 DMoves:  Infeasibility  4.44735217e+18  Objective -9.96607873e+06
     4958 DMoves:  Infeasibility  4.40177817e+18  Objective -8.13107073e+06
     3591 DMoves:  Infeasibility  4.28766466e+18  Objective -1.90515073e+06
     1927 DMoves:  Infeasibility  6.35561465e+17  Objective  3.53433727e+06
      946 DMoves:  Infeasibility  1.95163622e+17  Objective  5.69930104e+06
      248 DMoves:  Infeasibility  7.82551518e+16  Objective  4.74922104e+06
        0 DMoves:  Infeasibility  2.13932315e+04  Objective -1.58185979e+08
  Dual:  Pushed 5004, exchanged 12444.
Using devex.

Iteration log . . .
Iteration:     1    Objective     =        886217.492450
Iteration:    15    Objective     =        886032.801803
Iteration:   671    Objective     =        884957.777077
Iteration:  1383    Objective     =        884912.233786
Iteration:  2038    Objective     =        884912.047992
Removing shift (12092).
Iteration:  2097    Scaled infeas =     268493728.355835
Iteration:  2807    Scaled infeas =      12230764.125986
Iteration:  3753    Scaled infeas =       9601041.824159
Iteration:  5027    Scaled infeas =       8855565.415808
Iteration:  6150    Scaled infeas =       2388966.289566
Iteration:  7130    Scaled infeas =       1582777.709570
Iteration:  8100    Scaled infeas =       1282048.011955
Iteration:  8844    Scaled infeas =        497873.844815
Iteration:  9832    Scaled infeas =        435350.849047
Iteration: 11057    Scaled infeas =        323434.980976
Iteration: 12112    Scaled infeas =        268061.932520
Iteration: 13096    Scaled infeas =        207102.875028
Iteration: 13828    Scaled infeas =        154187.542071
Iteration: 14504    Scaled infeas =        125947.724322
Iteration: 15165    Scaled infeas =        103928.261250
Iteration: 15770    Scaled infeas =         14403.246607
Switched to steepest-edge.
Iteration: 16380    Scaled infeas =          3795.383746
Iteration: 16769    Scaled infeas =           208.489472
Iteration: 17052    Scaled infeas =             0.124607

Primal simplex solved model.


Log for 'iislp' Clone_1 (V22.1.1.0) Sat Mar 28 12:02:28 2026


Log for './results/logs/error_scene_1_phase_25.lp' Clone_1 (V22.1.1.0) Sat Mar 28 12:04:10 2026

Tried aggregator 1 time.
LP Presolve eliminated 2236 rows and 17195 columns.
Aggregator did 14439 substitutions.
Reduced LP has 2897 rows, 23026 columns, and 42102 nonzeros.
Presolve time = 0.07 sec. (45.85 ticks)
Parallel mode: using up to 18 threads for barrier.
Number of nonzeros in lower triangle of A*A' = 4580
Using Approximate Minimum Degree ordering
Total time for automatic ordering = 0.00 sec. (0.96 ticks)
Summary statistics for Cholesky factor:
  Threads                   = 18
  Rows in Factor            = 2897
  Integer space required    = 5013
  Total non-zeros in factor = 32036
  Total FP ops to factor    = 565762
 Itn      Primal Obj        Dual Obj  Prim Inf Upper Inf  Dual Inf Inf Ratio
   0  -3.3240240e+08  -3.4829550e+09  1.45e+07  2.03e+08  9.56e+04  1.00e+00
   1  -1.4397158e+08  -1.4665854e+09  5.40e+06  7.55e+07  3.97e+04  6.33e-06
   2  -3.9554927e+07  -4.0741147e+08  1.22e+06  1.70e+07  1.09e+04  2.50e-05
   3  -7.5703049e+06  -9.8638058e+07  2.23e+05  3.12e+06  2.62e+03  7.86e-05
   4  -1.9782097e+06  -3.5389161e+07  8.17e+04  1.14e+06  9.62e+02  2.19e-04
   5  -7.4523038e+05  -1.5761941e+07  4.73e+04  6.61e+05  4.42e+02  5.09e-04
   6  -2.7836645e+05  -8.9867969e+06  3.36e+04  4.70e+05  2.62e+02  9.27e-04
   7   1.3690366e+04  -3.5261045e+06  2.49e+04  3.49e+05  1.17e+02  2.46e-03
   8   2.9148981e+05  -1.7024190e+06  1.62e+04  2.26e+05  6.75e+01  4.74e-03
   9   3.6403425e+05  -6.6761865e+05  1.40e+04  1.96e+05  3.99e+01  8.79e-03
  10   4.9305123e+05   2.6127393e+05  9.94e+03  1.39e+05  1.48e+01  3.08e-02
  11   5.7194614e+05   4.0748782e+05  7.55e+03  1.06e+05  1.09e+01  4.29e-02
  12   6.1383514e+05   5.5698938e+05  6.35e+03  8.89e+04  7.13e+00  6.83e-02
  13   6.4356991e+05   6.3498083e+05  5.52e+03  7.72e+04  5.17e+00  9.55e-02
 Barrier aborted.
Barrier time = 0.10 sec. (60.36 ticks)

Primal simplex solved model.


Log for 'results/logs/error_scene_1_phase_25.lp' Clone_1 (V22.1.1.0) Sat Mar 28 12:08:06 2026


Primal crossover.
  Primal:  Fixing 45 variables.
       44 PMoves:  Infeasibility  2.08050816e+06  Objective  1.08645254e+17
        0 PMoves:  Infeasibility  2.00924336e+06  Objective  8.86215466e+05
  Primal:  Pushed 2, exchanged 43.
  Dual:  Fixing 17448 variables.
    17447 DMoves:  Infeasibility  8.92877067e+19  Objective -1.58686144e+18
    15940 DMoves:  Infeasibility  5.51987718e+18  Objective -1.95671027e+07
    14728 DMoves:  Infeasibility  4.95200296e+18  Objective -1.92066547e+07
    13548 DMoves:  Infeasibility  4.86432374e+18  Objective -1.23909107e+07
    12347 DMoves:  Infeasibility  4.67383380e+18  Objective -1.42259187e+07
    11206 DMoves:  Infeasibility  4.61341671e+18  Objective -1.66507507e+07
     9915 DMoves:  Infeasibility  4.55866334e+18  Objective -9.76947073e+06
     8714 DMoves:  Infeasibility  4.50563106e+18  Objective -1.01626867e+07
     7499 DMoves:  Infeasibility  4.47501991e+18  Objective -1.19976947e+07
     6281 DMoves:  Infeasibility  4.44735217e+18  Objective -9.96607873e+06
     4958 DMoves:  Infeasibility  4.40177817e+18  Objective -8.13107073e+06
     3591 DMoves:  Infeasibility  4.28766466e+18  Objective -1.90515073e+06
     1927 DMoves:  Infeasibility  6.35561465e+17  Objective  3.53433727e+06
      946 DMoves:  Infeasibility  1.95163622e+17  Objective  5.69930104e+06
      248 DMoves:  Infeasibility  7.82551518e+16  Objective  4.74922104e+06
        0 DMoves:  Infeasibility  2.13932315e+04  Objective -1.58185979e+08
  Dual:  Pushed 5004, exchanged 12444.
Using devex.

Iteration log . . .
Iteration:     1    Objective     =        886217.492450
Iteration:    15    Objective     =        886032.801803
Iteration:   671    Objective     =        884957.777077
Iteration:  1383    Objective     =        884912.233786
Iteration:  2038    Objective     =        884912.047992
Removing shift (12092).
Iteration:  2097    Scaled infeas =     268493728.355835
Iteration:  2807    Scaled infeas =      12230764.125986
Iteration:  3753    Scaled infeas =       9601041.824159
Iteration:  5027    Scaled infeas =       8855565.415808
Iteration:  6150    Scaled infeas =       2388966.289566
Iteration:  7130    Scaled infeas =       1582777.709570
Iteration:  8100    Scaled infeas =       1282048.011955
Iteration:  8844    Scaled infeas =        497873.844815
Iteration:  9832    Scaled infeas =        435350.849047
Iteration: 11057    Scaled infeas =        323434.980976
Iteration: 12112    Scaled infeas =        268061.932520
Iteration: 13096    Scaled infeas =        207102.875028
Iteration: 13828    Scaled infeas =        154187.542071
Iteration: 14504    Scaled infeas =        125947.724322
Iteration: 15165    Scaled infeas =        103928.261250
Iteration: 15770    Scaled infeas =         14403.246607
Switched to steepest-edge.
Iteration: 16380    Scaled infeas =          3795.383746
Iteration: 16769    Scaled infeas =           208.489472
Iteration: 17052    Scaled infeas =             0.124607

Primal simplex solved model.


Log for 'iislp' Clone_1 (V22.1.1.0) Sat Mar 28 12:08:07 2026


Log for 'results/logs/error_scene_1_phase_25.lp' Clone_1 (V22.1.1.0) Sat Mar 28 12:09:46 2026


Primal crossover.
  Primal:  Fixing 45 variables.
       44 PMoves:  Infeasibility  2.08050816e+06  Objective  1.08645254e+17
        0 PMoves:  Infeasibility  2.00924336e+06  Objective  8.86215466e+05
  Primal:  Pushed 2, exchanged 43.
  Dual:  Fixing 17448 variables.
    17447 DMoves:  Infeasibility  8.92877067e+19  Objective -1.58686144e+18
    15940 DMoves:  Infeasibility  5.51987718e+18  Objective -1.95671027e+07
    14728 DMoves:  Infeasibility  4.95200296e+18  Objective -1.92066547e+07
    13548 DMoves:  Infeasibility  4.86432374e+18  Objective -1.23909107e+07
    12347 DMoves:  Infeasibility  4.67383380e+18  Objective -1.42259187e+07
    11206 DMoves:  Infeasibility  4.61341671e+18  Objective -1.66507507e+07
     9915 DMoves:  Infeasibility  4.55866334e+18  Objective -9.76947073e+06
     8714 DMoves:  Infeasibility  4.50563106e+18  Objective -1.01626867e+07
     7499 DMoves:  Infeasibility  4.47501991e+18  Objective -1.19976947e+07
     6281 DMoves:  Infeasibility  4.44735217e+18  Objective -9.96607873e+06
     4958 DMoves:  Infeasibility  4.40177817e+18  Objective -8.13107073e+06
     3591 DMoves:  Infeasibility  4.28766466e+18  Objective -1.90515073e+06
     1927 DMoves:  Infeasibility  6.35561465e+17  Objective  3.53433727e+06
      946 DMoves:  Infeasibility  1.95163622e+17  Objective  5.69930104e+06
      248 DMoves:  Infeasibility  7.82551518e+16  Objective  4.74922104e+06
        0 DMoves:  Infeasibility  2.13932315e+04  Objective -1.58185979e+08
  Dual:  Pushed 5004, exchanged 12444.
Using devex.

Iteration log . . .
Iteration:     1    Objective     =        886217.492450
Iteration:    15    Objective     =        886032.801803
Iteration:   671    Objective     =        884957.777077
Iteration:  1383    Objective     =        884912.233786
Iteration:  2038    Objective     =        884912.047992
Removing shift (12092).
Iteration:  2097    Scaled infeas =     268493728.355835
Iteration:  2807    Scaled infeas =      12230764.125986
Iteration:  3753    Scaled infeas =       9601041.824159
Iteration:  5027    Scaled infeas =       8855565.415808
Iteration:  6150    Scaled infeas =       2388966.289566
Iteration:  7130    Scaled infeas =       1582777.709570
Iteration:  8100    Scaled infeas =       1282048.011955
Iteration:  8844    Scaled infeas =        497873.844815
Iteration:  9832    Scaled infeas =        435350.849047
Iteration: 11057    Scaled infeas =        323434.980976
Iteration: 12112    Scaled infeas =        268061.932520
Iteration: 13096    Scaled infeas =        207102.875028
Iteration: 13828    Scaled infeas =        154187.542071
Iteration: 14504    Scaled infeas =        125947.724322
Iteration: 15165    Scaled infeas =        103928.261250
Iteration: 15770    Scaled infeas =         14403.246607
Switched to steepest-edge.
Iteration: 16380    Scaled infeas =          3795.383746
Iteration: 16769    Scaled infeas =           208.489472
Iteration: 17052    Scaled infeas =             0.124607

Primal simplex solved model.


Log for 'iislp' Clone_1 (V22.1.1.0) Sat Mar 28 12:09:46 2026


Log for 'results/logs/error_scene_1_phase_25.lp' Clone_1 (V22.1.1.0) Sat Mar 28 12:17:09 2026


Primal crossover.
  Primal:  Fixing 45 variables.
       44 PMoves:  Infeasibility  2.08050816e+06  Objective  1.08645254e+17
        0 PMoves:  Infeasibility  2.00924336e+06  Objective  8.86215466e+05
  Primal:  Pushed 2, exchanged 43.
  Dual:  Fixing 17448 variables.
    17447 DMoves:  Infeasibility  8.92877067e+19  Objective -1.58686144e+18
    15940 DMoves:  Infeasibility  5.51987718e+18  Objective -1.95671027e+07
    14728 DMoves:  Infeasibility  4.95200296e+18  Objective -1.92066547e+07
    13548 DMoves:  Infeasibility  4.86432374e+18  Objective -1.23909107e+07
    12347 DMoves:  Infeasibility  4.67383380e+18  Objective -1.42259187e+07
    11206 DMoves:  Infeasibility  4.61341671e+18  Objective -1.66507507e+07
     9915 DMoves:  Infeasibility  4.55866334e+18  Objective -9.76947073e+06
     8714 DMoves:  Infeasibility  4.50563106e+18  Objective -1.01626867e+07
     7499 DMoves:  Infeasibility  4.47501991e+18  Objective -1.19976947e+07
     6281 DMoves:  Infeasibility  4.44735217e+18  Objective -9.96607873e+06
     4958 DMoves:  Infeasibility  4.40177817e+18  Objective -8.13107073e+06
     3591 DMoves:  Infeasibility  4.28766466e+18  Objective -1.90515073e+06
     1927 DMoves:  Infeasibility  6.35561465e+17  Objective  3.53433727e+06
      946 DMoves:  Infeasibility  1.95163622e+17  Objective  5.69930104e+06
      248 DMoves:  Infeasibility  7.82551518e+16  Objective  4.74922104e+06
        0 DMoves:  Infeasibility  2.13932315e+04  Objective -1.58185979e+08
  Dual:  Pushed 5004, exchanged 12444.
Using devex.

Iteration log . . .
Iteration:     1    Objective     =        886217.492450
Iteration:    15    Objective     =        886032.801803
Iteration:   671    Objective     =        884957.777077
Iteration:  1383    Objective     =        884912.233786
Iteration:  2038    Objective     =        884912.047992
Removing shift (12092).
Iteration:  2097    Scaled infeas =     268493728.355835
Iteration:  2807    Scaled infeas =      12230764.125986
Iteration:  3753    Scaled infeas =       9601041.824159
Iteration:  5027    Scaled infeas =       8855565.415808
Iteration:  6150    Scaled infeas =       2388966.289566
Iteration:  7130    Scaled infeas =       1582777.709570
Iteration:  8100    Scaled infeas =       1282048.011955
Iteration:  8844    Scaled infeas =        497873.844815
Iteration:  9832    Scaled infeas =        435350.849047
Iteration: 11057    Scaled infeas =        323434.980976
Iteration: 12112    Scaled infeas =        268061.932520
Iteration: 13096    Scaled infeas =        207102.875028
Iteration: 13828    Scaled infeas =        154187.542071
Iteration: 14504    Scaled infeas =        125947.724322
Iteration: 15165    Scaled infeas =        103928.261250
Iteration: 15770    Scaled infeas =         14403.246607
Switched to steepest-edge.
Iteration: 16380    Scaled infeas =          3795.383746
Iteration: 16769    Scaled infeas =           208.489472
Iteration: 17052    Scaled infeas =             0.124607

Primal simplex solved model.


Log for 'iislp' Clone_1 (V22.1.1.0) Sat Mar 28 12:17:10 2026


Log for 'results/logs/error_scene_1_phase_25.lp' Clone_1 (V22.1.1.0) Sat Mar 28 12:17:52 2026


Primal crossover.
  Primal:  Fixing 45 variables.
       44 PMoves:  Infeasibility  2.08050816e+06  Objective  1.08645254e+17
        0 PMoves:  Infeasibility  2.00924336e+06  Objective  8.86215466e+05
  Primal:  Pushed 2, exchanged 43.
  Dual:  Fixing 17448 variables.
    17447 DMoves:  Infeasibility  8.92877067e+19  Objective -1.58686144e+18
    15940 DMoves:  Infeasibility  5.51987718e+18  Objective -1.95671027e+07
    14728 DMoves:  Infeasibility  4.95200296e+18  Objective -1.92066547e+07
    13548 DMoves:  Infeasibility  4.86432374e+18  Objective -1.23909107e+07
    12347 DMoves:  Infeasibility  4.67383380e+18  Objective -1.42259187e+07
    11206 DMoves:  Infeasibility  4.61341671e+18  Objective -1.66507507e+07
     9915 DMoves:  Infeasibility  4.55866334e+18  Objective -9.76947073e+06
     8714 DMoves:  Infeasibility  4.50563106e+18  Objective -1.01626867e+07
     7499 DMoves:  Infeasibility  4.47501991e+18  Objective -1.19976947e+07
     6281 DMoves:  Infeasibility  4.44735217e+18  Objective -9.96607873e+06
     4958 DMoves:  Infeasibility  4.40177817e+18  Objective -8.13107073e+06
     3591 DMoves:  Infeasibility  4.28766466e+18  Objective -1.90515073e+06
     1927 DMoves:  Infeasibility  6.35561465e+17  Objective  3.53433727e+06
      946 DMoves:  Infeasibility  1.95163622e+17  Objective  5.69930104e+06
      248 DMoves:  Infeasibility  7.82551518e+16  Objective  4.74922104e+06
        0 DMoves:  Infeasibility  2.13932315e+04  Objective -1.58185979e+08
  Dual:  Pushed 5004, exchanged 12444.
Using devex.

Iteration log . . .
Iteration:     1    Objective     =        886217.492450
Iteration:    15    Objective     =        886032.801803
Iteration:   671    Objective     =        884957.777077
Iteration:  1383    Objective     =        884912.233786
Iteration:  2038    Objective     =        884912.047992
Removing shift (12092).
Iteration:  2097    Scaled infeas =     268493728.355835
Iteration:  2807    Scaled infeas =      12230764.125986
Iteration:  3753    Scaled infeas =       9601041.824159
Iteration:  5027    Scaled infeas =       8855565.415808
Iteration:  6150    Scaled infeas =       2388966.289566
Iteration:  7130    Scaled infeas =       1582777.709570
Iteration:  8100    Scaled infeas =       1282048.011955
Iteration:  8844    Scaled infeas =        497873.844815
Iteration:  9832    Scaled infeas =        435350.849047
Iteration: 11057    Scaled infeas =        323434.980976
Iteration: 12112    Scaled infeas =        268061.932520
Iteration: 13096    Scaled infeas =        207102.875028
Iteration: 13828    Scaled infeas =        154187.542071
Iteration: 14504    Scaled infeas =        125947.724322
Iteration: 15165    Scaled infeas =        103928.261250
Iteration: 15770    Scaled infeas =         14403.246607
Switched to steepest-edge.
Iteration: 16380    Scaled infeas =          3795.383746
Iteration: 16769    Scaled infeas =           208.489472
Iteration: 17052    Scaled infeas =             0.124607

Primal simplex solved model.


Log for 'iislp' Clone_1 (V22.1.1.0) Sat Mar 28 12:17:52 2026


Log for 'results/logs/error_scene_1_phase_25.lp' Clone_1 (V22.1.1.0) Sat Mar 28 12:30:05 2026


Primal crossover.
  Primal:  Fixing 45 variables.
       44 PMoves:  Infeasibility  2.08050816e+06  Objective  1.08645254e+17
        0 PMoves:  Infeasibility  2.00924336e+06  Objective  8.86215466e+05
  Primal:  Pushed 2, exchanged 43.
  Dual:  Fixing 17448 variables.
    17447 DMoves:  Infeasibility  8.92877067e+19  Objective -1.58686144e+18
    15940 DMoves:  Infeasibility  5.51987718e+18  Objective -1.95671027e+07
    14728 DMoves:  Infeasibility  4.95200296e+18  Objective -1.92066547e+07
    13548 DMoves:  Infeasibility  4.86432374e+18  Objective -1.23909107e+07
    12347 DMoves:  Infeasibility  4.67383380e+18  Objective -1.42259187e+07
    11206 DMoves:  Infeasibility  4.61341671e+18  Objective -1.66507507e+07
     9915 DMoves:  Infeasibility  4.55866334e+18  Objective -9.76947073e+06
     8714 DMoves:  Infeasibility  4.50563106e+18  Objective -1.01626867e+07
     7499 DMoves:  Infeasibility  4.47501991e+18  Objective -1.19976947e+07
     6281 DMoves:  Infeasibility  4.44735217e+18  Objective -9.96607873e+06
     4958 DMoves:  Infeasibility  4.40177817e+18  Objective -8.13107073e+06
     3591 DMoves:  Infeasibility  4.28766466e+18  Objective -1.90515073e+06
     1927 DMoves:  Infeasibility  6.35561465e+17  Objective  3.53433727e+06
      946 DMoves:  Infeasibility  1.95163622e+17  Objective  5.69930104e+06
      248 DMoves:  Infeasibility  7.82551518e+16  Objective  4.74922104e+06
        0 DMoves:  Infeasibility  2.13932315e+04  Objective -1.58185979e+08
  Dual:  Pushed 5004, exchanged 12444.
Using devex.

Iteration log . . .
Iteration:     1    Objective     =        886217.492450
Iteration:    15    Objective     =        886032.801803
Iteration:   671    Objective     =        884957.777077
Iteration:  1383    Objective     =        884912.233786
Iteration:  2038    Objective     =        884912.047992
Removing shift (12092).
Iteration:  2097    Scaled infeas =     268493728.355835
Iteration:  2807    Scaled infeas =      12230764.125986
Iteration:  3753    Scaled infeas =       9601041.824159
Iteration:  5027    Scaled infeas =       8855565.415808
Iteration:  6150    Scaled infeas =       2388966.289566
Iteration:  7130    Scaled infeas =       1582777.709570
Iteration:  8100    Scaled infeas =       1282048.011955
Iteration:  8844    Scaled infeas =        497873.844815
Iteration:  9832    Scaled infeas =        435350.849047
Iteration: 11057    Scaled infeas =        323434.980976
Iteration: 12112    Scaled infeas =        268061.932520
Iteration: 13096    Scaled infeas =        207102.875028
Iteration: 13828    Scaled infeas =        154187.542071
Iteration: 14504    Scaled infeas =        125947.724322
Iteration: 15165    Scaled infeas =        103928.261250
Iteration: 15770    Scaled infeas =         14403.246607
Switched to steepest-edge.
Iteration: 16380    Scaled infeas =          3795.383746
Iteration: 16769    Scaled infeas =           208.489472
Iteration: 17052    Scaled infeas =             0.124607

Primal simplex solved model.


Log for 'iislp' Clone_1 (V22.1.1.0) Sat Mar 28 12:30:06 2026


Log for 'results/logs/error_scene_1_phase_25.lp' Clone_1 (V22.1.1.0) Sat Mar 28 12:47:50 2026


Primal crossover.
  Primal:  Fixing 45 variables.
       44 PMoves:  Infeasibility  2.08050816e+06  Objective  1.08645254e+17
        0 PMoves:  Infeasibility  2.00924336e+06  Objective  8.86215466e+05
  Primal:  Pushed 2, exchanged 43.
  Dual:  Fixing 17448 variables.
    17447 DMoves:  Infeasibility  8.92877067e+19  Objective -1.58686144e+18
    15940 DMoves:  Infeasibility  5.51987718e+18  Objective -1.95671027e+07
    14728 DMoves:  Infeasibility  4.95200296e+18  Objective -1.92066547e+07
    13548 DMoves:  Infeasibility  4.86432374e+18  Objective -1.23909107e+07
    12347 DMoves:  Infeasibility  4.67383380e+18  Objective -1.42259187e+07
    11206 DMoves:  Infeasibility  4.61341671e+18  Objective -1.66507507e+07
     9915 DMoves:  Infeasibility  4.55866334e+18  Objective -9.76947073e+06
     8714 DMoves:  Infeasibility  4.50563106e+18  Objective -1.01626867e+07
     7499 DMoves:  Infeasibility  4.47501991e+18  Objective -1.19976947e+07
     6281 DMoves:  Infeasibility  4.44735217e+18  Objective -9.96607873e+06
     4958 DMoves:  Infeasibility  4.40177817e+18  Objective -8.13107073e+06
     3591 DMoves:  Infeasibility  4.28766466e+18  Objective -1.90515073e+06
     1927 DMoves:  Infeasibility  6.35561465e+17  Objective  3.53433727e+06
      946 DMoves:  Infeasibility  1.95163622e+17  Objective  5.69930104e+06
      248 DMoves:  Infeasibility  7.82551518e+16  Objective  4.74922104e+06
        0 DMoves:  Infeasibility  2.13932315e+04  Objective -1.58185979e+08
  Dual:  Pushed 5004, exchanged 12444.
Using devex.

Iteration log . . .
Iteration:     1    Objective     =        886217.492450
Iteration:    15    Objective     =        886032.801803
Iteration:   671    Objective     =        884957.777077
Iteration:  1383    Objective     =        884912.233786
Iteration:  2038    Objective     =        884912.047992
Removing shift (12092).
Iteration:  2097    Scaled infeas =     268493728.355835
Iteration:  2807    Scaled infeas =      12230764.125986
Iteration:  3753    Scaled infeas =       9601041.824159
Iteration:  5027    Scaled infeas =       8855565.415808
Iteration:  6150    Scaled infeas =       2388966.289566
Iteration:  7130    Scaled infeas =       1582777.709570
Iteration:  8100    Scaled infeas =       1282048.011955
Iteration:  8844    Scaled infeas =        497873.844815
Iteration:  9832    Scaled infeas =        435350.849047
Iteration: 11057    Scaled infeas =        323434.980976
Iteration: 12112    Scaled infeas =        268061.932520
Iteration: 13096    Scaled infeas =        207102.875028
Iteration: 13828    Scaled infeas =        154187.542071
Iteration: 14504    Scaled infeas =        125947.724322
Iteration: 15165    Scaled infeas =        103928.261250
Iteration: 15770    Scaled infeas =         14403.246607
Switched to steepest-edge.
Iteration: 16380    Scaled infeas =          3795.383746
Iteration: 16769    Scaled infeas =           208.489472
Iteration: 17052    Scaled infeas =             0.124607

Primal simplex solved model.


Log for 'iislp' Clone_1 (V22.1.1.0) Sat Mar 28 12:47:50 2026

