[2026-03-17 01:46:04.250] [info] trace log file: logs/trace_1.log
[2026-03-17 01:46:04.250] [info]   Parsing input file /home/runner/work/gtopt/gtopt/integration_test/../cases/ieee_14b/ieee_14b.json
[2026-03-17 01:46:04.253] [info]   Parse all input files time 0.002s
[2026-03-17 01:46:04.402] [info] === System statistics ===
[2026-03-17 01:46:04.402] [info]   System name     : ieee_14
[2026-03-17 01:46:04.402] [info]   System version  : 
[2026-03-17 01:46:04.402] [info] === System elements  ===
[2026-03-17 01:46:04.402] [info]   Buses           : 14
[2026-03-17 01:46:04.402] [info]   Generators      : 5
[2026-03-17 01:46:04.402] [info]   Generator profs : 1
[2026-03-17 01:46:04.402] [info]   Demands         : 11
[2026-03-17 01:46:04.402] [info]   Demand profs    : 0
[2026-03-17 01:46:04.402] [info]   Lines           : 20
[2026-03-17 01:46:04.402] [info]   Batteries       : 0
[2026-03-17 01:46:04.402] [info]   Converters      : 0
[2026-03-17 01:46:04.402] [info]   Reserve zones   : 0
[2026-03-17 01:46:04.402] [info]   Reserve provisions   : 0
[2026-03-17 01:46:04.402] [info]   Junctions       : 0
[2026-03-17 01:46:04.402] [info]   Waterways       : 0
[2026-03-17 01:46:04.402] [info]   Flows           : 0
[2026-03-17 01:46:04.402] [info]   Reservoirs      : 0
[2026-03-17 01:46:04.402] [info]   Filtrations     : 0
[2026-03-17 01:46:04.402] [info]   Turbines        : 0
[2026-03-17 01:46:04.402] [info] === Simulation statistics ===
[2026-03-17 01:46:04.402] [info]   Blocks          : 24
[2026-03-17 01:46:04.402] [info]   Stages          : 1
[2026-03-17 01:46:04.402] [info]   Scenarios       : 1
[2026-03-17 01:46:04.402] [info] === Key options ===
[2026-03-17 01:46:04.402] [info]   use_kirchhoff   : true
[2026-03-17 01:46:04.402] [info]   use_single_bus  : false
[2026-03-17 01:46:04.402] [info]   scale_objective : 1000
[2026-03-17 01:46:04.402] [info]   demand_fail_cost: 1000
[2026-03-17 01:46:04.402] [info]   input_directory : (default)
[2026-03-17 01:46:04.402] [info]   output_directory: (default)
[2026-03-17 01:46:04.402] [info]   output_format   : csv
[2026-03-17 01:46:04.402] [info] === Building LP model ===
[2026-03-17 01:46:04.402] [info] [planning_lp.cpp:44]   Building LP: 1 scene(s) × 1 phase(s)
[2026-03-17 01:46:04.402] [info]   WorkPool initialized with 5 max threads, max CPU threshold: 90%
[2026-03-17 01:46:04.402] [info]   WorkPool started with 5 max threads
[2026-03-17 01:46:04.404] [info]   CPU load: 33.45% 
[2026-03-17 01:46:04.476] [info] [planning_lp.cpp:96]   Building LP done in 0.074s
[2026-03-17 01:46:04.526] [info]   WorkPool shutdown complete
[2026-03-17 01:46:04.526] [info]   Build lp time 0.125s
[2026-03-17 01:46:04.526] [info]   LP coefficient analysis: 1 LP(s), global |coeff| [1.000e+00, 5.562e+02], ratio=5.56e+02 (excellent)
[2026-03-17 01:46:04.526] [info] === System optimization ===
[2026-03-17 01:46:04.526] [info]   WorkPool initialized with 5 max threads, max CPU threshold: 90%
[2026-03-17 01:46:04.527] [info]   WorkPool started with 5 max threads
[2026-03-17 01:46:04.527] [info] [planning_solver.cpp:40] MonolithicSolver: starting 1 scene(s)
[2026-03-17 01:46:04.556] [info] [planning_solver.cpp:101] MonolithicSolver: scene 0 done in 0.010s (1/1)
[2026-03-17 01:46:04.556] [info] [planning_solver.cpp:127] MonolithicSolver: all 1 scene(s) done in 0.030s
[2026-03-17 01:46:05.068] [info]   WorkPool shutdown complete
[2026-03-17 01:46:05.068] [info]   Optimization time 0.542s
[2026-03-17 01:46:05.068] [info] === Solution statistics ===
[2026-03-17 01:46:05.068] [info]   Status          : optimal
[2026-03-17 01:46:05.068] [info]   LP variables    : 1488
[2026-03-17 01:46:05.068] [info]   LP constraints  : 1104
[2026-03-17 01:46:05.068] [info]   Obj (scaled)    : 1492.28
[2026-03-17 01:46:05.068] [info]   Obj (unscaled)  : 1.49228e+06
[2026-03-17 01:46:05.068] [info]   Solver kappa    : 1
[2026-03-17 01:46:05.068] [info] === Output writing ===
[2026-03-17 01:46:05.068] [info] [planning_lp.cpp:128]   Writing output: 1 scene(s) × 1 phase(s)
[2026-03-17 01:46:05.075] [info]   Writing 16 output tables to '/home/runner/work/gtopt/gtopt/build/integration_test/test_output/ieee_14b' (format=csv, compression=uncompressed)
[2026-03-17 01:46:05.080] [info]   Write solution to '/home/runner/work/gtopt/gtopt/build/integration_test/test_output/ieee_14b/solution.csv' (status=0, obj_value=1492.282626141598)
[2026-03-17 01:46:05.080] [info]   Write output time 0.012s
