[2026-03-17 01:46:05.027] [info] trace log file: logs/trace_1.log
[2026-03-17 01:46:05.027] [info]   Parsing input file /home/runner/work/gtopt/gtopt/integration_test/../cases/ieee30b/ieee30b.json
[2026-03-17 01:46:05.029] [info]   Parse all input files time 0.002s
[2026-03-17 01:46:05.138] [info] === System statistics ===
[2026-03-17 01:46:05.138] [info]   System name     : ieee30b
[2026-03-17 01:46:05.138] [info]   System version  : 
[2026-03-17 01:46:05.138] [info] === System elements  ===
[2026-03-17 01:46:05.138] [info]   Buses           : 30
[2026-03-17 01:46:05.138] [info]   Generators      : 6
[2026-03-17 01:46:05.138] [info]   Generator profs : 0
[2026-03-17 01:46:05.138] [info]   Demands         : 21
[2026-03-17 01:46:05.138] [info]   Demand profs    : 0
[2026-03-17 01:46:05.138] [info]   Lines           : 41
[2026-03-17 01:46:05.138] [info]   Batteries       : 0
[2026-03-17 01:46:05.138] [info]   Converters      : 0
[2026-03-17 01:46:05.138] [info]   Reserve zones   : 0
[2026-03-17 01:46:05.138] [info]   Reserve provisions   : 0
[2026-03-17 01:46:05.138] [info]   Junctions       : 0
[2026-03-17 01:46:05.138] [info]   Waterways       : 0
[2026-03-17 01:46:05.138] [info]   Flows           : 0
[2026-03-17 01:46:05.138] [info]   Reservoirs      : 0
[2026-03-17 01:46:05.138] [info]   Filtrations     : 0
[2026-03-17 01:46:05.138] [info]   Turbines        : 0
[2026-03-17 01:46:05.138] [info] === Simulation statistics ===
[2026-03-17 01:46:05.138] [info]   Blocks          : 1
[2026-03-17 01:46:05.138] [info]   Stages          : 1
[2026-03-17 01:46:05.138] [info]   Scenarios       : 1
[2026-03-17 01:46:05.138] [info] === Key options ===
[2026-03-17 01:46:05.138] [info]   use_kirchhoff   : true
[2026-03-17 01:46:05.138] [info]   use_single_bus  : false
[2026-03-17 01:46:05.138] [info]   scale_objective : 1000
[2026-03-17 01:46:05.138] [info]   demand_fail_cost: 1000
[2026-03-17 01:46:05.138] [info]   input_directory : (default)
[2026-03-17 01:46:05.138] [info]   output_directory: (default)
[2026-03-17 01:46:05.138] [info]   output_format   : csv
[2026-03-17 01:46:05.138] [info] === Building LP model ===
[2026-03-17 01:46:05.138] [info] [planning_lp.cpp:44]   Building LP: 1 scene(s) × 1 phase(s)
[2026-03-17 01:46:05.138] [info]   WorkPool initialized with 5 max threads, max CPU threshold: 90%
[2026-03-17 01:46:05.139] [info]   WorkPool started with 5 max threads
[2026-03-17 01:46:05.139] [info]   CPU load: 33.45% 
[2026-03-17 01:46:05.145] [info] [planning_lp.cpp:96]   Building LP done in 0.006s
[2026-03-17 01:46:05.199] [info]   WorkPool shutdown complete
[2026-03-17 01:46:05.199] [info]   Build lp time 0.061s
[2026-03-17 01:46:05.199] [info]   LP coefficient analysis: 1 LP(s), global |coeff| [2.360e-01, 6.027e+00], ratio=2.55e+01 (excellent)
[2026-03-17 01:46:05.199] [info] === System optimization ===
[2026-03-17 01:46:05.199] [info]   WorkPool initialized with 5 max threads, max CPU threshold: 90%
[2026-03-17 01:46:05.199] [info]   WorkPool started with 5 max threads
[2026-03-17 01:46:05.199] [info] [planning_solver.cpp:40] MonolithicSolver: starting 1 scene(s)
[2026-03-17 01:46:05.220] [info] [planning_solver.cpp:101] MonolithicSolver: scene 0 done in 0.001s (1/1)
[2026-03-17 01:46:05.220] [info] [planning_solver.cpp:127] MonolithicSolver: all 1 scene(s) done in 0.021s
[2026-03-17 01:46:05.740] [info]   WorkPool shutdown complete
[2026-03-17 01:46:05.740] [info]   Optimization time 0.541s
[2026-03-17 01:46:05.740] [info] === Solution statistics ===
[2026-03-17 01:46:05.740] [info]   Status          : optimal
[2026-03-17 01:46:05.740] [info]   LP variables    : 119
[2026-03-17 01:46:05.740] [info]   LP constraints  : 92
[2026-03-17 01:46:05.740] [info]   Obj (scaled)    : 5.668
[2026-03-17 01:46:05.740] [info]   Obj (unscaled)  : 5668
[2026-03-17 01:46:05.740] [info]   Solver kappa    : 1
[2026-03-17 01:46:05.740] [info] === Output writing ===
[2026-03-17 01:46:05.740] [info] [planning_lp.cpp:128]   Writing output: 1 scene(s) × 1 phase(s)
[2026-03-17 01:46:05.746] [info]   Writing 13 output tables to '/home/runner/work/gtopt/gtopt/build/integration_test/test_output/ieee30b' (format=csv, compression=uncompressed)
[2026-03-17 01:46:05.750] [info]   Write solution to '/home/runner/work/gtopt/gtopt/build/integration_test/test_output/ieee30b/solution.csv' (status=0, obj_value=5.668000000000002)
[2026-03-17 01:46:05.750] [info]   Write output time 0.010s
