[2026-03-27 23:05:07.781] [info] trace log file: /tmp/golden_check/exp_bat_4b_24/clp/logs/trace_1.log
[2026-03-27 23:05:07.782] [info]   Parsing input file /home/marce/git/gtopt/cases/exp_bat_4b_24//exp_bat_4b_24.json
[2026-03-27 23:05:07.782] [warning] deprecated option 'use_lp_names': use 'lp_build_options.names_level' instead
[2026-03-27 23:05:07.783] [info]   Parse all input files time 0.002s
[2026-03-27 23:05:07.783] [info] Planning validation passed
[2026-03-27 23:05:07.783] [info] === System statistics ===
[2026-03-27 23:05:07.783] [info]   System name     : exp_bat_4b_24
[2026-03-27 23:05:07.783] [info]   System version  : 
[2026-03-27 23:05:07.783] [info] === System elements  ===
[2026-03-27 23:05:07.783] [info]   Buses           : 4
[2026-03-27 23:05:07.783] [info]   Generators      : 3
[2026-03-27 23:05:07.783] [info]   Generator profs : 1
[2026-03-27 23:05:07.783] [info]   Demands         : 2
[2026-03-27 23:05:07.783] [info]   Demand profs    : 0
[2026-03-27 23:05:07.783] [info]   Lines           : 5
[2026-03-27 23:05:07.783] [info]   Batteries       : 1
[2026-03-27 23:05:07.783] [info]   Converters      : 0
[2026-03-27 23:05:07.783] [info]   Reserve zones   : 0
[2026-03-27 23:05:07.783] [info]   Reserve provisions   : 0
[2026-03-27 23:05:07.783] [info]   Junctions       : 0
[2026-03-27 23:05:07.783] [info]   Waterways       : 0
[2026-03-27 23:05:07.783] [info]   Flows           : 0
[2026-03-27 23:05:07.783] [info]   Reservoirs      : 0
[2026-03-27 23:05:07.783] [info]   ReservoirSeepages     : 0
[2026-03-27 23:05:07.783] [info]   Turbines        : 0
[2026-03-27 23:05:07.783] [info] === Simulation statistics ===
[2026-03-27 23:05:07.783] [info]   Blocks          : 24
[2026-03-27 23:05:07.783] [info]   Stages          : 1
[2026-03-27 23:05:07.783] [info]   Scenarios       : 1
[2026-03-27 23:05:07.783] [info] === Key options ===
[2026-03-27 23:05:07.783] [info]   use_kirchhoff   : true
[2026-03-27 23:05:07.783] [info]   use_single_bus  : false
[2026-03-27 23:05:07.783] [info]   scale_objective : 1000
[2026-03-27 23:05:07.783] [info]   demand_fail_cost: 1000
[2026-03-27 23:05:07.783] [info]   input_directory : (default)
[2026-03-27 23:05:07.783] [info]   output_directory: /tmp/golden_check/exp_bat_4b_24/clp
[2026-03-27 23:05:07.783] [info]   output_format   : csv
[2026-03-27 23:05:07.783] [info] === Building LP model ===
[2026-03-27 23:05:07.783] [info] [planning_lp.cpp:44]   Building LP: 1 scene(s) × 1 phase(s)
[2026-03-27 23:05:07.783] [info]   SolverWorkPool initialized: 25 max threads, 98% CPU threshold
[2026-03-27 23:05:07.784] [info]   SolverWorkPool started
[2026-03-27 23:05:07.789] [info] [planning_lp.cpp:105]   Building LP done in 0.005s
[2026-03-27 23:05:07.789] [info]   WorkPool shutdown complete
[2026-03-27 23:05:07.789] [info]   Build lp time 0.006s
[2026-03-27 23:05:07.789] [info]   LP coefficient analysis: 1 LP(s), global |coeff| [2.000e-02, 4.465e+03], ratio=2.23e+05 (fair)
[2026-03-27 23:05:07.789] [info] === System optimization ===
[2026-03-27 23:05:07.789] [info]   SolverWorkPool initialized: 25 max threads, 98% CPU threshold
[2026-03-27 23:05:07.789] [info]   SolverWorkPool started
[2026-03-27 23:05:07.789] [info] [monolithic_method.cpp:39] MonolithicMethod: starting 1 scene(s)
[2026-03-27 23:05:07.813] [info] [monolithic_method.cpp:147] MonolithicMethod: scene 0 done in 0.004s (1/1)
[2026-03-27 23:05:07.814] [info] [monolithic_method.cpp:173] MonolithicMethod: all 1 scene(s) done in 0.024s
[2026-03-27 23:05:08.290] [info]   WorkPool shutdown complete
[2026-03-27 23:05:08.290] [info]   Optimization time 0.501s
[2026-03-27 23:05:08.290] [info] === Solution statistics ===
[2026-03-27 23:05:08.290] [info]   Status          : optimal
[2026-03-27 23:05:08.290] [info]   LP variables    : 565
[2026-03-27 23:05:08.290] [info]   LP constraints  : 489
[2026-03-27 23:05:08.290] [info]   Obj (scaled)    : 82.0868
[2026-03-27 23:05:08.290] [info]   Obj (unscaled)  : 82086.8
[2026-03-27 23:05:08.290] [info]   Solver kappa    : 4.44089e-16
[2026-03-27 23:05:08.290] [info] === Output writing ===
[2026-03-27 23:05:08.290] [info] [planning_lp.cpp:129]   Writing output: 1 scene(s) × 1 phase(s)
[2026-03-27 23:05:08.290] [info]   SolverWorkPool initialized: 25 max threads, 98% CPU threshold
[2026-03-27 23:05:08.291] [info]   SolverWorkPool started
[2026-03-27 23:05:08.301] [info]   WorkPool shutdown complete
[2026-03-27 23:05:08.302] [info]   Write system json file time 0.001s
[2026-03-27 23:05:08.302] [info]   planning JSON saved to /tmp/golden_check/exp_bat_4b_24/clp/planning.json
[2026-03-27 23:05:08.302] [info]   Write output time 0.011s
