[2026-03-26 20:11:19.885] [info] trace log file: output/logs/trace_18.log
[2026-03-26 20:11:19.887] [info]   Parsing input file gtopt_case_2y.json
[2026-03-26 20:11:19.889] [warning] deprecated option 'use_lp_names': use 'lp_build_options.names_level' instead
[2026-03-26 20:11:19.936] [info]   Parse all input files time 0.051s
[2026-03-26 20:11:19.937] [info] Output compression codec: zstd
[2026-03-26 20:11:19.940] [info] Planning validation passed
[2026-03-26 20:11:19.940] [info] === System statistics ===
[2026-03-26 20:11:19.940] [info]   System name     : gtopt_case_2y
[2026-03-26 20:11:19.940] [info]   System version  : 
[2026-03-26 20:11:19.940] [info] === System elements  ===
[2026-03-26 20:11:19.940] [info]   Buses           : 236
[2026-03-26 20:11:19.940] [info]   Generators      : 1715
[2026-03-26 20:11:19.940] [info]   Generator profs : 0
[2026-03-26 20:11:19.940] [info]   Demands         : 138
[2026-03-26 20:11:19.940] [info]   Demand profs    : 0
[2026-03-26 20:11:19.940] [info]   Lines           : 330
[2026-03-26 20:11:19.940] [info]   Batteries       : 25
[2026-03-26 20:11:19.940] [info]   Converters      : 0
[2026-03-26 20:11:19.940] [info]   Reserve zones   : 0
[2026-03-26 20:11:19.940] [info]   Reserve provisions   : 0
[2026-03-26 20:11:19.940] [info]   Junctions       : 100
[2026-03-26 20:11:19.940] [info]   Waterways       : 136
[2026-03-26 20:11:19.940] [info]   Flows           : 160
[2026-03-26 20:11:19.940] [info]   Reservoirs      : 10
[2026-03-26 20:11:19.940] [info]   ReservoirSeepages     : 3
[2026-03-26 20:11:19.940] [info]   Turbines        : 170
[2026-03-26 20:11:19.940] [info] === Simulation statistics ===
[2026-03-26 20:11:19.940] [info]   Blocks          : 510
[2026-03-26 20:11:19.940] [info]   Stages          : 51
[2026-03-26 20:11:19.940] [info]   Scenarios       : 1
[2026-03-26 20:11:19.940] [info] === Key options ===
[2026-03-26 20:11:19.940] [info]   use_kirchhoff   : false
[2026-03-26 20:11:19.940] [info]   use_single_bus  : false
[2026-03-26 20:11:19.940] [info]   scale_objective : 1000
[2026-03-26 20:11:19.940] [info]   demand_fail_cost: 1000
[2026-03-26 20:11:19.940] [info]   input_directory : .
[2026-03-26 20:11:19.940] [info]   output_directory: results
[2026-03-26 20:11:19.940] [info]   output_format   : parquet
[2026-03-26 20:11:19.940] [info] === Building LP model ===
[2026-03-26 20:11:19.943] [info] [planning_lp.cpp:44]   Building LP: 1 scene(s) × 51 phase(s)
[2026-03-26 20:11:19.943] [info]   SolverWorkPool initialized: 25 max threads, 98% CPU threshold
[2026-03-26 20:11:19.943] [info]   SolverWorkPool started
[2026-03-26 20:11:37.480] [info] [planning_lp.cpp:105]   Building LP done in 17.537s
[2026-03-26 20:11:37.481] [info]   WorkPool shutdown complete
[2026-03-26 20:11:37.481] [info]   Build lp time 17.540s
[2026-03-26 20:11:37.481] [info]   LP coefficient analysis: 51 LP(s), global |coeff| [6.667e-06, 6.420e+01], ratio=9.63e+06 (fair)
[2026-03-26 20:11:37.481] [info] === System optimization ===
[2026-03-26 20:11:37.481] [info] [sddp_method.cpp:1798] SDDPMethod: starting 1 scene(s) × 51 phase(s)
[2026-03-26 20:11:37.481] [info] ApertureDataCache: scanning './apertures'
[2026-03-26 20:11:37.535] [info] ApertureDataCache: loaded 1618230 entries across 334 elements from ./apertures (0.05s, 20 threads)
[2026-03-26 20:11:37.535] [info] [sddp_method.cpp:1055] SDDP: initializing solver (no initial solve pass)
[2026-03-26 20:11:37.535] [info] [sddp_method.cpp:1067] SDDP: 1 scene(s), 51 phase(s)
[2026-03-26 20:11:37.535] [info] [sddp_method.cpp:1076] SDDP: adding alpha variables and collecting state links
[2026-03-26 20:11:37.777] [warning] [sddp_method.cpp:1158] SDDP: could not load boundary cuts: Cannot open boundary cuts file for reading: gtopt_case_2y/boundary_cuts.csv
[2026-03-26 20:11:37.777] [info] [sddp_method.cpp:1238] SDDP: initialization complete (0.24s)
[2026-03-26 20:11:37.777] [info]   SDDPWorkPool initialized: 25 max threads, 98% CPU threshold
[2026-03-26 20:11:37.777] [info]   SDDPWorkPool started
[2026-03-26 20:11:37.777] [info]   SolverWorkPool initialized: 25 max threads, 98% CPU threshold
[2026-03-26 20:11:37.777] [info]   SolverWorkPool started
[2026-03-26 20:11:37.777] [info] [sddp_iteration.cpp:67] SDDP: work pools created (0.00s)
[2026-03-26 20:11:37.777] [info] [sddp_iteration.cpp:102] SDDP: === iteration 0 / 99 ===
[2026-03-26 20:11:44.113] [warning] [sddp_forward_pass.cpp:200] SDDP forward: iter 0 scene 1 phase 9 non-optimal (status 2), trying elastic solve
[2026-03-26 20:11:44.345] [info] [sddp_forward_pass.cpp:237] SDDP forward: scene 1 phase 9 elastic solve ok, obj=268655.4749 alpha=0.0000 opex=268655.4749 [infeas_count=1]
[2026-03-26 20:11:55.756] [warning] [sddp_forward_pass.cpp:200] SDDP forward: iter 0 scene 1 phase 25 non-optimal (status 2), trying elastic solve
[2026-03-26 20:11:55.924] [warning] LP file 'results/logs/error_scene_1_phase_25' not saved: row names are not available. Set names_level >= only_cols to enable LP file output.
[2026-03-26 20:11:55.924] [warning] [sddp_method.cpp:1287] SDDP forward: scene 0 failed: SDDP forward pass failed at scene 0 phase 24 (status 2)
[2026-03-26 20:11:56.151] [info]   WorkPool shutdown complete
[2026-03-26 20:11:56.151] [info]   WorkPool shutdown complete
[2026-03-26 20:11:56.235] [info]   Optimization time 20.030s
[2026-03-26 20:11:56.235] [warning] Solver did not find an optimal solution: SDDP: all scenes infeasible in forward pass (code=1)
[2026-03-26 20:11:56.235] [error]   Solver options used: algorithm=barrier, threads=2, presolve=true, optimal_eps=(default), feasible_eps=(default), barrier_eps=(default), log_level=0
[2026-03-26 20:11:56.235] [info] === Solution statistics ===
[2026-03-26 20:11:56.235] [info]   Status          : non-optimal
