[2026-03-24 23:21:56.581] [info] trace log file: output/logs/trace_10.log
[2026-03-24 23:21:56.581] [info]   Parsing input file gtopt_case_2y.json
[2026-03-24 23:21:56.622] [info]   Parse all input files time 0.041s
[2026-03-24 23:21:56.622] [info] Output compression codec: zstd
[2026-03-24 23:21:56.625] [info] Planning validation passed
[2026-03-24 23:21:56.625] [info] === System statistics ===
[2026-03-24 23:21:56.625] [info]   System name     : gtopt_case_2y
[2026-03-24 23:21:56.625] [info]   System version  : 
[2026-03-24 23:21:56.625] [info] === System elements  ===
[2026-03-24 23:21:56.625] [info]   Buses           : 236
[2026-03-24 23:21:56.625] [info]   Generators      : 1715
[2026-03-24 23:21:56.625] [info]   Generator profs : 0
[2026-03-24 23:21:56.625] [info]   Demands         : 138
[2026-03-24 23:21:56.625] [info]   Demand profs    : 0
[2026-03-24 23:21:56.625] [info]   Lines           : 330
[2026-03-24 23:21:56.625] [info]   Batteries       : 25
[2026-03-24 23:21:56.625] [info]   Converters      : 0
[2026-03-24 23:21:56.625] [info]   Reserve zones   : 0
[2026-03-24 23:21:56.625] [info]   Reserve provisions   : 0
[2026-03-24 23:21:56.625] [info]   Junctions       : 100
[2026-03-24 23:21:56.625] [info]   Waterways       : 136
[2026-03-24 23:21:56.625] [info]   Flows           : 160
[2026-03-24 23:21:56.625] [info]   Reservoirs      : 10
[2026-03-24 23:21:56.625] [info]   ReservoirSeepages     : 0
[2026-03-24 23:21:56.625] [info]   Turbines        : 170
[2026-03-24 23:21:56.625] [info] === Simulation statistics ===
[2026-03-24 23:21:56.625] [info]   Blocks          : 510
[2026-03-24 23:21:56.625] [info]   Stages          : 51
[2026-03-24 23:21:56.625] [info]   Scenarios       : 1
[2026-03-24 23:21:56.625] [info] === Key options ===
[2026-03-24 23:21:56.625] [info]   use_kirchhoff   : false
[2026-03-24 23:21:56.625] [info]   use_single_bus  : false
[2026-03-24 23:21:56.625] [info]   scale_objective : 1000
[2026-03-24 23:21:56.625] [info]   demand_fail_cost: 1000
[2026-03-24 23:21:56.625] [info]   input_directory : .
[2026-03-24 23:21:56.625] [info]   output_directory: results
[2026-03-24 23:21:56.625] [info]   output_format   : parquet
[2026-03-24 23:21:56.625] [info] === Building LP model ===
[2026-03-24 23:21:56.627] [info] [planning_lp.cpp:44]   Building LP: 1 scene(s) × 51 phase(s)
[2026-03-24 23:21:56.628] [info]   SolverWorkPool initialized: 25 max threads, 98% CPU threshold
[2026-03-24 23:21:56.628] [info]   SolverWorkPool started
[2026-03-24 23:22:16.041] [info] [planning_lp.cpp:105]   Building LP done in 19.413s
[2026-03-24 23:22:16.041] [info]   WorkPool shutdown complete
[2026-03-24 23:22:16.041] [info]   Build lp time 19.416s
[2026-03-24 23:22:16.042] [info]   LP coefficient analysis: 51 LP(s), global |coeff| [6.667e-06, 6.420e+01], ratio=9.63e+06 (fair)
[2026-03-24 23:22:16.042] [info] build_lp: all LP matrices built, skipping solve
