[2026-03-26 08:56:16.472] [info] trace log file: output/logs/trace_16.log
[2026-03-26 08:56:16.472] [info]   Parsing input file /tmp/test_bc_no_ap.json
[2026-03-26 08:56:16.515] [info]   Parse all input files time 0.043s
[2026-03-26 08:56:16.515] [info] Output compression codec: zstd
[2026-03-26 08:56:16.519] [info] Planning validation passed
[2026-03-26 08:56:16.519] [info] === System statistics ===
[2026-03-26 08:56:16.519] [info]   System name     : gtopt_case_2y
[2026-03-26 08:56:16.519] [info]   System version  : 
[2026-03-26 08:56:16.519] [info] === System elements  ===
[2026-03-26 08:56:16.519] [info]   Buses           : 236
[2026-03-26 08:56:16.519] [info]   Generators      : 1715
[2026-03-26 08:56:16.519] [info]   Generator profs : 0
[2026-03-26 08:56:16.519] [info]   Demands         : 138
[2026-03-26 08:56:16.519] [info]   Demand profs    : 0
[2026-03-26 08:56:16.519] [info]   Lines           : 330
[2026-03-26 08:56:16.519] [info]   Batteries       : 25
[2026-03-26 08:56:16.519] [info]   Converters      : 0
[2026-03-26 08:56:16.519] [info]   Reserve zones   : 0
[2026-03-26 08:56:16.519] [info]   Reserve provisions   : 0
[2026-03-26 08:56:16.519] [info]   Junctions       : 100
[2026-03-26 08:56:16.519] [info]   Waterways       : 136
[2026-03-26 08:56:16.519] [info]   Flows           : 160
[2026-03-26 08:56:16.519] [info]   Reservoirs      : 10
[2026-03-26 08:56:16.519] [info]   ReservoirSeepages     : 3
[2026-03-26 08:56:16.519] [info]   Turbines        : 170
[2026-03-26 08:56:16.519] [info] === Simulation statistics ===
[2026-03-26 08:56:16.519] [info]   Blocks          : 510
[2026-03-26 08:56:16.519] [info]   Stages          : 51
[2026-03-26 08:56:16.519] [info]   Scenarios       : 1
[2026-03-26 08:56:16.519] [info] === Key options ===
[2026-03-26 08:56:16.519] [info]   use_kirchhoff   : false
[2026-03-26 08:56:16.519] [info]   use_single_bus  : false
[2026-03-26 08:56:16.519] [info]   scale_objective : 1000
[2026-03-26 08:56:16.519] [info]   demand_fail_cost: 1000
[2026-03-26 08:56:16.519] [info]   input_directory : .
[2026-03-26 08:56:16.519] [info]   output_directory: results
[2026-03-26 08:56:16.519] [info]   output_format   : parquet
[2026-03-26 08:56:16.519] [info] === Building LP model ===
[2026-03-26 08:56:16.521] [info] [planning_lp.cpp:44]   Building LP: 1 scene(s) × 51 phase(s)
[2026-03-26 08:56:16.521] [info]   SolverWorkPool initialized: 25 max threads, 98% CPU threshold
[2026-03-26 08:56:16.521] [info]   SolverWorkPool started
[2026-03-26 08:56:28.556] [info] [planning_lp.cpp:105]   Building LP done in 12.035s
[2026-03-26 08:56:28.557] [info]   WorkPool shutdown complete
[2026-03-26 08:56:28.557] [info]   Build lp time 12.038s
[2026-03-26 08:56:28.557] [info]   LP coefficient analysis: 51 LP(s), global |coeff| [6.667e-06, 6.420e+01], ratio=9.63e+06 (fair)
[2026-03-26 08:56:28.557] [info] === System optimization ===
[2026-03-26 08:56:28.557] [info] [sddp_method.cpp:1792] SDDPMethod: starting 1 scene(s) × 51 phase(s)
[2026-03-26 08:56:28.557] [info] [sddp_method.cpp:1051] SDDP: initializing solver (no initial solve pass)
[2026-03-26 08:56:28.557] [info] [sddp_method.cpp:1063] SDDP: 1 scene(s), 51 phase(s)
[2026-03-26 08:56:28.557] [info] [sddp_method.cpp:1072] SDDP: adding alpha variables and collecting state links
[2026-03-26 08:56:28.773] [info] [sddp_method.cpp:1232] SDDP: initialization complete (0.22s)
[2026-03-26 08:56:28.773] [info]   SDDPWorkPool initialized: 25 max threads, 98% CPU threshold
[2026-03-26 08:56:28.774] [info]   SDDPWorkPool started
[2026-03-26 08:56:28.774] [info]   SolverWorkPool initialized: 25 max threads, 98% CPU threshold
[2026-03-26 08:56:28.774] [info]   SolverWorkPool started
[2026-03-26 08:56:28.774] [info] [sddp_iteration.cpp:67] SDDP: work pools created (0.00s)
[2026-03-26 08:56:28.774] [info] [sddp_iteration.cpp:102] SDDP: === iteration 0 / 0 ===
[2026-03-26 08:56:28.795] [info] [sddp_forward_pass.cpp:90] SDDP forward: scene 1 iter 0 solver_opts: algo=barrier threads=2 presolve=true reuse_basis=false time_limit=180 solve_timeout=0.0 warm_start=true
[2026-03-26 08:56:29.557] [info] [sddp_forward_pass.cpp:158] SDDP forward: iter 0 scene 1 phase 1 → status=0
[2026-03-26 08:56:30.393] [info] [sddp_forward_pass.cpp:158] SDDP forward: iter 0 scene 1 phase 2 → status=0
[2026-03-26 08:56:31.256] [info] [sddp_forward_pass.cpp:158] SDDP forward: iter 0 scene 1 phase 3 → status=0
[2026-03-26 08:56:31.930] [info] [sddp_forward_pass.cpp:158] SDDP forward: iter 0 scene 1 phase 4 → status=0
[2026-03-26 08:56:32.576] [info] [sddp_forward_pass.cpp:158] SDDP forward: iter 0 scene 1 phase 5 → status=0
[2026-03-26 08:56:33.192] [info] [sddp_forward_pass.cpp:158] SDDP forward: iter 0 scene 1 phase 6 → status=0
[2026-03-26 08:56:33.928] [info] [sddp_forward_pass.cpp:158] SDDP forward: iter 0 scene 1 phase 7 → status=0
[2026-03-26 08:56:34.801] [info] [sddp_forward_pass.cpp:158] SDDP forward: iter 0 scene 1 phase 8 → status=0
[2026-03-26 08:56:35.928] [info] [sddp_forward_pass.cpp:158] SDDP forward: iter 0 scene 1 phase 9 → status=2
[2026-03-26 08:56:35.928] [warning] [sddp_forward_pass.cpp:227] SDDP forward: iter 0 scene 1 phase 9 non-optimal (status 2), trying elastic solve
[2026-03-26 08:56:36.331] [info] [sddp_forward_pass.cpp:264] SDDP forward: scene 1 phase 9 elastic solve ok, obj=268655.4749 alpha=0.0000 opex=268655.4749 [infeas_count=1]
[2026-03-26 08:56:37.266] [info] [sddp_forward_pass.cpp:158] SDDP forward: iter 0 scene 1 phase 10 → status=0
[2026-03-26 08:56:38.229] [info] [sddp_forward_pass.cpp:158] SDDP forward: iter 0 scene 1 phase 11 → status=0
[2026-03-26 08:56:39.176] [info] [sddp_forward_pass.cpp:158] SDDP forward: iter 0 scene 1 phase 12 → status=0
[2026-03-26 08:56:40.093] [info] [sddp_forward_pass.cpp:158] SDDP forward: iter 0 scene 1 phase 13 → status=0
[2026-03-26 08:56:40.960] [info] [sddp_forward_pass.cpp:158] SDDP forward: iter 0 scene 1 phase 14 → status=0
[2026-03-26 08:56:41.765] [info] [sddp_forward_pass.cpp:158] SDDP forward: iter 0 scene 1 phase 15 → status=0
[2026-03-26 08:56:42.663] [info] [sddp_forward_pass.cpp:158] SDDP forward: iter 0 scene 1 phase 16 → status=0
[2026-03-26 08:56:43.532] [info] [sddp_forward_pass.cpp:158] SDDP forward: iter 0 scene 1 phase 17 → status=0
[2026-03-26 08:56:43.027] [info] [sddp_forward_pass.cpp:158] SDDP forward: iter 0 scene 1 phase 18 → status=0
[2026-03-26 08:56:43.717] [info] [sddp_forward_pass.cpp:158] SDDP forward: iter 0 scene 1 phase 19 → status=0
[2026-03-26 08:56:44.401] [info] [sddp_forward_pass.cpp:158] SDDP forward: iter 0 scene 1 phase 20 → status=0
[2026-03-26 08:56:45.319] [info] [sddp_forward_pass.cpp:158] SDDP forward: iter 0 scene 1 phase 21 → status=0
[2026-03-26 08:56:46.270] [info] [sddp_forward_pass.cpp:158] SDDP forward: iter 0 scene 1 phase 22 → status=0
[2026-03-26 08:56:47.424] [info] [sddp_forward_pass.cpp:158] SDDP forward: iter 0 scene 1 phase 23 → status=0
[2026-03-26 08:56:48.258] [info] [sddp_forward_pass.cpp:158] SDDP forward: iter 0 scene 1 phase 24 → status=0
[2026-03-26 08:56:49.230] [info] [sddp_forward_pass.cpp:158] SDDP forward: iter 0 scene 1 phase 25 → status=2
[2026-03-26 08:56:49.230] [warning] [sddp_forward_pass.cpp:227] SDDP forward: iter 0 scene 1 phase 25 non-optimal (status 2), trying elastic solve
[2026-03-26 08:56:49.395] [warning] LP file 'results/logs/error_scene_1_phase_25' not saved: row names are not available. Set names_level >= only_cols to enable LP file output.
[2026-03-26 08:56:49.395] [warning] [sddp_method.cpp:1281] SDDP forward: scene 0 failed: SDDP forward pass failed at scene 0 phase 24 (status 2)
[2026-03-26 08:56:49.545] [info]   WorkPool shutdown complete
[2026-03-26 08:56:49.545] [info]   WorkPool shutdown complete
[2026-03-26 08:56:49.545] [info]   Optimization time 22.266s
[2026-03-26 08:56:49.545] [warning] Solver did not find an optimal solution: SDDP: all scenes infeasible in forward pass (code=1)
[2026-03-26 08:56:49.545] [error]   Solver options used: algorithm=barrier, threads=2, presolve=true, optimal_eps=(default), feasible_eps=(default), barrier_eps=(default), log_level=0
[2026-03-26 08:56:49.545] [info] === Solution statistics ===
[2026-03-26 08:56:49.545] [info]   Status          : non-optimal
