[2026-03-26 08:54:02.044] [info] trace log file: output/logs/trace_14.log
[2026-03-26 08:54:02.045] [info]   Parsing input file /tmp/test_bc_no_ap.json
[2026-03-26 08:54:02.085] [info]   Parse all input files time 0.041s
[2026-03-26 08:54:02.085] [info] Output compression codec: zstd
[2026-03-26 08:54:02.088] [info] Planning validation passed
[2026-03-26 08:54:02.088] [info] === System statistics ===
[2026-03-26 08:54:02.088] [info]   System name     : gtopt_case_2y
[2026-03-26 08:54:02.088] [info]   System version  : 
[2026-03-26 08:54:02.088] [info] === System elements  ===
[2026-03-26 08:54:02.088] [info]   Buses           : 236
[2026-03-26 08:54:02.088] [info]   Generators      : 1715
[2026-03-26 08:54:02.088] [info]   Generator profs : 0
[2026-03-26 08:54:02.088] [info]   Demands         : 138
[2026-03-26 08:54:02.088] [info]   Demand profs    : 0
[2026-03-26 08:54:02.088] [info]   Lines           : 330
[2026-03-26 08:54:02.088] [info]   Batteries       : 25
[2026-03-26 08:54:02.088] [info]   Converters      : 0
[2026-03-26 08:54:02.088] [info]   Reserve zones   : 0
[2026-03-26 08:54:02.088] [info]   Reserve provisions   : 0
[2026-03-26 08:54:02.088] [info]   Junctions       : 100
[2026-03-26 08:54:02.089] [info]   Waterways       : 136
[2026-03-26 08:54:02.089] [info]   Flows           : 160
[2026-03-26 08:54:02.089] [info]   Reservoirs      : 10
[2026-03-26 08:54:02.089] [info]   ReservoirSeepages     : 3
[2026-03-26 08:54:02.089] [info]   Turbines        : 170
[2026-03-26 08:54:02.089] [info] === Simulation statistics ===
[2026-03-26 08:54:02.089] [info]   Blocks          : 510
[2026-03-26 08:54:02.089] [info]   Stages          : 51
[2026-03-26 08:54:02.089] [info]   Scenarios       : 1
[2026-03-26 08:54:02.089] [info] === Key options ===
[2026-03-26 08:54:02.089] [info]   use_kirchhoff   : false
[2026-03-26 08:54:02.089] [info]   use_single_bus  : false
[2026-03-26 08:54:02.089] [info]   scale_objective : 1000
[2026-03-26 08:54:02.089] [info]   demand_fail_cost: 1000
[2026-03-26 08:54:02.089] [info]   input_directory : .
[2026-03-26 08:54:02.089] [info]   output_directory: results
[2026-03-26 08:54:02.089] [info]   output_format   : parquet
[2026-03-26 08:54:02.089] [info] === Building LP model ===
[2026-03-26 08:54:02.091] [info] [planning_lp.cpp:44]   Building LP: 1 scene(s) × 51 phase(s)
[2026-03-26 08:54:02.091] [info]   SolverWorkPool initialized: 25 max threads, 98% CPU threshold
[2026-03-26 08:54:02.091] [info]   SolverWorkPool started
[2026-03-26 08:54:24.136] [info] [planning_lp.cpp:105]   Building LP done in 22.045s
[2026-03-26 08:54:24.137] [info]   WorkPool shutdown complete
[2026-03-26 08:54:24.137] [info]   Build lp time 22.048s
[2026-03-26 08:54:24.137] [info]   LP coefficient analysis: 51 LP(s), global |coeff| [6.667e-06, 6.420e+01], ratio=9.63e+06 (fair)
[2026-03-26 08:54:24.137] [info] === System optimization ===
[2026-03-26 08:54:24.137] [info] [sddp_method.cpp:1782] SDDPMethod: starting 1 scene(s) × 51 phase(s)
[2026-03-26 08:54:24.137] [info] [sddp_method.cpp:1051] SDDP: initializing solver (no initial solve pass)
[2026-03-26 08:54:24.137] [info] [sddp_method.cpp:1063] SDDP: 1 scene(s), 51 phase(s)
[2026-03-26 08:54:24.137] [info] [sddp_method.cpp:1072] SDDP: adding alpha variables and collecting state links
[2026-03-26 08:54:24.464] [warning] [sddp_method.cpp:1148] SDDP: could not load boundary cuts: Cannot open boundary cuts file for reading: gtopt_case_2y/boundary_cuts.csv
[2026-03-26 08:54:24.464] [info] [sddp_method.cpp:1222] SDDP: initialization complete (0.33s)
[2026-03-26 08:54:24.464] [info]   SDDPWorkPool initialized: 25 max threads, 98% CPU threshold
[2026-03-26 08:54:24.464] [info]   SDDPWorkPool started
[2026-03-26 08:54:24.464] [info]   SolverWorkPool initialized: 25 max threads, 98% CPU threshold
[2026-03-26 08:54:24.464] [info]   SolverWorkPool started
[2026-03-26 08:54:24.465] [info] [sddp_iteration.cpp:67] SDDP: work pools created (0.00s)
[2026-03-26 08:54:24.465] [info] [sddp_iteration.cpp:97] SDDP: === iteration 0 / 0 ===
[2026-03-26 08:54:30.742] [warning] [sddp_forward_pass.cpp:200] SDDP forward: iter 0 scene 1 phase 9 non-optimal (status 2), trying elastic solve
[2026-03-26 08:54:31.163] [info] [sddp_forward_pass.cpp:237] SDDP forward: scene 1 phase 9 elastic solve ok, obj=268655.4749 alpha=0.0000 opex=268655.4749 [infeas_count=1]
[2026-03-26 08:54:48.290] [warning] [sddp_forward_pass.cpp:200] SDDP forward: iter 0 scene 1 phase 25 non-optimal (status 2), trying elastic solve
[2026-03-26 08:54:48.440] [warning] LP file 'results/logs/error_scene_1_phase_25' not saved: row names are not available. Set use_lp_names >= 1 to enable LP file output.
[2026-03-26 08:54:48.440] [warning] [sddp_method.cpp:1271] SDDP forward: scene 0 failed: SDDP forward pass failed at scene 0 phase 24 (status 2)
[2026-03-26 08:54:48.452] [info]   WorkPool shutdown complete
[2026-03-26 08:54:48.452] [info]   WorkPool shutdown complete
[2026-03-26 08:54:48.452] [info]   Optimization time 25.615s
[2026-03-26 08:54:48.452] [warning] Solver did not find an optimal solution: SDDP: all scenes infeasible in forward pass (code=1)
[2026-03-26 08:54:48.452] [error]   Solver options used: algorithm=barrier, threads=0, presolve=true, optimal_eps=(default), feasible_eps=(default), barrier_eps=(default), log_level=0
[2026-03-26 08:54:48.452] [info] === Solution statistics ===
[2026-03-26 08:54:48.452] [info]   Status          : non-optimal
