[2026-03-26 08:55:19.823] [info] trace log file: output/logs/trace_15.log
[2026-03-26 08:55:19.824] [info]   Parsing input file /tmp/test_bc_no_ap.json
[2026-03-26 08:55:19.865] [info]   Parse all input files time 0.042s
[2026-03-26 08:55:19.866] [info] Output compression codec: zstd
[2026-03-26 08:55:19.869] [info] Planning validation passed
[2026-03-26 08:55:19.869] [info] === System statistics ===
[2026-03-26 08:55:19.869] [info]   System name     : gtopt_case_2y
[2026-03-26 08:55:19.869] [info]   System version  : 
[2026-03-26 08:55:19.869] [info] === System elements  ===
[2026-03-26 08:55:19.869] [info]   Buses           : 236
[2026-03-26 08:55:19.869] [info]   Generators      : 1715
[2026-03-26 08:55:19.869] [info]   Generator profs : 0
[2026-03-26 08:55:19.869] [info]   Demands         : 138
[2026-03-26 08:55:19.869] [info]   Demand profs    : 0
[2026-03-26 08:55:19.869] [info]   Lines           : 330
[2026-03-26 08:55:19.869] [info]   Batteries       : 25
[2026-03-26 08:55:19.869] [info]   Converters      : 0
[2026-03-26 08:55:19.869] [info]   Reserve zones   : 0
[2026-03-26 08:55:19.869] [info]   Reserve provisions   : 0
[2026-03-26 08:55:19.869] [info]   Junctions       : 100
[2026-03-26 08:55:19.869] [info]   Waterways       : 136
[2026-03-26 08:55:19.869] [info]   Flows           : 160
[2026-03-26 08:55:19.869] [info]   Reservoirs      : 10
[2026-03-26 08:55:19.869] [info]   ReservoirSeepages     : 3
[2026-03-26 08:55:19.869] [info]   Turbines        : 170
[2026-03-26 08:55:19.869] [info] === Simulation statistics ===
[2026-03-26 08:55:19.869] [info]   Blocks          : 510
[2026-03-26 08:55:19.869] [info]   Stages          : 51
[2026-03-26 08:55:19.869] [info]   Scenarios       : 1
[2026-03-26 08:55:19.869] [info] === Key options ===
[2026-03-26 08:55:19.869] [info]   use_kirchhoff   : false
[2026-03-26 08:55:19.869] [info]   use_single_bus  : false
[2026-03-26 08:55:19.869] [info]   scale_objective : 1000
[2026-03-26 08:55:19.869] [info]   demand_fail_cost: 1000
[2026-03-26 08:55:19.869] [info]   input_directory : .
[2026-03-26 08:55:19.869] [info]   output_directory: results
[2026-03-26 08:55:19.869] [info]   output_format   : parquet
[2026-03-26 08:55:19.869] [info] === Building LP model ===
[2026-03-26 08:55:19.871] [info] [planning_lp.cpp:44]   Building LP: 1 scene(s) × 51 phase(s)
[2026-03-26 08:55:19.872] [info]   SolverWorkPool initialized: 25 max threads, 98% CPU threshold
[2026-03-26 08:55:19.872] [info]   SolverWorkPool started
[2026-03-26 08:55:40.172] [info] [planning_lp.cpp:105]   Building LP done in 21.700s
[2026-03-26 08:55:40.173] [info]   WorkPool shutdown complete
[2026-03-26 08:55:40.173] [info]   Build lp time 21.703s
[2026-03-26 08:55:40.173] [info]   LP coefficient analysis: 51 LP(s), global |coeff| [6.667e-06, 6.420e+01], ratio=9.63e+06 (fair)
[2026-03-26 08:55:40.173] [info] === System optimization ===
[2026-03-26 08:55:40.173] [info] [sddp_method.cpp:1782] SDDPMethod: starting 1 scene(s) × 51 phase(s)
[2026-03-26 08:55:40.173] [info] [sddp_method.cpp:1051] SDDP: initializing solver (no initial solve pass)
[2026-03-26 08:55:40.173] [info] [sddp_method.cpp:1063] SDDP: 1 scene(s), 51 phase(s)
[2026-03-26 08:55:40.173] [info] [sddp_method.cpp:1072] SDDP: adding alpha variables and collecting state links
[2026-03-26 08:55:40.587] [warning] [sddp_cut_io.cpp:796] Boundary cuts: state variable 'CANUTILLAR' not found in the current model (it may have been removed or renamed since the cuts were saved); its coefficients will be ignored in the loaded cuts
[2026-03-26 08:55:40.587] [warning] [sddp_cut_io.cpp:796] Boundary cuts: state variable 'PILMAIQUEN' not found in the current model (it may have been removed or renamed since the cuts were saved); its coefficients will be ignored in the loaded cuts
[2026-03-26 08:55:40.612] [info] [sddp_cut_io.cpp:956] SDDP: loaded 35 boundary cuts from boundary_cuts.csv (mode=separated, max_iters=0)
[2026-03-26 08:55:40.612] [info] [sddp_method.cpp:1145] SDDP: loaded 35 boundary cuts from boundary_cuts.csv (max_iter=36)
[2026-03-26 08:55:40.612] [info] [sddp_method.cpp:1170] SDDP: iteration offset set to 36 from hot-start cuts
[2026-03-26 08:55:40.613] [info] [sddp_method.cpp:1222] SDDP: initialization complete (0.44s)
[2026-03-26 08:55:40.613] [info]   SDDPWorkPool initialized: 25 max threads, 98% CPU threshold
[2026-03-26 08:55:40.613] [info]   SDDPWorkPool started
[2026-03-26 08:55:40.613] [info]   SolverWorkPool initialized: 25 max threads, 98% CPU threshold
[2026-03-26 08:55:40.613] [info]   SolverWorkPool started
[2026-03-26 08:55:40.613] [info] [sddp_iteration.cpp:67] SDDP: work pools created (0.00s)
[2026-03-26 08:55:40.613] [info] [sddp_iteration.cpp:97] SDDP: === iteration 36 / 36 ===
[2026-03-26 08:55:48.846] [warning] [sddp_forward_pass.cpp:200] SDDP forward: iter 36 scene 1 phase 9 non-optimal (status 2), trying elastic solve
[2026-03-26 08:55:49.269] [info] [sddp_forward_pass.cpp:237] SDDP forward: scene 1 phase 9 elastic solve ok, obj=268655.4749 alpha=0.0000 opex=268655.4749 [infeas_count=1]
[2026-03-26 08:56:05.745] [warning] [sddp_forward_pass.cpp:200] SDDP forward: iter 36 scene 1 phase 25 non-optimal (status 2), trying elastic solve
[2026-03-26 08:56:05.909] [warning] LP file 'results/logs/error_scene_1_phase_25' not saved: row names are not available. Set use_lp_names >= 1 to enable LP file output.
[2026-03-26 08:56:05.910] [warning] [sddp_method.cpp:1271] SDDP forward: scene 0 failed: SDDP forward pass failed at scene 0 phase 24 (status 2)
[2026-03-26 08:56:06.062] [info]   WorkPool shutdown complete
[2026-03-26 08:56:06.063] [info]   WorkPool shutdown complete
[2026-03-26 08:56:06.063] [info]   Optimization time 25.890s
[2026-03-26 08:56:06.063] [warning] Solver did not find an optimal solution: SDDP: all scenes infeasible in forward pass (code=1)
[2026-03-26 08:56:06.063] [error]   Solver options used: algorithm=barrier, threads=0, presolve=true, optimal_eps=(default), feasible_eps=(default), barrier_eps=(default), log_level=0
[2026-03-26 08:56:06.063] [info] === Solution statistics ===
[2026-03-26 08:56:06.063] [info]   Status          : non-optimal
