[2026-03-26 09:03:39.301] [info] trace log file: output/logs/trace_17.log
[2026-03-26 09:03:39.302] [info]   Parsing input file /tmp/test_bc_no_ap.json
[2026-03-26 09:03:39.343] [info]   Parse all input files time 0.042s
[2026-03-26 09:03:39.344] [info] Output compression codec: zstd
[2026-03-26 09:03:39.347] [info] Planning validation passed
[2026-03-26 09:03:39.347] [info] === System statistics ===
[2026-03-26 09:03:39.347] [info]   System name     : gtopt_case_2y
[2026-03-26 09:03:39.347] [info]   System version  : 
[2026-03-26 09:03:39.347] [info] === System elements  ===
[2026-03-26 09:03:39.347] [info]   Buses           : 236
[2026-03-26 09:03:39.347] [info]   Generators      : 1715
[2026-03-26 09:03:39.347] [info]   Generator profs : 0
[2026-03-26 09:03:39.347] [info]   Demands         : 138
[2026-03-26 09:03:39.347] [info]   Demand profs    : 0
[2026-03-26 09:03:39.347] [info]   Lines           : 330
[2026-03-26 09:03:39.347] [info]   Batteries       : 25
[2026-03-26 09:03:39.347] [info]   Converters      : 0
[2026-03-26 09:03:39.347] [info]   Reserve zones   : 0
[2026-03-26 09:03:39.347] [info]   Reserve provisions   : 0
[2026-03-26 09:03:39.347] [info]   Junctions       : 100
[2026-03-26 09:03:39.347] [info]   Waterways       : 136
[2026-03-26 09:03:39.347] [info]   Flows           : 160
[2026-03-26 09:03:39.347] [info]   Reservoirs      : 10
[2026-03-26 09:03:39.347] [info]   ReservoirSeepages     : 3
[2026-03-26 09:03:39.347] [info]   Turbines        : 170
[2026-03-26 09:03:39.347] [info] === Simulation statistics ===
[2026-03-26 09:03:39.347] [info]   Blocks          : 510
[2026-03-26 09:03:39.347] [info]   Stages          : 51
[2026-03-26 09:03:39.347] [info]   Scenarios       : 1
[2026-03-26 09:03:39.347] [info] === Key options ===
[2026-03-26 09:03:39.347] [info]   use_kirchhoff   : false
[2026-03-26 09:03:39.347] [info]   use_single_bus  : false
[2026-03-26 09:03:39.347] [info]   scale_objective : 1000
[2026-03-26 09:03:39.347] [info]   demand_fail_cost: 1000
[2026-03-26 09:03:39.347] [info]   input_directory : .
[2026-03-26 09:03:39.347] [info]   output_directory: results
[2026-03-26 09:03:39.347] [info]   output_format   : parquet
[2026-03-26 09:03:39.347] [info] === Building LP model ===
[2026-03-26 09:03:39.349] [info] [planning_lp.cpp:44]   Building LP: 1 scene(s) × 51 phase(s)
[2026-03-26 09:03:39.349] [info]   SolverWorkPool initialized: 25 max threads, 98% CPU threshold
[2026-03-26 09:03:39.349] [info]   SolverWorkPool started
[2026-03-26 09:03:52.359] [info] [planning_lp.cpp:105]   Building LP done in 13.010s
[2026-03-26 09:03:52.360] [info]   WorkPool shutdown complete
[2026-03-26 09:03:52.360] [info]   Build lp time 13.013s
[2026-03-26 09:03:52.360] [info]   LP coefficient analysis: 51 LP(s), global |coeff| [6.667e-06, 6.420e+01], ratio=9.63e+06 (fair)
[2026-03-26 09:03:52.360] [info] === System optimization ===
[2026-03-26 09:03:52.360] [info] [sddp_method.cpp:1794] SDDPMethod: starting 1 scene(s) × 51 phase(s)
[2026-03-26 09:03:52.360] [info] [sddp_method.cpp:1051] SDDP: initializing solver (no initial solve pass)
[2026-03-26 09:03:52.360] [info] [sddp_method.cpp:1063] SDDP: 1 scene(s), 51 phase(s)
[2026-03-26 09:03:52.360] [info] [sddp_method.cpp:1072] SDDP: adding alpha variables and collecting state links
[2026-03-26 09:03:52.581] [warning] [sddp_cut_io.cpp:800] Boundary cuts: state variable 'CANUTILLAR' not found in the current model (it may have been removed or renamed since the cuts were saved); its coefficients will be ignored in the loaded cuts
[2026-03-26 09:03:52.581] [warning] [sddp_cut_io.cpp:800] Boundary cuts: state variable 'PILMAIQUEN' not found in the current model (it may have been removed or renamed since the cuts were saved); its coefficients will be ignored in the loaded cuts
[2026-03-26 09:03:52.610] [info] [sddp_cut_io.cpp:960] SDDP: loaded 35 boundary cuts from boundary_cuts.csv (mode=separated, max_iters=0)
[2026-03-26 09:03:52.610] [info] [sddp_method.cpp:1151] SDDP: loaded 35 boundary cuts from boundary_cuts.csv (max_iter=36)
[2026-03-26 09:03:52.610] [info] [sddp_method.cpp:1177] SDDP: iteration offset set to 36 from hot-start cuts
[2026-03-26 09:03:52.610] [info] [sddp_method.cpp:1234] SDDP: initialization complete (0.25s)
[2026-03-26 09:03:52.610] [info]   SDDPWorkPool initialized: 25 max threads, 98% CPU threshold
[2026-03-26 09:03:52.610] [info]   SDDPWorkPool started
[2026-03-26 09:03:52.610] [info]   SolverWorkPool initialized: 25 max threads, 98% CPU threshold
[2026-03-26 09:03:52.610] [info]   SolverWorkPool started
[2026-03-26 09:03:52.610] [info] [sddp_iteration.cpp:67] SDDP: work pools created (0.00s)
[2026-03-26 09:03:52.610] [info] [sddp_iteration.cpp:102] SDDP: === iteration 36 / 36 ===
[2026-03-26 09:03:52.631] [info] [sddp_forward_pass.cpp:86] SDDP forward: scene 1 iter 36 solver_opts: algo=barrier threads=2 presolve=true reuse_basis=false time_limit=-1 solve_timeout=0.0 warm_start=true
[2026-03-26 09:03:53.543] [info] [sddp_forward_pass.cpp:154] SDDP forward: iter 36 scene 1 phase 1 → status=0
[2026-03-26 09:03:54.248] [info] [sddp_forward_pass.cpp:154] SDDP forward: iter 36 scene 1 phase 2 → status=0
[2026-03-26 09:03:54.901] [info] [sddp_forward_pass.cpp:154] SDDP forward: iter 36 scene 1 phase 3 → status=0
[2026-03-26 09:03:55.519] [info] [sddp_forward_pass.cpp:154] SDDP forward: iter 36 scene 1 phase 4 → status=0
[2026-03-26 09:03:56.141] [info] [sddp_forward_pass.cpp:154] SDDP forward: iter 36 scene 1 phase 5 → status=0
[2026-03-26 09:03:56.744] [info] [sddp_forward_pass.cpp:154] SDDP forward: iter 36 scene 1 phase 6 → status=0
[2026-03-26 09:03:56.415] [info] [sddp_forward_pass.cpp:154] SDDP forward: iter 36 scene 1 phase 7 → status=0
[2026-03-26 09:03:57.658] [info] [sddp_forward_pass.cpp:154] SDDP forward: iter 36 scene 1 phase 8 → status=0
[2026-03-26 09:03:58.885] [info] [sddp_forward_pass.cpp:154] SDDP forward: iter 36 scene 1 phase 9 → status=2
[2026-03-26 09:03:58.885] [warning] [sddp_forward_pass.cpp:223] SDDP forward: iter 36 scene 1 phase 9 non-optimal (status 2), trying elastic solve
[2026-03-26 09:03:59.109] [info] [sddp_forward_pass.cpp:260] SDDP forward: scene 1 phase 9 elastic solve ok, obj=268655.4749 alpha=0.0000 opex=268655.4749 [infeas_count=1]
[2026-03-26 09:04:00.331] [info] [sddp_forward_pass.cpp:154] SDDP forward: iter 36 scene 1 phase 10 → status=0
[2026-03-26 09:04:01.621] [info] [sddp_forward_pass.cpp:154] SDDP forward: iter 36 scene 1 phase 11 → status=0
[2026-03-26 09:04:02.690] [info] [sddp_forward_pass.cpp:154] SDDP forward: iter 36 scene 1 phase 12 → status=0
[2026-03-26 09:04:03.872] [info] [sddp_forward_pass.cpp:154] SDDP forward: iter 36 scene 1 phase 13 → status=0
[2026-03-26 09:04:04.840] [info] [sddp_forward_pass.cpp:154] SDDP forward: iter 36 scene 1 phase 14 → status=0
[2026-03-26 09:04:05.791] [info] [sddp_forward_pass.cpp:154] SDDP forward: iter 36 scene 1 phase 15 → status=0
[2026-03-26 09:04:06.860] [info] [sddp_forward_pass.cpp:154] SDDP forward: iter 36 scene 1 phase 16 → status=0
[2026-03-26 09:04:08.161] [info] [sddp_forward_pass.cpp:154] SDDP forward: iter 36 scene 1 phase 17 → status=0
[2026-03-26 09:04:09.547] [info] [sddp_forward_pass.cpp:154] SDDP forward: iter 36 scene 1 phase 18 → status=0
[2026-03-26 09:04:10.573] [info] [sddp_forward_pass.cpp:154] SDDP forward: iter 36 scene 1 phase 19 → status=0
[2026-03-26 09:04:11.364] [info] [sddp_forward_pass.cpp:154] SDDP forward: iter 36 scene 1 phase 20 → status=0
[2026-03-26 09:04:12.400] [info] [sddp_forward_pass.cpp:154] SDDP forward: iter 36 scene 1 phase 21 → status=0
[2026-03-26 09:04:13.363] [info] [sddp_forward_pass.cpp:154] SDDP forward: iter 36 scene 1 phase 22 → status=0
[2026-03-26 09:04:14.179] [info] [sddp_forward_pass.cpp:154] SDDP forward: iter 36 scene 1 phase 23 → status=0
[2026-03-26 09:04:14.986] [info] [sddp_forward_pass.cpp:154] SDDP forward: iter 36 scene 1 phase 24 → status=0
[2026-03-26 09:04:16.029] [info] [sddp_forward_pass.cpp:154] SDDP forward: iter 36 scene 1 phase 25 → status=2
[2026-03-26 09:04:16.029] [warning] [sddp_forward_pass.cpp:223] SDDP forward: iter 36 scene 1 phase 25 non-optimal (status 2), trying elastic solve
[2026-03-26 09:04:16.269] [warning] LP file 'results/logs/error_scene_1_phase_25' not saved: row names are not available. Set names_level >= only_cols to enable LP file output.
[2026-03-26 09:04:16.270] [warning] [sddp_method.cpp:1283] SDDP forward: scene 0 failed: SDDP forward pass failed at scene 0 phase 24 (status 2)
[2026-03-26 09:04:16.383] [info]   WorkPool shutdown complete
[2026-03-26 09:04:16.384] [info]   WorkPool shutdown complete
[2026-03-26 09:04:16.384] [info]   Optimization time 25.419s
[2026-03-26 09:04:16.384] [warning] Solver did not find an optimal solution: SDDP: all scenes infeasible in forward pass (code=1)
[2026-03-26 09:04:16.384] [error]   Solver options used: algorithm=barrier, threads=2, presolve=true, optimal_eps=(default), feasible_eps=(default), barrier_eps=(default), log_level=0
[2026-03-26 09:04:16.384] [info] === Solution statistics ===
[2026-03-26 09:04:16.384] [info]   Status          : non-optimal
