[2026-03-17 01:46:06.540] [info] trace log file: logs/trace_1.log
[2026-03-17 01:46:06.540] [info]   Parsing input file /home/runner/work/gtopt/gtopt/integration_test/../cases/ieee_4b_ori/ieee_4b_ori.json
[2026-03-17 01:46:06.540] [info]   Parse all input files time 0.001s
[2026-03-17 01:46:06.645] [info] === System statistics ===
[2026-03-17 01:46:06.645] [info]   System name     : ieee_4b_ori
[2026-03-17 01:46:06.645] [info]   System version  : 
[2026-03-17 01:46:06.645] [info] === System elements  ===
[2026-03-17 01:46:06.645] [info]   Buses           : 4
[2026-03-17 01:46:06.645] [info]   Generators      : 2
[2026-03-17 01:46:06.645] [info]   Generator profs : 0
[2026-03-17 01:46:06.645] [info]   Demands         : 2
[2026-03-17 01:46:06.645] [info]   Demand profs    : 0
[2026-03-17 01:46:06.645] [info]   Lines           : 5
[2026-03-17 01:46:06.645] [info]   Batteries       : 0
[2026-03-17 01:46:06.645] [info]   Converters      : 0
[2026-03-17 01:46:06.645] [info]   Reserve zones   : 0
[2026-03-17 01:46:06.645] [info]   Reserve provisions   : 0
[2026-03-17 01:46:06.645] [info]   Junctions       : 0
[2026-03-17 01:46:06.645] [info]   Waterways       : 0
[2026-03-17 01:46:06.645] [info]   Flows           : 0
[2026-03-17 01:46:06.645] [info]   Reservoirs      : 0
[2026-03-17 01:46:06.645] [info]   Filtrations     : 0
[2026-03-17 01:46:06.645] [info]   Turbines        : 0
[2026-03-17 01:46:06.645] [info] === Simulation statistics ===
[2026-03-17 01:46:06.645] [info]   Blocks          : 1
[2026-03-17 01:46:06.645] [info]   Stages          : 1
[2026-03-17 01:46:06.645] [info]   Scenarios       : 1
[2026-03-17 01:46:06.645] [info] === Key options ===
[2026-03-17 01:46:06.645] [info]   use_kirchhoff   : true
[2026-03-17 01:46:06.645] [info]   use_single_bus  : false
[2026-03-17 01:46:06.645] [info]   scale_objective : 1000
[2026-03-17 01:46:06.645] [info]   demand_fail_cost: 1000
[2026-03-17 01:46:06.645] [info]   input_directory : (default)
[2026-03-17 01:46:06.645] [info]   output_directory: (default)
[2026-03-17 01:46:06.645] [info]   output_format   : csv
[2026-03-17 01:46:06.645] [info] === Building LP model ===
[2026-03-17 01:46:06.645] [info] [planning_lp.cpp:44]   Building LP: 1 scene(s) × 1 phase(s)
[2026-03-17 01:46:06.645] [info]   WorkPool initialized with 5 max threads, max CPU threshold: 90%
[2026-03-17 01:46:06.646] [info]   WorkPool started with 5 max threads
[2026-03-17 01:46:06.646] [info]   CPU load: 33.44% 
[2026-03-17 01:46:06.647] [info] [planning_lp.cpp:96]   Building LP done in 0.001s
[2026-03-17 01:46:06.706] [info]   WorkPool shutdown complete
[2026-03-17 01:46:06.706] [info]   Build lp time 0.061s
[2026-03-17 01:46:06.706] [info]   LP coefficient analysis: 1 LP(s), global |coeff| [1.000e+00, 3.000e+01], ratio=3.00e+01 (excellent)
[2026-03-17 01:46:06.706] [info] === System optimization ===
[2026-03-17 01:46:06.706] [info]   WorkPool initialized with 5 max threads, max CPU threshold: 90%
[2026-03-17 01:46:06.706] [info]   WorkPool started with 5 max threads
[2026-03-17 01:46:06.706] [info] [planning_solver.cpp:40] MonolithicSolver: starting 1 scene(s)
[2026-03-17 01:46:06.727] [info] [planning_solver.cpp:101] MonolithicSolver: scene 0 done in 0.000s (1/1)
[2026-03-17 01:46:06.727] [info] [planning_solver.cpp:127] MonolithicSolver: all 1 scene(s) done in 0.021s
[2026-03-17 01:46:07.248] [info]   WorkPool shutdown complete
[2026-03-17 01:46:07.248] [info]   Optimization time 0.542s
[2026-03-17 01:46:07.248] [info] === Solution statistics ===
[2026-03-17 01:46:07.248] [info]   Status          : optimal
[2026-03-17 01:46:07.248] [info]   LP variables    : 15
[2026-03-17 01:46:07.248] [info]   LP constraints  : 11
[2026-03-17 01:46:07.248] [info]   Obj (scaled)    : 5
[2026-03-17 01:46:07.248] [info]   Obj (unscaled)  : 5000
[2026-03-17 01:46:07.248] [info]   Solver kappa    : 1
[2026-03-17 01:46:07.248] [info] === Output writing ===
[2026-03-17 01:46:07.248] [info] [planning_lp.cpp:128]   Writing output: 1 scene(s) × 1 phase(s)
[2026-03-17 01:46:07.250] [info]   Writing 13 output tables to '/home/runner/work/gtopt/gtopt/build/integration_test/test_output/ieee_4b_ori' (format=csv, compression=uncompressed)
[2026-03-17 01:46:07.256] [info]   Write solution to '/home/runner/work/gtopt/gtopt/build/integration_test/test_output/ieee_4b_ori/solution.csv' (status=0, obj_value=5)
[2026-03-17 01:46:07.256] [info]   Write output time 0.008s
